This file contains any messages produced by compilers while
running configure, to aid debugging if configure makes a mistake.

It was created by lb configure 0.2.6, which was
generated by GNU Autoconf 2.68.  Invocation command line was

  $ ./configure --with-libevent=../libevent-2.1.8-stable-note/

## --------- ##
## Platform. ##
## --------- ##

hostname = agent109.cloud.com
uname -m = x86_64
uname -r = 2.6.32-279.el6.x86_64
uname -s = Linux
uname -v = #1 SMP Fri Jun 22 12:19:21 UTC 2012

/usr/bin/uname -p = unknown
/bin/uname -X     = unknown

/bin/arch              = x86_64
/usr/bin/arch -k       = unknown
/usr/convex/getsysinfo = unknown
/usr/bin/hostinfo      = unknown
/bin/machine           = unknown
/usr/bin/oslevel       = unknown
/bin/universe          = unknown

PATH: /usr/lib64/qt-3.3/bin
PATH: /usr/local/sbin
PATH: /usr/local/bin
PATH: /sbin
PATH: /bin
PATH: /usr/sbin
PATH: /usr/bin
PATH: /root/bin
PATH: /usr/java/jdk1.7.0_17/bin


## ----------- ##
## Core tests. ##
## ----------- ##

configure:2363: checking for a BSD-compatible install
configure:2431: result: /usr/bin/install -c
configure:2442: checking whether build environment is sane
configure:2492: result: yes
configure:2633: checking for a thread-safe mkdir -p
configure:2672: result: /bin/mkdir -p
configure:2685: checking for gawk
configure:2701: found /bin/gawk
configure:2712: result: gawk
configure:2723: checking whether make sets $(MAKE)
configure:2745: result: yes
configure:2858: checking build system type
configure:2872: result: x86_64-unknown-linux-gnu
configure:2892: checking host system type
configure:2905: result: x86_64-unknown-linux-gnu
configure:2937: checking for style of include used by make
configure:2965: result: GNU
configure:3035: checking for gcc
configure:3051: found /usr/bin/gcc
configure:3062: result: gcc
configure:3291: checking for C compiler version
configure:3300: gcc --version >&5
gcc (GCC) 4.4.6 20120305 (Red Hat 4.4.6-4)
Copyright (C) 2010 Free Software Foundation, Inc.
This is free software; see the source for copying conditions.  There is NO
warranty; not even for MERCHANTABILITY or FITNESS FOR A PARTICULAR PURPOSE.

configure:3311: $? = 0
configure:3300: gcc -v >&5
Using built-in specs.
Target: x86_64-redhat-linux
Configured with: ../configure --prefix=/usr --mandir=/usr/share/man --infodir=/usr/share/info --with-bugurl=http://bugzilla.redhat.com/bugzilla --enable-bootstrap --enable-shared --enable-threads=posix --enable-checking=release --with-system-zlib --enable-__cxa_atexit --disable-libunwind-exceptions --enable-gnu-unique-object --enable-languages=c,c++,objc,obj-c++,java,fortran,ada --enable-java-awt=gtk --disable-dssi --with-java-home=/usr/lib/jvm/java-1.5.0-gcj-1.5.0.0/jre --enable-libgcj-multifile --enable-java-maintainer-mode --with-ecj-jar=/usr/share/java/eclipse-ecj.jar --disable-libjava-multilib --with-ppl --with-cloog --with-tune=generic --with-arch_32=i686 --build=x86_64-redhat-linux
Thread model: posix
gcc version 4.4.6 20120305 (Red Hat 4.4.6-4) (GCC) 
configure:3311: $? = 0
configure:3300: gcc -V >&5
gcc: '-V' option must have argument
configure:3311: $? = 1
configure:3300: gcc -qversion >&5
gcc: unrecognized option '-qversion'
gcc: no input files
configure:3311: $? = 1
configure:3331: checking whether the C compiler works
configure:3353: gcc    conftest.c  >&5
configure:3357: $? = 0
configure:3405: result: yes
configure:3408: checking for C compiler default output file name
configure:3410: result: a.out
configure:3416: checking for suffix of executables
configure:3423: gcc -o conftest    conftest.c  >&5
configure:3427: $? = 0
configure:3449: result: 
configure:3471: checking whether we are cross compiling
configure:3479: gcc -o conftest    conftest.c  >&5
configure:3483: $? = 0
configure:3490: ./conftest
configure:3494: $? = 0
configure:3509: result: no
configure:3514: checking for suffix of object files
configure:3536: gcc -c   conftest.c >&5
configure:3540: $? = 0
configure:3561: result: o
configure:3565: checking whether we are using the GNU C compiler
configure:3584: gcc -c   conftest.c >&5
configure:3584: $? = 0
configure:3593: result: yes
configure:3602: checking whether gcc accepts -g
configure:3622: gcc -c -g  conftest.c >&5
configure:3622: $? = 0
configure:3663: result: yes
configure:3680: checking for gcc option to accept ISO C89
configure:3744: gcc  -c -g -O2  conftest.c >&5
configure:3744: $? = 0
configure:3757: result: none needed
configure:3779: checking dependency style of gcc
configure:3889: result: gcc3
configure:3904: checking for a sed that does not truncate output
configure:3968: result: /bin/sed
configure:3986: checking for grep that handles long lines and -e
configure:4044: result: /bin/grep
configure:4049: checking for egrep
configure:4111: result: /bin/grep -E
configure:4116: checking for fgrep
configure:4178: result: /bin/grep -F
configure:4213: checking for ld used by gcc
configure:4280: result: /bin/ld
configure:4287: checking if the linker (/bin/ld) is GNU ld
configure:4302: result: yes
configure:4314: checking for BSD- or MS-compatible name lister (nm)
configure:4363: result: /bin/nm -B
configure:4481: checking the name lister (/bin/nm -B) interface
configure:4488: gcc -c -g -O2  conftest.c >&5
configure:4491: /bin/nm -B "conftest.o"
configure:4494: output
0000000000000000 B some_variable
configure:4501: result: BSD nm
configure:4504: checking whether ln -s works
configure:4508: result: yes
configure:4516: checking the maximum length of command line arguments
configure:4636: result: 1966080
configure:4653: checking whether the shell understands some XSI constructs
configure:4663: result: yes
configure:4667: checking whether the shell understands "+="
configure:4673: result: yes
configure:4708: checking for /bin/ld option to reload object files
configure:4715: result: -r
configure:4784: checking for objdump
configure:4800: found /bin/objdump
configure:4811: result: objdump
configure:4843: checking how to recognize dependent libraries
configure:5039: result: pass_all
configure:5099: checking for ar
configure:5115: found /bin/ar
configure:5126: result: ar
configure:5204: checking for strip
configure:5220: found /bin/strip
configure:5231: result: strip
configure:5303: checking for ranlib
configure:5319: found /bin/ranlib
configure:5330: result: ranlib
configure:5420: checking command to parse /bin/nm -B output from gcc object
configure:5538: gcc -c -g -O2  conftest.c >&5
configure:5541: $? = 0
configure:5545: /bin/nm -B conftest.o \| sed -n -e 's/^.*[	 ]\([ABCDGIRSTW][ABCDGIRSTW]*\)[	 ][	 ]*\([_A-Za-z][_A-Za-z0-9]*\)$/\1 \2 \2/p' \> conftest.nm
configure:5548: $? = 0
configure:5602: gcc -o conftest -g -O2   conftest.c conftstm.o >&5
configure:5605: $? = 0
configure:5643: result: ok
configure:5739: gcc -c -g -O2  conftest.c >&5
configure:5742: $? = 0
configure:6452: checking how to run the C preprocessor
configure:6483: gcc -E  conftest.c
configure:6483: $? = 0
configure:6497: gcc -E  conftest.c
conftest.c:11:28: error: ac_nonexistent.h: No such file or directory
configure:6497: $? = 1
configure: failed program was:
| /* confdefs.h */
| #define PACKAGE_NAME "lb"
| #define PACKAGE_TARNAME "lb"
| #define PACKAGE_VERSION "0.2.6"
| #define PACKAGE_STRING "lb 0.2.6"
| #define PACKAGE_BUGREPORT "rocco@tecsiel.it"
| #define PACKAGE_URL ""
| #define PACKAGE "lb"
| #define VERSION "0.2.6"
| /* end confdefs.h.  */
| #include <ac_nonexistent.h>
configure:6522: result: gcc -E
configure:6542: gcc -E  conftest.c
configure:6542: $? = 0
configure:6556: gcc -E  conftest.c
conftest.c:11:28: error: ac_nonexistent.h: No such file or directory
configure:6556: $? = 1
configure: failed program was:
| /* confdefs.h */
| #define PACKAGE_NAME "lb"
| #define PACKAGE_TARNAME "lb"
| #define PACKAGE_VERSION "0.2.6"
| #define PACKAGE_STRING "lb 0.2.6"
| #define PACKAGE_BUGREPORT "rocco@tecsiel.it"
| #define PACKAGE_URL ""
| #define PACKAGE "lb"
| #define VERSION "0.2.6"
| /* end confdefs.h.  */
| #include <ac_nonexistent.h>
configure:6585: checking for ANSI C header files
configure:6605: gcc -c -g -O2  conftest.c >&5
configure:6605: $? = 0
configure:6678: gcc -o conftest -g -O2   conftest.c  >&5
configure:6678: $? = 0
configure:6678: ./conftest
configure:6678: $? = 0
configure:6689: result: yes
configure:6702: checking for sys/types.h
configure:6702: gcc -c -g -O2  conftest.c >&5
configure:6702: $? = 0
configure:6702: result: yes
configure:6702: checking for sys/stat.h
configure:6702: gcc -c -g -O2  conftest.c >&5
configure:6702: $? = 0
configure:6702: result: yes
configure:6702: checking for stdlib.h
configure:6702: gcc -c -g -O2  conftest.c >&5
configure:6702: $? = 0
configure:6702: result: yes
configure:6702: checking for string.h
configure:6702: gcc -c -g -O2  conftest.c >&5
configure:6702: $? = 0
configure:6702: result: yes
configure:6702: checking for memory.h
configure:6702: gcc -c -g -O2  conftest.c >&5
configure:6702: $? = 0
configure:6702: result: yes
configure:6702: checking for strings.h
configure:6702: gcc -c -g -O2  conftest.c >&5
configure:6702: $? = 0
configure:6702: result: yes
configure:6702: checking for inttypes.h
configure:6702: gcc -c -g -O2  conftest.c >&5
configure:6702: $? = 0
configure:6702: result: yes
configure:6702: checking for stdint.h
configure:6702: gcc -c -g -O2  conftest.c >&5
configure:6702: $? = 0
configure:6702: result: yes
configure:6702: checking for unistd.h
configure:6702: gcc -c -g -O2  conftest.c >&5
configure:6702: $? = 0
configure:6702: result: yes
configure:6716: checking for dlfcn.h
configure:6716: gcc -c -g -O2  conftest.c >&5
configure:6716: $? = 0
configure:6716: result: yes
configure:6900: checking for objdir
configure:6915: result: .libs
configure:7207: checking if gcc supports -fno-rtti -fno-exceptions
configure:7225: gcc -c -g -O2  -fno-rtti -fno-exceptions conftest.c >&5
cc1: warning: command line option "-fno-rtti" is valid for C++/ObjC++ but not for C
configure:7229: $? = 0
configure:7242: result: no
configure:7262: checking for gcc option to produce PIC
configure:7534: result: -fPIC -DPIC
configure:7546: checking if gcc PIC flag -fPIC -DPIC works
configure:7564: gcc -c -g -O2  -fPIC -DPIC -DPIC conftest.c >&5
configure:7568: $? = 0
configure:7581: result: yes
configure:7605: checking if gcc static flag -static works
configure:7633: result: no
configure:7648: checking if gcc supports -c -o file.o
configure:7669: gcc -c -g -O2  -o out/conftest2.o conftest.c >&5
configure:7673: $? = 0
configure:7695: result: yes
configure:7703: checking if gcc supports -c -o file.o
configure:7750: result: yes
configure:7783: checking whether the gcc linker (/bin/ld -m elf_x86_64) supports shared libraries
configure:8769: result: yes
configure:8806: checking whether -lc should be explicitly linked in
configure:8811: gcc -c -g -O2  conftest.c >&5
configure:8814: $? = 0
configure:8829: gcc -shared conftest.o  -v -Wl,-soname -Wl,conftest -o conftest 2\>\&1 \| /bin/grep  -lc  \>/dev/null 2\>\&1
configure:8832: $? = 0
configure:8844: result: no
configure:9008: checking dynamic linker characteristics
configure:9441: gcc -o conftest -g -O2   -Wl,-rpath -Wl,/foo conftest.c  >&5
configure:9441: $? = 0
configure:9662: result: GNU/Linux ld.so
configure:9764: checking how to hardcode library paths into programs
configure:9789: result: immediate
configure:10309: checking whether stripping libraries is possible
configure:10314: result: yes
configure:10349: checking if libtool supports shared libraries
configure:10351: result: yes
configure:10354: checking whether to build shared libraries
configure:10375: result: yes
configure:10378: checking whether to build static libraries
configure:10382: result: yes
configure:10465: checking for gcc
configure:10492: result: gcc
configure:10721: checking for C compiler version
configure:10730: gcc --version >&5
gcc (GCC) 4.4.6 20120305 (Red Hat 4.4.6-4)
Copyright (C) 2010 Free Software Foundation, Inc.
This is free software; see the source for copying conditions.  There is NO
warranty; not even for MERCHANTABILITY or FITNESS FOR A PARTICULAR PURPOSE.

configure:10741: $? = 0
configure:10730: gcc -v >&5
Using built-in specs.
Target: x86_64-redhat-linux
Configured with: ../configure --prefix=/usr --mandir=/usr/share/man --infodir=/usr/share/info --with-bugurl=http://bugzilla.redhat.com/bugzilla --enable-bootstrap --enable-shared --enable-threads=posix --enable-checking=release --with-system-zlib --enable-__cxa_atexit --disable-libunwind-exceptions --enable-gnu-unique-object --enable-languages=c,c++,objc,obj-c++,java,fortran,ada --enable-java-awt=gtk --disable-dssi --with-java-home=/usr/lib/jvm/java-1.5.0-gcj-1.5.0.0/jre --enable-libgcj-multifile --enable-java-maintainer-mode --with-ecj-jar=/usr/share/java/eclipse-ecj.jar --disable-libjava-multilib --with-ppl --with-cloog --with-tune=generic --with-arch_32=i686 --build=x86_64-redhat-linux
Thread model: posix
gcc version 4.4.6 20120305 (Red Hat 4.4.6-4) (GCC) 
configure:10741: $? = 0
configure:10730: gcc -V >&5
gcc: '-V' option must have argument
configure:10741: $? = 1
configure:10730: gcc -qversion >&5
gcc: unrecognized option '-qversion'
gcc: no input files
configure:10741: $? = 1
configure:10745: checking whether we are using the GNU C compiler
configure:10773: result: yes
configure:10782: checking whether gcc accepts -g
configure:10843: result: yes
configure:10860: checking for gcc option to accept ISO C89
configure:10937: result: none needed
configure:10959: checking dependency style of gcc
configure:11069: result: gcc3
configure:11093: checking getopt.h usability
configure:11093: gcc -c -g -O2 -Wall  conftest.c >&5
configure:11093: $? = 0
configure:11093: result: yes
configure:11093: checking getopt.h presence
configure:11093: gcc -E  conftest.c
configure:11093: $? = 0
configure:11093: result: yes
configure:11093: checking for getopt.h
configure:11093: result: yes
configure:11115: checking for libevent-2.x
configure:11159: gcc -c -g -O2 -Wall -I../libevent-2.1.8-stable-note/ -I../libevent-2.1.8-stable-note//include  conftest.c >&5
configure:11159: $? = 0
configure:11201: gcc -o conftest -g -O2 -Wall -I../libevent-2.1.8-stable-note/ -I../libevent-2.1.8-stable-note//include   conftest.c  -L../libevent-2.1.8-stable-note//.libs -levent_extra -levent_core >&5
configure:11201: $? = 0
configure:11214: result: yes
configure:11222: checking for library containing socket
configure:11253: gcc -o conftest -g -O2 -Wall   conftest.c  >&5
configure:11253: $? = 0
configure:11270: result: none required
configure:11278: checking for library containing inet_addr
configure:11309: gcc -o conftest -g -O2 -Wall   conftest.c  >&5
configure:11309: $? = 0
configure:11326: result: none required
configure:11334: checking for library containing clock_gettime
configure:11365: gcc -o conftest -g -O2 -Wall   conftest.c  >&5
/tmp/ccWwBQQl.o: In function `main':
/root/rtu/otdr/crosstool/cheatsheet/ops_doc-master/Service/libevent/lb-master/conftest.c:35: undefined reference to `clock_gettime'
collect2: ld returned 1 exit status
configure:11365: $? = 1
configure: failed program was:
| /* confdefs.h */
| #define PACKAGE_NAME "lb"
| #define PACKAGE_TARNAME "lb"
| #define PACKAGE_VERSION "0.2.6"
| #define PACKAGE_STRING "lb 0.2.6"
| #define PACKAGE_BUGREPORT "rocco@tecsiel.it"
| #define PACKAGE_URL ""
| #define PACKAGE "lb"
| #define VERSION "0.2.6"
| #define STDC_HEADERS 1
| #define HAVE_SYS_TYPES_H 1
| #define HAVE_SYS_STAT_H 1
| #define HAVE_STDLIB_H 1
| #define HAVE_STRING_H 1
| #define HAVE_MEMORY_H 1
| #define HAVE_STRINGS_H 1
| #define HAVE_INTTYPES_H 1
| #define HAVE_STDINT_H 1
| #define HAVE_UNISTD_H 1
| #define HAVE_DLFCN_H 1
| #define LT_OBJDIR ".libs/"
| #define HAVE_GETOPT_H 1
| /* end confdefs.h.  */
| 
| /* Override any GCC internal prototype to avoid an error.
|    Use char because int might match the return type of a GCC
|    builtin and then its argument prototype would still apply.  */
| #ifdef __cplusplus
| extern "C"
| #endif
| char clock_gettime ();
| int
| main ()
| {
| return clock_gettime ();
|   ;
|   return 0;
| }
configure:11365: gcc -o conftest -g -O2 -Wall   conftest.c -lrt   >&5
configure:11365: $? = 0
configure:11382: result: -lrt
configure:11534: creating ./config.status

## ---------------------- ##
## Running config.status. ##
## ---------------------- ##

This file was extended by lb config.status 0.2.6, which was
generated by GNU Autoconf 2.68.  Invocation command line was

  CONFIG_FILES    = 
  CONFIG_HEADERS  = 
  CONFIG_LINKS    = 
  CONFIG_COMMANDS = 
  $ ./config.status 

on agent109.cloud.com

config.status:1074: creating Makefile
config.status:1074: creating README
config.status:1074: creating site-lb.h
config.status:1303: executing depfiles commands
config.status:1303: executing libtool commands

## ---------------- ##
## Cache variables. ##
## ---------------- ##

ac_cv_build=x86_64-unknown-linux-gnu
ac_cv_c_compiler_gnu=yes
ac_cv_env_CC_set=
ac_cv_env_CC_value=
ac_cv_env_CFLAGS_set=
ac_cv_env_CFLAGS_value=
ac_cv_env_CPPFLAGS_set=
ac_cv_env_CPPFLAGS_value=
ac_cv_env_CPP_set=
ac_cv_env_CPP_value=
ac_cv_env_LDFLAGS_set=
ac_cv_env_LDFLAGS_value=
ac_cv_env_LIBS_set=
ac_cv_env_LIBS_value=
ac_cv_env_build_alias_set=
ac_cv_env_build_alias_value=
ac_cv_env_host_alias_set=
ac_cv_env_host_alias_value=
ac_cv_env_target_alias_set=
ac_cv_env_target_alias_value=
ac_cv_header_dlfcn_h=yes
ac_cv_header_getopt_h=yes
ac_cv_header_inttypes_h=yes
ac_cv_header_memory_h=yes
ac_cv_header_stdc=yes
ac_cv_header_stdint_h=yes
ac_cv_header_stdlib_h=yes
ac_cv_header_string_h=yes
ac_cv_header_strings_h=yes
ac_cv_header_sys_stat_h=yes
ac_cv_header_sys_types_h=yes
ac_cv_header_unistd_h=yes
ac_cv_host=x86_64-unknown-linux-gnu
ac_cv_objext=o
ac_cv_path_EGREP='/bin/grep -E'
ac_cv_path_FGREP='/bin/grep -F'
ac_cv_path_GREP=/bin/grep
ac_cv_path_SED=/bin/sed
ac_cv_path_install='/usr/bin/install -c'
ac_cv_path_mkdir=/bin/mkdir
ac_cv_prog_AWK=gawk
ac_cv_prog_CPP='gcc -E'
ac_cv_prog_ac_ct_AR=ar
ac_cv_prog_ac_ct_CC=gcc
ac_cv_prog_ac_ct_OBJDUMP=objdump
ac_cv_prog_ac_ct_RANLIB=ranlib
ac_cv_prog_ac_ct_STRIP=strip
ac_cv_prog_cc_c89=
ac_cv_prog_cc_g=yes
ac_cv_prog_make_make_set=yes
ac_cv_search_clock_gettime=-lrt
ac_cv_search_inet_addr='none required'
ac_cv_search_socket='none required'
am_cv_CC_dependencies_compiler_type=gcc3
lt_cv_deplibs_check_method=pass_all
lt_cv_file_magic_cmd='$MAGIC_CMD'
lt_cv_file_magic_test_file=
lt_cv_ld_reload_flag=-r
lt_cv_nm_interface='BSD nm'
lt_cv_objdir=.libs
lt_cv_path_LD=/bin/ld
lt_cv_path_NM='/bin/nm -B'
lt_cv_prog_compiler_c_o=yes
lt_cv_prog_compiler_pic_works=yes
lt_cv_prog_compiler_rtti_exceptions=no
lt_cv_prog_compiler_static_works=no
lt_cv_prog_gnu_ld=yes
lt_cv_sys_global_symbol_pipe='sed -n -e '\''s/^.*[	 ]\([ABCDGIRSTW][ABCDGIRSTW]*\)[	 ][	 ]*\([_A-Za-z][_A-Za-z0-9]*\)$/\1 \2 \2/p'\'''
lt_cv_sys_global_symbol_to_c_name_address='sed -n -e '\''s/^: \([^ ]*\) $/  {\"\1\", (void *) 0},/p'\'' -e '\''s/^[ABCDGIRSTW]* \([^ ]*\) \([^ ]*\)$/  {"\2", (void *) \&\2},/p'\'''
lt_cv_sys_global_symbol_to_c_name_address_lib_prefix='sed -n -e '\''s/^: \([^ ]*\) $/  {\"\1\", (void *) 0},/p'\'' -e '\''s/^[ABCDGIRSTW]* \([^ ]*\) \(lib[^ ]*\)$/  {"\2", (void *) \&\2},/p'\'' -e '\''s/^[ABCDGIRSTW]* \([^ ]*\) \([^ ]*\)$/  {"lib\2", (void *) \&\2},/p'\'''
lt_cv_sys_global_symbol_to_cdecl='sed -n -e '\''s/^T .* \(.*\)$/extern int \1();/p'\'' -e '\''s/^[ABCDGIRSTW]* .* \(.*\)$/extern char \1;/p'\'''
lt_cv_sys_max_cmd_len=1966080

## ----------------- ##
## Output variables. ##
## ----------------- ##

ACLOCAL='${SHELL} /root/rtu/otdr/crosstool/cheatsheet/ops_doc-master/Service/libevent/lb-master/missing --run aclocal-1.11'
AMDEPBACKSLASH='\'
AMDEP_FALSE='#'
AMDEP_TRUE=''
AMTAR='${SHELL} /root/rtu/otdr/crosstool/cheatsheet/ops_doc-master/Service/libevent/lb-master/missing --run tar'
AR='ar'
AUTOCONF='${SHELL} /root/rtu/otdr/crosstool/cheatsheet/ops_doc-master/Service/libevent/lb-master/missing --run autoconf'
AUTOHEADER='${SHELL} /root/rtu/otdr/crosstool/cheatsheet/ops_doc-master/Service/libevent/lb-master/missing --run autoheader'
AUTOMAKE='${SHELL} /root/rtu/otdr/crosstool/cheatsheet/ops_doc-master/Service/libevent/lb-master/missing --run automake-1.11'
AWK='gawk'
CC='gcc'
CCDEPMODE='depmode=gcc3'
CFLAGS='-g -O2 -Wall'
CPP='gcc -E'
CPPFLAGS=''
CYGPATH_W='echo'
DEFS='-DHAVE_CONFIG_H'
DEPDIR='.deps'
DSYMUTIL=''
DUMPBIN=''
ECHO_C=''
ECHO_N='-n'
ECHO_T=''
EGREP='/bin/grep -E'
EVENTDIR='../libevent-2.1.8-stable-note/'
EXEEXT=''
FGREP='/bin/grep -F'
GREP='/bin/grep'
INSTALL_DATA='${INSTALL} -m 644'
INSTALL_PROGRAM='${INSTALL}'
INSTALL_SCRIPT='${INSTALL}'
INSTALL_STRIP_PROGRAM='$(install_sh) -c -s'
LD='/bin/ld -m elf_x86_64'
LDFLAGS=''
LIBOBJS=''
LIBS='-lrt '
LIBTOOL='$(SHELL) $(top_builddir)/libtool'
LIPO=''
LN_S='ln -s'
LTLIBOBJS=''
MAKEINFO='${SHELL} /root/rtu/otdr/crosstool/cheatsheet/ops_doc-master/Service/libevent/lb-master/missing --run makeinfo'
MKDIR_P='/bin/mkdir -p'
NM='/bin/nm -B'
NMEDIT=''
OBJDUMP='objdump'
OBJEXT='o'
OTOOL64=''
OTOOL=''
PACKAGE='lb'
PACKAGE_BUGREPORT='rocco@tecsiel.it'
PACKAGE_NAME='lb'
PACKAGE_STRING='lb 0.2.6'
PACKAGE_TARNAME='lb'
PACKAGE_URL=''
PACKAGE_VERSION='0.2.6'
PATH_SEPARATOR=':'
RANLIB='ranlib'
SED='/bin/sed'
SET_MAKE=''
SHELL='/bin/sh'
STRIP='strip'
VERSION='0.2.6'
ac_ct_CC='gcc'
ac_ct_DUMPBIN=''
am__EXEEXT_FALSE=''
am__EXEEXT_TRUE='#'
am__fastdepCC_FALSE='#'
am__fastdepCC_TRUE=''
am__include='include'
am__isrc=''
am__leading_dot='.'
am__quote=''
am__tar='${AMTAR} chof - "$$tardir"'
am__untar='${AMTAR} xf -'
bindir='${exec_prefix}/bin'
build='x86_64-unknown-linux-gnu'
build_alias=''
build_cpu='x86_64'
build_os='linux-gnu'
build_vendor='unknown'
datadir='${datarootdir}'
datarootdir='${prefix}/share'
docdir='${datarootdir}/doc/${PACKAGE_TARNAME}'
dvidir='${docdir}'
exec_prefix='${prefix}'
host='x86_64-unknown-linux-gnu'
host_alias=''
host_cpu='x86_64'
host_os='linux-gnu'
host_vendor='unknown'
htmldir='${docdir}'
includedir='${prefix}/include'
infodir='${datarootdir}/info'
install_sh='${SHELL} /root/rtu/otdr/crosstool/cheatsheet/ops_doc-master/Service/libevent/lb-master/install-sh'
libdir='${exec_prefix}/lib'
libexecdir='${exec_prefix}/libexec'
localedir='${datarootdir}/locale'
localstatedir='${prefix}/var'
lt_ECHO='echo'
mandir='${datarootdir}/man'
mkdir_p='/bin/mkdir -p'
oldincludedir='/usr/include'
pdfdir='${docdir}'
prefix='/usr/local'
program_transform_name='s,x,x,'
psdir='${docdir}'
sbindir='${exec_prefix}/sbin'
sharedstatedir='${prefix}/com'
sysconfdir='${prefix}/etc'
target_alias=''

## ----------- ##
## confdefs.h. ##
## ----------- ##

/* confdefs.h */
#define PACKAGE_NAME "lb"
#define PACKAGE_TARNAME "lb"
#define PACKAGE_VERSION "0.2.6"
#define PACKAGE_STRING "lb 0.2.6"
#define PACKAGE_BUGREPORT "rocco@tecsiel.it"
#define PACKAGE_URL ""
#define PACKAGE "lb"
#define VERSION "0.2.6"
#define STDC_HEADERS 1
#define HAVE_SYS_TYPES_H 1
#define HAVE_SYS_STAT_H 1
#define HAVE_STDLIB_H 1
#define HAVE_STRING_H 1
#define HAVE_MEMORY_H 1
#define HAVE_STRINGS_H 1
#define HAVE_INTTYPES_H 1
#define HAVE_STDINT_H 1
#define HAVE_UNISTD_H 1
#define HAVE_DLFCN_H 1
#define LT_OBJDIR ".libs/"
#define HAVE_GETOPT_H 1

configure: exit 0
