This file contains any messages produced by compilers while
running configure, to aid debugging if configure makes a mistake.

It was created by libzdb configure 3.1.1, which was
generated by GNU Autoconf 2.68.  Invocation command line was

  $ ./configure 

## --------- ##
## Platform. ##
## --------- ##

hostname = agent109.cloud.com
uname -m = x86_64
uname -r = 2.6.32-279.el6.x86_64
uname -s = Linux
uname -v = #1 SMP Fri Jun 22 12:19:21 UTC 2012

/usr/bin/uname -p = unknown
/bin/uname -X     = unknown

/bin/arch              = x86_64
/usr/bin/arch -k       = unknown
/usr/convex/getsysinfo = unknown
/usr/bin/hostinfo      = unknown
/bin/machine           = unknown
/usr/bin/oslevel       = unknown
/bin/universe          = unknown

PATH: /usr/lib64/qt-3.3/bin
PATH: /usr/local/sbin
PATH: /usr/local/bin
PATH: /sbin
PATH: /bin
PATH: /usr/sbin
PATH: /usr/bin
PATH: /root/bin
PATH: /usr/java/jdk1.7.0_17/bin


## ----------- ##
## Core tests. ##
## ----------- ##

configure:2627: checking for a BSD-compatible install
configure:2695: result: /usr/bin/install -c
configure:2706: checking whether build environment is sane
configure:2756: result: yes
configure:2897: checking for a thread-safe mkdir -p
configure:2936: result: /bin/mkdir -p
configure:2949: checking for gawk
configure:2965: found /bin/gawk
configure:2976: result: gawk
configure:2987: checking whether make sets $(MAKE)
configure:3009: result: yes
configure:3190: checking for gcc
configure:3206: found /usr/bin/gcc
configure:3217: result: gcc
configure:3446: checking for C compiler version
configure:3455: gcc --version >&5
gcc (GCC) 4.4.6 20120305 (Red Hat 4.4.6-4)
Copyright (C) 2010 Free Software Foundation, Inc.
This is free software; see the source for copying conditions.  There is NO
warranty; not even for MERCHANTABILITY or FITNESS FOR A PARTICULAR PURPOSE.

configure:3466: $? = 0
configure:3455: gcc -v >&5
Using built-in specs.
Target: x86_64-redhat-linux
Configured with: ../configure --prefix=/usr --mandir=/usr/share/man --infodir=/usr/share/info --with-bugurl=http://bugzilla.redhat.com/bugzilla --enable-bootstrap --enable-shared --enable-threads=posix --enable-checking=release --with-system-zlib --enable-__cxa_atexit --disable-libunwind-exceptions --enable-gnu-unique-object --enable-languages=c,c++,objc,obj-c++,java,fortran,ada --enable-java-awt=gtk --disable-dssi --with-java-home=/usr/lib/jvm/java-1.5.0-gcj-1.5.0.0/jre --enable-libgcj-multifile --enable-java-maintainer-mode --with-ecj-jar=/usr/share/java/eclipse-ecj.jar --disable-libjava-multilib --with-ppl --with-cloog --with-tune=generic --with-arch_32=i686 --build=x86_64-redhat-linux
Thread model: posix
gcc version 4.4.6 20120305 (Red Hat 4.4.6-4) (GCC) 
configure:3466: $? = 0
configure:3455: gcc -V >&5
gcc: '-V' option must have argument
configure:3466: $? = 1
configure:3455: gcc -qversion >&5
gcc: unrecognized option '-qversion'
gcc: no input files
configure:3466: $? = 1
configure:3486: checking whether the C compiler works
configure:3508: gcc    conftest.c  >&5
configure:3512: $? = 0
configure:3560: result: yes
configure:3563: checking for C compiler default output file name
configure:3565: result: a.out
configure:3571: checking for suffix of executables
configure:3578: gcc -o conftest    conftest.c  >&5
configure:3582: $? = 0
configure:3604: result: 
configure:3626: checking whether we are cross compiling
configure:3634: gcc -o conftest    conftest.c  >&5
configure:3638: $? = 0
configure:3645: ./conftest
configure:3649: $? = 0
configure:3664: result: no
configure:3669: checking for suffix of object files
configure:3691: gcc -c   conftest.c >&5
configure:3695: $? = 0
configure:3716: result: o
configure:3720: checking whether we are using the GNU C compiler
configure:3739: gcc -c   conftest.c >&5
configure:3739: $? = 0
configure:3748: result: yes
configure:3757: checking whether gcc accepts -g
configure:3777: gcc -c -g  conftest.c >&5
configure:3777: $? = 0
configure:3818: result: yes
configure:3835: checking for gcc option to accept ISO C89
configure:3899: gcc  -c -g -O2  conftest.c >&5
configure:3899: $? = 0
configure:3912: result: none needed
configure:3943: checking for style of include used by make
configure:3971: result: GNU
configure:3996: checking dependency style of gcc
configure:4106: result: none
configure:4179: checking for g++
configure:4195: found /usr/bin/g++
configure:4206: result: g++
configure:4233: checking for C++ compiler version
configure:4242: g++ --version >&5
g++ (GCC) 4.4.6 20120305 (Red Hat 4.4.6-4)
Copyright (C) 2010 Free Software Foundation, Inc.
This is free software; see the source for copying conditions.  There is NO
warranty; not even for MERCHANTABILITY or FITNESS FOR A PARTICULAR PURPOSE.

configure:4253: $? = 0
configure:4242: g++ -v >&5
Using built-in specs.
Target: x86_64-redhat-linux
Configured with: ../configure --prefix=/usr --mandir=/usr/share/man --infodir=/usr/share/info --with-bugurl=http://bugzilla.redhat.com/bugzilla --enable-bootstrap --enable-shared --enable-threads=posix --enable-checking=release --with-system-zlib --enable-__cxa_atexit --disable-libunwind-exceptions --enable-gnu-unique-object --enable-languages=c,c++,objc,obj-c++,java,fortran,ada --enable-java-awt=gtk --disable-dssi --with-java-home=/usr/lib/jvm/java-1.5.0-gcj-1.5.0.0/jre --enable-libgcj-multifile --enable-java-maintainer-mode --with-ecj-jar=/usr/share/java/eclipse-ecj.jar --disable-libjava-multilib --with-ppl --with-cloog --with-tune=generic --with-arch_32=i686 --build=x86_64-redhat-linux
Thread model: posix
gcc version 4.4.6 20120305 (Red Hat 4.4.6-4) (GCC) 
configure:4253: $? = 0
configure:4242: g++ -V >&5
g++: '-V' option must have argument
configure:4253: $? = 1
configure:4242: g++ -qversion >&5
g++: unrecognized option '-qversion'
g++: no input files
configure:4253: $? = 1
configure:4257: checking whether we are using the GNU C++ compiler
configure:4276: g++ -c   conftest.cpp >&5
configure:4276: $? = 0
configure:4285: result: yes
configure:4294: checking whether g++ accepts -g
configure:4314: g++ -c -g  conftest.cpp >&5
configure:4314: $? = 0
configure:4355: result: yes
configure:4380: checking dependency style of g++
configure:4490: result: none
configure:4511: checking how to run the C preprocessor
configure:4542: gcc -E  conftest.c
configure:4542: $? = 0
configure:4556: gcc -E  conftest.c
conftest.c:12:28: error: ac_nonexistent.h: No such file or directory
configure:4556: $? = 1
configure: failed program was:
| /* confdefs.h */
| #define PACKAGE_NAME "libzdb"
| #define PACKAGE_TARNAME "libzdb"
| #define PACKAGE_VERSION "3.1.1"
| #define PACKAGE_STRING "libzdb 3.1.1"
| #define PACKAGE_BUGREPORT "bugs-libzdb@tildeslash.com"
| #define PACKAGE_URL ""
| #define PACKAGE "libzdb"
| #define VERSION "3.1.1"
| #define LINUX 1
| /* end confdefs.h.  */
| #include <ac_nonexistent.h>
configure:4581: result: gcc -E
configure:4601: gcc -E  conftest.c
configure:4601: $? = 0
configure:4615: gcc -E  conftest.c
conftest.c:12:28: error: ac_nonexistent.h: No such file or directory
configure:4615: $? = 1
configure: failed program was:
| /* confdefs.h */
| #define PACKAGE_NAME "libzdb"
| #define PACKAGE_TARNAME "libzdb"
| #define PACKAGE_VERSION "3.1.1"
| #define PACKAGE_STRING "libzdb 3.1.1"
| #define PACKAGE_BUGREPORT "bugs-libzdb@tildeslash.com"
| #define PACKAGE_URL ""
| #define PACKAGE "libzdb"
| #define VERSION "3.1.1"
| #define LINUX 1
| /* end confdefs.h.  */
| #include <ac_nonexistent.h>
configure:4644: checking for grep that handles long lines and -e
configure:4702: result: /bin/grep
configure:4707: checking for egrep
configure:4769: result: /bin/grep -E
configure:4775: checking whether gcc needs -traditional
configure:4809: result: no
configure:4818: checking for re2c
configure:4850: result: no
configure:4861: error: Libzdb require re2c. Download re2c from http://re2c.org/ or use your package manager

## ---------------- ##
## Cache variables. ##
## ---------------- ##

ac_cv_c_compiler_gnu=yes
ac_cv_cxx_compiler_gnu=yes
ac_cv_env_CCC_set=
ac_cv_env_CCC_value=
ac_cv_env_CC_set=
ac_cv_env_CC_value=
ac_cv_env_CFLAGS_set=
ac_cv_env_CFLAGS_value=
ac_cv_env_CPPFLAGS_set=
ac_cv_env_CPPFLAGS_value=
ac_cv_env_CPP_set=
ac_cv_env_CPP_value=
ac_cv_env_CXXCPP_set=
ac_cv_env_CXXCPP_value=
ac_cv_env_CXXFLAGS_set=
ac_cv_env_CXXFLAGS_value=
ac_cv_env_CXX_set=
ac_cv_env_CXX_value=
ac_cv_env_LDFLAGS_set=
ac_cv_env_LDFLAGS_value=
ac_cv_env_LIBS_set=
ac_cv_env_LIBS_value=
ac_cv_env_build_alias_set=
ac_cv_env_build_alias_value=
ac_cv_env_host_alias_set=
ac_cv_env_host_alias_value=
ac_cv_env_target_alias_set=
ac_cv_env_target_alias_value=
ac_cv_objext=o
ac_cv_path_EGREP='/bin/grep -E'
ac_cv_path_GREP=/bin/grep
ac_cv_path_RE2C=no
ac_cv_path_install='/usr/bin/install -c'
ac_cv_path_mkdir=/bin/mkdir
ac_cv_prog_AWK=gawk
ac_cv_prog_CPP='gcc -E'
ac_cv_prog_ac_ct_CC=gcc
ac_cv_prog_ac_ct_CXX=g++
ac_cv_prog_cc_c89=
ac_cv_prog_cc_g=yes
ac_cv_prog_cxx_g=yes
ac_cv_prog_gcc_traditional=no
ac_cv_prog_make_make_set=yes
am_cv_CC_dependencies_compiler_type=none
am_cv_CXX_dependencies_compiler_type=none

## ----------------- ##
## Output variables. ##
## ----------------- ##

ACLOCAL='${SHELL} /root/rtu/otdr/crosstool/cheatsheet/ops_doc-master/Service/monit/libzdb/config/missing --run aclocal-1.11'
AMDEPBACKSLASH='\'
AMDEP_FALSE='#'
AMDEP_TRUE=''
AMTAR='${SHELL} /root/rtu/otdr/crosstool/cheatsheet/ops_doc-master/Service/monit/libzdb/config/missing --run tar'
AR=''
AUTOCONF='${SHELL} /root/rtu/otdr/crosstool/cheatsheet/ops_doc-master/Service/monit/libzdb/config/missing --run autoconf'
AUTOHEADER='${SHELL} /root/rtu/otdr/crosstool/cheatsheet/ops_doc-master/Service/monit/libzdb/config/missing --run autoheader'
AUTOMAKE='${SHELL} /root/rtu/otdr/crosstool/cheatsheet/ops_doc-master/Service/monit/libzdb/config/missing --run automake-1.11'
AWK='gawk'
CC='gcc'
CCDEPMODE='depmode=none'
CFLAGS='-g -O2'
CPP='gcc -E'
CPPFLAGS=''
CXX='g++'
CXXCPP=''
CXXDEPMODE='depmode=none'
CXXFLAGS='-g -O2'
CYGPATH_W='echo'
DBCPPFLAGS=''
DBLDFLAGS=''
DEFS=''
DEPDIR='.deps'
DSYMUTIL=''
DUMPBIN=''
ECHO_C=''
ECHO_N='-n'
ECHO_T=''
EGREP='/bin/grep -E'
EXEEXT=''
FGREP=''
GREP='/bin/grep'
INSTALL_DATA='${INSTALL} -m 644'
INSTALL_PROGRAM='${INSTALL}'
INSTALL_SCRIPT='${INSTALL}'
INSTALL_STRIP_PROGRAM='$(install_sh) -c -s'
LD=''
LDFLAGS=''
LEX=''
LEXLIB=''
LEX_OUTPUT_ROOT=''
LIBOBJS=''
LIBS=''
LIBTOOL=''
LIPO=''
LN_S=''
LTLIBOBJS=''
MAKEINFO='${SHELL} /root/rtu/otdr/crosstool/cheatsheet/ops_doc-master/Service/monit/libzdb/config/missing --run makeinfo'
MKDIR_P='/bin/mkdir -p'
MYSQLCONFIG=''
NM=''
NMEDIT=''
OBJDUMP=''
OBJEXT='o'
ORACLE_OCI_CFLAGS=''
ORACLE_OCI_LDFLAGS=''
ORACLE_OCI_VERSION=''
OTOOL64=''
OTOOL=''
PACKAGE='libzdb'
PACKAGE_BUGREPORT='bugs-libzdb@tildeslash.com'
PACKAGE_NAME='libzdb'
PACKAGE_STRING='libzdb 3.1.1'
PACKAGE_TARNAME='libzdb'
PACKAGE_URL=''
PACKAGE_VERSION='3.1.1'
PATH_SEPARATOR=':'
PGCONFIG=''
RANLIB=''
RE2C='no'
SED=''
SET_MAKE=''
SHELL='/bin/sh'
STRIP=''
UNIT_TEST=''
VERSION='3.1.1'
WITH_MYSQL_FALSE=''
WITH_MYSQL_TRUE=''
WITH_ORACLE_FALSE=''
WITH_ORACLE_TRUE=''
WITH_POSTGRESQL_FALSE=''
WITH_POSTGRESQL_TRUE=''
WITH_SQLITE_FALSE=''
WITH_SQLITE_TRUE=''
WITH_ZILD_FALSE=''
WITH_ZILD_TRUE=''
ac_ct_CC='gcc'
ac_ct_CXX='g++'
ac_ct_DUMPBIN=''
am__EXEEXT_FALSE=''
am__EXEEXT_TRUE=''
am__fastdepCC_FALSE=''
am__fastdepCC_TRUE='#'
am__fastdepCXX_FALSE=''
am__fastdepCXX_TRUE='#'
am__include='include'
am__isrc=''
am__leading_dot='.'
am__quote=''
am__tar='${AMTAR} chof - "$$tardir"'
am__untar='${AMTAR} xf -'
bindir='${exec_prefix}/bin'
build=''
build_alias=''
build_cpu=''
build_os=''
build_vendor=''
datadir='${datarootdir}'
datarootdir='${prefix}/share'
docdir='${datarootdir}/doc/${PACKAGE_TARNAME}'
dvidir='${docdir}'
exec_prefix='NONE'
host=''
host_alias=''
host_cpu=''
host_os=''
host_vendor=''
htmldir='${docdir}'
includedir='${prefix}/include'
infodir='${datarootdir}/info'
install_sh='${SHELL} /root/rtu/otdr/crosstool/cheatsheet/ops_doc-master/Service/monit/libzdb/config/install-sh'
libdir='${exec_prefix}/lib'
libexecdir='${exec_prefix}/libexec'
localedir='${datarootdir}/locale'
localstatedir='${prefix}/var'
lt_ECHO='echo'
mandir='${datarootdir}/man'
mkdir_p='/bin/mkdir -p'
oldincludedir='/usr/include'
pdfdir='${docdir}'
prefix='NONE'
program_transform_name='s,x,x,'
psdir='${docdir}'
sbindir='${exec_prefix}/sbin'
sharedstatedir='${prefix}/com'
sysconfdir='${prefix}/etc'
target_alias=''

## ----------- ##
## confdefs.h. ##
## ----------- ##

/* confdefs.h */
#define PACKAGE_NAME "libzdb"
#define PACKAGE_TARNAME "libzdb"
#define PACKAGE_VERSION "3.1.1"
#define PACKAGE_STRING "libzdb 3.1.1"
#define PACKAGE_BUGREPORT "bugs-libzdb@tildeslash.com"
#define PACKAGE_URL ""
#define PACKAGE "libzdb"
#define VERSION "3.1.1"
#define LINUX 1

configure: exit 1
