This file contains any messages produced by compilers while
running configure, to aid debugging if configure makes a mistake.

It was created by helloworld configure 0.1, which was
generated by GNU Autoconf 2.69.  Invocation command line was

  $ ./configure 

## --------- ##
## Platform. ##
## --------- ##

hostname = agent109.cloud.com
uname -m = x86_64
uname -r = 2.6.32-279.el6.x86_64
uname -s = Linux
uname -v = #1 SMP Fri Jun 22 12:19:21 UTC 2012

/usr/bin/uname -p = unknown
/bin/uname -X     = unknown

/bin/arch              = x86_64
/usr/bin/arch -k       = unknown
/usr/convex/getsysinfo = unknown
/usr/bin/hostinfo      = unknown
/bin/machine           = unknown
/usr/bin/oslevel       = unknown
/bin/universe          = unknown

PATH: /usr/lib64/qt-3.3/bin
PATH: /usr/local/sbin
PATH: /usr/local/bin
PATH: /sbin
PATH: /bin
PATH: /usr/sbin
PATH: /usr/bin
PATH: /root/bin


## ----------- ##
## Core tests. ##
## ----------- ##

configure:1918: checking for a BSD-compatible install
configure:1986: result: /usr/bin/install -c
configure:1997: checking whether build environment is sane
configure:2052: result: yes
configure:2203: checking for a thread-safe mkdir -p
configure:2242: result: /bin/mkdir -p
configure:2249: checking for gawk
configure:2265: found /bin/gawk
configure:2276: result: gawk
configure:2287: checking whether make sets $(MAKE)
configure:2309: result: yes
configure:2338: checking whether make supports nested variables
configure:2355: result: yes
configure:2549: checking for gcc
configure:2565: found /usr/bin/gcc
configure:2576: result: gcc
configure:2805: checking for C compiler version
configure:2814: gcc --version >&5
gcc (GCC) 4.4.6 20120305 (Red Hat 4.4.6-4)
Copyright (C) 2010 Free Software Foundation, Inc.
This is free software; see the source for copying conditions.  There is NO
warranty; not even for MERCHANTABILITY or FITNESS FOR A PARTICULAR PURPOSE.

configure:2825: $? = 0
configure:2814: gcc -v >&5
Using built-in specs.
Target: x86_64-redhat-linux
Configured with: ../configure --prefix=/usr --mandir=/usr/share/man --infodir=/usr/share/info --with-bugurl=http://bugzilla.redhat.com/bugzilla --enable-bootstrap --enable-shared --enable-threads=posix --enable-checking=release --with-system-zlib --enable-__cxa_atexit --disable-libunwind-exceptions --enable-gnu-unique-object --enable-languages=c,c++,objc,obj-c++,java,fortran,ada --enable-java-awt=gtk --disable-dssi --with-java-home=/usr/lib/jvm/java-1.5.0-gcj-1.5.0.0/jre --enable-libgcj-multifile --enable-java-maintainer-mode --with-ecj-jar=/usr/share/java/eclipse-ecj.jar --disable-libjava-multilib --with-ppl --with-cloog --with-tune=generic --with-arch_32=i686 --build=x86_64-redhat-linux
Thread model: posix
gcc version 4.4.6 20120305 (Red Hat 4.4.6-4) (GCC) 
configure:2825: $? = 0
configure:2814: gcc -V >&5
gcc: '-V' option must have argument
configure:2825: $? = 1
configure:2814: gcc -qversion >&5
gcc: unrecognized option '-qversion'
gcc: no input files
configure:2825: $? = 1
configure:2845: checking whether the C compiler works
configure:2867: gcc    conftest.c  >&5
configure:2871: $? = 0
configure:2919: result: yes
configure:2922: checking for C compiler default output file name
configure:2924: result: a.out
configure:2930: checking for suffix of executables
configure:2937: gcc -o conftest    conftest.c  >&5
configure:2941: $? = 0
configure:2963: result: 
configure:2985: checking whether we are cross compiling
configure:2993: gcc -o conftest    conftest.c  >&5
configure:2997: $? = 0
configure:3004: ./conftest
configure:3008: $? = 0
configure:3023: result: no
configure:3028: checking for suffix of object files
configure:3050: gcc -c   conftest.c >&5
configure:3054: $? = 0
configure:3075: result: o
configure:3079: checking whether we are using the GNU C compiler
configure:3098: gcc -c   conftest.c >&5
configure:3098: $? = 0
configure:3107: result: yes
configure:3116: checking whether gcc accepts -g
configure:3136: gcc -c -g  conftest.c >&5
configure:3136: $? = 0
configure:3177: result: yes
configure:3194: checking for gcc option to accept ISO C89
configure:3257: gcc  -c -g -O2  conftest.c >&5
configure:3257: $? = 0
configure:3270: result: none needed
configure:3295: checking whether gcc understands -c and -o together
configure:3317: gcc -c conftest.c -o conftest2.o
configure:3320: $? = 0
configure:3317: gcc -c conftest.c -o conftest2.o
configure:3320: $? = 0
configure:3332: result: yes
configure:3360: checking for style of include used by make
configure:3388: result: GNU
configure:3414: checking dependency style of gcc
configure:3525: result: gcc3
configure:3548: checking how to run the C preprocessor
configure:3579: gcc -E  conftest.c
configure:3579: $? = 0
configure:3593: gcc -E  conftest.c
conftest.c:11:28: error: ac_nonexistent.h: No such file or directory
configure:3593: $? = 1
configure: failed program was:
| /* confdefs.h */
| #define PACKAGE_NAME "helloworld"
| #define PACKAGE_TARNAME "helloworld"
| #define PACKAGE_VERSION "0.1"
| #define PACKAGE_STRING "helloworld 0.1"
| #define PACKAGE_BUGREPORT ""
| #define PACKAGE_URL ""
| #define PACKAGE "helloworld"
| #define VERSION "0.1"
| /* end confdefs.h.  */
| #include <ac_nonexistent.h>
configure:3618: result: gcc -E
configure:3638: gcc -E  conftest.c
configure:3638: $? = 0
configure:3652: gcc -E  conftest.c
conftest.c:11:28: error: ac_nonexistent.h: No such file or directory
configure:3652: $? = 1
configure: failed program was:
| /* confdefs.h */
| #define PACKAGE_NAME "helloworld"
| #define PACKAGE_TARNAME "helloworld"
| #define PACKAGE_VERSION "0.1"
| #define PACKAGE_STRING "helloworld 0.1"
| #define PACKAGE_BUGREPORT ""
| #define PACKAGE_URL ""
| #define PACKAGE "helloworld"
| #define VERSION "0.1"
| /* end confdefs.h.  */
| #include <ac_nonexistent.h>
configure:3681: checking for grep that handles long lines and -e
configure:3739: result: /bin/grep
configure:3744: checking for egrep
configure:3806: result: /bin/grep -E
configure:3811: checking for ANSI C header files
configure:3831: gcc -c -g -O2  conftest.c >&5
configure:3831: $? = 0
configure:3904: gcc -o conftest -g -O2   conftest.c  >&5
configure:3904: $? = 0
configure:3904: ./conftest
configure:3904: $? = 0
configure:3915: result: yes
configure:4036: checking that generated files are newer than configure
configure:4042: result: done
configure:4065: creating ./config.status

## ---------------------- ##
## Running config.status. ##
## ---------------------- ##

This file was extended by helloworld config.status 0.1, which was
generated by GNU Autoconf 2.69.  Invocation command line was

  CONFIG_FILES    = 
  CONFIG_HEADERS  = 
  CONFIG_LINKS    = 
  CONFIG_COMMANDS = 
  $ ./config.status 

on agent109.cloud.com

config.status:844: creating Makefile
config.status:844: creating src/Makefile
config.status:844: creating config.h
config.status:1073: executing depfiles commands

## ---------------- ##
## Cache variables. ##
## ---------------- ##

ac_cv_c_compiler_gnu=yes
ac_cv_env_CC_set=
ac_cv_env_CC_value=
ac_cv_env_CFLAGS_set=
ac_cv_env_CFLAGS_value=
ac_cv_env_CPPFLAGS_set=
ac_cv_env_CPPFLAGS_value=
ac_cv_env_CPP_set=
ac_cv_env_CPP_value=
ac_cv_env_LDFLAGS_set=
ac_cv_env_LDFLAGS_value=
ac_cv_env_LIBS_set=
ac_cv_env_LIBS_value=
ac_cv_env_build_alias_set=
ac_cv_env_build_alias_value=
ac_cv_env_host_alias_set=
ac_cv_env_host_alias_value=
ac_cv_env_target_alias_set=
ac_cv_env_target_alias_value=
ac_cv_header_stdc=yes
ac_cv_objext=o
ac_cv_path_EGREP='/bin/grep -E'
ac_cv_path_GREP=/bin/grep
ac_cv_path_install='/usr/bin/install -c'
ac_cv_path_mkdir=/bin/mkdir
ac_cv_prog_AWK=gawk
ac_cv_prog_CPP='gcc -E'
ac_cv_prog_ac_ct_CC=gcc
ac_cv_prog_cc_c89=
ac_cv_prog_cc_g=yes
ac_cv_prog_make_make_set=yes
am_cv_CC_dependencies_compiler_type=gcc3
am_cv_make_support_nested_variables=yes
am_cv_prog_cc_c_o=yes

## ----------------- ##
## Output variables. ##
## ----------------- ##

ACLOCAL='${SHELL} /root/rtu/otdr/crosstool/cheatsheet/ops_doc-master/makefile/syntax/learn_makefile/helloworld-0.1/missing aclocal-1.14'
AMDEPBACKSLASH='\'
AMDEP_FALSE='#'
AMDEP_TRUE=''
AMTAR='$${TAR-tar}'
AM_BACKSLASH='\'
AM_DEFAULT_V='$(AM_DEFAULT_VERBOSITY)'
AM_DEFAULT_VERBOSITY='1'
AM_V='$(V)'
AUTOCONF='${SHELL} /root/rtu/otdr/crosstool/cheatsheet/ops_doc-master/makefile/syntax/learn_makefile/helloworld-0.1/missing autoconf'
AUTOHEADER='${SHELL} /root/rtu/otdr/crosstool/cheatsheet/ops_doc-master/makefile/syntax/learn_makefile/helloworld-0.1/missing autoheader'
AUTOMAKE='${SHELL} /root/rtu/otdr/crosstool/cheatsheet/ops_doc-master/makefile/syntax/learn_makefile/helloworld-0.1/missing automake-1.14'
AWK='gawk'
CC='gcc'
CCDEPMODE='depmode=gcc3'
CFLAGS='-g -O2'
CPP='gcc -E'
CPPFLAGS=''
CYGPATH_W='echo'
DEFS='-DHAVE_CONFIG_H'
DEPDIR='.deps'
ECHO_C=''
ECHO_N='-n'
ECHO_T=''
EGREP='/bin/grep -E'
EXEEXT=''
GREP='/bin/grep'
INSTALL_DATA='${INSTALL} -m 644'
INSTALL_PROGRAM='${INSTALL}'
INSTALL_SCRIPT='${INSTALL}'
INSTALL_STRIP_PROGRAM='$(install_sh) -c -s'
LDFLAGS=''
LIBOBJS=''
LIBS=''
LTLIBOBJS=''
MAKEINFO='${SHELL} /root/rtu/otdr/crosstool/cheatsheet/ops_doc-master/makefile/syntax/learn_makefile/helloworld-0.1/missing makeinfo'
MKDIR_P='/bin/mkdir -p'
OBJEXT='o'
PACKAGE='helloworld'
PACKAGE_BUGREPORT=''
PACKAGE_NAME='helloworld'
PACKAGE_STRING='helloworld 0.1'
PACKAGE_TARNAME='helloworld'
PACKAGE_URL=''
PACKAGE_VERSION='0.1'
PATH_SEPARATOR=':'
SET_MAKE=''
SHELL='/bin/sh'
STRIP=''
VERSION='0.1'
ac_ct_CC='gcc'
am__EXEEXT_FALSE=''
am__EXEEXT_TRUE='#'
am__fastdepCC_FALSE='#'
am__fastdepCC_TRUE=''
am__include='include'
am__isrc=''
am__leading_dot='.'
am__nodep='_no'
am__quote=''
am__tar='$${TAR-tar} chof - "$$tardir"'
am__untar='$${TAR-tar} xf -'
bindir='${exec_prefix}/bin'
build_alias=''
datadir='${datarootdir}'
datarootdir='${prefix}/share'
docdir='${datarootdir}/doc/${PACKAGE_TARNAME}'
dvidir='${docdir}'
exec_prefix='${prefix}'
host_alias=''
htmldir='${docdir}'
includedir='${prefix}/include'
infodir='${datarootdir}/info'
install_sh='${SHELL} /root/rtu/otdr/crosstool/cheatsheet/ops_doc-master/makefile/syntax/learn_makefile/helloworld-0.1/install-sh'
libdir='${exec_prefix}/lib'
libexecdir='${exec_prefix}/libexec'
localedir='${datarootdir}/locale'
localstatedir='${prefix}/var'
mandir='${datarootdir}/man'
mkdir_p='$(MKDIR_P)'
oldincludedir='/usr/include'
pdfdir='${docdir}'
prefix='/usr/local'
program_transform_name='s,x,x,'
psdir='${docdir}'
sbindir='${exec_prefix}/sbin'
sharedstatedir='${prefix}/com'
sysconfdir='${prefix}/etc'
target_alias=''

## ----------- ##
## confdefs.h. ##
## ----------- ##

/* confdefs.h */
#define PACKAGE_NAME "helloworld"
#define PACKAGE_TARNAME "helloworld"
#define PACKAGE_VERSION "0.1"
#define PACKAGE_STRING "helloworld 0.1"
#define PACKAGE_BUGREPORT ""
#define PACKAGE_URL ""
#define PACKAGE "helloworld"
#define VERSION "0.1"
#define STDC_HEADERS 1

configure: exit 0
