[16:59:44]: -------------------------  controller
{
    1 = '/usr/lib/lua/luci/controller/cbtc.lua'
    2 = '/usr/lib/lua/luci/controller/commands.lua'
    3 = '/usr/lib/lua/luci/controller/ddns.lua'
    4 = '/usr/lib/lua/luci/controller/dhcp_pool.lua'
    5 = '/usr/lib/lua/luci/controller/dhcp_static.lua'
    6 = '/usr/lib/lua/luci/controller/firewall.lua'
    7 = '/usr/lib/lua/luci/controller/gre.lua'
    8 = '/usr/lib/lua/luci/controller/hostname.lua'
    9 = '/usr/lib/lua/luci/controller/igmpproxy.lua'
    10 = '/usr/lib/lua/luci/controller/ntpd.lua'
    11 = '/usr/lib/lua/luci/controller/qos.lua'
    12 = '/usr/lib/lua/luci/controller/systime.lua'
    13 = '/usr/lib/lua/luci/controller/tau_dtu.lua'
    14 = '/usr/lib/lua/luci/controller/tau_forwards.lua'
    15 = '/usr/lib/lua/luci/controller/zone.lua'
    16 = '/usr/lib/lua/luci/controller/admin/filebrowser.lua'
    17 = '/usr/lib/lua/luci/controller/admin/index.lua'
    18 = '/usr/lib/lua/luci/controller/admin/network.lua'
    19 = '/usr/lib/lua/luci/controller/admin/servicectl.lua'
    20 = '/usr/lib/lua/luci/controller/admin/status.lua'
    21 = '/usr/lib/lua/luci/controller/admin/system.lua'
    22 = '/usr/lib/lua/luci/controller/admin/uci.lua'
    23 = '/usr/lib/lua/luci/controller/luci_statistics/luci_statistics.lua'
}
[16:59:44]: -------------------------  index
{
    luci.controller.systime = function: 0x115ede0
    luci.controller.admin.system = function: 0x1154b60
    luci.controller.cbtc = function: 0x11410f0
    luci.controller.gre = function: 0x111a240
    luci.controller.admin.servicectl = function: 0x11437c0
    luci.controller.ddns = function: 0x114fe00
    luci.controller.dhcp_pool = function: 0x1149e20
    luci.controller.admin.filebrowser = function: 0x115cc40
    luci.controller.tau_dtu = function: 0x10fa6c0
    luci.controller.admin.uci = function: 0x112d1a0
    luci.controller.igmpproxy = function: 0x10fcd20
    luci.controller.dhcp_static = function: 0x10f1860
    luci.controller.qos = function: 0x1142b50
    luci.controller.hostname = function: 0x114fcf0
    luci.controller.luci_statistics.luci_statistics = function: 0x1173490
    luci.controller.firewall = function: 0x113ab30
    luci.controller.admin.index = function: 0x115f5e0
    luci.controller.admin.status = function: 0x10f00e0
    luci.controller.zone = function: 0x1131160
    luci.controller.ntpd = function: 0x113ef00
    luci.controller.admin.network = function: 0x113a9c0
    luci.controller.commands = function: 0x1140c30
    luci.controller.tau_forwards = function: 0x10f2780
}


