 {
    module = 'luci.controller.admin.index'
    index = true
    nodes = {
        command = {
            module = 'luci.controller.commands'
            leaf = true
            target = {
                target = function: 0x25d3010
                type = 'call'
                argv = {}
                name = 'action_public'
            }
            order = 1
            nodes = {}
        }
        servicectl = {
            target = function: 0x25662c0
            sysauth = 'root'
            module = 'luci.controller.admin.servicectl'
            nodes = {
                status = {
                    module = 'luci.controller.admin.servicectl'
                    leaf = true
                    nodes = {}
                    target = {
                        target = function: 0x25d3010
                        type = 'call'
                        argv = {}
                        name = 'action_status'
                    }
                }
                restart = {
                    module = 'luci.controller.admin.servicectl'
                    leaf = true
                    nodes = {}
                    target = {
                        target = function: 0x25d3010
                        type = 'call'
                        argv = {}
                        name = 'action_restart'
                    }
                }
            }
        }
        admin = {
            module = 'luci.controller.admin.index'
            index = true
            sysauth_authenticator = 'htmlauth'
            order = 10
            ucidata = true
            title = 'Administration'
            target = {
                target = function: 0x25d2f40
                type = 'firstchild'
            }
            sysauth = 'root'
            inreq = true
            nodes = {
                filebrowser = {
                    module = 'luci.controller.admin.filebrowser'
                    leaf = true
                    nodes = {}
                    target = {
                        view = 'cbi/filebrowser'
                        type = 'template'
                        target = function: 0x25d35c0
                    }
                }
                logout = {
                    module = 'luci.controller.admin.index'
                    title = 'Logout'
                    target = {
                        target = function: 0x25d3010
                        type = 'call'
                        argv = {}
                        name = 'action_logout'
                    }
                    order = 90
                    nodes = {}
                }
                network = {
                    module = 'luci.controller.admin.network'
                    title = 'Network'
                    target = {
                        target = function: 0x25d2f40
                        type = 'firstchild'
                    }
                    index = true
                    order = 50
                    nodes = {
                        dhcplease_status = {
                            module = 'luci.controller.admin.network'
                            leaf = true
                            nodes = {}
                            target = {
                                target = function: 0x25d3010
                                type = 'call'
                                argv = {}
                                name = 'lease_status'
                            }
                        }
                        iface_add = {
                            module = 'luci.controller.admin.network'
                            leaf = true
                            nodes = {}
                            target = {
                                target = function: 0x25d3660
                                type = 'cbi'
                                model = 'admin_network/iface_add'
                            }
                        }
                        diag_ping6 = {
                            module = 'luci.controller.admin.network'
                            leaf = true
                            nodes = {}
                            target = {
                                target = function: 0x25d3010
                                type = 'call'
                                argv = {}
                                name = 'diag_ping6'
                            }
                        }
                        hosts = {
                            module = 'luci.controller.admin.network'
                            title = 'Hostnames'
                            target = {
                                target = function: 0x25d3660
                                type = 'cbi'
                                model = 'admin_network/hosts'
                            }
                            order = 40
                            nodes = {}
                        }
                        tau_dtu = {
                            module = 'luci.controller.tau_dtu'
                            leaf = true
                            title = 'DTU'
                            target = {
                                env = {*}
                                type = 'arcombine'
                                targets = {*}
                                target = function: 0x25d3700
                            }
                            order = 5
                            nodes = {}
                        }
                        diag_traceroute6 = {
                            module = 'luci.controller.admin.network'
                            leaf = true
                            nodes = {}
                            target = {
                                target = function: 0x25d3010
                                type = 'call'
                                argv = {}
                                name = 'diag_traceroute6'
                            }
                        }
                        diagnostics = {
                            module = 'luci.controller.admin.network'
                            title = 'Diagnostics'
                            target = {
                                view = 'admin_network/diagnostics'
                                type = 'template'
                                target = function: 0x25d35c0
                            }
                            order = 60
                            nodes = {}
                        }
                        iface_shutdown = {
                            module = 'luci.controller.admin.network'
                            leaf = true
                            nodes = {}
                            target = {
                                target = function: 0x25d3010
                                type = 'call'
                                argv = {}
                                name = 'iface_shutdown'
                            }
                        }
                        iface_reconnect = {
                            module = 'luci.controller.admin.network'
                            leaf = true
                            nodes = {}
                            target = {
                                target = function: 0x25d3010
                                type = 'call'
                                argv = {}
                                name = 'iface_reconnect'
                            }
                        }
                        network = {
                            module = 'luci.controller.admin.network'
                            leaf = true
                            title = 'Interfaces'
                            target = {
                                env = {*}
                                type = 'arcombine'
                                targets = {*}
                                target = function: 0x25d3700
                            }
                            nodes = {}
                            order = 10
                            subindex = true
                        }
                        dhcp = {
                            module = 'luci.controller.admin.network'
                            title = 'DHCP and DNS'
                            target = {
                                target = function: 0x25d3660
                                type = 'cbi'
                                model = 'admin_network/dhcp'
                            }
                            order = 30
                            nodes = {}
                        }
                        iface_status = {
                            module = 'luci.controller.admin.network'
                            leaf = true
                            nodes = {}
                            target = {
                                target = function: 0x25d3010
                                type = 'call'
                                argv = {}
                                name = 'iface_status'
                            }
                        }
                        iface_delete = {
                            module = 'luci.controller.admin.network'
                            leaf = true
                            nodes = {}
                            target = {
                                target = function: 0x25d3010
                                type = 'call'
                                argv = {}
                                name = 'iface_delete'
                            }
                        }
                        firewall = {
                            module = 'luci.controller.firewall'
                            title = 'Firewall'
                            target = function: 0x2610fb0
                            order = 60
                            nodes = {
                                zones = {*}
                                rules = {*}
                                custom = {*}
                                forwards = {*}
                                tau_forwards = {*}
                            }
                        }
                        routes = {
                            module = 'luci.controller.admin.network'
                            title = 'Static Routes'
                            target = {
                                target = function: 0x25d3660
                                type = 'cbi'
                                model = 'admin_network/routes'
                            }
                            order = 50
                            nodes = {}
                        }
                        diag_nslookup = {
                            module = 'luci.controller.admin.network'
                            leaf = true
                            nodes = {}
                            target = {
                                target = function: 0x25d3010
                                type = 'call'
                                argv = {}
                                name = 'diag_nslookup'
                            }
                        }
                        diag_ping = {
                            module = 'luci.controller.admin.network'
                            leaf = true
                            nodes = {}
                            target = {
                                target = function: 0x25d3010
                                type = 'call'
                                argv = {}
                                name = 'diag_ping'
                            }
                        }
                        qos = {
                            module = 'luci.controller.qos'
                            title = 'QoS'
                            target = {
                                target = function: 0x25d3660
                                type = 'cbi'
                                model = 'qos/qos'
                            }
                            dependent = true
                            nodes = {}
                        }
                        diag_traceroute = {
                            module = 'luci.controller.admin.network'
                            leaf = true
                            nodes = {}
                            target = {
                                target = function: 0x25d3010
                                type = 'call'
                                argv = {}
                                name = 'diag_traceroute'
                            }
                        }
                    }
                }
                services = {
                    module = 'luci.controller.admin.index'
                    title = 'Services'
                    target = {
                        target = function: 0x25d2f40
                        type = 'firstchild'
                    }
                    index = true
                    order = 40
                    nodes = {
                        zone = {
                            module = 'luci.controller.zone'
                            leaf = true
                            title = 'zone'
                            target = {
                                target = function: 0x25d3660
                                type = 'cbi'
                                model = 'tau_ntpd'
                            }
                            order = 2
                            nodes = {}
                        }
                        dhcp_static = {
                            module = 'luci.controller.dhcp_static'
                            leaf = true
                            title = 'DHCP Static'
                            target = {
                                env = {*}
                                type = 'arcombine'
                                targets = {*}
                                target = function: 0x25d3700
                            }
                            order = 3
                            nodes = {}
                        }
                        cbtc = {
                            module = 'luci.controller.cbtc'
                            leaf = true
                            title = 'CBTC'
                            target = {
                                target = function: 0x25d3660
                                type = 'cbi'
                                model = 'tau_cbtc'
                            }
                            order = 5
                            nodes = {}
                        }
                        igmpproxy = {
                            module = 'luci.controller.igmpproxy'
                            leaf = true
                            title = 'PIS'
                            target = {
                                target = function: 0x25d3660
                                type = 'cbi'
                                model = 'igmpproxy'
                            }
                            order = 4
                            nodes = {}
                        }
                        dhcp_pool = {
                            module = 'luci.controller.dhcp_pool'
                            leaf = true
                            title = 'DHCP Pool'
                            target = {
                                env = {*}
                                type = 'arcombine'
                                targets = {*}
                                target = function: 0x25d3700
                            }
                            order = 3
                            nodes = {}
                        }
                        hostname = {
                            module = 'luci.controller.hostname'
                            leaf = true
                            title = 'hostname'
                            target = {
                                target = function: 0x25d3660
                                type = 'cbi'
                                model = 'tau_hostname'
                            }
                            order = 5
                            nodes = {}
                        }
                        ddns = {
                            module = 'luci.controller.ddns'
                            title = 'Dynamic DNS'
                            target = {
                                target = function: 0x25d3660
                                type = 'cbi'
                                model = 'ddns/overview'
                            }
                            order = 59
                            nodes = {
                                logview = {*}
                                startstop = {*}
                                global = {*}
                                status = {*}
                                hints = {*}
                                detail = {*}
                            }
                        }
                        ntpd = {
                            module = 'luci.controller.ntpd'
                            leaf = true
                            title = 'ntpd'
                            target = {
                                target = function: 0x25d3660
                                type = 'cbi'
                                model = 'tau_ntpd'
                            }
                            order = 5
                            nodes = {}
                        }
                        time = {
                            module = 'luci.controller.systime'
                            leaf = true
                            title = 'systime'
                            target = {
                                target = function: 0x25d3660
                                type = 'cbi'
                                model = 'tau_systime'
                            }
                            order = 6
                            nodes = {}
                        }
                        gre_tunnel = {
                            module = 'luci.controller.gre'
                            leaf = true
                            title = 'GRE Tunnel'
                            target = {
                                env = {*}
                                type = 'arcombine'
                                targets = {*}
                                target = function: 0x25d3700
                            }
                            order = 3
                            nodes = {}
                        }
                    }
                }
                status = {
                    module = 'luci.controller.admin.status'
                    title = 'Status'
                    index = true
                    nodes = {
                        routes = {
                            module = 'luci.controller.admin.status'
                            title = 'Routes'
                            target = {
                                view = 'admin_status/routes'
                                type = 'template'
                                target = function: 0x25d35c0
                            }
                            order = 3
                            nodes = {}
                        }
                        dmesg = {
                            module = 'luci.controller.admin.status'
                            title = 'Kernel Log'
                            nodes = {}
                            order = 5
                            inreq = true
                            target = {
                                target = function: 0x25d3010
                                type = 'call'
                                argv = {}
                                name = 'action_dmesg'
                            }
                        }
                        realtime = {
                            module = 'luci.controller.admin.status'
                            title = 'Realtime Graphs'
                            target = function: 0x25946b0
                            order = 7
                            nodes = {
                                wireless_status = {*}
                                bandwidth = {*}
                                load_status = {*}
                                wireless = {*}
                                bandwidth_status = {*}
                                connections = {*}
                                load = {*}
                                connections_status = {*}
                            }
                        }
                        processes = {
                            module = 'luci.controller.admin.status'
                            title = 'Processes'
                            target = {
                                target = function: 0x25d3660
                                type = 'cbi'
                                model = 'admin_status/processes'
                            }
                            order = 6
                            nodes = {}
                        }
                        iptables = {
                            module = 'luci.controller.admin.status'
                            leaf = true
                            title = 'Firewall'
                            target = {
                                target = function: 0x25d3010
                                type = 'call'
                                argv = {}
                                name = 'action_iptables'
                            }
                            order = 2
                            nodes = {}
                        }
                        nameinfo = {
                            module = 'luci.controller.admin.status'
                            leaf = true
                            nodes = {}
                            target = {
                                target = function: 0x25d3010
                                type = 'call'
                                argv = {}
                                name = 'action_nameinfo'
                            }
                        }
                        overview = {
                            module = 'luci.controller.admin.status'
                            title = 'Overview'
                            target = {
                                view = 'admin_status/index'
                                type = 'template'
                                target = function: 0x25d35c0
                            }
                            order = 1
                            nodes = {}
                        }
                        syslog = {
                            module = 'luci.controller.admin.status'
                            title = 'System Log'
                            target = {
                                target = function: 0x25d3010
                                type = 'call'
                                argv = {}
                                name = 'action_syslog'
                            }
                            order = 4
                            nodes = {}
                        }
                    }
                    order = 20
                    inreq = true
                    target = function: 0x2613b40
                }
                statistics = {
                    module = 'luci.controller.luci_statistics.luci_statistics'
                    title = 'Statistics'
                    target = {
                        view = 'admin_statistics/index'
                        type = 'template'
                        target = function: 0x25d35c0
                    }
                    index = true
                    order = 80
                    nodes = {
                        graph = {
                            module = 'luci.controller.luci_statistics.luci_statistics'
                            title = 'Graphs'
                            setgroup = 'nogroup'
                            target = {
                                view = 'admin_statistics/index'
                                type = 'template'
                                target = function: 0x25d35c0
                            }
                            nodes = {
                                load = {*}
                                interface = {*}
                            }
                            order = 10
                            setuser = 'nobody'
                        }
                        collectd = {
                            module = 'luci.controller.luci_statistics.luci_statistics'
                            title = 'Setup'
                            target = {
                                target = function: 0x25d3660
                                type = 'cbi'
                                model = 'luci_statistics/collectd'
                            }
                            nodes = {
                                general = {*}
                                network = {*}
                                output = {*}
                            }
                            order = 20
                            subindex = true
                        }
                    }
                }
                uci = {
                    module = 'luci.controller.admin.uci'
                    title = 'Configuration'
                    nodes = {
                        saveapply = {
                            module = 'luci.controller.admin.uci'
                            title = 'Save &#38; Apply'
                            query = {
                                redir = '/cgi-bin/luci/;stok=8c7b898582084115e279bbce1e50ccb2/admin/status/dmesg'
                            }
                            target = {
                                target = function: 0x25d3010
                                type = 'call'
                                argv = {}
                                name = 'action_apply'
                            }
                            order = 10
                            nodes = {}
                        }
                        apply = {
                            module = 'luci.controller.admin.uci'
                            title = 'Apply'
                            query = {
                                redir = '/cgi-bin/luci/;stok=8c7b898582084115e279bbce1e50ccb2/admin/status/dmesg'
                            }
                            target = {
                                target = function: 0x25d3010
                                type = 'call'
                                argv = {}
                                name = 'action_apply'
                            }
                            order = 20
                            nodes = {}
                        }
                        changes = {
                            module = 'luci.controller.admin.uci'
                            title = 'Changes'
                            query = {
                                redir = '/cgi-bin/luci/;stok=8c7b898582084115e279bbce1e50ccb2/admin/status/dmesg'
                            }
                            target = {
                                target = function: 0x25d3010
                                type = 'call'
                                argv = {}
                                name = 'action_changes'
                            }
                            order = 40
                            nodes = {}
                        }
                        revert = {
                            module = 'luci.controller.admin.uci'
                            title = 'Revert'
                            query = {
                                redir = '/cgi-bin/luci/;stok=8c7b898582084115e279bbce1e50ccb2/admin/status/dmesg'
                            }
                            target = {
                                target = function: 0x25d3010
                                type = 'call'
                                argv = {}
                                name = 'action_revert'
                            }
                            order = 30
                            nodes = {}
                        }
                    }
                }
                system = {
                    module = 'luci.controller.admin.system'
                    title = 'System'
                    target = function: 0x25c9880
                    index = true
                    order = 30
                    nodes = {
                        commands = {
                            module = 'luci.controller.commands'
                            title = 'Custom Commands'
                            target = {
                                target = function: 0x25d2f40
                                type = 'firstchild'
                            }
                            order = 80
                            nodes = {
                                download = {*}
                                config = {*}
                                run = {*}
                                dashboard = {*}
                            }
                        }
                        startup = {
                            module = 'luci.controller.admin.system'
                            title = 'Startup'
                            target = {
                                target = function: 0x25d37a0
                                type = 'cbi'
                                model = 'admin_system/startup'
                            }
                            order = 45
                            nodes = {}
                        }
                        packages = {
                            module = 'luci.controller.admin.system'
                            title = 'Software'
                            target = {
                                target = function: 0x25d3010
                                type = 'call'
                                argv = {}
                                name = 'action_packages'
                            }
                            order = 10
                            nodes = {
                                ipkg = {*}
                            }
                        }
                        system = {
                            module = 'luci.controller.admin.system'
                            title = 'System'
                            target = {
                                target = function: 0x25d3660
                                type = 'cbi'
                                model = 'admin_system/system'
                            }
                            order = 1
                            nodes = {}
                        }
                        reboot = {
                            module = 'luci.controller.admin.system'
                            title = 'Reboot'
                            target = {
                                target = function: 0x25d3010
                                type = 'call'
                                argv = {}
                                name = 'action_reboot'
                            }
                            order = 90
                            nodes = {}
                        }
                        admin = {
                            module = 'luci.controller.admin.system'
                            title = 'Administration'
                            target = {
                                target = function: 0x25d3660
                                type = 'cbi'
                                model = 'admin_system/admin'
                            }
                            order = 2
                            nodes = {}
                        }
                        flashops = {
                            module = 'luci.controller.admin.system'
                            title = 'Backup / Flash Firmware'
                            target = {
                                target = function: 0x25d3010
                                type = 'call'
                                argv = {}
                                name = 'action_flashops'
                            }
                            order = 70
                            nodes = {
                                backupfiles = {*}
                            }
                        }
                        crontab = {
                            module = 'luci.controller.admin.system'
                            title = 'Scheduled Tasks'
                            target = {
                                target = function: 0x25d37a0
                                type = 'cbi'
                                model = 'admin_system/crontab'
                            }
                            order = 46
                            nodes = {}
                        }
                        clock_status = {
                            module = 'luci.controller.admin.system'
                            nodes = {}
                            target = {
                                target = function: 0x25d3010
                                type = 'call'
                                argv = {}
                                name = 'action_clock_status'
                            }
                        }
                        leds = {
                            module = 'luci.controller.admin.system'
                            title = '<abbr title="Light Emitting Diode">LED</abbr> Configuration'
                            target = {
                                target = function: 0x25d3660
                                type = 'cbi'
                                model = 'admin_system/leds'
                            }
                            order = 60
                            nodes = {}
                        }
                    }
                }
            }
        }
    }
    inreq = true
    target = function: 0x2612f70
}
