{
    module = 'luci.controller.admin.status'
    title = 'Overview'
    nodes = {}
    order = 1
    inreq = true
    target = {
        view = 'admin_status/index'
        type = 'template'
        target = function: 0xe4f5f0
    }
}
{
    module = 'luci.controller.admin.system'
    nodes = {}
    inreq = true
    target = {
        target = function: 0xb78040
        type = 'call'
        argv = {}
        name = 'action_clock_status'
    }
}
{
    module = 'luci.controller.cbtc'
    leaf = true
    title = 'CBTC'
    target = {
        target = function: 0x249f690
        type = 'cbi'
        model = 'tau_cbtc'
    }
    order = 5
    nodes = {}
}
{
    module = 'luci.controller.firewall'
    leaf = true
    title = 'General Settings'
    target = {
        env = {
            _create_node = function: 0x1373f40
            error500 = function: 0x1372ae0
            fs = {
                statvfs = function: 0x132a340
                mkdirr = function: 0x1306ef0
                mkfifo = function: 0x132a2b0
                remove = function: 0x132a630
                stat = function: 0x132a660
                glob = function: 0x132a010
                move = function: 0x12f91d0
                _PACKAGE = 'nixio.'
                chown = function: 0x132a3f0
                lstat = function: 0x132a690
                symlink = function: 0x132a280
                lchown = function: 0x132a310
                datacopy = function: 0x130f180
                access = function: 0x132a5d0
                realpath = function: 0x132a510
                mkdir = function: 0x132a570
                readlink = function: 0x132a3c0
                _M = {*}
                unlink = function: 0x132a980
                rmdir = function: 0x132a8c0
                utimes = function: 0x1329660
                chmod = function: 0x132a5a0
                remover = function: 0x12ff950
                mover = function: 0x12f8900
                copyr = function: 0x12fe860
                dirname = function: 0x132a4e0
                readfile = function: 0x12fba70
                copy = function: 0x130eb80
                _NAME = 'nixio.fs'
                basename = function: 0x132a450
                dir = function: 0x132a4b0
                writefile = function: 0x131d890
                rename = function: 0x1329690
                link = function: 0x132a920
            }
            call = function: 0x1374070
            modifier = function: 0x1373e50
            dispatch = function: 0x1373b30
            node_visible = function: 0x1371670
            createtree = function: 0x13711a0
            template = function: 0x1374620
            _PACKAGE = 'luci.'
            get = function: 0x1373ee0
            error404 = function: 0x1372bf0
            assign = function: 0x1373e80
            createindex = function: 0x13710e0
            authenticator = {
                htmlauth = function: 0x1373ab0
            }
            translate = function: 0x1359340
            _M = {
                _create_node = function: 0x1373f40
                error500 = function: 0x1372ae0
                fs = {*}
                call = function: 0x1374070
                modifier = function: 0x1373e50
                dispatch = function: 0x1373b30
                node_visible = function: 0x1371670
                createtree = function: 0x13711a0
                template = function: 0x1374620
                _PACKAGE = 'luci.'
                get = function: 0x1373ee0
                error404 = function: 0x1372bf0
                assign = function: 0x1373e80
                createindex = function: 0x13710e0
                authenticator = {*}
                translate = function: 0x1359340
                _M = {*}
                alias = function: 0x1373fd0
                indexcache = '/tmp/luci-indexcache'
                _firstchild = function: 0x1373f70
                _NAME = 'luci.dispatcher'
                node = function: 0x1373f10
                uci = {*}
                i18n = {*}
                form = function: 0x1374800
                node_childs = function: 0x13725e0
                httpdispatch = function: 0x1373af0
                arcombine = function: 0x1374760
                cbi = function: 0x13746c0
                build_url = function: 0x1373a70
                firstchild = function: 0x1373fa0
                rewrite = function: 0x1374000
                context = {*}
                _ = function: 0x13740e0
                entry = function: 0x1373eb0
            }
            alias = function: 0x1373fd0
            indexcache = '/tmp/luci-indexcache'
            _firstchild = function: 0x1373f70
            _NAME = 'luci.dispatcher'
            node = function: 0x1373f10
            uci = {
                cursor_state = function: 0x13091f0
                _NAME = 'luci.model.uci'
                _PACKAGE = 'luci.model.'
                inst = userdata: 0x1309248
                _M = {*}
                cursor = function: 0x13088b0
                inst_state = userdata: 0x13092b8
            }
            i18n = {
                clear = function: 0x1372a10
                string = function: 0x1371e30
                stringf = function: 0x1372500
                _PACKAGE = 'luci.'
                loaded = {}
                loadc = function: 0x1372730
                translatef = function: 0x1371e60
                translate = function: 0x1359340
                setlanguage = function: 0x1372160
                load = function: 0x1371720
                _NAME = 'luci.i18n'
                table = {}
                default = 'en'
                _M = {*}
                context = {*}
                i18ndir = '/usr/lib/lua/luci/i18n/'
            }
            form = function: 0x1374800
            node_childs = function: 0x13725e0
            httpdispatch = function: 0x1373af0
            arcombine = function: 0x1374760
            cbi = function: 0x13746c0
            build_url = function: 0x1373a70
            firstchild = function: 0x1373fa0
            rewrite = function: 0x1374000
            context = {
                thread: 0x1376340 = {*}
            }
            _ = function: 0x13740e0
            entry = function: 0x1373eb0
        }
        type = 'arcombine'
        targets = {
            1 = {
                target = function: 0x1374690
                type = 'cbi'
                model = 'firewall/zones'
            }
            2 = {
                target = function: 0x1374690
                type = 'cbi'
                model = 'firewall/zone-details'
            }
        }
        target = function: 0x1374730
    }
    order = 10
    nodes = {}
}


{
    module = 'luci.controller.tau_forwards'
    leaf = true
    title = 'Port Forward'
    nodes = {}
    order = 3
    inreq = true
    target = {
        env = {
            _create_node = function: 0xd8df40
            error500 = function: 0xd8cae0
            fs = {
                statvfs = function: 0xd44340
                mkdirr = function: 0xd20ef0
                mkfifo = function: 0xd442b0
                remove = function: 0xd44630
                stat = function: 0xd44660
                glob = function: 0xd44010
                move = function: 0xd131d0
                _PACKAGE = 'nixio.'
                chown = function: 0xd443f0
                lstat = function: 0xd44690
                symlink = function: 0xd44280
                lchown = function: 0xd44310
                datacopy = function: 0xd29180
                access = function: 0xd445d0
                realpath = function: 0xd44510
                mkdir = function: 0xd44570
                readlink = function: 0xd443c0
                _M = {*}
                unlink = function: 0xd44980
                rmdir = function: 0xd448c0
                utimes = function: 0xd43660
                chmod = function: 0xd445a0
                remover = function: 0xd19950
                mover = function: 0xd12900
                copyr = function: 0xd18860
                dirname = function: 0xd444e0
                readfile = function: 0xd15a70
                copy = function: 0xd28b80
                _NAME = 'nixio.fs'
                basename = function: 0xd44450
                dir = function: 0xd444b0
                writefile = function: 0xd37890
                rename = function: 0xd43690
                link = function: 0xd44920
            }
            call = function: 0xd8e070
            modifier = function: 0xd8de50
            dispatch = function: 0xd8db30
            node_visible = function: 0xd8b670
            createtree = function: 0xd8b1a0
            template = function: 0xd8e620
            _PACKAGE = 'luci.'
            get = function: 0xd8dee0
            error404 = function: 0xd8cbf0
            assign = function: 0xd8de80
            createindex = function: 0xd8b0e0
            authenticator = {
                htmlauth = function: 0xd8dab0
            }
            translate = function: 0xd73340
            _M = {
                _create_node = function: 0xd8df40
                error500 = function: 0xd8cae0
                fs = {*}
                call = function: 0xd8e070
                modifier = function: 0xd8de50
                dispatch = function: 0xd8db30
                node_visible = function: 0xd8b670
                createtree = function: 0xd8b1a0
                template = function: 0xd8e620
                _PACKAGE = 'luci.'
                get = function: 0xd8dee0
                error404 = function: 0xd8cbf0
                assign = function: 0xd8de80
                createindex = function: 0xd8b0e0
                authenticator = {*}
                translate = function: 0xd73340
                _M = {*}
                alias = function: 0xd8dfd0
                indexcache = '/tmp/luci-indexcache'
                _firstchild = function: 0xd8df70
                _NAME = 'luci.dispatcher'
                node = function: 0xd8df10
                uci = {*}
                i18n = {*}
                form = function: 0xd8e800
                node_childs = function: 0xd8c5e0
                httpdispatch = function: 0xd8daf0
                arcombine = function: 0xd8e760
                cbi = function: 0xd8e6c0
                build_url = function: 0xd8da70
                firstchild = function: 0xd8dfa0
                rewrite = function: 0xd8e000
                context = {*}
                _ = function: 0xd8e0e0
                entry = function: 0xd8deb0
            }
            alias = function: 0xd8dfd0
            indexcache = '/tmp/luci-indexcache'
            _firstchild = function: 0xd8df70
            _NAME = 'luci.dispatcher'
            node = function: 0xd8df10
            uci = {
                cursor_state = function: 0xd231f0
                _NAME = 'luci.model.uci'
                _PACKAGE = 'luci.model.'
                inst = userdata: 0xd23248
                _M = {*}
                cursor = function: 0xd228b0
                inst_state = userdata: 0xd232b8
            }
            i18n = {
                clear = function: 0xd8ca10
                string = function: 0xd8be30
                stringf = function: 0xd8c500
                _PACKAGE = 'luci.'
                loaded = {}
                loadc = function: 0xd8c730
                translatef = function: 0xd8be60
                translate = function: 0xd73340
                setlanguage = function: 0xd8c160
                load = function: 0xd8b720
                _NAME = 'luci.i18n'
                table = {}
                default = 'en'
                _M = {*}
                context = {*}
                i18ndir = '/usr/lib/lua/luci/i18n/'
            }
            form = function: 0xd8e800
            node_childs = function: 0xd8c5e0
            httpdispatch = function: 0xd8daf0
            arcombine = function: 0xd8e760
            cbi = function: 0xd8e6c0
            build_url = function: 0xd8da70
            firstchild = function: 0xd8dfa0
            rewrite = function: 0xd8e000
            context = {
                thread: 0xd90370 = {*}
            }
            _ = function: 0xd8e0e0
            entry = function: 0xd8deb0
        }
        type = 'arcombine'
        targets = {
            1 = {
                target = function: 0xd8e690
                type = 'cbi'
                model = 'tau_forwards'
            }
            2 = {
                target = function: 0xd8e690
                type = 'cbi'
                model = 'tau_forward_details'
            }
        }
        target = function: 0xd8e730
    }
}
