
{
    protocol = {
        urlencode_params = function: 0x1106fc0
        urldecode = function: 0x1107010
        _PACKAGE = 'luci.http.'
        HTTP_MAX_CONTENT = 8192
        urldecode_params = function: 0x1106f60
        parse_message_body = function: 0x110a960
        parse_message_header = function: 0x10e9790
        mimedecode_message_body = function: 0x10e9690
        _NAME = 'luci.http.protocol'
        urldecode_message_body = function: 0x10e9710
        header_source = function: 0x1106de0
        _M = {
            urlencode_params = function: 0x1106fc0
            urldecode = function: 0x1107010
            _PACKAGE = 'luci.http.'
            HTTP_MAX_CONTENT = 8192
            urldecode_params = function: 0x1106f60
            parse_message_body = function: 0x110a960
            parse_message_header = function: 0x10e9790
            mimedecode_message_body = function: 0x10e9690
            _NAME = 'luci.http.protocol'
            urldecode_message_body = function: 0x10e9710
            header_source = function: 0x1106de0
            _M = {
                urlencode_params = function: 0x1106fc0
                urldecode = function: 0x1107010
                _PACKAGE = 'luci.http.'
                HTTP_MAX_CONTENT = 8192
                urldecode_params = function: 0x1106f60
                parse_message_body = function: 0x110a960
                parse_message_header = function: 0x10e9790
                mimedecode_message_body = function: 0x10e9690
                _NAME = 'luci.http.protocol'
                urldecode_message_body = function: 0x10e9710
                header_source = function: 0x1106de0
                _M = {*}
                urlencode = function: 0x1106f90
                statusmsg = {*}
            }
            urlencode = function: 0x1106f90
            statusmsg = {
                304 = 'Not Modified'
                416 = 'Requested range not satisfiable'
                403 = 'Forbidden'
                404 = 'Not Found'
                405 = 'Method Not Allowed'
                500 = 'Internal Server Error'
                503 = 'Server Unavailable'
                200 = 'OK'
                400 = 'Bad Request'
                408 = 'Request Time-out'
                411 = 'Length Required'
                412 = 'Precondition Failed'
                301 = 'Moved Permanently'
                206 = 'Partial Content'
                302 = 'Found'
            }
        }
        urlencode = function: 0x1106f90
        statusmsg = {
            304 = 'Not Modified'
            416 = 'Requested range not satisfiable'
            403 = 'Forbidden'
            404 = 'Not Found'
            405 = 'Method Not Allowed'
            500 = 'Internal Server Error'
            503 = 'Server Unavailable'
            200 = 'OK'
            400 = 'Bad Request'
            408 = 'Request Time-out'
            411 = 'Length Required'
            412 = 'Precondition Failed'
            301 = 'Moved Permanently'
            206 = 'Partial Content'
            302 = 'Found'
        }
    }
    close = function: 0x11127f0
    getenv = function: 0x110ec50
    write_json = function: 0x1112960
    Request = {
        getenv = function: 0x1111c40
        __init__ = function: 0x11111c0
        setfilehandler = function: 0x1111b60
        getcookie = function: 0x110fb80
        _parse_input = function: 0x1111b90
        formvaluetable = function: 0x110f690
        content = function: 0x110ee00
        formvalue = function: 0x110ed40
    }
    _M = {
        protocol = {
            urlencode_params = function: 0x1106fc0
            urldecode = function: 0x1107010
            _PACKAGE = 'luci.http.'
            HTTP_MAX_CONTENT = 8192
            urldecode_params = function: 0x1106f60
            parse_message_body = function: 0x110a960
            parse_message_header = function: 0x10e9790
            mimedecode_message_body = function: 0x10e9690
            _NAME = 'luci.http.protocol'
            urldecode_message_body = function: 0x10e9710
            header_source = function: 0x1106de0
            _M = {
                urlencode_params = function: 0x1106fc0
                urldecode = function: 0x1107010
                _PACKAGE = 'luci.http.'
                HTTP_MAX_CONTENT = 8192
                urldecode_params = function: 0x1106f60
                parse_message_body = function: 0x110a960
                parse_message_header = function: 0x10e9790
                mimedecode_message_body = function: 0x10e9690
                _NAME = 'luci.http.protocol'
                urldecode_message_body = function: 0x10e9710
                header_source = function: 0x1106de0
                _M = {*}
                urlencode = function: 0x1106f90
                statusmsg = {*}
            }
            urlencode = function: 0x1106f90
            statusmsg = {
                304 = 'Not Modified'
                416 = 'Requested range not satisfiable'
                403 = 'Forbidden'
                404 = 'Not Found'
                405 = 'Method Not Allowed'
                500 = 'Internal Server Error'
                503 = 'Server Unavailable'
                200 = 'OK'
                400 = 'Bad Request'
                408 = 'Request Time-out'
                411 = 'Length Required'
                412 = 'Precondition Failed'
                301 = 'Moved Permanently'
                206 = 'Partial Content'
                302 = 'Found'
            }
        }
        close = function: 0x11127f0
        getenv = function: 0x110ec50
        write_json = function: 0x1112960
        Request = {
            getenv = function: 0x1111c40
            __init__ = function: 0x11111c0
            setfilehandler = function: 0x1111b60
            getcookie = function: 0x110fb80
            _parse_input = function: 0x1111b90
            formvaluetable = function: 0x110f690
            content = function: 0x110ee00
            formvalue = function: 0x110ed40
        }
        _M = {
            protocol = {
                urlencode_params = function: 0x1106fc0
                urldecode = function: 0x1107010
                _PACKAGE = 'luci.http.'
                HTTP_MAX_CONTENT = 8192
                urldecode_params = function: 0x1106f60
                parse_message_body = function: 0x110a960
                parse_message_header = function: 0x10e9790
                mimedecode_message_body = function: 0x10e9690
                _NAME = 'luci.http.protocol'
                urldecode_message_body = function: 0x10e9710
                header_source = function: 0x1106de0
                _M = {*}
                urlencode = function: 0x1106f90
                statusmsg = {*}
            }
            close = function: 0x11127f0
            getenv = function: 0x110ec50
            write_json = function: 0x1112960
            Request = {
                getenv = function: 0x1111c40
                __init__ = function: 0x11111c0
                setfilehandler = function: 0x1111b60
                getcookie = function: 0x110fb80
                _parse_input = function: 0x1111b90
                formvaluetable = function: 0x110f690
                content = function: 0x110ee00
                formvalue = function: 0x110ed40
            }
            _M = {
                protocol = {*}
                close = function: 0x11127f0
                getenv = function: 0x110ec50
                write_json = function: 0x1112960
                Request = {*}
                _M = {*}
                context = {*}
                formvaluetable = function: 0x110ebf0
                urlencode = function: 0x1106f90
                urldecode = function: 0x1107010
                write = function: 0x110ed70
                _PACKAGE = 'luci.'
                splice = function: 0x11113a0
                build_querystring = function: 0x11128f0
                setfilehandler = function: 0x110ec80
                formvalue = function: 0x1112890
                redirect = function: 0x11128c0
                status = function: 0x1112b80
                _NAME = 'luci.http'
                getcookie = function: 0x110ec20
                source = function: 0x1112b50
                header = function: 0x110ecb0
                content = function: 0x1112860
                prepare_content = function: 0x110ecf0
            }
            context = {
                thread: 0x1130340 = {*}
            }
            formvaluetable = function: 0x110ebf0
            urlencode = function: 0x1106f90
            urldecode = function: 0x1107010
            write = function: 0x110ed70
            _PACKAGE = 'luci.'
            splice = function: 0x11113a0
            build_querystring = function: 0x11128f0
            setfilehandler = function: 0x110ec80
            formvalue = function: 0x1112890
            redirect = function: 0x11128c0
            status = function: 0x1112b80
            _NAME = 'luci.http'
            getcookie = function: 0x110ec20
            source = function: 0x1112b50
            header = function: 0x110ecb0
            content = function: 0x1112860
            prepare_content = function: 0x110ecf0
        }
        context = {
            thread: 0x1130340 = {
                request = {*}
            }
        }
        formvaluetable = function: 0x110ebf0
        urlencode = function: 0x1106f90
        urldecode = function: 0x1107010
        write = function: 0x110ed70
        _PACKAGE = 'luci.'
        splice = function: 0x11113a0
        build_querystring = function: 0x11128f0
        setfilehandler = function: 0x110ec80
        formvalue = function: 0x1112890
        redirect = function: 0x11128c0
        status = function: 0x1112b80
        _NAME = 'luci.http'
        getcookie = function: 0x110ec20
        source = function: 0x1112b50
        header = function: 0x110ecb0
        content = function: 0x1112860
        prepare_content = function: 0x110ecf0
    }
    context = {
        thread: 0x1130340 = {
            request = {
                message = {*}
                parsed_input = false
                error = function: 0x112fe70
                input = function: 0x112fd90
            }
        }
    }
    formvaluetable = function: 0x110ebf0
    urlencode = function: 0x1106f90
    urldecode = function: 0x1107010
    write = function: 0x110ed70
    _PACKAGE = 'luci.'
    splice = function: 0x11113a0
    build_querystring = function: 0x11128f0
    setfilehandler = function: 0x110ec80
    formvalue = function: 0x1112890
    redirect = function: 0x11128c0
    status = function: 0x1112b80
    _NAME = 'luci.http'
    getcookie = function: 0x110ec20
    source = function: 0x1112b50
    header = function: 0x110ecb0
    content = function: 0x1112860
    prepare_content = function: 0x110ecf0
}