GET / HTTP/1.1
Host: 192.168.101.1
User-Agent: Mozilla/5.0 (Windows NT 5.1; rv:52.0) Gecko/20100101 Firefox/52.0
Accept: text/html,application/xhtml+xml,application/xml;q=0.9,*/*;q=0.8
Accept-Language: zh-CN,zh;q=0.8,en-US;q=0.5,en;q=0.3
Accept-Encoding: gzip, deflate
Connection: keep-alive
Upgrade-Insecure-Requests: 1

HTTP/1.1 200 OK
Connection: Keep-Alive
Keep-Alive: timeout=20
ETag: "726-1f3-5b9d21de"
Last-Modified: Sat, 15 Sep 2018 15:14:38 GMT
Date: Sat, 15 Sep 2018 15:26:37 GMT
Content-Type: text/html
Content-Length: 499

<?xml version="1.0" encoding="utf-8"?>
<!DOCTYPE html PUBLIC "-//W3C//DTD XHTML 1.1//EN" "http://www.w3.org/TR/xhtml11/DTD/xhtml11.dtd">
<html xmlns="http://www.w3.org/1999/xhtml">
<head>
<meta http-equiv="Cache-Control" content="no-cache" />
<meta http-equiv="refresh" content="0; URL=/cgi-bin/luci.dbg" />
</head>
<body style="background-color: white">
<a style="color: black; font-family: arial, helvetica, sans-serif;" href="/cgi-bin/luci">LuCI - Lua Configuration Interface</a>
</body>
</html>
GET /cgi-bin/luci.dbg HTTP/1.1
Host: 192.168.101.1
User-Agent: Mozilla/5.0 (Windows NT 5.1; rv:52.0) Gecko/20100101 Firefox/52.0
Accept: text/html,application/xhtml+xml,application/xml;q=0.9,*/*;q=0.8
Accept-Language: zh-CN,zh;q=0.8,en-US;q=0.5,en;q=0.3
Accept-Encoding: gzip, deflate
Connection: keep-alive
Upgrade-Insecure-Requests: 1

HTTP/1.1 403 Forbidden
Connection: Keep-Alive
Transfer-Encoding: chunked
Keep-Alive: timeout=20
Content-Type: text/html
Cache-Control: no-cache
Expires: 0

D9E
<!DOCTYPE html>
<html lang="en">
<head>
    <meta charset="utf-8">
    <title>TAU111 - LuCI</title>
    <meta content="width=device-width, initial-scale=1.0, maximum-scale=1.0, user-scalable=0" name="viewport"/>
    <meta name="format-detection" content="telephone=no, email=no"/>
    <meta name="apple-mobile-web-app-capable" content="yes">
    <meta name="mobile-web-app-capable" content="yes">
    <meta name="x5-fullscreen" content="true">
    <meta name="full-screen" content="yes">
    <meta name="x5-page-mode" content="app">
    <meta name="browsermode" content="application">
    <meta name="theme-color" content="#0099CC">
    <meta name="msapplication-tap-highlight" content="no">
    <meta name="msapplication-TileColor" content="#0099CC">

    <meta name="application-name" content="TAU111 - LuCI">
    <meta name="apple-mobile-web-app-title" content="TAU111 - LuCI">
    <meta name="msapplication-TileImage" content="/luci-static/material/logo.png"/>
    <link rel="icon" href="/luci-static/material/logo.png" sizes="144x144">
    <link rel="apple-touch-icon-precomposed" href="/luci-static/material/logo.png" sizes="144x144">

    <link rel="stylesheet" href="/luci-static/material/css/style.css">
    <link rel="shortcut icon" href="/luci-static/material/favicon.ico">
    <script src="/luci-static/resources/xhr.js"></script>
</head>

<body class="lang_en ">

<header>
    <div class="container">
        <span class="showSide"></span>
        <a class="brand" href="#">TAU111</a>
        <div class="pull-right">
            
        </div>
    </div>
</header>

<div class="main">
    <div style="" class="loading"><span><div class="loading-img"></div>Loading...</span></div>
    <div class="main-left">
        <ul class="nav">
        </ul>
    </div>
    <div class="main-right">
        <div class="darkMask"></div>
        <div id="maincontent">
            <div class="container">




<form method="post" action="/cgi-bin/luci.dbg">
	<div class="cbi-map">
		<h2><a id="content" name="content">列车接入单元</a></h2>
		<div class="cbi-map-descr">
			Please enter your username and password.</div>
		<fieldset class="cbi-section"><fieldset class="cbi-section-node">
			<div class="cbi-value">
				<label class="cbi-value-title">Username</label>
				<div class="cbi-value-field">
					<input class="cbi-input-user" type="text" name="luci_username" value="root" />
				</div>
			</div>
			<div class="cbi-value cbi-value-last">
				<label class="cbi-value-title">Password</label>
				<div class="cbi-value-field">
					<input class="cbi-input-password" type="password" name="luci_password" />
				</div>
			</div>
		</fieldset></fieldset>
	</div>

	<div>
		<input type="submit" value="Login" class="cbi-button cbi-button-apply" />
		<input type="reset" value="Reset" class="cbi-button cbi-button-reset" />
	</div>
</form>
<script type="text/javascript">//<![CDATA[
	var input = document.getElementsByName('luci_password')[0];
	if (input)
		input.focus();
//]]></script>




                </div>
                <footer class="mobile-hide">
                    <a href="http://www.xianleidi.com">西安雷迪信息技术有限公司</a>
                </footer>
            </div>
        </div>

    <script>
        // thanks for Jo-Philipp Wich <jow@openwrt.org>
        var luciLocation = {};
    </script>
    <script src="/luci-static/material/js/jquery.min.js"></script>
    <script src="/luci-static/material/js/script.js"></script>
</body>
</html>


0

GET /luci-static/material/css/style.css HTTP/1.1
Host: 192.168.101.1
User-Agent: Mozilla/5.0 (Windows NT 5.1; rv:52.0) Gecko/20100101 Firefox/52.0
Accept: text/css,*/*;q=0.1
Accept-Language: zh-CN,zh;q=0.8,en-US;q=0.5,en;q=0.3
Accept-Encoding: gzip, deflate
Referer: http://192.168.101.1/cgi-bin/luci.dbg
Connection: keep-alive

HTTP/1.1 200 OK
Connection: Keep-Alive
Keep-Alive: timeout=20
ETag: "7b4-7304-5acad503"
Last-Modified: Mon, 09 Apr 2018 02:50:43 GMT
Date: Sat, 15 Sep 2018 15:26:37 GMT
Content-Type: text/css
Content-Length: 29444

/**
 *  Material is a clean HTML5 theme for LuCI. It is based on luci-theme-bootstrap and MUI
 *
 *  luci-theme-material
 *      Copyright 2015 Lutty Yang <lutty@wcan.in>
 *
 *  Have a bug? Please create an issue here on GitHub!
 *      https://github.com/LuttyYang/luci-theme-material/issues
 *
 *  luci-theme-bootstrap:
 *      Copyright 2008 Steven Barth <steven@midlink.org>
 *      Copyright 2008 Jo-Philipp Wich <jow@openwrt.org>
 *      Copyright 2012 David Menting <david@nut-bolt.nl>
 *
 *  MUI:
 *      https://github.com/muicss/mui
 *
 *  Licensed to the public under the Apache License 2.0
 */

/*
 *  Font generate by Icomoon<icomoon.io>
 */
@font-face {
    font-family: 'icomoon';
    src: url('../fonts/font.eot');
    src: url('../fonts/font.eot') format('embedded-opentype'),
    url('../fonts/font.ttf') format('truetype'),
    url('../fonts/font.woff') format('woff'),
    url('../fonts/font.svg') format('svg');
    font-weight: normal;
    font-style: normal;
}

.cbi-button-up,
.cbi-button-down,
.cbi-value-helpicon,
.showSide,
.main > .loading > span {
    font-family: 'icomoon' !important;
    speak: none;
    font-style: normal !important;
    font-weight: normal !important;
    font-variant: normal !important;
    text-transform: none !important;
    line-height: 1;

    -webkit-font-smoothing: antialiased;
    -moz-osx-font-smoothing: grayscale;
}

* {
    margin: 0;
    padding: 0;
    box-sizing: border-box;
}

.h1, .h2, .h3, .h4, .h5, .h6, h1, h2, h3, h4, h5, h6 {
    font-family: inherit;
    font-weight: 400;
    line-height: 1.1;
    color: inherit;
}

html {
    -webkit-text-size-adjust: 100%;
    -ms-text-size-adjust: 100%;
}

body {
    font-size: 0.8rem;
    background-color: #EEE;
}

html, body {
    margin: 0px;
    padding: 0px;
    height: 100%;
    font-family: Microsoft Yahei, WenQuanYi Micro Hei, sans-serif, "Helvetica Neue", Helvetica, Hiragino Sans GB;
}

select {
    padding: 0.36rem 0.8rem;
    color: #555;
    background-color: #fff;
    background-image: none;
    border: 1px solid #ccc;
}

select,
input {
    background-color: transparent;
    color: rgba(0, 0, 0, .87);
    border: none;
    border-bottom: 2px solid rgba(0, 0, 0, .26);
    outline: 0;
    padding: 0;
    box-shadow: none;
    border-radius: 0;
    background-image: none;
    height: 1.8rem;
    font-size: 0.8rem;
}

select:not([multiple="multiple"]):focus,
input:focus {
    border-color: #0099CC;
}

select[multiple="multiple"] {
    height: auto;
}

code {
    color: #0099CC;
}

abbr {
    color: #005470;
    text-decoration: underline;
    cursor: help;
}

hr {
    margin: 1rem 0;
    border-color: #EEE;
    opacity: 0.1;
}

header, .main {
    width: 100%;
    position: absolute;
}

header {
    height: 4rem;
    box-shadow: 0 2px 5px rgba(0, 0, 0, .26);
    transition: box-shadow .2s;
    float: left;
    position: fixed;
    z-index: 101;
}

footer {
    text-align: right;
    padding: 1rem;
    color: #aaa;
    font-size: 0.8rem;
    text-shadow: 0px 0px 2px #BBB;
}

footer > a {
    color: #aaa;
    text-decoration: none;
}

.main {
    top: 4rem;
    bottom: 0rem;
    position: relative;
    height: 100%;
    height: calc(100% - 4rem);
}

.main > .loading {
    position: fixed;
    width: 100%;
    height: 100%;
    z-index: 1000;
    display: block;
    background-color: rgb(240, 240, 240);
    top: 0;
}

.main > .loading > span {
    display: block;
    text-align: center;
    margin-top: 2rem;
    color: #888;
    font-size: 1.2rem;
}

.main > .loading > span > .loading-img:before {
    content: "\e603";
}

.main > .loading > span > .loading-img {
    animation: anim-rotate 2s infinite linear;
    margin-right: 0.2rem;
    display: inline-block;
}

@keyframes anim-rotate {
    0% {
        -webkit-transform: rotate(0);
        -ms-transform: rotate(0);
        transform: rotate(0);
    }
    100% {
        -webkit-transform: rotate(360deg);
        -ms-transform: rotate(360deg);
        transform: rotate(360deg)
    }
}

.main-left {
    float: left;
    top: 4rem;
    width: 15%;
    width: calc(0% + 15rem);
    height: 100%;
    height: calc(100% - 4rem);
    background-color: white;
    overflow-x: auto;
    position: fixed;
}

.main-right {
    width: 85%;
    width: calc(100% - 15rem);
    float: right;
    height: 100%;
    background-color: #EEE;
}

.main-right > #maincontent {
    background-color: #EEE;
}

.pull-right {
    float: right;
}

.pull-left {
    float: left;
}

header {
    background: #0099CC;
    color: white;
}

header > .container {
    margin-top: 0.5rem;
    padding: 0.5rem 1rem 0 1rem;
}

header > .container > .brand {
    font-size: 1.4rem;
    color: white;
    text-decoration: none;
    cursor: default;
    vertical-align: text-bottom;
}

.warning {
    background-color: #FF7D60 !important;
    color: #FFF;
}

.errorbox,
.alert-message {
    margin: 2rem 0 0 0;
    padding: 2rem;
    border: 0;
    font-weight: normal;
    font-style: normal;
    line-height: 1;
    font-family: inherit;
    min-width: inherit;
    overflow: auto;
    border-radius: 0;
    background-color: #FFF;
    box-shadow: 0 2px 2px 0 rgba(0, 0, 0, .16), 0 0 2px 0 rgba(0, 0, 0, .12);
}

.errorbox {
    color: #fff;
    background-color: #f0ad4e;
    border-color: #eea236;
}

.error {
    color: red;
}

#maincontent > .container > div:nth-child(1).alert-message.warning > a {
    font: inherit;
    overflow: visible;
    text-transform: none;
    display: inline-block;
    margin-bottom: 0;
    font-weight: 400;
    text-align: center;
    white-space: nowrap;
    vertical-align: middle;
    touch-action: manipulation;
    cursor: pointer;
    -webkit-user-select: none;
    -moz-user-select: none;
    -ms-user-select: none;
    user-select: none;
    background-image: none;
    min-width: 6rem;
    padding: 0.5rem 1rem;
    font-size: 0.9rem;
    line-height: 1.42857143;
    color: #fff;
    background-color: #5bc0de;
    border-color: #46b8da;
    margin-top: 2rem;
    text-decoration: inherit;
}

.main > .main-left > .nav {
    margin-top: 0.5rem;
}

.main > .main-left > .nav > li a {
    color: #404040;
    display: block;
}

.main > .main-left > .nav > li:nth-last-child(1) {
    margin-top: 2rem;
    font-size: 1.2rem;
}

.main > .main-left > .nav > li {
    padding: 0.5rem 1rem;
    cursor: pointer;
}

.main > .main-left > .nav > .slide {
    padding: 0;
}

.main > .main-left > .nav > .slide > ul {
    display: none;
}

.main > .main-left > .nav > .slide > .menu {
    display: block;
    padding: 0.5rem 1rem;
    text-decoration: none;
    cursor: default;
    font-size: 1.15rem;
}

.main > .main-left > .nav > li:hover,
.main > .main-left > .nav > .slide > .menu:hover {
    background: #D4D4D4;
}

.main > .main-left > .nav > .slide:hover {
    background: none;
}

.main > .main-left > .nav > .slide > .slide-menu > li {
    padding: 0.4rem 2rem;
}

.main > .main-left > .nav > .slide > .slide-menu > .active {
    background-color: #0099CC;
}

.main > .main-left > .nav > .slide > .slide-menu > li > a {
    text-decoration: none;
    white-space: nowrap;
}

.main > .main-left > .nav > .slide > .slide-menu > .active > a {
    color: white;
}

.main > .main-left > .nav > .slide > .slide-menu > li:hover {
    background: #D4D4D4;
}

.main > .main-left > .nav > .slide > .slide-menu > .active:hover {
    background-color: #0099CC;
    cursor: hand;
}

li {
    list-style-type: none;
}

#maincontent > .container {
    margin: 0 2rem 1rem 2rem;
}

h1 {
    font-size: 2rem;
    padding-bottom: 10px;
    border-bottom: 1px solid #eee;
}

h2 {
    margin: 2rem 0 0 0;
    font-size: 1.8rem;
    padding-bottom: 10px;
    border-bottom: 1px solid #eee;
}

h3 {
    margin: 2rem 0 0 0;
    font-size: 1.4rem;
    padding-bottom: 10px;
}

h4 {

}

fieldset {
    margin: 2rem 0 0 0;
    padding: 2rem;
    border: 0;
    font-weight: normal;
    font-style: normal;
    line-height: 1;
    font-family: inherit;

    min-width: inherit;
    overflow-x: auto;
    overflow-y: hidden;

    border-radius: 0;
    background-color: #FFF;
    box-shadow: 0 2px 2px 0 rgba(0, 0, 0, .16), 0 0 2px 0 rgba(0, 0, 0, .12);

    -webkit-overflow-scrolling: touch;
}

.cbi-map-descr + fieldset {
    margin-top: 1rem;
}

fieldset > legend {
    display: none !important;
}

fieldset > fieldset {
    margin: 0;
    padding: 0;
    border: none;
    box-shadow: none;
}

.panel-title {
    width: 100%;
    display: block;
    line-height: 1;
    color: #404040;
    font-size: 1.4rem;
    padding-bottom: 1rem;
    border-bottom: 1px solid #eee;
}

table {
    border-spacing: 0;
    border-collapse: collapse;
    width: 100%;
    border: 1px solid #eee;
}

table > tbody > tr > td, table > tbody > tr > th, table > tfoot > tr > td, table > tfoot > tr > th, table > thead > tr > td, table > thead > tr > th {
    padding: .5rem;
    border-top: 1px solid #ddd;
    white-space: nowrap;
}

.cbi-section-table-cell {
    text-align: center;
}

.cbi-section-table-row {
    text-align: center;
}

fieldset > table > tbody > tr:nth-of-type(2n) {
    background-color: #f9f9f9;
}

/* fix progress bar */
#swaptotal > div,
#swapfree > div,
#memfree > div,
#membuff > div,
#conns > div,
#memtotal > div {
    width: 100% !important;
    height: 1.2rem !important;
}

#swaptotal > div > div,
#swapfree > div > div,
#memfree > div > div,
#membuff > div > div,
#conns > div > div,
#memtotal > div > div {
    height: 100% !important;
    background-color: #0099CC !important;
}

/* fix multiple table */

table table {
    border: none;
}

.cbi-value-field table {
    border: none;
}

td > table > tbody > tr > td {
    border: none;
}

.cbi-value-field > table > tbody > tr > td {
    border: none;
}

/* button style */

.cbi-button {
    -webkit-appearance: none;
    text-transform: uppercase;
    color: rgba(0, 0, 0, 0.87);
    background-color: #F0F0F0;
    transition: all 0.2s ease-in-out;
    display: inline-block;
    padding: 0 0.8rem;
    border: none;
    border-radius: 0.2rem;
    cursor: pointer;
    -ms-touch-action: manipulation;
    touch-action: manipulation;
    background-image: none;
    text-align: center;
    vertical-align: middle;
    white-space: nowrap;
    -webkit-user-select: none;
    -moz-user-select: none;
    -ms-user-select: none;
    user-select: none;
    font-size: 0.8rem;
    width: auto !important;
}

.cbi-button:hover,
.cbi-button:focus,
.cbi-button:active {
    color: rgba(0, 0, 0, 0.87);
    outline: 0;
    text-decoration: none;
    color: rgba(0, 0, 0, 0.87);
}

.cbi-button:hover,
.cbi-button:focus {
    box-shadow: 0 0px 2px rgba(0, 0, 0, 0.12), 0 2px 2px rgba(0, 0, 0, 0.2);
}

.cbi-button:active {
    box-shadow: 0 10px 20px rgba(0, 0, 0, 0.19), 0 6px 6px rgba(0, 0, 0, 0.23);
}

.cbi-button:disabled {
    cursor: not-allowed;
    pointer-events: none;
    opacity: 0.60;
    box-shadow: none;
}

form.inline + form.inline,
.cbi-button + .cbi-button {
    margin-left: 0.6rem;
}

.cbi-button-reset,
.cbi-input-remove {
    color: #fff !important;
    background-color: #f0ad4e !important;
    border-color: #eea236 !important;
}

.cbi-input-find,
.cbi-input-save,
.cbi-button-add,
.cbi-button-save,
.cbi-button-find,
.cbi-input-reload,
.cbi-button-reload {
    color: #fff !important;
    background-color: #337ab7 !important;
    border-color: #2e6da4 !important;
}

.cbi-input-apply,
.cbi-button-apply,
.cbi-button-edit {
    color: #fff !important;
    background-color: #5bc0de !important;
    border-color: #46b8da !important;
}

.cbi-input-reset,
.cbi-section-remove > .cbi-button,
.cbi-button-remove {
    color: #fff !important;
    background-color: #d9534f !important;
    border-color: #d43f3a !important;
}

.a-to-btn {
    text-decoration: none;
}

/* table */

.tabs {
    margin: 0 -2rem;
    padding-left: 0.5rem;
    background-color: #FFFFFF;
}

.cbi-tabmenu > li,
.tabs > li {
    display: inline-block;
    padding: 0.6rem 0rem;
}

.cbi-tabmenu > li > a,
.tabs > li > a {
    text-decoration: none;
    color: #404040;
    padding: 0.5rem 0.8rem;
}

.tabs > li[class~="active"],
.tabs > li:hover {
    cursor: pointer;
    border-bottom: 0.2rem solid #0099CC;
    color: #0099CC;
    margin-bottom: -0.18751rem;
}

.tabs > li[class~="active"] > a {
    color: #0099cc;
}

.tabs > li:hover {
    border-bottom: 0.18751rem solid #C9C9C9;
}

.cbi-tabmenu {
    border-top: 1px solid #D4D4D4;
    border-left: 1px solid #D4D4D4;
    border-right: 1px solid #D4D4D4;
}

.cbi-tabmenu > li:hover {
    background-color: #F1F1F1;
}

.cbi-tabmenu > li[class~="cbi-tab"] {
    background-color: white;
}

.cbi-tabmenu {
    background-color: #D4D4D4;
}

.cbi-section-remove:nth-of-type(2n),
.cbi-section-node:nth-of-type(2n){
    background-color: #f9f9f9;
}

.cbi-section-node-tabbed {
    padding: 0;
    margin-top: 0;
    border-bottom: 1px solid #D4D4D4;
    border-left: 1px solid #D4D4D4;
    border-right: 1px solid #D4D4D4;
}

.cbi-tabcontainer > .cbi-value:nth-of-type(2n) {
    background-color: #f9f9f9;
}

.cbi-value-field,
.cbi-value-description {
    display: table-cell;
    line-height: 1.25;
}

.cbi-value-helpicon > img {
    display: none;
}

.cbi-value-helpicon:before {
    content: "\f059";
}

.cbi-value-description {
    font-size: small;
    opacity: 0.5;
    padding: 0.5rem 0 0 0;
}

.cbi-value-title {
    word-wrap: break-word;
    padding-top: 0.6rem;
    width: 23rem;
    float: left;
    text-align: right;
    padding-right: 2rem;
    display: table-cell;
}

.cbi-value {
    padding: 0.3rem 1rem;
    display: inline-block;
    width: 100%;
}

.cbi-section-table-descr > .cbi-section-table-cell,
.cbi-section-table-titles > .cbi-section-table-cell {
    border: none;
}

.cbi-rowstyle-2 {
    background-color: #eee;
}

.cbi-rowstyle-2 .cbi-button-up,
.cbi-rowstyle-2 .cbi-button-down {
    background-color: #FFF !important;
}

.cbi-section-table .cbi-section-table-titles .cbi-section-table-cell {
    width: auto !important;
}

/* desc */
.cbi-section-descr,
.cbi-map-descr {
    padding: 0.5rem;
    color: #999;
    font-size: small;
}

/* luci */

.hidden {
    display: none
}

.left {
    text-align: left !important;
}

.right {
    text-align: right !important;
}

.inline {
    display: inline;
}

.cbi-page-actions {
    border-top: 1px solid #eee;
    padding-top: 1rem;
    text-align: right;
}

/* input */
.cbi-value input[type="password"],
.cbi-value input[type="text"] {
    min-width: 15rem;
}

/* select */
.cbi-value-field .cbi-input-select {
    min-width: 15rem;
}

.ifacebadge {
    display: inline-flex;
    border-bottom: 1px solid #CCCCCC;
    padding: 0.5rem 1rem;
    -webkit-box-shadow: inset 0 1px 0 rgba(255, 255, 255, 0.2), 0 1px 2px rgba(0, 0, 0, 0.05);
    -moz-box-shadow: inset 0 1px 0 rgba(255, 255, 255, 0.2), 0 1px 2px rgba(0, 0, 0, 0.05);
    box-shadow: inset 0 1px 0 rgba(255, 255, 255, 0.2), 0 1px 2px rgba(0, 0, 0, 0.05);
}

td > .ifacebadge {
    background-color: #F0F0F0;
    font-size: 0.9rem;
}

.ifacebadge > img {
    float: right;
    margin: 0 0.3rem;
}

/*textarea*/

.cbi-input-textarea {
    width: 100%;
    min-height: 14rem;
    padding: 0.8rem;
    font-size: 0.8rem;
    font-family: "Helvetica Neue", Helvetica, Arial, sans-serif;
    color: black;
}

#syslog {
    width: 100%;
    min-height: 15rem;
    padding: 1rem;
    font-size: small;
    color: #5F5F5F;

    margin-bottom: 20px;
    border-radius: 0;
    background-color: #FFF;
    box-shadow: 0 2px 2px 0 rgba(0, 0, 0, .16), 0 0 2px 0 rgba(0, 0, 0, .12);
    border: none;
}

/* change */

.uci-change-list {
    font-family: monospace;
}

.uci-change-list ins,
.uci-change-legend-label ins {
    text-decoration: none;
    border: 1px solid #00FF00;
    background-color: #CCFFCC;
    display: block;
    padding: 2px;
}

.uci-change-list del,
.uci-change-legend-label del {
    text-decoration: none;
    border: 1px solid #FF0000;
    background-color: #FFCCCC;
    display: block;
    font-style: normal;
    padding: 2px;
}

.uci-change-list var,
.uci-change-legend-label var {
    text-decoration: none;
    border: 1px solid #CCCCCC;
    background-color: #EEEEEE;
    display: block;
    font-style: normal;
    padding: 2px;
}

.uci-change-list var ins,
.uci-change-list var del {
    border: none;
    white-space: pre;
    font-style: normal;
    padding: 0px;
}

.uci-change-legend {
    padding: 5px;
}

.uci-change-legend-label {
    width: 150px;
    float: left;
}

.uci-change-legend-label > ins,
.uci-change-legend-label > del,
.uci-change-legend-label > var {
    float: left;
    margin-right: 4px;
    width: 10px;
    height: 10px;
    display: block;
}

.uci-change-legend-label var ins,
.uci-change-legend-label var del {
    line-height: 6px;
    border: none;
}

.uci-change-list var,
.uci-change-list del,
.uci-change-list ins {
    padding: 0.5rem;
}

/* other fix */
#iwsvg,
#iwsvg2,
#bwsvg {
    border: 1px solid #D4D4D4 !important;
    border-top: none !important;
}

.ifacebox {
    border: 1px solid #999;
    background-color: #f9f9f9;
}

.cbi-image-button {
    margin-left: 0.5rem;
}

.zonebadge {
    padding: 0.2rem 0.5rem;
    display: inline-block;
    cursor: pointer;
}

.zonebadge > .ifacebadge {
    padding: 0.2rem 1rem;
    margin: 0.3rem;
    border: 1px solid #6C6C6C;
}

.zonebadge > input[type="text"] {
    padding: 0.16rem 1rem;
    min-width: 10rem;
    margin-top: 0.3rem;
}

.cbi-value-field .cbi-input-checkbox,
.cbi-value-field .cbi-input-radio {
    margin-top: 0.5rem;
    height: 1rem;
}

.cbi-value-field > input + .cbi-value-description {
    padding: 0;
}

.cbi-value-field > ul > li {
    display: flex;
}

.cbi-value-field > ul > li > label {
    margin-top: 0.5rem;
}

.cbi-value-field > ul > li .ifacebadge {
    background-color: #eee;
    margin-left: 0.4rem;
    margin-top: -0.5rem;
}

.cbi-section-table-row > .cbi-value-field .cbi-input-select {
    min-width: 7rem;
}

.cbi-section-create > .cbi-button-add {
    margin: 0.5rem;
}

.cbi-section-remove {
    padding: 0.5rem;
}

div.cbi-value var, td.cbi-value-field var {
    font-style: italic;
    color: #0069D6;
}

small {
    font-size: 90%;
    white-space: normal;
    line-height: 1.42857143;
}

.cbi-button-up,
.cbi-button-down {
    display: inline-block;
    min-width: 0;
    padding: 0.2rem 0.3rem;
    font-size: 1.2rem;
}

.cbi-optionals {
    padding: 1rem 1rem 0 1rem;
    border-top: 1px solid #CCC;
}

#diag-rc-output > pre {
    background-color: #f5f5f5;
    display: block;
    padding: 8.5px;
    margin: 0 0 18px;
    line-height: 1.5rem;
    -moz-border-radius: 3px;
    white-space: pre-wrap;
    word-wrap: break-word;
    font-size: 1.4rem;
    color: #404040;
}

input[name="ping"],
input[name="traceroute"],
input[name="nslookup"] {
    width: 80%;
}

header > .container > .pull-right > * {
    position: relative;
    top: 0.45rem;
    cursor: pointer;
}

#xhr_poll_status > .label.success {
    background-color: #14CE14;
}

.label {
    padding: 0.3rem 0.8rem;
    font-size: 0.8rem;
    font-weight: bold;
    color: #ffffff !important;
    text-transform: uppercase;
    white-space: nowrap;
    background-color: #bfbfbf;
    -webkit-border-radius: 3px;
    -moz-border-radius: 3px;
    border-radius: 3px;
    text-shadow: none;
    text-decoration: none;
}

.notice {
    background-color: #5BC0DE;
}

.showSide {
    display: none;
}

.darkMask {
    width: 100%;
    height: 100%;
    position: fixed;
    background-color: rgba(0, 0, 0, 0.56);
    content: "";
    z-index: 99;
    display: none;
}

/* fix Main Login*/
.node-main-login > .main > .main-left {
    display: none;
}

.node-main-login > .main > .main-right {
    width: 100%;
}

.node-main-login > .main fieldset {
    padding: 0.5rem;
    margin-bottom: 1rem;
    display: inline;
    background: none;
    border: none;
    box-shadow: none;
    overflow: hidden;
}

.node-main-login > .main .cbi-value-title {
    width: 7rem;
}

.node-main-login > .main #maincontent {

    text-align: center;
}

.node-main-login > .main .container {
    display: inline-block;
    padding: 2rem 4rem;
    margin-top: 2rem !important;
    background-color: #FFF;
    box-shadow: 0 2px 2px 0 rgba(0, 0, 0, .16), 0 0 2px 0 rgba(0, 0, 0, .12);
    text-align: left;
}

.node-main-login > .main form > div:nth-last-child(1) {
    float: right;
}

.node-main-login > .main .cbi-value {
    display: block;
}

.node-main-login > .main .cbi-value > * {
    display: inline-block !important;
}

.node-main-login > .main .cbi-input-user,
.node-main-login > .main .cbi-input-password {
    min-width: 15rem;
}

.node-main-login footer {
    bottom: 0;
    position: absolute;
    width: 100%;
}

/* fix status overview */

.node-status-overview > .main fieldset:nth-child(4) td:nth-child(2) {
    white-space: normal;
}

/* fix status processes */

.node-status-processes > .main table tr td:nth-child(3) {
    white-space: normal;
}

.node-status-iptables > .main div > .cbi-map > form {
    margin: 2rem 2rem 0 0;
}

/* fix system reboot */

.node-system-reboot > .main > .main-right p,
.node-system-reboot > .main > .main-right h3 {
    padding-left: 2rem;
}

/* fix Services  Network Shares*/
.node-services-samba > .main .cbi-tabcontainer:nth-child(3) .cbi-value-title {
    margin-bottom: 1rem;
    width: auto;
}

.node-services-samba > .main .cbi-tabcontainer:nth-child(3) .cbi-value-field {
    display: list-item;
}

.node-services-samba > .main .cbi-tabcontainer:nth-child(3) .cbi-value-description {
    padding-top: 1rem;
}

/* fix System Software*/
.node-system-packages > .main table tr td:nth-child(1) {
    width: auto !important;
}

.node-system-packages > .main table tr td:nth-last-child(1) {
    white-space: normal;
    font-size: small;
    color: #404040;
}

.node-system-packages > .main .cbi-tabmenu > li > a, .tabs > li > a {
    padding: 0.5rem 0.8rem;
}

.node-system-packages > .main .cbi-value > pre {
    background-color: #eee;
    padding: 0.5rem;
    overflow: auto;
}

.cbi-tabmenu + .cbi-section {
    margin-top: 0;
}

/* fix network firewall*/
.node-network-firewall > .main .cbi-section-table-row > .cbi-value-field .cbi-input-select {
    min-width: 4rem;
}

.node-status-iptables fieldset,
.node-system-packages fieldset,
.node-system-flashops fieldset {
    margin-top: 0;
}

.node-status-iptables .cbi-tabmenu,
.node-system-packages .cbi-tabmenu,
.node-system-flashops .cbi-tabmenu {
    border: none;
    box-shadow: 0 2px 2px 0 rgba(0, 0, 0, .16), 0 0 2px 0 rgba(0, 0, 0, .12);
}

.node-system-flashops form.inline + form.inline {
    margin-left: 0;
}

#cbi-firewall-redirect table *,
#cbi-network-switch_vlan table *,
#cbi-firewall-zone table * {
    font-size: small;
}

#cbi-firewall-redirect table input[type="text"],
#cbi-network-switch_vlan table input[type="text"],
#cbi-firewall-zone table input[type="text"] {
    width: 5rem;
}

#cbi-firewall-redirect table select,
#cbi-network-switch_vlan table select,
#cbi-firewall-zone table select {
    min-width: 3.5rem;
}

/* language fix */
body.lang_pl.node-main-login .cbi-value-title {
    width: 12rem;
}

@media screen and (max-width: 1600px) {
    .main-left {
        width: calc(0% + 13rem);
    }

    .main-right {
        width: calc(100% - 13rem);
    }

    .cbi-button {
        padding: 0.3rem 0.6rem;
        font-size: 0.8rem;
    }

    header > .container > .pull-right > * {
        top: 0.35rem;
    }

    .label {
        padding: 0.2rem 0.6rem;
    }

    .cbi-value-title {
        width: 15rem;
        padding-right: 0.6rem;
    }

    fieldset {
        padding: 1rem;
    }

    .cbi-input-textarea {
        font-size: small;
    }

    .node-status-iptables > .main fieldset li > a {
        padding: 0.3rem 0.6rem;
    }
}

@media screen and (max-width: 1280px) {
    header {
        height: 3.5rem;
    }

    header > .container {
        margin-top: 0.25rem;
    }

    .main {
        top: 3.5rem;
        height: calc(100% - 3.5rem);
    }

    .main-left {
        width: calc(0% + 13rem);
        top: 3.5rem;
        height: calc(100% - 3.5rem);
    }

    .main-right {
        width: calc(100% - 13rem);
    }

    .cbi-tabmenu > li > a, .tabs > li > a {
        padding: 0.2rem 0.5rem;
    }

    .panel-title {
        font-size: 1.1rem;
        padding-bottom: 1rem;
    }

    table {
        font-size: 0.7rem !important;
        width: 100% !important;
    }

    .main > .main-left > .nav > li,
    .main > .main-left > .nav > li a,
    .main > .main-left > .nav > .slide > .menu {
        font-size: 0.9rem;
    }

    .main > .main-left > .nav > .slide > .slide-menu > li > a {
        font-size: 0.7rem;
    }
}

@media screen and (max-width: 992px) {
    .main-left {
        width: 0;
        position: fixed;
        z-index: 100;
    }

    .main-right {
        width: 100%;
    }

    .showSide {
        padding: 0.1rem;
        margin-right: 0.5rem;
        display: inline-block;
    }

    .showSide:before {
        content: "\e20e";
        font-size: 1.7rem;
    }

    .node-main-login .showSide {
        display: none !important;
    }

    .cbi-value-title {
        width: 9rem;
        padding-right: 1rem;
    }

    .node-network-diagnostics > .main .cbi-map fieldset > div * {
        width: 100% !important;
    }

    .node-network-diagnostics > .main .cbi-map fieldset > div input[type="text"] {
        margin: 3rem 0 0 0 !important;
    }

    .node-network-diagnostics > .main .cbi-map fieldset > div:nth-child(4) input[type="text"] {
        margin: 0 !important;
    }

    .node-network-diagnostics > .main .cbi-map fieldset > div select,
    .node-network-diagnostics > .main .cbi-map fieldset > div input[type="button"] {
        margin: 1rem 0 0 0;
    }

    .node-network-diagnostics > .main .cbi-map fieldset > div {
        width: 100% !important;
    }

    #diag-rc-output > pre {
        font-size: 1rem;
    }

    .node-main-login > .main .cbi-value-title {
        text-align: left;
    }
}

@media screen and (max-width: 480px) {
    body {
        font-size: 1rem;
    }

    fieldset {
        padding: 1rem;
        margin: 1rem 0 0 0;
    }

    .tabs {
        margin: 0 -1rem;
    }

    #maincontent > .container {
        margin: 0 1rem 1.5rem 1rem;
    }

    .main > .main-left > .nav > .slide > .menu {
        font-size: 1.3rem;
    }

    .main > .main-left > .nav > .slide > .slide-menu > li > a {
        font-size: 1.1rem;
    }

    .cbi-value-title {
        width: 100%;
        min-width: 0rem !important;
        display: block;
        margin-top: 1rem;
        margin-bottom: 0.5rem;
        text-align: left;
    }

    .cbi-value-field, .cbi-value-description {
        width: 100%;
    }

    .cbi-value > .cbi-value-field {
        display: inline-block;
    }

    .cbi-tabmenu > li, .tabs > li {
        padding: 0.6rem 0rem;
    }

    .cbi-tabmenu > li > a, .tabs > li > a {
        padding: 0.2rem 0.3rem;
        font-size: 0.9rem;
    }

    .cbi-page-actions > div > input {
        display: none;
    }

    .node-main-login > .main .container {
        padding: 0.5rem 1rem 2rem 1rem;
    }

    .node-main-login > .main .cbi-value {
        padding: 0;
    }

    .node-main-login > .main form > div:nth-last-child(1) {
        margin-top: 2rem;
    }

    .node-main-login > .main .cbi-value-title {
        width: 100% !important;
        font-size: 1.2rem;
    }

    .node-main-login > .main fieldset {
        margin: 0;
        padding: 0.5rem;
    }

    h2 {
        font-size: 2rem;
    }

    .tabs > li > a {
        font-size: 0.9rem;
    }

    select,
    input {
        font-size: 0.9rem;
    }

    .mobile-hide {
        display: none;
    }

    .panel-title {
        font-size: 1.4rem;
        padding-bottom: 1rem;
    }

    .node-system-packages > .main .cbi-value.cbi-value-last > div {
        width: 100% !important;
    }

    .node-system-packages > .main .cbi-value .cbi-value-field input {
        width: 100%;
    }

    .node-status-iptables > .main div > .cbi-map > form {
        position: static !important;
        margin: 0 0 2rem 0;
        padding: 2rem;
        border: 0;
        font-weight: normal;
        font-style: normal;
        line-height: 1;
        font-family: inherit;
        min-width: inherit;
        overflow-x: auto;
        overflow-y: hidden;
        border-radius: 0;
        background-color: #FFF;
        box-shadow: 0 2px 2px 0 rgba(0, 0, 0, .16), 0 0 2px 0 rgba(0, 0, 0, .12);
        -webkit-overflow-scrolling: touch;
    }

    .node-status-iptables > .main div > .cbi-map > form input[type="submit"] {
        width: 100% !important;
        margin: 0;
    }

    .node-status-iptables > .main div > .cbi-map > form input[type="submit"] + input[type="submit"] {
        margin-top: 1rem;
    }
}

@media screen and (min-width: 992px) {
    .cbi-value input[type="password"],
    .cbi-value input[type="text"] {
        min-width: 20rem;
    }

    .cbi-value-field .cbi-input-select {
        min-width: 20rem;
    }
}

@media screen and (min-width: 1280px) {
    .cbi-value input[type="password"],
    .cbi-value input[type="text"] {
        min-width: 22rem;
    }

    .cbi-value-field .cbi-input-select {
        min-width: 22rem;
    }
}

@media screen and (min-width: 1600px) {
    .cbi-value input[type="password"],
    .cbi-value input[type="text"] {
        min-width: 25rem;
    }

    .cbi-value-field .cbi-input-select {
        min-width: 25rem;
    }
}GET /luci-static/material/js/script.js HTTP/1.1
Host: 192.168.101.1
User-Agent: Mozilla/5.0 (Windows NT 5.1; rv:52.0) Gecko/20100101 Firefox/52.0
Accept: */*
Accept-Language: zh-CN,zh;q=0.8,en-US;q=0.5,en;q=0.3
Accept-Encoding: gzip, deflate
Referer: http://192.168.101.1/cgi-bin/luci.dbg
Connection: keep-alive

HTTP/1.1 200 OK
Connection: Keep-Alive
Keep-Alive: timeout=20
ETag: "7ac-1a62-5acad503"
Last-Modified: Mon, 09 Apr 2018 02:50:43 GMT
Date: Sat, 15 Sep 2018 15:26:37 GMT
Content-Type: text/javascript
Content-Length: 6754

/**
 *  Material is a clean HTML5 theme for LuCI. It is based on luci-theme-bootstrap and MUI
 *
 *  luci-theme-material
 *      Copyright 2015 Lutty Yang <lutty@wcan.in>
 *
 *  Have a bug? Please create an issue here on GitHub!
 *      https://github.com/LuttyYang/luci-theme-material/issues
 *
 *  luci-theme-bootstrap:
 *      Copyright 2008 Steven Barth <steven@midlink.org>
 *      Copyright 2008 Jo-Philipp Wich <jow@openwrt.org>
 *      Copyright 2012 David Menting <david@nut-bolt.nl>
 *
 *  MUI:
 *      https://github.com/muicss/mui
 *
 *  Licensed to the public under the Apache License 2.0
 */
(function ($) {
    $(".main > .loading").fadeOut();

    /**
     * trim text, Remove spaces, wrap
     * @param text
     * @returns {string}
     */
    function trimText(text) {
        return text.replace(/[ \t\n\r]+/g, " ");
    }


    var lastNode = undefined;
    var mainNodeName = undefined;

    var nodeUrl = "";
    (function(node){
        if (node[0] == "admin"){
            luciLocation = [node[1], node[2]];
        }else{
            luciLocation = node;
        }

        for(var i in luciLocation){
            nodeUrl += luciLocation[i];
            if (i != luciLocation.length - 1){
                nodeUrl += "/";
            }
        }
    })(luciLocation);

    /**
     * get the current node by Burl (primary)
     * @returns {boolean} success?
     */
    function getCurrentNodeByUrl() {
        var ret = false;
        if (!$('body').hasClass('logged-in')) {
            luciLocation = ["Main", "Login"];
            return true;
        }

        $(".main > .main-left > .nav > .slide > .menu").each(function () {
            var ulNode = $(this);
            ulNode.next().find("a").each(function () {
                var that = $(this);
                var href = that.attr("href");

                if (href.indexOf(nodeUrl) != -1) {
                    ulNode.click();
                    ulNode.next(".slide-menu").stop(true, true);
                    lastNode = that.parent();
                    lastNode.addClass("active");
                    ret = true;
                    return true;
                }
            });
        });
        return ret;
    }

    /**
     * menu click
     */
    $(".main > .main-left > .nav > .slide > .menu").click(function () {
        var ul = $(this).next(".slide-menu");
        var menu = $(this);
        if (!ul.is(":visible")) {
            menu.addClass("active");
            ul.addClass("active");
            ul.stop(true).slideDown("fast");
        } else {
            ul.stop(true).slideUp("fast", function () {
                menu.removeClass("active");
                ul.removeClass("active");
            });
        }
        return false;
    });

    /**
     * hook menu click and add the hash
     */
    $(".main > .main-left > .nav > .slide > .slide-menu > li > a").click(function () {
        if (lastNode != undefined) lastNode.removeClass("active");
        $(this).parent().addClass("active");
        $(".main > .loading").fadeIn("fast");
        return true;
    });

    /**
     * fix menu click
     */
    $(".main > .main-left > .nav > .slide > .slide-menu > li").click(function () {
        if (lastNode != undefined) lastNode.removeClass("active");
        $(this).addClass("active");
        $(".main > .loading").fadeIn("fast");
        window.location = $($(this).find("a")[0]).attr("href");
        return false;
    });

    /**
     * get current node and open it
     */
    if (getCurrentNodeByUrl()) {
        mainNodeName = "node-" + luciLocation[0] + "-" + luciLocation[1];
        mainNodeName = mainNodeName.replace(/[ \t\n\r\/]+/g, "_").toLowerCase();
        $("body").addClass(mainNodeName);
    }
    $(".cbi-button-up").val("");
    $(".cbi-button-down").val("");


    /**
     * hook other "A Label" and add hash to it.
     */
    $("#maincontent > .container").find("a").each(function () {
        var that = $(this);
        var onclick = that.attr("onclick");
        if (onclick == undefined || onclick == "") {
            that.click(function () {
                var href = that.attr("href");
                if (href.indexOf("#") == -1) {
                    $(".main > .loading").fadeIn("fast");
                    return true;
                }
            });
        }
    });

    /**
     * Sidebar expand
     */
    var showSide = false;
    $(".showSide").click(function () {
        if (showSide) {
            $(".darkMask").stop(true).fadeOut("fast");
            $(".main-left").stop(true).animate({
                width: "0"
            }, "fast");
            $(".main-right").css("overflow-y", "auto");
            showSide = false;
        } else {
            $(".darkMask").stop(true).fadeIn("fast");
            $(".main-left").stop(true).animate({
                width: "15rem"
            }, "fast");
            $(".main-right").css("overflow-y", "hidden");
            showSide = true;
        }
    });


    $(".darkMask").click(function () {
        if (showSide) {
            showSide = false;
            $(".darkMask").stop(true).fadeOut("fast");
            $(".main-left").stop(true).animate({
                width: "0"
            }, "fast");
            $(".main-right").css("overflow-y", "auto");
        }
    });

    $(window).resize(function () {
        if ($(window).width() > 921) {
            $(".main-left").css("width", "");
            $(".darkMask").stop(true);
            $(".darkMask").css("display", "none");
            showSide = false;
        }
    });

    /**
     * fix legend position
     */
    $("legend").each(function () {
        var that = $(this);
        that.after("<span class='panel-title'>" + that.text() + "</span>");
    });


    




    $(".main-right").focus();
    $(".main-right").blur();
    $("input").attr("size", "0");

    if (mainNodeName != undefined) {
        console.log(mainNodeName);
        switch (mainNodeName) {
            case "node-status-system_log":
            case "node-status-kernel_log":
                $("#syslog").focus(function () {
                    $("#syslog").blur();
                    $(".main-right").focus();
                    $(".main-right").blur();
                });
                break;
            case "node-status-firewall":
                var button = $(".node-status-firewall > .main fieldset li > a");
                button.addClass("cbi-button cbi-button-reset a-to-btn");
                break;
            case "node-system-reboot":
                var button = $(".node-system-reboot > .main > .main-right p > a");
                button.addClass("cbi-button cbi-input-reset a-to-btn");
                break;
        }
    }

})(jQuery);
