---- conf
{
    _M = {
        _M = {
            _M = {
                _M = {*}
                _NAME = 'luci.config'
                _PACKAGE = 'luci.'
            }
            _NAME = 'luci.config'
            _PACKAGE = 'luci.'
        }
        _NAME = 'luci.config'
        _PACKAGE = 'luci.'
    }
    _NAME = 'luci.config'
    _PACKAGE = 'luci.'
}

-- conf.main
{
    .name = 'main'
    .type = 'core'
    lang = 'en'
    mediaurlbase = '/luci-static/material'
    resourcebase = '/luci-static/resources'
    .anonymous = false
}

-- /etc/config/luci É¾³ýmain½Ú
/usr/lib/lua/luci/dispatcher.lua:183: /etc/config/luci seems to be corrupt, unable to find section 'main'
stack traceback:
	[C]: in function 'assert'
	/usr/lib/lua/luci/dispatcher.lua:183: in function 'dispatch'
	/usr/lib/lua/luci/dispatcher.lua:168: in function </usr/lib/lua/luci/dispatcher.lua:167>
	