export HTTP_ACCEPT="text/html,application/xhtml+xml,application/xml;q=0.9,image/webp,*/*;q=0.8"
export REMOTE_PORT="2651"
export SCRIPT_NAME="/cgi-bin/luci.dbg"
export QUERY_STRING=""
export HTTP_ACCEPT_ENCODING="gzip, deflate, sdch"
export REMOTE_ADDR="192.168.10.47"
export SERVER_ADDR="192.168.111.1"
export GATEWAY_INTERFACE="CGI/1.1"
export HTTP_AUTHORIZATION=""
export CONTENT_TYPE=""
export SERVER_PORT="443"
export SERVER_NAME="192.168.111.1"
export SCRIPT_FILENAME="/www/cgi-bin/luci.dbg"
export REQUEST_URI="/cgi-bin/luci.dbg/admin"
export SERVER_PROTOCOL="HTTP/1.1"
export HTTP_ACCEPT_CHARSET=""
export REMOTE_HOST="192.168.10.47"
export HTTP_REFERER="https://192.168.111.1/cgi-bin/luci.dbg//admin/"
export HTTPS="on"
export HTTP_ACCEPT_LANGUAGE="zh-CN,zh;q=0.8"
export REDIRECT_STATUS="200"
export PATH="/sbin:/usr/sbin:/bin:/usr/bin"
export DOCUMENT_ROOT="/www"
export SERVER_SOFTWARE="uhttpd"
export HTTP_COOKIE="sysauth=86bcdac6db5cdc2f13dfecd75dc67046"
export HTTP_HOST="192.168.111.1"
export CONTENT_LENGTH=""
export HTTP_CONNECTION="keep-alive"
export PATH_INFO="/admin"
export HTTP_USER_AGENT="Mozilla/5.0 (Windows NT 5.1) AppleWebKit/537.36 (KHTML, like Gecko) Chrome/49.0.2623.112 Safari/537.36"
export HTTP_X_HTTP_METHOD_OVERRIDE=""
export REQUEST_METHOD="GET"
/www/cgi-bin/luci
