{
    message = {
        env = {
            HTTP_ACCEPT = 'text/html,application/xhtml+xml,application/xml;q=0.9,image/webp,*/*;q=0.8'
            SCRIPT_NAME = '/cgi-bin/luci'
            QUERY_STRING = ''
            HTTP_ACCEPT_ENCODING = 'gzip, deflate, sdch'
            REMOTE_PORT = '1163'
            SERVER_ADDR = '192.168.101.1'
            GATEWAY_INTERFACE = 'CGI/1.1'
            HTTP_AUTHORIZATION = ''
            CONTENT_TYPE = ''
            SERVER_PORT = '80'
            REMOTE_ADDR = '192.168.10.47'
            SCRIPT_FILENAME = '/www/cgi-bin/luci'
            REQUEST_URI = '/cgi-bin/luci/;stok=8c7b898582084115e279bbce1e50ccb2/admin/status/syslog'
            SERVER_PROTOCOL = 'HTTP/1.1'
            HTTP_ACCEPT_CHARSET = ''
            REMOTE_HOST = '192.168.10.47'
            SERVER_NAME = '192.168.101.1'
            HTTP_REFERER = 'http://192.168.101.1/cgi-bin/luci/;stok=8c7b898582084115e279bbce1e50ccb2/admin/status/routes'
            HTTP_ACCEPT_LANGUAGE = 'zh-CN,zh;q=0.8'
            REDIRECT_STATUS = '200'
            PATH = '/sbin:/usr/sbin:/bin:/usr/bin'
            DOCUMENT_ROOT = '/www'
            SERVER_SOFTWARE = 'uhttpd'
            HTTP_COOKIE = 'sysauth=2a0f076663eb7c12b3696a444efab194'
            HTTP_HOST = '192.168.101.1'
            CONTENT_LENGTH = ''
            HTTP_CONNECTION = 'keep-alive'
            PATH_INFO = '/;stok=8c7b898582084115e279bbce1e50ccb2/admin/status/syslog'
            HTTP_USER_AGENT = 'Mozilla/5.0 (Windows NT 5.1) AppleWebKit/537.36 (KHTML, like Gecko) Chrome/49.0.2623.112 Safari/537.36'
            HTTP_X_HTTP_METHOD_OVERRIDE = ''
            REQUEST_METHOD = 'GET'
        }
        params = {}
        headers = {}
    }
    parsed_input = false
    error = function: 0x149ae70
    input = function: 0x149ad90
}
