This file contains any messages produced by compilers while
running configure, to aid debugging if configure makes a mistake.

It was created by configure, which was
generated by GNU Autoconf 2.68.  Invocation command line was

  $ configure 

## --------- ##
## Platform. ##
## --------- ##

hostname = agent109.cloud.com
uname -m = x86_64
uname -r = 2.6.32-279.el6.x86_64
uname -s = Linux
uname -v = #1 SMP Fri Jun 22 12:19:21 UTC 2012

/usr/bin/uname -p = unknown
/bin/uname -X     = unknown

/bin/arch              = x86_64
/usr/bin/arch -k       = unknown
/usr/convex/getsysinfo = unknown
/usr/bin/hostinfo      = unknown
/bin/machine           = unknown
/usr/bin/oslevel       = unknown
/bin/universe          = unknown

PATH: /usr/lib64/qt-3.3/bin
PATH: /usr/local/sbin
PATH: /usr/local/bin
PATH: /sbin
PATH: /bin
PATH: /usr/sbin
PATH: /usr/bin
PATH: /root/bin
PATH: /usr/java/jdk1.7.0_17/bin


## ----------- ##
## Core tests. ##
## ----------- ##

configure:2358: checking for a BSD-compatible install
configure:2426: result: /usr/bin/install -c
configure:2437: checking whether build environment is sane
configure:2487: result: yes
configure:2628: checking for a thread-safe mkdir -p
configure:2667: result: /bin/mkdir -p
configure:2680: checking for gawk
configure:2696: found /bin/gawk
configure:2707: result: gawk
configure:2718: checking whether make sets $(MAKE)
configure:2740: result: yes
configure:2823: checking whether to enable maintainer-specific portions of Makefiles
configure:2832: result: no
configure:2894: checking for gcc
configure:2910: found /usr/bin/gcc
configure:2921: result: gcc
configure:3150: checking for C compiler version
configure:3159: gcc --version >&5
gcc (GCC) 4.4.6 20120305 (Red Hat 4.4.6-4)
Copyright (C) 2010 Free Software Foundation, Inc.
This is free software; see the source for copying conditions.  There is NO
warranty; not even for MERCHANTABILITY or FITNESS FOR A PARTICULAR PURPOSE.

configure:3170: $? = 0
configure:3159: gcc -v >&5
Using built-in specs.
Target: x86_64-redhat-linux
Configured with: ../configure --prefix=/usr --mandir=/usr/share/man --infodir=/usr/share/info --with-bugurl=http://bugzilla.redhat.com/bugzilla --enable-bootstrap --enable-shared --enable-threads=posix --enable-checking=release --with-system-zlib --enable-__cxa_atexit --disable-libunwind-exceptions --enable-gnu-unique-object --enable-languages=c,c++,objc,obj-c++,java,fortran,ada --enable-java-awt=gtk --disable-dssi --with-java-home=/usr/lib/jvm/java-1.5.0-gcj-1.5.0.0/jre --enable-libgcj-multifile --enable-java-maintainer-mode --with-ecj-jar=/usr/share/java/eclipse-ecj.jar --disable-libjava-multilib --with-ppl --with-cloog --with-tune=generic --with-arch_32=i686 --build=x86_64-redhat-linux
Thread model: posix
gcc version 4.4.6 20120305 (Red Hat 4.4.6-4) (GCC) 
configure:3170: $? = 0
configure:3159: gcc -V >&5
gcc: '-V' option must have argument
configure:3170: $? = 1
configure:3159: gcc -qversion >&5
gcc: unrecognized option '-qversion'
gcc: no input files
configure:3170: $? = 1
configure:3190: checking whether the C compiler works
configure:3212: gcc    conftest.c  >&5
configure:3216: $? = 0
configure:3264: result: yes
configure:3267: checking for C compiler default output file name
configure:3269: result: a.out
configure:3275: checking for suffix of executables
configure:3282: gcc -o conftest    conftest.c  >&5
configure:3286: $? = 0
configure:3308: result: 
configure:3330: checking whether we are cross compiling
configure:3338: gcc -o conftest    conftest.c  >&5
configure:3342: $? = 0
configure:3349: ./conftest
configure:3353: $? = 0
configure:3368: result: no
configure:3373: checking for suffix of object files
configure:3395: gcc -c   conftest.c >&5
configure:3399: $? = 0
configure:3420: result: o
configure:3424: checking whether we are using the GNU C compiler
configure:3443: gcc -c   conftest.c >&5
configure:3443: $? = 0
configure:3452: result: yes
configure:3461: checking whether gcc accepts -g
configure:3481: gcc -c -g  conftest.c >&5
configure:3481: $? = 0
configure:3522: result: yes
configure:3539: checking for gcc option to accept ISO C89
configure:3603: gcc  -c -g -O2  conftest.c >&5
configure:3603: $? = 0
configure:3616: result: none needed
configure:3647: checking for style of include used by make
configure:3675: result: GNU
configure:3700: checking dependency style of gcc
configure:3810: result: gcc3
configure:3862: checking build system type
configure:3876: result: x86_64-unknown-linux-gnu
configure:3896: checking host system type
configure:3909: result: x86_64-unknown-linux-gnu
configure:3929: checking for a sed that does not truncate output
configure:3993: result: /bin/sed
configure:4011: checking for grep that handles long lines and -e
configure:4069: result: /bin/grep
configure:4074: checking for egrep
configure:4136: result: /bin/grep -E
configure:4141: checking for fgrep
configure:4203: result: /bin/grep -F
configure:4238: checking for ld used by gcc
configure:4305: result: /bin/ld
configure:4312: checking if the linker (/bin/ld) is GNU ld
configure:4327: result: yes
configure:4339: checking for BSD- or MS-compatible name lister (nm)
configure:4388: result: /bin/nm -B
configure:4506: checking the name lister (/bin/nm -B) interface
configure:4513: gcc -c -g -O3  conftest.c >&5
configure:4516: /bin/nm -B "conftest.o"
configure:4519: output
0000000000000000 B some_variable
configure:4526: result: BSD nm
configure:4529: checking whether ln -s works
configure:4533: result: yes
configure:4541: checking the maximum length of command line arguments
configure:4661: result: 1966080
configure:4678: checking whether the shell understands some XSI constructs
configure:4688: result: yes
configure:4692: checking whether the shell understands "+="
configure:4698: result: yes
configure:4733: checking for /bin/ld option to reload object files
configure:4740: result: -r
configure:4809: checking for objdump
configure:4825: found /bin/objdump
configure:4836: result: objdump
configure:4868: checking how to recognize dependent libraries
configure:5064: result: pass_all
configure:5124: checking for ar
configure:5140: found /bin/ar
configure:5151: result: ar
configure:5229: checking for strip
configure:5245: found /bin/strip
configure:5256: result: strip
configure:5328: checking for ranlib
configure:5344: found /bin/ranlib
configure:5355: result: ranlib
configure:5445: checking command to parse /bin/nm -B output from gcc object
configure:5563: gcc -c -g -O3  conftest.c >&5
configure:5566: $? = 0
configure:5570: /bin/nm -B conftest.o \| sed -n -e 's/^.*[	 ]\([ABCDGIRSTW][ABCDGIRSTW]*\)[	 ][	 ]*\([_A-Za-z][_A-Za-z0-9]*\)$/\1 \2 \2/p' \> conftest.nm
configure:5573: $? = 0
configure:5627: gcc -o conftest -g -O3   conftest.c conftstm.o >&5
configure:5630: $? = 0
configure:5668: result: ok
configure:5764: gcc -c -g -O3  conftest.c >&5
configure:5767: $? = 0
configure:6477: checking how to run the C preprocessor
configure:6508: gcc -E  conftest.c
configure:6508: $? = 0
configure:6522: gcc -E  conftest.c
conftest.c:11:28: error: ac_nonexistent.h: No such file or directory
configure:6522: $? = 1
configure: failed program was:
| /* confdefs.h */
| #define PACKAGE_NAME ""
| #define PACKAGE_TARNAME ""
| #define PACKAGE_VERSION ""
| #define PACKAGE_STRING ""
| #define PACKAGE_BUGREPORT ""
| #define PACKAGE_URL ""
| #define PACKAGE "libev"
| #define VERSION "4.22"
| /* end confdefs.h.  */
| #include <ac_nonexistent.h>
configure:6547: result: gcc -E
configure:6567: gcc -E  conftest.c
configure:6567: $? = 0
configure:6581: gcc -E  conftest.c
conftest.c:11:28: error: ac_nonexistent.h: No such file or directory
configure:6581: $? = 1
configure: failed program was:
| /* confdefs.h */
| #define PACKAGE_NAME ""
| #define PACKAGE_TARNAME ""
| #define PACKAGE_VERSION ""
| #define PACKAGE_STRING ""
| #define PACKAGE_BUGREPORT ""
| #define PACKAGE_URL ""
| #define PACKAGE "libev"
| #define VERSION "4.22"
| /* end confdefs.h.  */
| #include <ac_nonexistent.h>
configure:6610: checking for ANSI C header files
configure:6630: gcc -c -g -O3  conftest.c >&5
configure:6630: $? = 0
configure:6703: gcc -o conftest -g -O3   conftest.c  >&5
configure:6703: $? = 0
configure:6703: ./conftest
configure:6703: $? = 0
configure:6714: result: yes
configure:6727: checking for sys/types.h
configure:6727: gcc -c -g -O3  conftest.c >&5
configure:6727: $? = 0
configure:6727: result: yes
configure:6727: checking for sys/stat.h
configure:6727: gcc -c -g -O3  conftest.c >&5
configure:6727: $? = 0
configure:6727: result: yes
configure:6727: checking for stdlib.h
configure:6727: gcc -c -g -O3  conftest.c >&5
configure:6727: $? = 0
configure:6727: result: yes
configure:6727: checking for string.h
configure:6727: gcc -c -g -O3  conftest.c >&5
configure:6727: $? = 0
configure:6727: result: yes
configure:6727: checking for memory.h
configure:6727: gcc -c -g -O3  conftest.c >&5
configure:6727: $? = 0
configure:6727: result: yes
configure:6727: checking for strings.h
configure:6727: gcc -c -g -O3  conftest.c >&5
configure:6727: $? = 0
configure:6727: result: yes
configure:6727: checking for inttypes.h
configure:6727: gcc -c -g -O3  conftest.c >&5
configure:6727: $? = 0
configure:6727: result: yes
configure:6727: checking for stdint.h
configure:6727: gcc -c -g -O3  conftest.c >&5
configure:6727: $? = 0
configure:6727: result: yes
configure:6727: checking for unistd.h
configure:6727: gcc -c -g -O3  conftest.c >&5
configure:6727: $? = 0
configure:6727: result: yes
configure:6741: checking for dlfcn.h
configure:6741: gcc -c -g -O3  conftest.c >&5
configure:6741: $? = 0
configure:6741: result: yes
configure:6925: checking for objdir
configure:6940: result: .libs
configure:7232: checking if gcc supports -fno-rtti -fno-exceptions
configure:7250: gcc -c -g -O3  -fno-rtti -fno-exceptions conftest.c >&5
cc1: warning: command line option "-fno-rtti" is valid for C++/ObjC++ but not for C
configure:7254: $? = 0
configure:7267: result: no
configure:7287: checking for gcc option to produce PIC
configure:7559: result: -fPIC -DPIC
configure:7571: checking if gcc PIC flag -fPIC -DPIC works
configure:7589: gcc -c -g -O3  -fPIC -DPIC -DPIC conftest.c >&5
configure:7593: $? = 0
configure:7606: result: yes
configure:7630: checking if gcc static flag -static works
configure:7658: result: no
configure:7673: checking if gcc supports -c -o file.o
configure:7694: gcc -c -g -O3  -o out/conftest2.o conftest.c >&5
configure:7698: $? = 0
configure:7720: result: yes
configure:7728: checking if gcc supports -c -o file.o
configure:7775: result: yes
configure:7808: checking whether the gcc linker (/bin/ld -m elf_x86_64) supports shared libraries
configure:8794: result: yes
configure:8831: checking whether -lc should be explicitly linked in
configure:8836: gcc -c -g -O3  conftest.c >&5
configure:8839: $? = 0
configure:8854: gcc -shared conftest.o  -v -Wl,-soname -Wl,conftest -o conftest 2\>\&1 \| /bin/grep  -lc  \>/dev/null 2\>\&1
configure:8857: $? = 0
configure:8869: result: no
configure:9033: checking dynamic linker characteristics
configure:9466: gcc -o conftest -g -O3   -Wl,-rpath -Wl,/foo conftest.c  >&5
configure:9466: $? = 0
configure:9687: result: GNU/Linux ld.so
configure:9789: checking how to hardcode library paths into programs
configure:9814: result: immediate
configure:10334: checking whether stripping libraries is possible
configure:10339: result: yes
configure:10374: checking if libtool supports shared libraries
configure:10376: result: yes
configure:10379: checking whether to build shared libraries
configure:10400: result: yes
configure:10403: checking whether to build static libraries
configure:10407: result: yes
configure:10447: checking sys/inotify.h usability
configure:10447: gcc -c -g -O3  conftest.c >&5
configure:10447: $? = 0
configure:10447: result: yes
configure:10447: checking sys/inotify.h presence
configure:10447: gcc -E  conftest.c
configure:10447: $? = 0
configure:10447: result: yes
configure:10447: checking for sys/inotify.h
configure:10447: result: yes
configure:10447: checking sys/epoll.h usability
configure:10447: gcc -c -g -O3  conftest.c >&5
configure:10447: $? = 0
configure:10447: result: yes
configure:10447: checking sys/epoll.h presence
configure:10447: gcc -E  conftest.c
configure:10447: $? = 0
configure:10447: result: yes
configure:10447: checking for sys/epoll.h
configure:10447: result: yes
configure:10447: checking sys/event.h usability
configure:10447: gcc -c -g -O3  conftest.c >&5
conftest.c:58:23: error: sys/event.h: No such file or directory
configure:10447: $? = 1
configure: failed program was:
| /* confdefs.h */
| #define PACKAGE_NAME ""
| #define PACKAGE_TARNAME ""
| #define PACKAGE_VERSION ""
| #define PACKAGE_STRING ""
| #define PACKAGE_BUGREPORT ""
| #define PACKAGE_URL ""
| #define PACKAGE "libev"
| #define VERSION "4.22"
| #define STDC_HEADERS 1
| #define HAVE_SYS_TYPES_H 1
| #define HAVE_SYS_STAT_H 1
| #define HAVE_STDLIB_H 1
| #define HAVE_STRING_H 1
| #define HAVE_MEMORY_H 1
| #define HAVE_STRINGS_H 1
| #define HAVE_INTTYPES_H 1
| #define HAVE_STDINT_H 1
| #define HAVE_UNISTD_H 1
| #define HAVE_DLFCN_H 1
| #define LT_OBJDIR ".libs/"
| #define HAVE_SYS_INOTIFY_H 1
| #define HAVE_SYS_EPOLL_H 1
| /* end confdefs.h.  */
| #include <stdio.h>
| #ifdef HAVE_SYS_TYPES_H
| # include <sys/types.h>
| #endif
| #ifdef HAVE_SYS_STAT_H
| # include <sys/stat.h>
| #endif
| #ifdef STDC_HEADERS
| # include <stdlib.h>
| # include <stddef.h>
| #else
| # ifdef HAVE_STDLIB_H
| #  include <stdlib.h>
| # endif
| #endif
| #ifdef HAVE_STRING_H
| # if !defined STDC_HEADERS && defined HAVE_MEMORY_H
| #  include <memory.h>
| # endif
| # include <string.h>
| #endif
| #ifdef HAVE_STRINGS_H
| # include <strings.h>
| #endif
| #ifdef HAVE_INTTYPES_H
| # include <inttypes.h>
| #endif
| #ifdef HAVE_STDINT_H
| # include <stdint.h>
| #endif
| #ifdef HAVE_UNISTD_H
| # include <unistd.h>
| #endif
| #include <sys/event.h>
configure:10447: result: no
configure:10447: checking sys/event.h presence
configure:10447: gcc -E  conftest.c
conftest.c:25:23: error: sys/event.h: No such file or directory
configure:10447: $? = 1
configure: failed program was:
| /* confdefs.h */
| #define PACKAGE_NAME ""
| #define PACKAGE_TARNAME ""
| #define PACKAGE_VERSION ""
| #define PACKAGE_STRING ""
| #define PACKAGE_BUGREPORT ""
| #define PACKAGE_URL ""
| #define PACKAGE "libev"
| #define VERSION "4.22"
| #define STDC_HEADERS 1
| #define HAVE_SYS_TYPES_H 1
| #define HAVE_SYS_STAT_H 1
| #define HAVE_STDLIB_H 1
| #define HAVE_STRING_H 1
| #define HAVE_MEMORY_H 1
| #define HAVE_STRINGS_H 1
| #define HAVE_INTTYPES_H 1
| #define HAVE_STDINT_H 1
| #define HAVE_UNISTD_H 1
| #define HAVE_DLFCN_H 1
| #define LT_OBJDIR ".libs/"
| #define HAVE_SYS_INOTIFY_H 1
| #define HAVE_SYS_EPOLL_H 1
| /* end confdefs.h.  */
| #include <sys/event.h>
configure:10447: result: no
configure:10447: checking for sys/event.h
configure:10447: result: no
configure:10447: checking port.h usability
configure:10447: gcc -c -g -O3  conftest.c >&5
conftest.c:58:18: error: port.h: No such file or directory
configure:10447: $? = 1
configure: failed program was:
| /* confdefs.h */
| #define PACKAGE_NAME ""
| #define PACKAGE_TARNAME ""
| #define PACKAGE_VERSION ""
| #define PACKAGE_STRING ""
| #define PACKAGE_BUGREPORT ""
| #define PACKAGE_URL ""
| #define PACKAGE "libev"
| #define VERSION "4.22"
| #define STDC_HEADERS 1
| #define HAVE_SYS_TYPES_H 1
| #define HAVE_SYS_STAT_H 1
| #define HAVE_STDLIB_H 1
| #define HAVE_STRING_H 1
| #define HAVE_MEMORY_H 1
| #define HAVE_STRINGS_H 1
| #define HAVE_INTTYPES_H 1
| #define HAVE_STDINT_H 1
| #define HAVE_UNISTD_H 1
| #define HAVE_DLFCN_H 1
| #define LT_OBJDIR ".libs/"
| #define HAVE_SYS_INOTIFY_H 1
| #define HAVE_SYS_EPOLL_H 1
| /* end confdefs.h.  */
| #include <stdio.h>
| #ifdef HAVE_SYS_TYPES_H
| # include <sys/types.h>
| #endif
| #ifdef HAVE_SYS_STAT_H
| # include <sys/stat.h>
| #endif
| #ifdef STDC_HEADERS
| # include <stdlib.h>
| # include <stddef.h>
| #else
| # ifdef HAVE_STDLIB_H
| #  include <stdlib.h>
| # endif
| #endif
| #ifdef HAVE_STRING_H
| # if !defined STDC_HEADERS && defined HAVE_MEMORY_H
| #  include <memory.h>
| # endif
| # include <string.h>
| #endif
| #ifdef HAVE_STRINGS_H
| # include <strings.h>
| #endif
| #ifdef HAVE_INTTYPES_H
| # include <inttypes.h>
| #endif
| #ifdef HAVE_STDINT_H
| # include <stdint.h>
| #endif
| #ifdef HAVE_UNISTD_H
| # include <unistd.h>
| #endif
| #include <port.h>
configure:10447: result: no
configure:10447: checking port.h presence
configure:10447: gcc -E  conftest.c
conftest.c:25:18: error: port.h: No such file or directory
configure:10447: $? = 1
configure: failed program was:
| /* confdefs.h */
| #define PACKAGE_NAME ""
| #define PACKAGE_TARNAME ""
| #define PACKAGE_VERSION ""
| #define PACKAGE_STRING ""
| #define PACKAGE_BUGREPORT ""
| #define PACKAGE_URL ""
| #define PACKAGE "libev"
| #define VERSION "4.22"
| #define STDC_HEADERS 1
| #define HAVE_SYS_TYPES_H 1
| #define HAVE_SYS_STAT_H 1
| #define HAVE_STDLIB_H 1
| #define HAVE_STRING_H 1
| #define HAVE_MEMORY_H 1
| #define HAVE_STRINGS_H 1
| #define HAVE_INTTYPES_H 1
| #define HAVE_STDINT_H 1
| #define HAVE_UNISTD_H 1
| #define HAVE_DLFCN_H 1
| #define LT_OBJDIR ".libs/"
| #define HAVE_SYS_INOTIFY_H 1
| #define HAVE_SYS_EPOLL_H 1
| /* end confdefs.h.  */
| #include <port.h>
configure:10447: result: no
configure:10447: checking for port.h
configure:10447: result: no
configure:10447: checking poll.h usability
configure:10447: gcc -c -g -O3  conftest.c >&5
configure:10447: $? = 0
configure:10447: result: yes
configure:10447: checking poll.h presence
configure:10447: gcc -E  conftest.c
configure:10447: $? = 0
configure:10447: result: yes
configure:10447: checking for poll.h
configure:10447: result: yes
configure:10447: checking sys/select.h usability
configure:10447: gcc -c -g -O3  conftest.c >&5
configure:10447: $? = 0
configure:10447: result: yes
configure:10447: checking sys/select.h presence
configure:10447: gcc -E  conftest.c
configure:10447: $? = 0
configure:10447: result: yes
configure:10447: checking for sys/select.h
configure:10447: result: yes
configure:10447: checking sys/eventfd.h usability
configure:10447: gcc -c -g -O3  conftest.c >&5
configure:10447: $? = 0
configure:10447: result: yes
configure:10447: checking sys/eventfd.h presence
configure:10447: gcc -E  conftest.c
configure:10447: $? = 0
configure:10447: result: yes
configure:10447: checking for sys/eventfd.h
configure:10447: result: yes
configure:10447: checking sys/signalfd.h usability
configure:10447: gcc -c -g -O3  conftest.c >&5
configure:10447: $? = 0
configure:10447: result: yes
configure:10447: checking sys/signalfd.h presence
configure:10447: gcc -E  conftest.c
configure:10447: $? = 0
configure:10447: result: yes
configure:10447: checking for sys/signalfd.h
configure:10447: result: yes
configure:10461: checking for inotify_init
configure:10461: gcc -o conftest -g -O3   conftest.c  >&5
configure:10461: $? = 0
configure:10461: result: yes
configure:10461: checking for epoll_ctl
configure:10461: gcc -o conftest -g -O3   conftest.c  >&5
configure:10461: $? = 0
configure:10461: result: yes
configure:10461: checking for kqueue
configure:10461: gcc -o conftest -g -O3   conftest.c  >&5
/tmp/cc98TIzR.o: In function `main':
/root/rtu/otdr/crosstool/cheatsheet/ops_doc-master/Service/libev/libev/conftest.c:65: undefined reference to `kqueue'
collect2: ld returned 1 exit status
configure:10461: $? = 1
configure: failed program was:
| /* confdefs.h */
| #define PACKAGE_NAME ""
| #define PACKAGE_TARNAME ""
| #define PACKAGE_VERSION ""
| #define PACKAGE_STRING ""
| #define PACKAGE_BUGREPORT ""
| #define PACKAGE_URL ""
| #define PACKAGE "libev"
| #define VERSION "4.22"
| #define STDC_HEADERS 1
| #define HAVE_SYS_TYPES_H 1
| #define HAVE_SYS_STAT_H 1
| #define HAVE_STDLIB_H 1
| #define HAVE_STRING_H 1
| #define HAVE_MEMORY_H 1
| #define HAVE_STRINGS_H 1
| #define HAVE_INTTYPES_H 1
| #define HAVE_STDINT_H 1
| #define HAVE_UNISTD_H 1
| #define HAVE_DLFCN_H 1
| #define LT_OBJDIR ".libs/"
| #define HAVE_SYS_INOTIFY_H 1
| #define HAVE_SYS_EPOLL_H 1
| #define HAVE_POLL_H 1
| #define HAVE_SYS_SELECT_H 1
| #define HAVE_SYS_EVENTFD_H 1
| #define HAVE_SYS_SIGNALFD_H 1
| #define HAVE_INOTIFY_INIT 1
| #define HAVE_EPOLL_CTL 1
| /* end confdefs.h.  */
| /* Define kqueue to an innocuous variant, in case <limits.h> declares kqueue.
|    For example, HP-UX 11i <limits.h> declares gettimeofday.  */
| #define kqueue innocuous_kqueue
| 
| /* System header to define __stub macros and hopefully few prototypes,
|     which can conflict with char kqueue (); below.
|     Prefer <limits.h> to <assert.h> if __STDC__ is defined, since
|     <limits.h> exists even on freestanding compilers.  */
| 
| #ifdef __STDC__
| # include <limits.h>
| #else
| # include <assert.h>
| #endif
| 
| #undef kqueue
| 
| /* Override any GCC internal prototype to avoid an error.
|    Use char because int might match the return type of a GCC
|    builtin and then its argument prototype would still apply.  */
| #ifdef __cplusplus
| extern "C"
| #endif
| char kqueue ();
| /* The GNU C library defines this for functions which it implements
|     to always fail with ENOSYS.  Some functions are actually named
|     something starting with __ and the normal name is an alias.  */
| #if defined __stub_kqueue || defined __stub___kqueue
| choke me
| #endif
| 
| int
| main ()
| {
| return kqueue ();
|   ;
|   return 0;
| }
configure:10461: result: no
configure:10461: checking for port_create
configure:10461: gcc -o conftest -g -O3   conftest.c  >&5
/tmp/ccCZ9xTW.o: In function `main':
/root/rtu/otdr/crosstool/cheatsheet/ops_doc-master/Service/libev/libev/conftest.c:65: undefined reference to `port_create'
collect2: ld returned 1 exit status
configure:10461: $? = 1
configure: failed program was:
| /* confdefs.h */
| #define PACKAGE_NAME ""
| #define PACKAGE_TARNAME ""
| #define PACKAGE_VERSION ""
| #define PACKAGE_STRING ""
| #define PACKAGE_BUGREPORT ""
| #define PACKAGE_URL ""
| #define PACKAGE "libev"
| #define VERSION "4.22"
| #define STDC_HEADERS 1
| #define HAVE_SYS_TYPES_H 1
| #define HAVE_SYS_STAT_H 1
| #define HAVE_STDLIB_H 1
| #define HAVE_STRING_H 1
| #define HAVE_MEMORY_H 1
| #define HAVE_STRINGS_H 1
| #define HAVE_INTTYPES_H 1
| #define HAVE_STDINT_H 1
| #define HAVE_UNISTD_H 1
| #define HAVE_DLFCN_H 1
| #define LT_OBJDIR ".libs/"
| #define HAVE_SYS_INOTIFY_H 1
| #define HAVE_SYS_EPOLL_H 1
| #define HAVE_POLL_H 1
| #define HAVE_SYS_SELECT_H 1
| #define HAVE_SYS_EVENTFD_H 1
| #define HAVE_SYS_SIGNALFD_H 1
| #define HAVE_INOTIFY_INIT 1
| #define HAVE_EPOLL_CTL 1
| /* end confdefs.h.  */
| /* Define port_create to an innocuous variant, in case <limits.h> declares port_create.
|    For example, HP-UX 11i <limits.h> declares gettimeofday.  */
| #define port_create innocuous_port_create
| 
| /* System header to define __stub macros and hopefully few prototypes,
|     which can conflict with char port_create (); below.
|     Prefer <limits.h> to <assert.h> if __STDC__ is defined, since
|     <limits.h> exists even on freestanding compilers.  */
| 
| #ifdef __STDC__
| # include <limits.h>
| #else
| # include <assert.h>
| #endif
| 
| #undef port_create
| 
| /* Override any GCC internal prototype to avoid an error.
|    Use char because int might match the return type of a GCC
|    builtin and then its argument prototype would still apply.  */
| #ifdef __cplusplus
| extern "C"
| #endif
| char port_create ();
| /* The GNU C library defines this for functions which it implements
|     to always fail with ENOSYS.  Some functions are actually named
|     something starting with __ and the normal name is an alias.  */
| #if defined __stub_port_create || defined __stub___port_create
| choke me
| #endif
| 
| int
| main ()
| {
| return port_create ();
|   ;
|   return 0;
| }
configure:10461: result: no
configure:10461: checking for poll
configure:10461: gcc -o conftest -g -O3   conftest.c  >&5
configure:10461: $? = 0
configure:10461: result: yes
configure:10461: checking for select
configure:10461: gcc -o conftest -g -O3   conftest.c  >&5
configure:10461: $? = 0
configure:10461: result: yes
configure:10461: checking for eventfd
configure:10461: gcc -o conftest -g -O3   conftest.c  >&5
configure:10461: $? = 0
configure:10461: result: yes
configure:10461: checking for signalfd
configure:10461: gcc -o conftest -g -O3   conftest.c  >&5
configure:10461: $? = 0
configure:10461: result: yes
configure:10473: checking for clock_gettime
configure:10473: gcc -o conftest -g -O3   conftest.c  >&5
/tmp/ccnXZXjj.o: In function `main':
/root/rtu/otdr/crosstool/cheatsheet/ops_doc-master/Service/libev/libev/conftest.c:69: undefined reference to `clock_gettime'
collect2: ld returned 1 exit status
configure:10473: $? = 1
configure: failed program was:
| /* confdefs.h */
| #define PACKAGE_NAME ""
| #define PACKAGE_TARNAME ""
| #define PACKAGE_VERSION ""
| #define PACKAGE_STRING ""
| #define PACKAGE_BUGREPORT ""
| #define PACKAGE_URL ""
| #define PACKAGE "libev"
| #define VERSION "4.22"
| #define STDC_HEADERS 1
| #define HAVE_SYS_TYPES_H 1
| #define HAVE_SYS_STAT_H 1
| #define HAVE_STDLIB_H 1
| #define HAVE_STRING_H 1
| #define HAVE_MEMORY_H 1
| #define HAVE_STRINGS_H 1
| #define HAVE_INTTYPES_H 1
| #define HAVE_STDINT_H 1
| #define HAVE_UNISTD_H 1
| #define HAVE_DLFCN_H 1
| #define LT_OBJDIR ".libs/"
| #define HAVE_SYS_INOTIFY_H 1
| #define HAVE_SYS_EPOLL_H 1
| #define HAVE_POLL_H 1
| #define HAVE_SYS_SELECT_H 1
| #define HAVE_SYS_EVENTFD_H 1
| #define HAVE_SYS_SIGNALFD_H 1
| #define HAVE_INOTIFY_INIT 1
| #define HAVE_EPOLL_CTL 1
| #define HAVE_POLL 1
| #define HAVE_SELECT 1
| #define HAVE_EVENTFD 1
| #define HAVE_SIGNALFD 1
| /* end confdefs.h.  */
| /* Define clock_gettime to an innocuous variant, in case <limits.h> declares clock_gettime.
|    For example, HP-UX 11i <limits.h> declares gettimeofday.  */
| #define clock_gettime innocuous_clock_gettime
| 
| /* System header to define __stub macros and hopefully few prototypes,
|     which can conflict with char clock_gettime (); below.
|     Prefer <limits.h> to <assert.h> if __STDC__ is defined, since
|     <limits.h> exists even on freestanding compilers.  */
| 
| #ifdef __STDC__
| # include <limits.h>
| #else
| # include <assert.h>
| #endif
| 
| #undef clock_gettime
| 
| /* Override any GCC internal prototype to avoid an error.
|    Use char because int might match the return type of a GCC
|    builtin and then its argument prototype would still apply.  */
| #ifdef __cplusplus
| extern "C"
| #endif
| char clock_gettime ();
| /* The GNU C library defines this for functions which it implements
|     to always fail with ENOSYS.  Some functions are actually named
|     something starting with __ and the normal name is an alias.  */
| #if defined __stub_clock_gettime || defined __stub___clock_gettime
| choke me
| #endif
| 
| int
| main ()
| {
| return clock_gettime ();
|   ;
|   return 0;
| }
configure:10473: result: no
configure:10482: checking for clock_gettime syscall
configure:10497: gcc -o conftest -g -O3   conftest.c  >&5
configure:10497: $? = 0
configure:10502: result: yes
configure:10577: checking for nanosleep
configure:10577: gcc -o conftest -g -O3   conftest.c  >&5
configure:10577: $? = 0
configure:10577: result: yes
configure:10652: checking for library containing floor
configure:10683: gcc -o conftest -g -O3   conftest.c  >&5
conftest.c:44: warning: conflicting types for built-in function 'floor'
/tmp/cczXmSry.o: In function `main':
/root/rtu/otdr/crosstool/cheatsheet/ops_doc-master/Service/libev/libev/conftest.c:48: undefined reference to `floor'
collect2: ld returned 1 exit status
configure:10683: $? = 1
configure: failed program was:
| /* confdefs.h */
| #define PACKAGE_NAME ""
| #define PACKAGE_TARNAME ""
| #define PACKAGE_VERSION ""
| #define PACKAGE_STRING ""
| #define PACKAGE_BUGREPORT ""
| #define PACKAGE_URL ""
| #define PACKAGE "libev"
| #define VERSION "4.22"
| #define STDC_HEADERS 1
| #define HAVE_SYS_TYPES_H 1
| #define HAVE_SYS_STAT_H 1
| #define HAVE_STDLIB_H 1
| #define HAVE_STRING_H 1
| #define HAVE_MEMORY_H 1
| #define HAVE_STRINGS_H 1
| #define HAVE_INTTYPES_H 1
| #define HAVE_STDINT_H 1
| #define HAVE_UNISTD_H 1
| #define HAVE_DLFCN_H 1
| #define LT_OBJDIR ".libs/"
| #define HAVE_SYS_INOTIFY_H 1
| #define HAVE_SYS_EPOLL_H 1
| #define HAVE_POLL_H 1
| #define HAVE_SYS_SELECT_H 1
| #define HAVE_SYS_EVENTFD_H 1
| #define HAVE_SYS_SIGNALFD_H 1
| #define HAVE_INOTIFY_INIT 1
| #define HAVE_EPOLL_CTL 1
| #define HAVE_POLL 1
| #define HAVE_SELECT 1
| #define HAVE_EVENTFD 1
| #define HAVE_SIGNALFD 1
| #define HAVE_CLOCK_SYSCALL 1
| #define HAVE_NANOSLEEP 1
| /* end confdefs.h.  */
| 
| /* Override any GCC internal prototype to avoid an error.
|    Use char because int might match the return type of a GCC
|    builtin and then its argument prototype would still apply.  */
| #ifdef __cplusplus
| extern "C"
| #endif
| char floor ();
| int
| main ()
| {
| return floor ();
|   ;
|   return 0;
| }
configure:10683: gcc -o conftest -g -O3   conftest.c -lm   >&5
conftest.c:44: warning: conflicting types for built-in function 'floor'
configure:10683: $? = 0
configure:10700: result: -lm
configure:10849: creating ./config.status

## ---------------------- ##
## Running config.status. ##
## ---------------------- ##

This file was extended by config.status, which was
generated by GNU Autoconf 2.68.  Invocation command line was

  CONFIG_FILES    = 
  CONFIG_HEADERS  = 
  CONFIG_LINKS    = 
  CONFIG_COMMANDS = 
  $ ./config.status 

on agent109.cloud.com

config.status:1089: creating Makefile
config.status:1089: creating config.h
config.status:1318: executing depfiles commands
config.status:1318: executing libtool commands

## ---------------- ##
## Cache variables. ##
## ---------------- ##

ac_cv_build=x86_64-unknown-linux-gnu
ac_cv_c_compiler_gnu=yes
ac_cv_env_CC_set=
ac_cv_env_CC_value=
ac_cv_env_CFLAGS_set=
ac_cv_env_CFLAGS_value=
ac_cv_env_CPPFLAGS_set=
ac_cv_env_CPPFLAGS_value=
ac_cv_env_CPP_set=
ac_cv_env_CPP_value=
ac_cv_env_LDFLAGS_set=
ac_cv_env_LDFLAGS_value=
ac_cv_env_LIBS_set=
ac_cv_env_LIBS_value=
ac_cv_env_build_alias_set=
ac_cv_env_build_alias_value=
ac_cv_env_host_alias_set=
ac_cv_env_host_alias_value=
ac_cv_env_target_alias_set=
ac_cv_env_target_alias_value=
ac_cv_func_clock_gettime=no
ac_cv_func_epoll_ctl=yes
ac_cv_func_eventfd=yes
ac_cv_func_inotify_init=yes
ac_cv_func_kqueue=no
ac_cv_func_nanosleep=yes
ac_cv_func_poll=yes
ac_cv_func_port_create=no
ac_cv_func_select=yes
ac_cv_func_signalfd=yes
ac_cv_header_dlfcn_h=yes
ac_cv_header_inttypes_h=yes
ac_cv_header_memory_h=yes
ac_cv_header_poll_h=yes
ac_cv_header_port_h=no
ac_cv_header_stdc=yes
ac_cv_header_stdint_h=yes
ac_cv_header_stdlib_h=yes
ac_cv_header_string_h=yes
ac_cv_header_strings_h=yes
ac_cv_header_sys_epoll_h=yes
ac_cv_header_sys_event_h=no
ac_cv_header_sys_eventfd_h=yes
ac_cv_header_sys_inotify_h=yes
ac_cv_header_sys_select_h=yes
ac_cv_header_sys_signalfd_h=yes
ac_cv_header_sys_stat_h=yes
ac_cv_header_sys_types_h=yes
ac_cv_header_unistd_h=yes
ac_cv_host=x86_64-unknown-linux-gnu
ac_cv_objext=o
ac_cv_path_EGREP='/bin/grep -E'
ac_cv_path_FGREP='/bin/grep -F'
ac_cv_path_GREP=/bin/grep
ac_cv_path_SED=/bin/sed
ac_cv_path_install='/usr/bin/install -c'
ac_cv_path_mkdir=/bin/mkdir
ac_cv_prog_AWK=gawk
ac_cv_prog_CPP='gcc -E'
ac_cv_prog_ac_ct_AR=ar
ac_cv_prog_ac_ct_CC=gcc
ac_cv_prog_ac_ct_OBJDUMP=objdump
ac_cv_prog_ac_ct_RANLIB=ranlib
ac_cv_prog_ac_ct_STRIP=strip
ac_cv_prog_cc_c89=
ac_cv_prog_cc_g=yes
ac_cv_prog_make_make_set=yes
ac_cv_search_floor=-lm
am_cv_CC_dependencies_compiler_type=gcc3
lt_cv_deplibs_check_method=pass_all
lt_cv_file_magic_cmd='$MAGIC_CMD'
lt_cv_file_magic_test_file=
lt_cv_ld_reload_flag=-r
lt_cv_nm_interface='BSD nm'
lt_cv_objdir=.libs
lt_cv_path_LD=/bin/ld
lt_cv_path_NM='/bin/nm -B'
lt_cv_prog_compiler_c_o=yes
lt_cv_prog_compiler_pic_works=yes
lt_cv_prog_compiler_rtti_exceptions=no
lt_cv_prog_compiler_static_works=no
lt_cv_prog_gnu_ld=yes
lt_cv_sys_global_symbol_pipe='sed -n -e '\''s/^.*[	 ]\([ABCDGIRSTW][ABCDGIRSTW]*\)[	 ][	 ]*\([_A-Za-z][_A-Za-z0-9]*\)$/\1 \2 \2/p'\'''
lt_cv_sys_global_symbol_to_c_name_address='sed -n -e '\''s/^: \([^ ]*\) $/  {\"\1\", (void *) 0},/p'\'' -e '\''s/^[ABCDGIRSTW]* \([^ ]*\) \([^ ]*\)$/  {"\2", (void *) \&\2},/p'\'''
lt_cv_sys_global_symbol_to_c_name_address_lib_prefix='sed -n -e '\''s/^: \([^ ]*\) $/  {\"\1\", (void *) 0},/p'\'' -e '\''s/^[ABCDGIRSTW]* \([^ ]*\) \(lib[^ ]*\)$/  {"\2", (void *) \&\2},/p'\'' -e '\''s/^[ABCDGIRSTW]* \([^ ]*\) \([^ ]*\)$/  {"lib\2", (void *) \&\2},/p'\'''
lt_cv_sys_global_symbol_to_cdecl='sed -n -e '\''s/^T .* \(.*\)$/extern int \1();/p'\'' -e '\''s/^[ABCDGIRSTW]* .* \(.*\)$/extern char \1;/p'\'''
lt_cv_sys_max_cmd_len=1966080

## ----------------- ##
## Output variables. ##
## ----------------- ##

ACLOCAL='${SHELL} /root/rtu/otdr/crosstool/cheatsheet/ops_doc-master/Service/libev/libev/missing --run aclocal-1.11'
AMDEPBACKSLASH='\'
AMDEP_FALSE='#'
AMDEP_TRUE=''
AMTAR='${SHELL} /root/rtu/otdr/crosstool/cheatsheet/ops_doc-master/Service/libev/libev/missing --run tar'
AR='ar'
AUTOCONF='${SHELL} /root/rtu/otdr/crosstool/cheatsheet/ops_doc-master/Service/libev/libev/missing --run autoconf'
AUTOHEADER='${SHELL} /root/rtu/otdr/crosstool/cheatsheet/ops_doc-master/Service/libev/libev/missing --run autoheader'
AUTOMAKE='${SHELL} /root/rtu/otdr/crosstool/cheatsheet/ops_doc-master/Service/libev/libev/missing --run automake-1.11'
AWK='gawk'
CC='gcc'
CCDEPMODE='depmode=gcc3'
CFLAGS='-g -O3'
CPP='gcc -E'
CPPFLAGS=''
CYGPATH_W='echo'
DEFS='-DHAVE_CONFIG_H'
DEPDIR='.deps'
DSYMUTIL=''
DUMPBIN=''
ECHO_C=''
ECHO_N='-n'
ECHO_T=''
EGREP='/bin/grep -E'
EXEEXT=''
FGREP='/bin/grep -F'
GREP='/bin/grep'
INSTALL_DATA='${INSTALL} -m 644'
INSTALL_PROGRAM='${INSTALL}'
INSTALL_SCRIPT='${INSTALL}'
INSTALL_STRIP_PROGRAM='$(install_sh) -c -s'
LD='/bin/ld -m elf_x86_64'
LDFLAGS=''
LIBOBJS=''
LIBS='-lm '
LIBTOOL='$(SHELL) $(top_builddir)/libtool'
LIPO=''
LN_S='ln -s'
LTLIBOBJS=''
MAINT='#'
MAINTAINER_MODE_FALSE=''
MAINTAINER_MODE_TRUE='#'
MAKEINFO='${SHELL} /root/rtu/otdr/crosstool/cheatsheet/ops_doc-master/Service/libev/libev/missing --run makeinfo'
MKDIR_P='/bin/mkdir -p'
NM='/bin/nm -B'
NMEDIT=''
OBJDUMP='objdump'
OBJEXT='o'
OTOOL64=''
OTOOL=''
PACKAGE='libev'
PACKAGE_BUGREPORT=''
PACKAGE_NAME=''
PACKAGE_STRING=''
PACKAGE_TARNAME=''
PACKAGE_URL=''
PACKAGE_VERSION=''
PATH_SEPARATOR=':'
RANLIB='ranlib'
SED='/bin/sed'
SET_MAKE=''
SHELL='/bin/sh'
STRIP='strip'
VERSION='4.22'
ac_ct_CC='gcc'
ac_ct_DUMPBIN=''
am__EXEEXT_FALSE=''
am__EXEEXT_TRUE='#'
am__fastdepCC_FALSE='#'
am__fastdepCC_TRUE=''
am__include='include'
am__isrc=''
am__leading_dot='.'
am__quote=''
am__tar='${AMTAR} chof - "$$tardir"'
am__untar='${AMTAR} xf -'
bindir='${exec_prefix}/bin'
build='x86_64-unknown-linux-gnu'
build_alias=''
build_cpu='x86_64'
build_os='linux-gnu'
build_vendor='unknown'
datadir='${datarootdir}'
datarootdir='${prefix}/share'
docdir='${datarootdir}/doc/${PACKAGE}'
dvidir='${docdir}'
exec_prefix='${prefix}'
host='x86_64-unknown-linux-gnu'
host_alias=''
host_cpu='x86_64'
host_os='linux-gnu'
host_vendor='unknown'
htmldir='${docdir}'
includedir='${prefix}/include'
infodir='${datarootdir}/info'
install_sh='${SHELL} /root/rtu/otdr/crosstool/cheatsheet/ops_doc-master/Service/libev/libev/install-sh'
libdir='${exec_prefix}/lib'
libexecdir='${exec_prefix}/libexec'
localedir='${datarootdir}/locale'
localstatedir='${prefix}/var'
lt_ECHO='echo'
mandir='${datarootdir}/man'
mkdir_p='/bin/mkdir -p'
oldincludedir='/usr/include'
pdfdir='${docdir}'
prefix='/usr/local'
program_transform_name='s,x,x,'
psdir='${docdir}'
sbindir='${exec_prefix}/sbin'
sharedstatedir='${prefix}/com'
sysconfdir='${prefix}/etc'
target_alias=''

## ----------- ##
## confdefs.h. ##
## ----------- ##

/* confdefs.h */
#define PACKAGE_NAME ""
#define PACKAGE_TARNAME ""
#define PACKAGE_VERSION ""
#define PACKAGE_STRING ""
#define PACKAGE_BUGREPORT ""
#define PACKAGE_URL ""
#define PACKAGE "libev"
#define VERSION "4.22"
#define STDC_HEADERS 1
#define HAVE_SYS_TYPES_H 1
#define HAVE_SYS_STAT_H 1
#define HAVE_STDLIB_H 1
#define HAVE_STRING_H 1
#define HAVE_MEMORY_H 1
#define HAVE_STRINGS_H 1
#define HAVE_INTTYPES_H 1
#define HAVE_STDINT_H 1
#define HAVE_UNISTD_H 1
#define HAVE_DLFCN_H 1
#define LT_OBJDIR ".libs/"
#define HAVE_SYS_INOTIFY_H 1
#define HAVE_SYS_EPOLL_H 1
#define HAVE_POLL_H 1
#define HAVE_SYS_SELECT_H 1
#define HAVE_SYS_EVENTFD_H 1
#define HAVE_SYS_SIGNALFD_H 1
#define HAVE_INOTIFY_INIT 1
#define HAVE_EPOLL_CTL 1
#define HAVE_POLL 1
#define HAVE_SELECT 1
#define HAVE_EVENTFD 1
#define HAVE_SIGNALFD 1
#define HAVE_CLOCK_SYSCALL 1
#define HAVE_NANOSLEEP 1
#define HAVE_FLOOR 1

configure: exit 0
