This file contains any messages produced by compilers while
running configure, to aid debugging if configure makes a mistake.

It was created by libmonit configure 1.0, which was
generated by GNU Autoconf 2.69.  Invocation command line was

  $ ./configure --disable-option-checking --prefix=/usr/local --cache-file=/dev/null --srcdir=.

## --------- ##
## Platform. ##
## --------- ##

hostname = agent109.cloud.com
uname -m = x86_64
uname -r = 2.6.32-279.el6.x86_64
uname -s = Linux
uname -v = #1 SMP Fri Jun 22 12:19:21 UTC 2012

/usr/bin/uname -p = unknown
/bin/uname -X     = unknown

/bin/arch              = x86_64
/usr/bin/arch -k       = unknown
/usr/convex/getsysinfo = unknown
/usr/bin/hostinfo      = unknown
/bin/machine           = unknown
/usr/bin/oslevel       = unknown
/bin/universe          = unknown

PATH: /usr/lib64/qt-3.3/bin
PATH: /usr/local/sbin
PATH: /usr/local/bin
PATH: /sbin
PATH: /bin
PATH: /usr/sbin
PATH: /usr/bin
PATH: /root/bin
PATH: /usr/java/jdk1.7.0_17/bin


## ----------- ##
## Core tests. ##
## ----------- ##

configure:2335: checking for a BSD-compatible install
configure:2403: result: /usr/bin/install -c
configure:2414: checking whether build environment is sane
configure:2469: result: yes
configure:2620: checking for a thread-safe mkdir -p
configure:2659: result: /bin/mkdir -p
configure:2666: checking for gawk
configure:2682: found /bin/gawk
configure:2693: result: gawk
configure:2704: checking whether make sets $(MAKE)
configure:2726: result: yes
configure:2755: checking whether make supports nested variables
configure:2772: result: yes
configure:2952: checking for gcc
configure:2968: found /usr/bin/gcc
configure:2979: result: gcc
configure:3208: checking for C compiler version
configure:3217: gcc --version >&5
gcc (GCC) 4.4.6 20120305 (Red Hat 4.4.6-4)
Copyright (C) 2010 Free Software Foundation, Inc.
This is free software; see the source for copying conditions.  There is NO
warranty; not even for MERCHANTABILITY or FITNESS FOR A PARTICULAR PURPOSE.

configure:3228: $? = 0
configure:3217: gcc -v >&5
Using built-in specs.
Target: x86_64-redhat-linux
Configured with: ../configure --prefix=/usr --mandir=/usr/share/man --infodir=/usr/share/info --with-bugurl=http://bugzilla.redhat.com/bugzilla --enable-bootstrap --enable-shared --enable-threads=posix --enable-checking=release --with-system-zlib --enable-__cxa_atexit --disable-libunwind-exceptions --enable-gnu-unique-object --enable-languages=c,c++,objc,obj-c++,java,fortran,ada --enable-java-awt=gtk --disable-dssi --with-java-home=/usr/lib/jvm/java-1.5.0-gcj-1.5.0.0/jre --enable-libgcj-multifile --enable-java-maintainer-mode --with-ecj-jar=/usr/share/java/eclipse-ecj.jar --disable-libjava-multilib --with-ppl --with-cloog --with-tune=generic --with-arch_32=i686 --build=x86_64-redhat-linux
Thread model: posix
gcc version 4.4.6 20120305 (Red Hat 4.4.6-4) (GCC) 
configure:3228: $? = 0
configure:3217: gcc -V >&5
gcc: '-V' option must have argument
configure:3228: $? = 1
configure:3217: gcc -qversion >&5
gcc: unrecognized option '-qversion'
gcc: no input files
configure:3228: $? = 1
configure:3248: checking whether the C compiler works
configure:3270: gcc    conftest.c  >&5
configure:3274: $? = 0
configure:3322: result: yes
configure:3325: checking for C compiler default output file name
configure:3327: result: a.out
configure:3333: checking for suffix of executables
configure:3340: gcc -o conftest    conftest.c  >&5
configure:3344: $? = 0
configure:3366: result: 
configure:3388: checking whether we are cross compiling
configure:3396: gcc -o conftest    conftest.c  >&5
configure:3400: $? = 0
configure:3407: ./conftest
configure:3411: $? = 0
configure:3426: result: no
configure:3431: checking for suffix of object files
configure:3453: gcc -c   conftest.c >&5
configure:3457: $? = 0
configure:3478: result: o
configure:3482: checking whether we are using the GNU C compiler
configure:3501: gcc -c   conftest.c >&5
configure:3501: $? = 0
configure:3510: result: yes
configure:3519: checking whether gcc accepts -g
configure:3539: gcc -c -g  conftest.c >&5
configure:3539: $? = 0
configure:3580: result: yes
configure:3597: checking for gcc option to accept ISO C89
configure:3660: gcc  -c -g -O2  conftest.c >&5
configure:3660: $? = 0
configure:3673: result: none needed
configure:3698: checking whether gcc understands -c and -o together
configure:3720: gcc -c conftest.c -o conftest2.o
configure:3723: $? = 0
configure:3720: gcc -c conftest.c -o conftest2.o
configure:3723: $? = 0
configure:3735: result: yes
configure:3763: checking for style of include used by make
configure:3791: result: GNU
configure:3817: checking dependency style of gcc
configure:3928: result: none
configure:3977: checking build system type
configure:3991: result: x86_64-pc-linux-gnu
configure:4011: checking host system type
configure:4024: result: x86_64-pc-linux-gnu
configure:4065: checking how to print strings
configure:4092: result: printf
configure:4113: checking for a sed that does not truncate output
configure:4177: result: /bin/sed
configure:4195: checking for grep that handles long lines and -e
configure:4253: result: /bin/grep
configure:4258: checking for egrep
configure:4320: result: /bin/grep -E
configure:4325: checking for fgrep
configure:4387: result: /bin/grep -F
configure:4422: checking for ld used by gcc
configure:4489: result: /bin/ld
configure:4496: checking if the linker (/bin/ld) is GNU ld
configure:4511: result: yes
configure:4523: checking for BSD- or MS-compatible name lister (nm)
configure:4577: result: /bin/nm -B
configure:4707: checking the name lister (/bin/nm -B) interface
configure:4714: gcc -c -g -O2  conftest.c >&5
configure:4717: /bin/nm -B "conftest.o"
configure:4720: output
0000000000000000 B some_variable
configure:4727: result: BSD nm
configure:4730: checking whether ln -s works
configure:4734: result: yes
configure:4742: checking the maximum length of command line arguments
configure:4873: result: 1966080
configure:4921: checking how to convert x86_64-pc-linux-gnu file names to x86_64-pc-linux-gnu format
configure:4961: result: func_convert_file_noop
configure:4968: checking how to convert x86_64-pc-linux-gnu file names to toolchain format
configure:4988: result: func_convert_file_noop
configure:4995: checking for /bin/ld option to reload object files
configure:5002: result: -r
configure:5076: checking for objdump
configure:5092: found /bin/objdump
configure:5103: result: objdump
configure:5135: checking how to recognize dependent libraries
configure:5335: result: pass_all
configure:5420: checking for dlltool
configure:5450: result: no
configure:5480: checking how to associate runtime and link libraries
configure:5507: result: printf %s\n
configure:5568: checking for ar
configure:5584: found /bin/ar
configure:5595: result: ar
configure:5632: checking for archiver @FILE support
configure:5649: gcc -c -g -O2  conftest.c >&5
configure:5649: $? = 0
configure:5652: ar cru libconftest.a @conftest.lst >&5
configure:5655: $? = 0
configure:5660: ar cru libconftest.a @conftest.lst >&5
ar: conftest.o: No such file or directory
configure:5663: $? = 1
configure:5675: result: @
configure:5733: checking for strip
configure:5749: found /bin/strip
configure:5760: result: strip
configure:5832: checking for ranlib
configure:5848: found /bin/ranlib
configure:5859: result: ranlib
configure:5961: checking command to parse /bin/nm -B output from gcc object
configure:6114: gcc -c -g -O2  conftest.c >&5
configure:6117: $? = 0
configure:6121: /bin/nm -B conftest.o \| sed -n -e 's/^.*[ ]\([ABCDGIRSTW][ABCDGIRSTW]*\)[ ][ ]*\([_A-Za-z][_A-Za-z0-9]*\)$/\1 \2 \2/p' | sed '/ __gnu_lto/d' \> conftest.nm
configure:6124: $? = 0
configure:6190: gcc -o conftest -g -O2   conftest.c conftstm.o >&5
configure:6193: $? = 0
configure:6231: result: ok
configure:6278: checking for sysroot
configure:6308: result: no
configure:6315: checking for a working dd
configure:6353: result: /bin/dd
configure:6357: checking how to truncate binary pipes
configure:6372: result: /bin/dd bs=4096 count=1
configure:6508: gcc -c -g -O2  conftest.c >&5
configure:6511: $? = 0
configure:6701: checking for mt
configure:6731: result: no
configure:6751: checking if : is a manifest tool
configure:6757: : '-?'
configure:6765: result: no
configure:7442: checking how to run the C preprocessor
configure:7473: gcc -E  conftest.c
configure:7473: $? = 0
configure:7487: gcc -E  conftest.c
conftest.c:11:28: error: ac_nonexistent.h: No such file or directory
configure:7487: $? = 1
configure: failed program was:
| /* confdefs.h */
| #define PACKAGE_NAME "libmonit"
| #define PACKAGE_TARNAME "libmonit"
| #define PACKAGE_VERSION "1.0"
| #define PACKAGE_STRING "libmonit 1.0"
| #define PACKAGE_BUGREPORT "monit-dev@tildeslash.com"
| #define PACKAGE_URL ""
| #define PACKAGE "libmonit"
| #define VERSION "1.0"
| /* end confdefs.h.  */
| #include <ac_nonexistent.h>
configure:7512: result: gcc -E
configure:7532: gcc -E  conftest.c
configure:7532: $? = 0
configure:7546: gcc -E  conftest.c
conftest.c:11:28: error: ac_nonexistent.h: No such file or directory
configure:7546: $? = 1
configure: failed program was:
| /* confdefs.h */
| #define PACKAGE_NAME "libmonit"
| #define PACKAGE_TARNAME "libmonit"
| #define PACKAGE_VERSION "1.0"
| #define PACKAGE_STRING "libmonit 1.0"
| #define PACKAGE_BUGREPORT "monit-dev@tildeslash.com"
| #define PACKAGE_URL ""
| #define PACKAGE "libmonit"
| #define VERSION "1.0"
| /* end confdefs.h.  */
| #include <ac_nonexistent.h>
configure:7575: checking for ANSI C header files
configure:7595: gcc -c -g -O2  conftest.c >&5
configure:7595: $? = 0
configure:7668: gcc -o conftest -g -O2   conftest.c  >&5
configure:7668: $? = 0
configure:7668: ./conftest
configure:7668: $? = 0
configure:7679: result: yes
configure:7692: checking for sys/types.h
configure:7692: gcc -c -g -O2  conftest.c >&5
configure:7692: $? = 0
configure:7692: result: yes
configure:7692: checking for sys/stat.h
configure:7692: gcc -c -g -O2  conftest.c >&5
configure:7692: $? = 0
configure:7692: result: yes
configure:7692: checking for stdlib.h
configure:7692: gcc -c -g -O2  conftest.c >&5
configure:7692: $? = 0
configure:7692: result: yes
configure:7692: checking for string.h
configure:7692: gcc -c -g -O2  conftest.c >&5
configure:7692: $? = 0
configure:7692: result: yes
configure:7692: checking for memory.h
configure:7692: gcc -c -g -O2  conftest.c >&5
configure:7692: $? = 0
configure:7692: result: yes
configure:7692: checking for strings.h
configure:7692: gcc -c -g -O2  conftest.c >&5
configure:7692: $? = 0
configure:7692: result: yes
configure:7692: checking for inttypes.h
configure:7692: gcc -c -g -O2  conftest.c >&5
configure:7692: $? = 0
configure:7692: result: yes
configure:7692: checking for stdint.h
configure:7692: gcc -c -g -O2  conftest.c >&5
configure:7692: $? = 0
configure:7692: result: yes
configure:7692: checking for unistd.h
configure:7692: gcc -c -g -O2  conftest.c >&5
configure:7692: $? = 0
configure:7692: result: yes
configure:7706: checking for dlfcn.h
configure:7706: gcc -c -g -O2  conftest.c >&5
configure:7706: $? = 0
configure:7706: result: yes
configure:7962: checking for objdir
configure:7977: result: .libs
configure:8241: checking if gcc supports -fno-rtti -fno-exceptions
configure:8259: gcc -c -g -O2  -fno-rtti -fno-exceptions conftest.c >&5
cc1: warning: command line option "-fno-rtti" is valid for C++/ObjC++ but not for C
configure:8263: $? = 0
configure:8276: result: no
configure:8634: checking for gcc option to produce PIC
configure:8641: result: -fPIC -DPIC
configure:8649: checking if gcc PIC flag -fPIC -DPIC works
configure:8667: gcc -c -g -O2  -fPIC -DPIC -DPIC conftest.c >&5
configure:8671: $? = 0
configure:8684: result: yes
configure:8713: checking if gcc static flag -static works
configure:8741: result: no
configure:8756: checking if gcc supports -c -o file.o
configure:8777: gcc -c -g -O2  -o out/conftest2.o conftest.c >&5
configure:8781: $? = 0
configure:8803: result: yes
configure:8811: checking if gcc supports -c -o file.o
configure:8858: result: yes
configure:8891: checking whether the gcc linker (/bin/ld -m elf_x86_64) supports shared libraries
configure:10154: result: yes
configure:10191: checking whether -lc should be explicitly linked in
configure:10199: gcc -c -g -O2  conftest.c >&5
configure:10202: $? = 0
configure:10217: gcc -shared  -fPIC -DPIC conftest.o  -v -Wl,-soname -Wl,conftest -o conftest 2\>\&1 \| /bin/grep  -lc  \>/dev/null 2\>\&1
configure:10220: $? = 0
configure:10234: result: no
configure:10394: checking dynamic linker characteristics
configure:10975: gcc -o conftest -g -O2   -Wl,-rpath -Wl,/foo conftest.c  >&5
configure:10975: $? = 0
configure:11224: result: GNU/Linux ld.so
configure:11346: checking how to hardcode library paths into programs
configure:11371: result: immediate
configure:11919: checking whether stripping libraries is possible
configure:11924: result: yes
configure:11959: checking if libtool supports shared libraries
configure:11961: result: yes
configure:11964: checking whether to build shared libraries
configure:11989: result: yes
configure:11992: checking whether to build static libraries
configure:11996: result: yes
configure:12171: checking for zlibVersion in -lz
configure:12196: gcc -o conftest -g -O2   conftest.c -lz   >&5
configure:12196: $? = 0
configure:12205: result: yes
configure:12223: checking zlib.h usability
configure:12223: gcc -c -g -O2  conftest.c >&5
configure:12223: $? = 0
configure:12223: result: yes
configure:12223: checking zlib.h presence
configure:12223: gcc -E  conftest.c
configure:12223: $? = 0
configure:12223: result: yes
configure:12223: checking for zlib.h
configure:12223: result: yes
configure:12242: checking for pthread_create in -lpthread
configure:12267: gcc -o conftest -g -O2   conftest.c -lpthread  -lz  >&5
configure:12267: $? = 0
configure:12276: result: yes
configure:12289: checking for round in -lm
configure:12314: gcc -o conftest -g -O2   conftest.c -lm  -lpthread -lz  >&5
conftest.c:33: warning: conflicting types for built-in function 'round'
configure:12314: $? = 0
configure:12323: result: yes
configure:12341: checking for ANSI C header files
configure:12445: result: yes
configure:12462: checking ctype.h usability
configure:12462: gcc -c -g -O2  conftest.c >&5
configure:12462: $? = 0
configure:12462: result: yes
configure:12462: checking ctype.h presence
configure:12462: gcc -E  conftest.c
configure:12462: $? = 0
configure:12462: result: yes
configure:12462: checking for ctype.h
configure:12462: result: yes
configure:12462: checking errno.h usability
configure:12462: gcc -c -g -O2  conftest.c >&5
configure:12462: $? = 0
configure:12462: result: yes
configure:12462: checking errno.h presence
configure:12462: gcc -E  conftest.c
configure:12462: $? = 0
configure:12462: result: yes
configure:12462: checking for errno.h
configure:12462: result: yes
configure:12462: checking fcntl.h usability
configure:12462: gcc -c -g -O2  conftest.c >&5
configure:12462: $? = 0
configure:12462: result: yes
configure:12462: checking fcntl.h presence
configure:12462: gcc -E  conftest.c
configure:12462: $? = 0
configure:12462: result: yes
configure:12462: checking for fcntl.h
configure:12462: result: yes
configure:12462: checking limits.h usability
configure:12462: gcc -c -g -O2  conftest.c >&5
configure:12462: $? = 0
configure:12462: result: yes
configure:12462: checking limits.h presence
configure:12462: gcc -E  conftest.c
configure:12462: $? = 0
configure:12462: result: yes
configure:12462: checking for limits.h
configure:12462: result: yes
configure:12462: checking pthread.h usability
configure:12462: gcc -c -g -O2  conftest.c >&5
configure:12462: $? = 0
configure:12462: result: yes
configure:12462: checking pthread.h presence
configure:12462: gcc -E  conftest.c
configure:12462: $? = 0
configure:12462: result: yes
configure:12462: checking for pthread.h
configure:12462: result: yes
configure:12462: checking setjmp.h usability
configure:12462: gcc -c -g -O2  conftest.c >&5
configure:12462: $? = 0
configure:12462: result: yes
configure:12462: checking setjmp.h presence
configure:12462: gcc -E  conftest.c
configure:12462: $? = 0
configure:12462: result: yes
configure:12462: checking for setjmp.h
configure:12462: result: yes
configure:12462: checking signal.h usability
configure:12462: gcc -c -g -O2  conftest.c >&5
configure:12462: $? = 0
configure:12462: result: yes
configure:12462: checking signal.h presence
configure:12462: gcc -E  conftest.c
configure:12462: $? = 0
configure:12462: result: yes
configure:12462: checking for signal.h
configure:12462: result: yes
configure:12462: checking stdarg.h usability
configure:12462: gcc -c -g -O2  conftest.c >&5
configure:12462: $? = 0
configure:12462: result: yes
configure:12462: checking stdarg.h presence
configure:12462: gcc -E  conftest.c
configure:12462: $? = 0
configure:12462: result: yes
configure:12462: checking for stdarg.h
configure:12462: result: yes
configure:12462: checking stdio.h usability
configure:12462: gcc -c -g -O2  conftest.c >&5
configure:12462: $? = 0
configure:12462: result: yes
configure:12462: checking stdio.h presence
configure:12462: gcc -E  conftest.c
configure:12462: $? = 0
configure:12462: result: yes
configure:12462: checking for stdio.h
configure:12462: result: yes
configure:12462: checking for string.h
configure:12462: result: yes
configure:12462: checking for string.h
configure:12462: result: yes
configure:12462: checking for strings.h
configure:12462: result: yes
configure:12462: checking sys/socket.h usability
configure:12462: gcc -c -g -O2  conftest.c >&5
configure:12462: $? = 0
configure:12462: result: yes
configure:12462: checking sys/socket.h presence
configure:12462: gcc -E  conftest.c
configure:12462: $? = 0
configure:12462: result: yes
configure:12462: checking for sys/socket.h
configure:12462: result: yes
configure:12462: checking sys/time.h usability
configure:12462: gcc -c -g -O2  conftest.c >&5
configure:12462: $? = 0
configure:12462: result: yes
configure:12462: checking sys/time.h presence
configure:12462: gcc -E  conftest.c
configure:12462: $? = 0
configure:12462: result: yes
configure:12462: checking for sys/time.h
configure:12462: result: yes
configure:12462: checking for sys/types.h
configure:12462: result: yes
configure:12462: checking for unistd.h
configure:12462: result: yes
configure:12462: checking execinfo.h usability
configure:12462: gcc -c -g -O2  conftest.c >&5
configure:12462: $? = 0
configure:12462: result: yes
configure:12462: checking execinfo.h presence
configure:12462: gcc -E  conftest.c
configure:12462: $? = 0
configure:12462: result: yes
configure:12462: checking for execinfo.h
configure:12462: result: yes
configure:12462: checking sys/sendfile.h usability
configure:12462: gcc -c -g -O2  conftest.c >&5
configure:12462: $? = 0
configure:12462: result: yes
configure:12462: checking sys/sendfile.h presence
configure:12462: gcc -E  conftest.c
configure:12462: $? = 0
configure:12462: result: yes
configure:12462: checking for sys/sendfile.h
configure:12462: result: yes
configure:12462: checking sys/dirent.h usability
configure:12462: gcc -c -g -O2  conftest.c >&5
conftest.c:79:24: error: sys/dirent.h: No such file or directory
configure:12462: $? = 1
configure: failed program was:
| /* confdefs.h */
| #define PACKAGE_NAME "libmonit"
| #define PACKAGE_TARNAME "libmonit"
| #define PACKAGE_VERSION "1.0"
| #define PACKAGE_STRING "libmonit 1.0"
| #define PACKAGE_BUGREPORT "monit-dev@tildeslash.com"
| #define PACKAGE_URL ""
| #define PACKAGE "libmonit"
| #define VERSION "1.0"
| #define STDC_HEADERS 1
| #define HAVE_SYS_TYPES_H 1
| #define HAVE_SYS_STAT_H 1
| #define HAVE_STDLIB_H 1
| #define HAVE_STRING_H 1
| #define HAVE_MEMORY_H 1
| #define HAVE_STRINGS_H 1
| #define HAVE_INTTYPES_H 1
| #define HAVE_STDINT_H 1
| #define HAVE_UNISTD_H 1
| #define HAVE_DLFCN_H 1
| #define LT_OBJDIR ".libs/"
| #define HAVE_LIBZ 1
| #define HAVE_ZLIB_H 1
| #define HAVE_LIBPTHREAD 1
| #define HAVE_LIBM 1
| #define STDC_HEADERS 1
| #define HAVE_CTYPE_H 1
| #define HAVE_ERRNO_H 1
| #define HAVE_FCNTL_H 1
| #define HAVE_LIMITS_H 1
| #define HAVE_PTHREAD_H 1
| #define HAVE_SETJMP_H 1
| #define HAVE_SIGNAL_H 1
| #define HAVE_STDARG_H 1
| #define HAVE_STDIO_H 1
| #define HAVE_STRING_H 1
| #define HAVE_STRING_H 1
| #define HAVE_STRINGS_H 1
| #define HAVE_SYS_SOCKET_H 1
| #define HAVE_SYS_TIME_H 1
| #define HAVE_SYS_TYPES_H 1
| #define HAVE_UNISTD_H 1
| #define HAVE_EXECINFO_H 1
| #define HAVE_SYS_SENDFILE_H 1
| /* end confdefs.h.  */
| #include <stdio.h>
| #ifdef HAVE_SYS_TYPES_H
| # include <sys/types.h>
| #endif
| #ifdef HAVE_SYS_STAT_H
| # include <sys/stat.h>
| #endif
| #ifdef STDC_HEADERS
| # include <stdlib.h>
| # include <stddef.h>
| #else
| # ifdef HAVE_STDLIB_H
| #  include <stdlib.h>
| # endif
| #endif
| #ifdef HAVE_STRING_H
| # if !defined STDC_HEADERS && defined HAVE_MEMORY_H
| #  include <memory.h>
| # endif
| # include <string.h>
| #endif
| #ifdef HAVE_STRINGS_H
| # include <strings.h>
| #endif
| #ifdef HAVE_INTTYPES_H
| # include <inttypes.h>
| #endif
| #ifdef HAVE_STDINT_H
| # include <stdint.h>
| #endif
| #ifdef HAVE_UNISTD_H
| # include <unistd.h>
| #endif
| #include <sys/dirent.h>
configure:12462: result: no
configure:12462: checking sys/dirent.h presence
configure:12462: gcc -E  conftest.c
conftest.c:46:24: error: sys/dirent.h: No such file or directory
configure:12462: $? = 1
configure: failed program was:
| /* confdefs.h */
| #define PACKAGE_NAME "libmonit"
| #define PACKAGE_TARNAME "libmonit"
| #define PACKAGE_VERSION "1.0"
| #define PACKAGE_STRING "libmonit 1.0"
| #define PACKAGE_BUGREPORT "monit-dev@tildeslash.com"
| #define PACKAGE_URL ""
| #define PACKAGE "libmonit"
| #define VERSION "1.0"
| #define STDC_HEADERS 1
| #define HAVE_SYS_TYPES_H 1
| #define HAVE_SYS_STAT_H 1
| #define HAVE_STDLIB_H 1
| #define HAVE_STRING_H 1
| #define HAVE_MEMORY_H 1
| #define HAVE_STRINGS_H 1
| #define HAVE_INTTYPES_H 1
| #define HAVE_STDINT_H 1
| #define HAVE_UNISTD_H 1
| #define HAVE_DLFCN_H 1
| #define LT_OBJDIR ".libs/"
| #define HAVE_LIBZ 1
| #define HAVE_ZLIB_H 1
| #define HAVE_LIBPTHREAD 1
| #define HAVE_LIBM 1
| #define STDC_HEADERS 1
| #define HAVE_CTYPE_H 1
| #define HAVE_ERRNO_H 1
| #define HAVE_FCNTL_H 1
| #define HAVE_LIMITS_H 1
| #define HAVE_PTHREAD_H 1
| #define HAVE_SETJMP_H 1
| #define HAVE_SIGNAL_H 1
| #define HAVE_STDARG_H 1
| #define HAVE_STDIO_H 1
| #define HAVE_STRING_H 1
| #define HAVE_STRING_H 1
| #define HAVE_STRINGS_H 1
| #define HAVE_SYS_SOCKET_H 1
| #define HAVE_SYS_TIME_H 1
| #define HAVE_SYS_TYPES_H 1
| #define HAVE_UNISTD_H 1
| #define HAVE_EXECINFO_H 1
| #define HAVE_SYS_SENDFILE_H 1
| /* end confdefs.h.  */
| #include <sys/dirent.h>
configure:12462: result: no
configure:12462: checking for sys/dirent.h
configure:12462: result: no
configure:12462: checking poll.h usability
configure:12462: gcc -c -g -O2  conftest.c >&5
configure:12462: $? = 0
configure:12462: result: yes
configure:12462: checking poll.h presence
configure:12462: gcc -E  conftest.c
configure:12462: $? = 0
configure:12462: result: yes
configure:12462: checking for poll.h
configure:12462: result: yes
configure:12462: checking sys/poll.h usability
configure:12462: gcc -c -g -O2  conftest.c >&5
configure:12462: $? = 0
configure:12462: result: yes
configure:12462: checking sys/poll.h presence
configure:12462: gcc -E  conftest.c
configure:12462: $? = 0
configure:12462: result: yes
configure:12462: checking for sys/poll.h
configure:12462: result: yes
configure:12462: checking sys/event.h usability
configure:12462: gcc -c -g -O2  conftest.c >&5
conftest.c:81:23: error: sys/event.h: No such file or directory
configure:12462: $? = 1
configure: failed program was:
| /* confdefs.h */
| #define PACKAGE_NAME "libmonit"
| #define PACKAGE_TARNAME "libmonit"
| #define PACKAGE_VERSION "1.0"
| #define PACKAGE_STRING "libmonit 1.0"
| #define PACKAGE_BUGREPORT "monit-dev@tildeslash.com"
| #define PACKAGE_URL ""
| #define PACKAGE "libmonit"
| #define VERSION "1.0"
| #define STDC_HEADERS 1
| #define HAVE_SYS_TYPES_H 1
| #define HAVE_SYS_STAT_H 1
| #define HAVE_STDLIB_H 1
| #define HAVE_STRING_H 1
| #define HAVE_MEMORY_H 1
| #define HAVE_STRINGS_H 1
| #define HAVE_INTTYPES_H 1
| #define HAVE_STDINT_H 1
| #define HAVE_UNISTD_H 1
| #define HAVE_DLFCN_H 1
| #define LT_OBJDIR ".libs/"
| #define HAVE_LIBZ 1
| #define HAVE_ZLIB_H 1
| #define HAVE_LIBPTHREAD 1
| #define HAVE_LIBM 1
| #define STDC_HEADERS 1
| #define HAVE_CTYPE_H 1
| #define HAVE_ERRNO_H 1
| #define HAVE_FCNTL_H 1
| #define HAVE_LIMITS_H 1
| #define HAVE_PTHREAD_H 1
| #define HAVE_SETJMP_H 1
| #define HAVE_SIGNAL_H 1
| #define HAVE_STDARG_H 1
| #define HAVE_STDIO_H 1
| #define HAVE_STRING_H 1
| #define HAVE_STRING_H 1
| #define HAVE_STRINGS_H 1
| #define HAVE_SYS_SOCKET_H 1
| #define HAVE_SYS_TIME_H 1
| #define HAVE_SYS_TYPES_H 1
| #define HAVE_UNISTD_H 1
| #define HAVE_EXECINFO_H 1
| #define HAVE_SYS_SENDFILE_H 1
| #define HAVE_POLL_H 1
| #define HAVE_SYS_POLL_H 1
| /* end confdefs.h.  */
| #include <stdio.h>
| #ifdef HAVE_SYS_TYPES_H
| # include <sys/types.h>
| #endif
| #ifdef HAVE_SYS_STAT_H
| # include <sys/stat.h>
| #endif
| #ifdef STDC_HEADERS
| # include <stdlib.h>
| # include <stddef.h>
| #else
| # ifdef HAVE_STDLIB_H
| #  include <stdlib.h>
| # endif
| #endif
| #ifdef HAVE_STRING_H
| # if !defined STDC_HEADERS && defined HAVE_MEMORY_H
| #  include <memory.h>
| # endif
| # include <string.h>
| #endif
| #ifdef HAVE_STRINGS_H
| # include <strings.h>
| #endif
| #ifdef HAVE_INTTYPES_H
| # include <inttypes.h>
| #endif
| #ifdef HAVE_STDINT_H
| # include <stdint.h>
| #endif
| #ifdef HAVE_UNISTD_H
| # include <unistd.h>
| #endif
| #include <sys/event.h>
configure:12462: result: no
configure:12462: checking sys/event.h presence
configure:12462: gcc -E  conftest.c
conftest.c:48:23: error: sys/event.h: No such file or directory
configure:12462: $? = 1
configure: failed program was:
| /* confdefs.h */
| #define PACKAGE_NAME "libmonit"
| #define PACKAGE_TARNAME "libmonit"
| #define PACKAGE_VERSION "1.0"
| #define PACKAGE_STRING "libmonit 1.0"
| #define PACKAGE_BUGREPORT "monit-dev@tildeslash.com"
| #define PACKAGE_URL ""
| #define PACKAGE "libmonit"
| #define VERSION "1.0"
| #define STDC_HEADERS 1
| #define HAVE_SYS_TYPES_H 1
| #define HAVE_SYS_STAT_H 1
| #define HAVE_STDLIB_H 1
| #define HAVE_STRING_H 1
| #define HAVE_MEMORY_H 1
| #define HAVE_STRINGS_H 1
| #define HAVE_INTTYPES_H 1
| #define HAVE_STDINT_H 1
| #define HAVE_UNISTD_H 1
| #define HAVE_DLFCN_H 1
| #define LT_OBJDIR ".libs/"
| #define HAVE_LIBZ 1
| #define HAVE_ZLIB_H 1
| #define HAVE_LIBPTHREAD 1
| #define HAVE_LIBM 1
| #define STDC_HEADERS 1
| #define HAVE_CTYPE_H 1
| #define HAVE_ERRNO_H 1
| #define HAVE_FCNTL_H 1
| #define HAVE_LIMITS_H 1
| #define HAVE_PTHREAD_H 1
| #define HAVE_SETJMP_H 1
| #define HAVE_SIGNAL_H 1
| #define HAVE_STDARG_H 1
| #define HAVE_STDIO_H 1
| #define HAVE_STRING_H 1
| #define HAVE_STRING_H 1
| #define HAVE_STRINGS_H 1
| #define HAVE_SYS_SOCKET_H 1
| #define HAVE_SYS_TIME_H 1
| #define HAVE_SYS_TYPES_H 1
| #define HAVE_UNISTD_H 1
| #define HAVE_EXECINFO_H 1
| #define HAVE_SYS_SENDFILE_H 1
| #define HAVE_POLL_H 1
| #define HAVE_SYS_POLL_H 1
| /* end confdefs.h.  */
| #include <sys/event.h>
configure:12462: result: no
configure:12462: checking for sys/event.h
configure:12462: result: no
configure:12462: checking stropts.h usability
configure:12462: gcc -c -g -O2  conftest.c >&5
configure:12462: $? = 0
configure:12462: result: yes
configure:12462: checking stropts.h presence
configure:12462: gcc -E  conftest.c
configure:12462: $? = 0
configure:12462: result: yes
configure:12462: checking for stropts.h
configure:12462: result: yes
configure:12462: checking sys/ioctl.h usability
configure:12462: gcc -c -g -O2  conftest.c >&5
configure:12462: $? = 0
configure:12462: result: yes
configure:12462: checking sys/ioctl.h presence
configure:12462: gcc -E  conftest.c
configure:12462: $? = 0
configure:12462: result: yes
configure:12462: checking for sys/ioctl.h
configure:12462: result: yes
configure:12462: checking sys/filio.h usability
configure:12462: gcc -c -g -O2  conftest.c >&5
conftest.c:83:23: error: sys/filio.h: No such file or directory
configure:12462: $? = 1
configure: failed program was:
| /* confdefs.h */
| #define PACKAGE_NAME "libmonit"
| #define PACKAGE_TARNAME "libmonit"
| #define PACKAGE_VERSION "1.0"
| #define PACKAGE_STRING "libmonit 1.0"
| #define PACKAGE_BUGREPORT "monit-dev@tildeslash.com"
| #define PACKAGE_URL ""
| #define PACKAGE "libmonit"
| #define VERSION "1.0"
| #define STDC_HEADERS 1
| #define HAVE_SYS_TYPES_H 1
| #define HAVE_SYS_STAT_H 1
| #define HAVE_STDLIB_H 1
| #define HAVE_STRING_H 1
| #define HAVE_MEMORY_H 1
| #define HAVE_STRINGS_H 1
| #define HAVE_INTTYPES_H 1
| #define HAVE_STDINT_H 1
| #define HAVE_UNISTD_H 1
| #define HAVE_DLFCN_H 1
| #define LT_OBJDIR ".libs/"
| #define HAVE_LIBZ 1
| #define HAVE_ZLIB_H 1
| #define HAVE_LIBPTHREAD 1
| #define HAVE_LIBM 1
| #define STDC_HEADERS 1
| #define HAVE_CTYPE_H 1
| #define HAVE_ERRNO_H 1
| #define HAVE_FCNTL_H 1
| #define HAVE_LIMITS_H 1
| #define HAVE_PTHREAD_H 1
| #define HAVE_SETJMP_H 1
| #define HAVE_SIGNAL_H 1
| #define HAVE_STDARG_H 1
| #define HAVE_STDIO_H 1
| #define HAVE_STRING_H 1
| #define HAVE_STRING_H 1
| #define HAVE_STRINGS_H 1
| #define HAVE_SYS_SOCKET_H 1
| #define HAVE_SYS_TIME_H 1
| #define HAVE_SYS_TYPES_H 1
| #define HAVE_UNISTD_H 1
| #define HAVE_EXECINFO_H 1
| #define HAVE_SYS_SENDFILE_H 1
| #define HAVE_POLL_H 1
| #define HAVE_SYS_POLL_H 1
| #define HAVE_STROPTS_H 1
| #define HAVE_SYS_IOCTL_H 1
| /* end confdefs.h.  */
| #include <stdio.h>
| #ifdef HAVE_SYS_TYPES_H
| # include <sys/types.h>
| #endif
| #ifdef HAVE_SYS_STAT_H
| # include <sys/stat.h>
| #endif
| #ifdef STDC_HEADERS
| # include <stdlib.h>
| # include <stddef.h>
| #else
| # ifdef HAVE_STDLIB_H
| #  include <stdlib.h>
| # endif
| #endif
| #ifdef HAVE_STRING_H
| # if !defined STDC_HEADERS && defined HAVE_MEMORY_H
| #  include <memory.h>
| # endif
| # include <string.h>
| #endif
| #ifdef HAVE_STRINGS_H
| # include <strings.h>
| #endif
| #ifdef HAVE_INTTYPES_H
| # include <inttypes.h>
| #endif
| #ifdef HAVE_STDINT_H
| # include <stdint.h>
| #endif
| #ifdef HAVE_UNISTD_H
| # include <unistd.h>
| #endif
| #include <sys/filio.h>
configure:12462: result: no
configure:12462: checking sys/filio.h presence
configure:12462: gcc -E  conftest.c
conftest.c:50:23: error: sys/filio.h: No such file or directory
configure:12462: $? = 1
configure: failed program was:
| /* confdefs.h */
| #define PACKAGE_NAME "libmonit"
| #define PACKAGE_TARNAME "libmonit"
| #define PACKAGE_VERSION "1.0"
| #define PACKAGE_STRING "libmonit 1.0"
| #define PACKAGE_BUGREPORT "monit-dev@tildeslash.com"
| #define PACKAGE_URL ""
| #define PACKAGE "libmonit"
| #define VERSION "1.0"
| #define STDC_HEADERS 1
| #define HAVE_SYS_TYPES_H 1
| #define HAVE_SYS_STAT_H 1
| #define HAVE_STDLIB_H 1
| #define HAVE_STRING_H 1
| #define HAVE_MEMORY_H 1
| #define HAVE_STRINGS_H 1
| #define HAVE_INTTYPES_H 1
| #define HAVE_STDINT_H 1
| #define HAVE_UNISTD_H 1
| #define HAVE_DLFCN_H 1
| #define LT_OBJDIR ".libs/"
| #define HAVE_LIBZ 1
| #define HAVE_ZLIB_H 1
| #define HAVE_LIBPTHREAD 1
| #define HAVE_LIBM 1
| #define STDC_HEADERS 1
| #define HAVE_CTYPE_H 1
| #define HAVE_ERRNO_H 1
| #define HAVE_FCNTL_H 1
| #define HAVE_LIMITS_H 1
| #define HAVE_PTHREAD_H 1
| #define HAVE_SETJMP_H 1
| #define HAVE_SIGNAL_H 1
| #define HAVE_STDARG_H 1
| #define HAVE_STDIO_H 1
| #define HAVE_STRING_H 1
| #define HAVE_STRING_H 1
| #define HAVE_STRINGS_H 1
| #define HAVE_SYS_SOCKET_H 1
| #define HAVE_SYS_TIME_H 1
| #define HAVE_SYS_TYPES_H 1
| #define HAVE_UNISTD_H 1
| #define HAVE_EXECINFO_H 1
| #define HAVE_SYS_SENDFILE_H 1
| #define HAVE_POLL_H 1
| #define HAVE_SYS_POLL_H 1
| #define HAVE_STROPTS_H 1
| #define HAVE_SYS_IOCTL_H 1
| /* end confdefs.h.  */
| #include <sys/filio.h>
configure:12462: result: no
configure:12462: checking for sys/filio.h
configure:12462: result: no
configure:12462: checking kstat.h usability
configure:12462: gcc -c -g -O2  conftest.c >&5
conftest.c:83:19: error: kstat.h: No such file or directory
configure:12462: $? = 1
configure: failed program was:
| /* confdefs.h */
| #define PACKAGE_NAME "libmonit"
| #define PACKAGE_TARNAME "libmonit"
| #define PACKAGE_VERSION "1.0"
| #define PACKAGE_STRING "libmonit 1.0"
| #define PACKAGE_BUGREPORT "monit-dev@tildeslash.com"
| #define PACKAGE_URL ""
| #define PACKAGE "libmonit"
| #define VERSION "1.0"
| #define STDC_HEADERS 1
| #define HAVE_SYS_TYPES_H 1
| #define HAVE_SYS_STAT_H 1
| #define HAVE_STDLIB_H 1
| #define HAVE_STRING_H 1
| #define HAVE_MEMORY_H 1
| #define HAVE_STRINGS_H 1
| #define HAVE_INTTYPES_H 1
| #define HAVE_STDINT_H 1
| #define HAVE_UNISTD_H 1
| #define HAVE_DLFCN_H 1
| #define LT_OBJDIR ".libs/"
| #define HAVE_LIBZ 1
| #define HAVE_ZLIB_H 1
| #define HAVE_LIBPTHREAD 1
| #define HAVE_LIBM 1
| #define STDC_HEADERS 1
| #define HAVE_CTYPE_H 1
| #define HAVE_ERRNO_H 1
| #define HAVE_FCNTL_H 1
| #define HAVE_LIMITS_H 1
| #define HAVE_PTHREAD_H 1
| #define HAVE_SETJMP_H 1
| #define HAVE_SIGNAL_H 1
| #define HAVE_STDARG_H 1
| #define HAVE_STDIO_H 1
| #define HAVE_STRING_H 1
| #define HAVE_STRING_H 1
| #define HAVE_STRINGS_H 1
| #define HAVE_SYS_SOCKET_H 1
| #define HAVE_SYS_TIME_H 1
| #define HAVE_SYS_TYPES_H 1
| #define HAVE_UNISTD_H 1
| #define HAVE_EXECINFO_H 1
| #define HAVE_SYS_SENDFILE_H 1
| #define HAVE_POLL_H 1
| #define HAVE_SYS_POLL_H 1
| #define HAVE_STROPTS_H 1
| #define HAVE_SYS_IOCTL_H 1
| /* end confdefs.h.  */
| #include <stdio.h>
| #ifdef HAVE_SYS_TYPES_H
| # include <sys/types.h>
| #endif
| #ifdef HAVE_SYS_STAT_H
| # include <sys/stat.h>
| #endif
| #ifdef STDC_HEADERS
| # include <stdlib.h>
| # include <stddef.h>
| #else
| # ifdef HAVE_STDLIB_H
| #  include <stdlib.h>
| # endif
| #endif
| #ifdef HAVE_STRING_H
| # if !defined STDC_HEADERS && defined HAVE_MEMORY_H
| #  include <memory.h>
| # endif
| # include <string.h>
| #endif
| #ifdef HAVE_STRINGS_H
| # include <strings.h>
| #endif
| #ifdef HAVE_INTTYPES_H
| # include <inttypes.h>
| #endif
| #ifdef HAVE_STDINT_H
| # include <stdint.h>
| #endif
| #ifdef HAVE_UNISTD_H
| # include <unistd.h>
| #endif
| #include <kstat.h>
configure:12462: result: no
configure:12462: checking kstat.h presence
configure:12462: gcc -E  conftest.c
conftest.c:50:19: error: kstat.h: No such file or directory
configure:12462: $? = 1
configure: failed program was:
| /* confdefs.h */
| #define PACKAGE_NAME "libmonit"
| #define PACKAGE_TARNAME "libmonit"
| #define PACKAGE_VERSION "1.0"
| #define PACKAGE_STRING "libmonit 1.0"
| #define PACKAGE_BUGREPORT "monit-dev@tildeslash.com"
| #define PACKAGE_URL ""
| #define PACKAGE "libmonit"
| #define VERSION "1.0"
| #define STDC_HEADERS 1
| #define HAVE_SYS_TYPES_H 1
| #define HAVE_SYS_STAT_H 1
| #define HAVE_STDLIB_H 1
| #define HAVE_STRING_H 1
| #define HAVE_MEMORY_H 1
| #define HAVE_STRINGS_H 1
| #define HAVE_INTTYPES_H 1
| #define HAVE_STDINT_H 1
| #define HAVE_UNISTD_H 1
| #define HAVE_DLFCN_H 1
| #define LT_OBJDIR ".libs/"
| #define HAVE_LIBZ 1
| #define HAVE_ZLIB_H 1
| #define HAVE_LIBPTHREAD 1
| #define HAVE_LIBM 1
| #define STDC_HEADERS 1
| #define HAVE_CTYPE_H 1
| #define HAVE_ERRNO_H 1
| #define HAVE_FCNTL_H 1
| #define HAVE_LIMITS_H 1
| #define HAVE_PTHREAD_H 1
| #define HAVE_SETJMP_H 1
| #define HAVE_SIGNAL_H 1
| #define HAVE_STDARG_H 1
| #define HAVE_STDIO_H 1
| #define HAVE_STRING_H 1
| #define HAVE_STRING_H 1
| #define HAVE_STRINGS_H 1
| #define HAVE_SYS_SOCKET_H 1
| #define HAVE_SYS_TIME_H 1
| #define HAVE_SYS_TYPES_H 1
| #define HAVE_UNISTD_H 1
| #define HAVE_EXECINFO_H 1
| #define HAVE_SYS_SENDFILE_H 1
| #define HAVE_POLL_H 1
| #define HAVE_SYS_POLL_H 1
| #define HAVE_STROPTS_H 1
| #define HAVE_SYS_IOCTL_H 1
| /* end confdefs.h.  */
| #include <kstat.h>
configure:12462: result: no
configure:12462: checking for kstat.h
configure:12462: result: no
configure:12462: checking ifaddrs.h usability
configure:12462: gcc -c -g -O2  conftest.c >&5
configure:12462: $? = 0
configure:12462: result: yes
configure:12462: checking ifaddrs.h presence
configure:12462: gcc -E  conftest.c
configure:12462: $? = 0
configure:12462: result: yes
configure:12462: checking for ifaddrs.h
configure:12462: result: yes
configure:12462: checking net/if_media.h usability
configure:12462: gcc -c -g -O2  conftest.c >&5
conftest.c:84:26: error: net/if_media.h: No such file or directory
configure:12462: $? = 1
configure: failed program was:
| /* confdefs.h */
| #define PACKAGE_NAME "libmonit"
| #define PACKAGE_TARNAME "libmonit"
| #define PACKAGE_VERSION "1.0"
| #define PACKAGE_STRING "libmonit 1.0"
| #define PACKAGE_BUGREPORT "monit-dev@tildeslash.com"
| #define PACKAGE_URL ""
| #define PACKAGE "libmonit"
| #define VERSION "1.0"
| #define STDC_HEADERS 1
| #define HAVE_SYS_TYPES_H 1
| #define HAVE_SYS_STAT_H 1
| #define HAVE_STDLIB_H 1
| #define HAVE_STRING_H 1
| #define HAVE_MEMORY_H 1
| #define HAVE_STRINGS_H 1
| #define HAVE_INTTYPES_H 1
| #define HAVE_STDINT_H 1
| #define HAVE_UNISTD_H 1
| #define HAVE_DLFCN_H 1
| #define LT_OBJDIR ".libs/"
| #define HAVE_LIBZ 1
| #define HAVE_ZLIB_H 1
| #define HAVE_LIBPTHREAD 1
| #define HAVE_LIBM 1
| #define STDC_HEADERS 1
| #define HAVE_CTYPE_H 1
| #define HAVE_ERRNO_H 1
| #define HAVE_FCNTL_H 1
| #define HAVE_LIMITS_H 1
| #define HAVE_PTHREAD_H 1
| #define HAVE_SETJMP_H 1
| #define HAVE_SIGNAL_H 1
| #define HAVE_STDARG_H 1
| #define HAVE_STDIO_H 1
| #define HAVE_STRING_H 1
| #define HAVE_STRING_H 1
| #define HAVE_STRINGS_H 1
| #define HAVE_SYS_SOCKET_H 1
| #define HAVE_SYS_TIME_H 1
| #define HAVE_SYS_TYPES_H 1
| #define HAVE_UNISTD_H 1
| #define HAVE_EXECINFO_H 1
| #define HAVE_SYS_SENDFILE_H 1
| #define HAVE_POLL_H 1
| #define HAVE_SYS_POLL_H 1
| #define HAVE_STROPTS_H 1
| #define HAVE_SYS_IOCTL_H 1
| #define HAVE_IFADDRS_H 1
| /* end confdefs.h.  */
| #include <stdio.h>
| #ifdef HAVE_SYS_TYPES_H
| # include <sys/types.h>
| #endif
| #ifdef HAVE_SYS_STAT_H
| # include <sys/stat.h>
| #endif
| #ifdef STDC_HEADERS
| # include <stdlib.h>
| # include <stddef.h>
| #else
| # ifdef HAVE_STDLIB_H
| #  include <stdlib.h>
| # endif
| #endif
| #ifdef HAVE_STRING_H
| # if !defined STDC_HEADERS && defined HAVE_MEMORY_H
| #  include <memory.h>
| # endif
| # include <string.h>
| #endif
| #ifdef HAVE_STRINGS_H
| # include <strings.h>
| #endif
| #ifdef HAVE_INTTYPES_H
| # include <inttypes.h>
| #endif
| #ifdef HAVE_STDINT_H
| # include <stdint.h>
| #endif
| #ifdef HAVE_UNISTD_H
| # include <unistd.h>
| #endif
| #include <net/if_media.h>
configure:12462: result: no
configure:12462: checking net/if_media.h presence
configure:12462: gcc -E  conftest.c
conftest.c:51:26: error: net/if_media.h: No such file or directory
configure:12462: $? = 1
configure: failed program was:
| /* confdefs.h */
| #define PACKAGE_NAME "libmonit"
| #define PACKAGE_TARNAME "libmonit"
| #define PACKAGE_VERSION "1.0"
| #define PACKAGE_STRING "libmonit 1.0"
| #define PACKAGE_BUGREPORT "monit-dev@tildeslash.com"
| #define PACKAGE_URL ""
| #define PACKAGE "libmonit"
| #define VERSION "1.0"
| #define STDC_HEADERS 1
| #define HAVE_SYS_TYPES_H 1
| #define HAVE_SYS_STAT_H 1
| #define HAVE_STDLIB_H 1
| #define HAVE_STRING_H 1
| #define HAVE_MEMORY_H 1
| #define HAVE_STRINGS_H 1
| #define HAVE_INTTYPES_H 1
| #define HAVE_STDINT_H 1
| #define HAVE_UNISTD_H 1
| #define HAVE_DLFCN_H 1
| #define LT_OBJDIR ".libs/"
| #define HAVE_LIBZ 1
| #define HAVE_ZLIB_H 1
| #define HAVE_LIBPTHREAD 1
| #define HAVE_LIBM 1
| #define STDC_HEADERS 1
| #define HAVE_CTYPE_H 1
| #define HAVE_ERRNO_H 1
| #define HAVE_FCNTL_H 1
| #define HAVE_LIMITS_H 1
| #define HAVE_PTHREAD_H 1
| #define HAVE_SETJMP_H 1
| #define HAVE_SIGNAL_H 1
| #define HAVE_STDARG_H 1
| #define HAVE_STDIO_H 1
| #define HAVE_STRING_H 1
| #define HAVE_STRING_H 1
| #define HAVE_STRINGS_H 1
| #define HAVE_SYS_SOCKET_H 1
| #define HAVE_SYS_TIME_H 1
| #define HAVE_SYS_TYPES_H 1
| #define HAVE_UNISTD_H 1
| #define HAVE_EXECINFO_H 1
| #define HAVE_SYS_SENDFILE_H 1
| #define HAVE_POLL_H 1
| #define HAVE_SYS_POLL_H 1
| #define HAVE_STROPTS_H 1
| #define HAVE_SYS_IOCTL_H 1
| #define HAVE_IFADDRS_H 1
| /* end confdefs.h.  */
| #include <net/if_media.h>
configure:12462: result: no
configure:12462: checking for net/if_media.h
configure:12462: result: no
configure:12462: checking netinet/in.h usability
configure:12462: gcc -c -g -O2  conftest.c >&5
configure:12462: $? = 0
configure:12462: result: yes
configure:12462: checking netinet/in.h presence
configure:12462: gcc -E  conftest.c
configure:12462: $? = 0
configure:12462: result: yes
configure:12462: checking for netinet/in.h
configure:12462: result: yes
configure:12462: checking sys/sysctl.h usability
configure:12462: gcc -c -g -O2  conftest.c >&5
configure:12462: $? = 0
configure:12462: result: yes
configure:12462: checking sys/sysctl.h presence
configure:12462: gcc -E  conftest.c
configure:12462: $? = 0
configure:12462: result: yes
configure:12462: checking for sys/sysctl.h
configure:12462: result: yes
configure:12462: checking net/if_dl.h usability
configure:12462: gcc -c -g -O2  conftest.c >&5
conftest.c:86:23: error: net/if_dl.h: No such file or directory
configure:12462: $? = 1
configure: failed program was:
| /* confdefs.h */
| #define PACKAGE_NAME "libmonit"
| #define PACKAGE_TARNAME "libmonit"
| #define PACKAGE_VERSION "1.0"
| #define PACKAGE_STRING "libmonit 1.0"
| #define PACKAGE_BUGREPORT "monit-dev@tildeslash.com"
| #define PACKAGE_URL ""
| #define PACKAGE "libmonit"
| #define VERSION "1.0"
| #define STDC_HEADERS 1
| #define HAVE_SYS_TYPES_H 1
| #define HAVE_SYS_STAT_H 1
| #define HAVE_STDLIB_H 1
| #define HAVE_STRING_H 1
| #define HAVE_MEMORY_H 1
| #define HAVE_STRINGS_H 1
| #define HAVE_INTTYPES_H 1
| #define HAVE_STDINT_H 1
| #define HAVE_UNISTD_H 1
| #define HAVE_DLFCN_H 1
| #define LT_OBJDIR ".libs/"
| #define HAVE_LIBZ 1
| #define HAVE_ZLIB_H 1
| #define HAVE_LIBPTHREAD 1
| #define HAVE_LIBM 1
| #define STDC_HEADERS 1
| #define HAVE_CTYPE_H 1
| #define HAVE_ERRNO_H 1
| #define HAVE_FCNTL_H 1
| #define HAVE_LIMITS_H 1
| #define HAVE_PTHREAD_H 1
| #define HAVE_SETJMP_H 1
| #define HAVE_SIGNAL_H 1
| #define HAVE_STDARG_H 1
| #define HAVE_STDIO_H 1
| #define HAVE_STRING_H 1
| #define HAVE_STRING_H 1
| #define HAVE_STRINGS_H 1
| #define HAVE_SYS_SOCKET_H 1
| #define HAVE_SYS_TIME_H 1
| #define HAVE_SYS_TYPES_H 1
| #define HAVE_UNISTD_H 1
| #define HAVE_EXECINFO_H 1
| #define HAVE_SYS_SENDFILE_H 1
| #define HAVE_POLL_H 1
| #define HAVE_SYS_POLL_H 1
| #define HAVE_STROPTS_H 1
| #define HAVE_SYS_IOCTL_H 1
| #define HAVE_IFADDRS_H 1
| #define HAVE_NETINET_IN_H 1
| #define HAVE_SYS_SYSCTL_H 1
| /* end confdefs.h.  */
| #include <stdio.h>
| #ifdef HAVE_SYS_TYPES_H
| # include <sys/types.h>
| #endif
| #ifdef HAVE_SYS_STAT_H
| # include <sys/stat.h>
| #endif
| #ifdef STDC_HEADERS
| # include <stdlib.h>
| # include <stddef.h>
| #else
| # ifdef HAVE_STDLIB_H
| #  include <stdlib.h>
| # endif
| #endif
| #ifdef HAVE_STRING_H
| # if !defined STDC_HEADERS && defined HAVE_MEMORY_H
| #  include <memory.h>
| # endif
| # include <string.h>
| #endif
| #ifdef HAVE_STRINGS_H
| # include <strings.h>
| #endif
| #ifdef HAVE_INTTYPES_H
| # include <inttypes.h>
| #endif
| #ifdef HAVE_STDINT_H
| # include <stdint.h>
| #endif
| #ifdef HAVE_UNISTD_H
| # include <unistd.h>
| #endif
| #include <net/if_dl.h>
configure:12462: result: no
configure:12462: checking net/if_dl.h presence
configure:12462: gcc -E  conftest.c
conftest.c:53:23: error: net/if_dl.h: No such file or directory
configure:12462: $? = 1
configure: failed program was:
| /* confdefs.h */
| #define PACKAGE_NAME "libmonit"
| #define PACKAGE_TARNAME "libmonit"
| #define PACKAGE_VERSION "1.0"
| #define PACKAGE_STRING "libmonit 1.0"
| #define PACKAGE_BUGREPORT "monit-dev@tildeslash.com"
| #define PACKAGE_URL ""
| #define PACKAGE "libmonit"
| #define VERSION "1.0"
| #define STDC_HEADERS 1
| #define HAVE_SYS_TYPES_H 1
| #define HAVE_SYS_STAT_H 1
| #define HAVE_STDLIB_H 1
| #define HAVE_STRING_H 1
| #define HAVE_MEMORY_H 1
| #define HAVE_STRINGS_H 1
| #define HAVE_INTTYPES_H 1
| #define HAVE_STDINT_H 1
| #define HAVE_UNISTD_H 1
| #define HAVE_DLFCN_H 1
| #define LT_OBJDIR ".libs/"
| #define HAVE_LIBZ 1
| #define HAVE_ZLIB_H 1
| #define HAVE_LIBPTHREAD 1
| #define HAVE_LIBM 1
| #define STDC_HEADERS 1
| #define HAVE_CTYPE_H 1
| #define HAVE_ERRNO_H 1
| #define HAVE_FCNTL_H 1
| #define HAVE_LIMITS_H 1
| #define HAVE_PTHREAD_H 1
| #define HAVE_SETJMP_H 1
| #define HAVE_SIGNAL_H 1
| #define HAVE_STDARG_H 1
| #define HAVE_STDIO_H 1
| #define HAVE_STRING_H 1
| #define HAVE_STRING_H 1
| #define HAVE_STRINGS_H 1
| #define HAVE_SYS_SOCKET_H 1
| #define HAVE_SYS_TIME_H 1
| #define HAVE_SYS_TYPES_H 1
| #define HAVE_UNISTD_H 1
| #define HAVE_EXECINFO_H 1
| #define HAVE_SYS_SENDFILE_H 1
| #define HAVE_POLL_H 1
| #define HAVE_SYS_POLL_H 1
| #define HAVE_STROPTS_H 1
| #define HAVE_SYS_IOCTL_H 1
| #define HAVE_IFADDRS_H 1
| #define HAVE_NETINET_IN_H 1
| #define HAVE_SYS_SYSCTL_H 1
| /* end confdefs.h.  */
| #include <net/if_dl.h>
configure:12462: result: no
configure:12462: checking for net/if_dl.h
configure:12462: result: no
configure:12462: checking sys/random.h usability
configure:12462: gcc -c -g -O2  conftest.c >&5
conftest.c:86:24: error: sys/random.h: No such file or directory
configure:12462: $? = 1
configure: failed program was:
| /* confdefs.h */
| #define PACKAGE_NAME "libmonit"
| #define PACKAGE_TARNAME "libmonit"
| #define PACKAGE_VERSION "1.0"
| #define PACKAGE_STRING "libmonit 1.0"
| #define PACKAGE_BUGREPORT "monit-dev@tildeslash.com"
| #define PACKAGE_URL ""
| #define PACKAGE "libmonit"
| #define VERSION "1.0"
| #define STDC_HEADERS 1
| #define HAVE_SYS_TYPES_H 1
| #define HAVE_SYS_STAT_H 1
| #define HAVE_STDLIB_H 1
| #define HAVE_STRING_H 1
| #define HAVE_MEMORY_H 1
| #define HAVE_STRINGS_H 1
| #define HAVE_INTTYPES_H 1
| #define HAVE_STDINT_H 1
| #define HAVE_UNISTD_H 1
| #define HAVE_DLFCN_H 1
| #define LT_OBJDIR ".libs/"
| #define HAVE_LIBZ 1
| #define HAVE_ZLIB_H 1
| #define HAVE_LIBPTHREAD 1
| #define HAVE_LIBM 1
| #define STDC_HEADERS 1
| #define HAVE_CTYPE_H 1
| #define HAVE_ERRNO_H 1
| #define HAVE_FCNTL_H 1
| #define HAVE_LIMITS_H 1
| #define HAVE_PTHREAD_H 1
| #define HAVE_SETJMP_H 1
| #define HAVE_SIGNAL_H 1
| #define HAVE_STDARG_H 1
| #define HAVE_STDIO_H 1
| #define HAVE_STRING_H 1
| #define HAVE_STRING_H 1
| #define HAVE_STRINGS_H 1
| #define HAVE_SYS_SOCKET_H 1
| #define HAVE_SYS_TIME_H 1
| #define HAVE_SYS_TYPES_H 1
| #define HAVE_UNISTD_H 1
| #define HAVE_EXECINFO_H 1
| #define HAVE_SYS_SENDFILE_H 1
| #define HAVE_POLL_H 1
| #define HAVE_SYS_POLL_H 1
| #define HAVE_STROPTS_H 1
| #define HAVE_SYS_IOCTL_H 1
| #define HAVE_IFADDRS_H 1
| #define HAVE_NETINET_IN_H 1
| #define HAVE_SYS_SYSCTL_H 1
| /* end confdefs.h.  */
| #include <stdio.h>
| #ifdef HAVE_SYS_TYPES_H
| # include <sys/types.h>
| #endif
| #ifdef HAVE_SYS_STAT_H
| # include <sys/stat.h>
| #endif
| #ifdef STDC_HEADERS
| # include <stdlib.h>
| # include <stddef.h>
| #else
| # ifdef HAVE_STDLIB_H
| #  include <stdlib.h>
| # endif
| #endif
| #ifdef HAVE_STRING_H
| # if !defined STDC_HEADERS && defined HAVE_MEMORY_H
| #  include <memory.h>
| # endif
| # include <string.h>
| #endif
| #ifdef HAVE_STRINGS_H
| # include <strings.h>
| #endif
| #ifdef HAVE_INTTYPES_H
| # include <inttypes.h>
| #endif
| #ifdef HAVE_STDINT_H
| # include <stdint.h>
| #endif
| #ifdef HAVE_UNISTD_H
| # include <unistd.h>
| #endif
| #include <sys/random.h>
configure:12462: result: no
configure:12462: checking sys/random.h presence
configure:12462: gcc -E  conftest.c
conftest.c:53:24: error: sys/random.h: No such file or directory
configure:12462: $? = 1
configure: failed program was:
| /* confdefs.h */
| #define PACKAGE_NAME "libmonit"
| #define PACKAGE_TARNAME "libmonit"
| #define PACKAGE_VERSION "1.0"
| #define PACKAGE_STRING "libmonit 1.0"
| #define PACKAGE_BUGREPORT "monit-dev@tildeslash.com"
| #define PACKAGE_URL ""
| #define PACKAGE "libmonit"
| #define VERSION "1.0"
| #define STDC_HEADERS 1
| #define HAVE_SYS_TYPES_H 1
| #define HAVE_SYS_STAT_H 1
| #define HAVE_STDLIB_H 1
| #define HAVE_STRING_H 1
| #define HAVE_MEMORY_H 1
| #define HAVE_STRINGS_H 1
| #define HAVE_INTTYPES_H 1
| #define HAVE_STDINT_H 1
| #define HAVE_UNISTD_H 1
| #define HAVE_DLFCN_H 1
| #define LT_OBJDIR ".libs/"
| #define HAVE_LIBZ 1
| #define HAVE_ZLIB_H 1
| #define HAVE_LIBPTHREAD 1
| #define HAVE_LIBM 1
| #define STDC_HEADERS 1
| #define HAVE_CTYPE_H 1
| #define HAVE_ERRNO_H 1
| #define HAVE_FCNTL_H 1
| #define HAVE_LIMITS_H 1
| #define HAVE_PTHREAD_H 1
| #define HAVE_SETJMP_H 1
| #define HAVE_SIGNAL_H 1
| #define HAVE_STDARG_H 1
| #define HAVE_STDIO_H 1
| #define HAVE_STRING_H 1
| #define HAVE_STRING_H 1
| #define HAVE_STRINGS_H 1
| #define HAVE_SYS_SOCKET_H 1
| #define HAVE_SYS_TIME_H 1
| #define HAVE_SYS_TYPES_H 1
| #define HAVE_UNISTD_H 1
| #define HAVE_EXECINFO_H 1
| #define HAVE_SYS_SENDFILE_H 1
| #define HAVE_POLL_H 1
| #define HAVE_SYS_POLL_H 1
| #define HAVE_STROPTS_H 1
| #define HAVE_SYS_IOCTL_H 1
| #define HAVE_IFADDRS_H 1
| #define HAVE_NETINET_IN_H 1
| #define HAVE_SYS_SYSCTL_H 1
| /* end confdefs.h.  */
| #include <sys/random.h>
configure:12462: result: no
configure:12462: checking for sys/random.h
configure:12462: result: no
configure:12462: checking sys/protosw.h usability
configure:12462: gcc -c -g -O2  conftest.c >&5
conftest.c:86:25: error: sys/protosw.h: No such file or directory
configure:12462: $? = 1
configure: failed program was:
| /* confdefs.h */
| #define PACKAGE_NAME "libmonit"
| #define PACKAGE_TARNAME "libmonit"
| #define PACKAGE_VERSION "1.0"
| #define PACKAGE_STRING "libmonit 1.0"
| #define PACKAGE_BUGREPORT "monit-dev@tildeslash.com"
| #define PACKAGE_URL ""
| #define PACKAGE "libmonit"
| #define VERSION "1.0"
| #define STDC_HEADERS 1
| #define HAVE_SYS_TYPES_H 1
| #define HAVE_SYS_STAT_H 1
| #define HAVE_STDLIB_H 1
| #define HAVE_STRING_H 1
| #define HAVE_MEMORY_H 1
| #define HAVE_STRINGS_H 1
| #define HAVE_INTTYPES_H 1
| #define HAVE_STDINT_H 1
| #define HAVE_UNISTD_H 1
| #define HAVE_DLFCN_H 1
| #define LT_OBJDIR ".libs/"
| #define HAVE_LIBZ 1
| #define HAVE_ZLIB_H 1
| #define HAVE_LIBPTHREAD 1
| #define HAVE_LIBM 1
| #define STDC_HEADERS 1
| #define HAVE_CTYPE_H 1
| #define HAVE_ERRNO_H 1
| #define HAVE_FCNTL_H 1
| #define HAVE_LIMITS_H 1
| #define HAVE_PTHREAD_H 1
| #define HAVE_SETJMP_H 1
| #define HAVE_SIGNAL_H 1
| #define HAVE_STDARG_H 1
| #define HAVE_STDIO_H 1
| #define HAVE_STRING_H 1
| #define HAVE_STRING_H 1
| #define HAVE_STRINGS_H 1
| #define HAVE_SYS_SOCKET_H 1
| #define HAVE_SYS_TIME_H 1
| #define HAVE_SYS_TYPES_H 1
| #define HAVE_UNISTD_H 1
| #define HAVE_EXECINFO_H 1
| #define HAVE_SYS_SENDFILE_H 1
| #define HAVE_POLL_H 1
| #define HAVE_SYS_POLL_H 1
| #define HAVE_STROPTS_H 1
| #define HAVE_SYS_IOCTL_H 1
| #define HAVE_IFADDRS_H 1
| #define HAVE_NETINET_IN_H 1
| #define HAVE_SYS_SYSCTL_H 1
| /* end confdefs.h.  */
| #include <stdio.h>
| #ifdef HAVE_SYS_TYPES_H
| # include <sys/types.h>
| #endif
| #ifdef HAVE_SYS_STAT_H
| # include <sys/stat.h>
| #endif
| #ifdef STDC_HEADERS
| # include <stdlib.h>
| # include <stddef.h>
| #else
| # ifdef HAVE_STDLIB_H
| #  include <stdlib.h>
| # endif
| #endif
| #ifdef HAVE_STRING_H
| # if !defined STDC_HEADERS && defined HAVE_MEMORY_H
| #  include <memory.h>
| # endif
| # include <string.h>
| #endif
| #ifdef HAVE_STRINGS_H
| # include <strings.h>
| #endif
| #ifdef HAVE_INTTYPES_H
| # include <inttypes.h>
| #endif
| #ifdef HAVE_STDINT_H
| # include <stdint.h>
| #endif
| #ifdef HAVE_UNISTD_H
| # include <unistd.h>
| #endif
| #include <sys/protosw.h>
configure:12462: result: no
configure:12462: checking sys/protosw.h presence
configure:12462: gcc -E  conftest.c
conftest.c:53:25: error: sys/protosw.h: No such file or directory
configure:12462: $? = 1
configure: failed program was:
| /* confdefs.h */
| #define PACKAGE_NAME "libmonit"
| #define PACKAGE_TARNAME "libmonit"
| #define PACKAGE_VERSION "1.0"
| #define PACKAGE_STRING "libmonit 1.0"
| #define PACKAGE_BUGREPORT "monit-dev@tildeslash.com"
| #define PACKAGE_URL ""
| #define PACKAGE "libmonit"
| #define VERSION "1.0"
| #define STDC_HEADERS 1
| #define HAVE_SYS_TYPES_H 1
| #define HAVE_SYS_STAT_H 1
| #define HAVE_STDLIB_H 1
| #define HAVE_STRING_H 1
| #define HAVE_MEMORY_H 1
| #define HAVE_STRINGS_H 1
| #define HAVE_INTTYPES_H 1
| #define HAVE_STDINT_H 1
| #define HAVE_UNISTD_H 1
| #define HAVE_DLFCN_H 1
| #define LT_OBJDIR ".libs/"
| #define HAVE_LIBZ 1
| #define HAVE_ZLIB_H 1
| #define HAVE_LIBPTHREAD 1
| #define HAVE_LIBM 1
| #define STDC_HEADERS 1
| #define HAVE_CTYPE_H 1
| #define HAVE_ERRNO_H 1
| #define HAVE_FCNTL_H 1
| #define HAVE_LIMITS_H 1
| #define HAVE_PTHREAD_H 1
| #define HAVE_SETJMP_H 1
| #define HAVE_SIGNAL_H 1
| #define HAVE_STDARG_H 1
| #define HAVE_STDIO_H 1
| #define HAVE_STRING_H 1
| #define HAVE_STRING_H 1
| #define HAVE_STRINGS_H 1
| #define HAVE_SYS_SOCKET_H 1
| #define HAVE_SYS_TIME_H 1
| #define HAVE_SYS_TYPES_H 1
| #define HAVE_UNISTD_H 1
| #define HAVE_EXECINFO_H 1
| #define HAVE_SYS_SENDFILE_H 1
| #define HAVE_POLL_H 1
| #define HAVE_SYS_POLL_H 1
| #define HAVE_STROPTS_H 1
| #define HAVE_SYS_IOCTL_H 1
| #define HAVE_IFADDRS_H 1
| #define HAVE_NETINET_IN_H 1
| #define HAVE_SYS_SYSCTL_H 1
| /* end confdefs.h.  */
| #include <sys/protosw.h>
configure:12462: result: no
configure:12462: checking for sys/protosw.h
configure:12462: result: no
configure:12462: checking mach/boolean.h usability
configure:12462: gcc -c -g -O2  conftest.c >&5
conftest.c:86:26: error: mach/boolean.h: No such file or directory
configure:12462: $? = 1
configure: failed program was:
| /* confdefs.h */
| #define PACKAGE_NAME "libmonit"
| #define PACKAGE_TARNAME "libmonit"
| #define PACKAGE_VERSION "1.0"
| #define PACKAGE_STRING "libmonit 1.0"
| #define PACKAGE_BUGREPORT "monit-dev@tildeslash.com"
| #define PACKAGE_URL ""
| #define PACKAGE "libmonit"
| #define VERSION "1.0"
| #define STDC_HEADERS 1
| #define HAVE_SYS_TYPES_H 1
| #define HAVE_SYS_STAT_H 1
| #define HAVE_STDLIB_H 1
| #define HAVE_STRING_H 1
| #define HAVE_MEMORY_H 1
| #define HAVE_STRINGS_H 1
| #define HAVE_INTTYPES_H 1
| #define HAVE_STDINT_H 1
| #define HAVE_UNISTD_H 1
| #define HAVE_DLFCN_H 1
| #define LT_OBJDIR ".libs/"
| #define HAVE_LIBZ 1
| #define HAVE_ZLIB_H 1
| #define HAVE_LIBPTHREAD 1
| #define HAVE_LIBM 1
| #define STDC_HEADERS 1
| #define HAVE_CTYPE_H 1
| #define HAVE_ERRNO_H 1
| #define HAVE_FCNTL_H 1
| #define HAVE_LIMITS_H 1
| #define HAVE_PTHREAD_H 1
| #define HAVE_SETJMP_H 1
| #define HAVE_SIGNAL_H 1
| #define HAVE_STDARG_H 1
| #define HAVE_STDIO_H 1
| #define HAVE_STRING_H 1
| #define HAVE_STRING_H 1
| #define HAVE_STRINGS_H 1
| #define HAVE_SYS_SOCKET_H 1
| #define HAVE_SYS_TIME_H 1
| #define HAVE_SYS_TYPES_H 1
| #define HAVE_UNISTD_H 1
| #define HAVE_EXECINFO_H 1
| #define HAVE_SYS_SENDFILE_H 1
| #define HAVE_POLL_H 1
| #define HAVE_SYS_POLL_H 1
| #define HAVE_STROPTS_H 1
| #define HAVE_SYS_IOCTL_H 1
| #define HAVE_IFADDRS_H 1
| #define HAVE_NETINET_IN_H 1
| #define HAVE_SYS_SYSCTL_H 1
| /* end confdefs.h.  */
| #include <stdio.h>
| #ifdef HAVE_SYS_TYPES_H
| # include <sys/types.h>
| #endif
| #ifdef HAVE_SYS_STAT_H
| # include <sys/stat.h>
| #endif
| #ifdef STDC_HEADERS
| # include <stdlib.h>
| # include <stddef.h>
| #else
| # ifdef HAVE_STDLIB_H
| #  include <stdlib.h>
| # endif
| #endif
| #ifdef HAVE_STRING_H
| # if !defined STDC_HEADERS && defined HAVE_MEMORY_H
| #  include <memory.h>
| # endif
| # include <string.h>
| #endif
| #ifdef HAVE_STRINGS_H
| # include <strings.h>
| #endif
| #ifdef HAVE_INTTYPES_H
| # include <inttypes.h>
| #endif
| #ifdef HAVE_STDINT_H
| # include <stdint.h>
| #endif
| #ifdef HAVE_UNISTD_H
| # include <unistd.h>
| #endif
| #include <mach/boolean.h>
configure:12462: result: no
configure:12462: checking mach/boolean.h presence
configure:12462: gcc -E  conftest.c
conftest.c:53:26: error: mach/boolean.h: No such file or directory
configure:12462: $? = 1
configure: failed program was:
| /* confdefs.h */
| #define PACKAGE_NAME "libmonit"
| #define PACKAGE_TARNAME "libmonit"
| #define PACKAGE_VERSION "1.0"
| #define PACKAGE_STRING "libmonit 1.0"
| #define PACKAGE_BUGREPORT "monit-dev@tildeslash.com"
| #define PACKAGE_URL ""
| #define PACKAGE "libmonit"
| #define VERSION "1.0"
| #define STDC_HEADERS 1
| #define HAVE_SYS_TYPES_H 1
| #define HAVE_SYS_STAT_H 1
| #define HAVE_STDLIB_H 1
| #define HAVE_STRING_H 1
| #define HAVE_MEMORY_H 1
| #define HAVE_STRINGS_H 1
| #define HAVE_INTTYPES_H 1
| #define HAVE_STDINT_H 1
| #define HAVE_UNISTD_H 1
| #define HAVE_DLFCN_H 1
| #define LT_OBJDIR ".libs/"
| #define HAVE_LIBZ 1
| #define HAVE_ZLIB_H 1
| #define HAVE_LIBPTHREAD 1
| #define HAVE_LIBM 1
| #define STDC_HEADERS 1
| #define HAVE_CTYPE_H 1
| #define HAVE_ERRNO_H 1
| #define HAVE_FCNTL_H 1
| #define HAVE_LIMITS_H 1
| #define HAVE_PTHREAD_H 1
| #define HAVE_SETJMP_H 1
| #define HAVE_SIGNAL_H 1
| #define HAVE_STDARG_H 1
| #define HAVE_STDIO_H 1
| #define HAVE_STRING_H 1
| #define HAVE_STRING_H 1
| #define HAVE_STRINGS_H 1
| #define HAVE_SYS_SOCKET_H 1
| #define HAVE_SYS_TIME_H 1
| #define HAVE_SYS_TYPES_H 1
| #define HAVE_UNISTD_H 1
| #define HAVE_EXECINFO_H 1
| #define HAVE_SYS_SENDFILE_H 1
| #define HAVE_POLL_H 1
| #define HAVE_SYS_POLL_H 1
| #define HAVE_STROPTS_H 1
| #define HAVE_SYS_IOCTL_H 1
| #define HAVE_IFADDRS_H 1
| #define HAVE_NETINET_IN_H 1
| #define HAVE_SYS_SYSCTL_H 1
| /* end confdefs.h.  */
| #include <mach/boolean.h>
configure:12462: result: no
configure:12462: checking for mach/boolean.h
configure:12462: result: no
configure:12462: checking uvm/uvm_param.h usability
configure:12462: gcc -c -g -O2  conftest.c >&5
conftest.c:86:27: error: uvm/uvm_param.h: No such file or directory
configure:12462: $? = 1
configure: failed program was:
| /* confdefs.h */
| #define PACKAGE_NAME "libmonit"
| #define PACKAGE_TARNAME "libmonit"
| #define PACKAGE_VERSION "1.0"
| #define PACKAGE_STRING "libmonit 1.0"
| #define PACKAGE_BUGREPORT "monit-dev@tildeslash.com"
| #define PACKAGE_URL ""
| #define PACKAGE "libmonit"
| #define VERSION "1.0"
| #define STDC_HEADERS 1
| #define HAVE_SYS_TYPES_H 1
| #define HAVE_SYS_STAT_H 1
| #define HAVE_STDLIB_H 1
| #define HAVE_STRING_H 1
| #define HAVE_MEMORY_H 1
| #define HAVE_STRINGS_H 1
| #define HAVE_INTTYPES_H 1
| #define HAVE_STDINT_H 1
| #define HAVE_UNISTD_H 1
| #define HAVE_DLFCN_H 1
| #define LT_OBJDIR ".libs/"
| #define HAVE_LIBZ 1
| #define HAVE_ZLIB_H 1
| #define HAVE_LIBPTHREAD 1
| #define HAVE_LIBM 1
| #define STDC_HEADERS 1
| #define HAVE_CTYPE_H 1
| #define HAVE_ERRNO_H 1
| #define HAVE_FCNTL_H 1
| #define HAVE_LIMITS_H 1
| #define HAVE_PTHREAD_H 1
| #define HAVE_SETJMP_H 1
| #define HAVE_SIGNAL_H 1
| #define HAVE_STDARG_H 1
| #define HAVE_STDIO_H 1
| #define HAVE_STRING_H 1
| #define HAVE_STRING_H 1
| #define HAVE_STRINGS_H 1
| #define HAVE_SYS_SOCKET_H 1
| #define HAVE_SYS_TIME_H 1
| #define HAVE_SYS_TYPES_H 1
| #define HAVE_UNISTD_H 1
| #define HAVE_EXECINFO_H 1
| #define HAVE_SYS_SENDFILE_H 1
| #define HAVE_POLL_H 1
| #define HAVE_SYS_POLL_H 1
| #define HAVE_STROPTS_H 1
| #define HAVE_SYS_IOCTL_H 1
| #define HAVE_IFADDRS_H 1
| #define HAVE_NETINET_IN_H 1
| #define HAVE_SYS_SYSCTL_H 1
| /* end confdefs.h.  */
| #include <stdio.h>
| #ifdef HAVE_SYS_TYPES_H
| # include <sys/types.h>
| #endif
| #ifdef HAVE_SYS_STAT_H
| # include <sys/stat.h>
| #endif
| #ifdef STDC_HEADERS
| # include <stdlib.h>
| # include <stddef.h>
| #else
| # ifdef HAVE_STDLIB_H
| #  include <stdlib.h>
| # endif
| #endif
| #ifdef HAVE_STRING_H
| # if !defined STDC_HEADERS && defined HAVE_MEMORY_H
| #  include <memory.h>
| # endif
| # include <string.h>
| #endif
| #ifdef HAVE_STRINGS_H
| # include <strings.h>
| #endif
| #ifdef HAVE_INTTYPES_H
| # include <inttypes.h>
| #endif
| #ifdef HAVE_STDINT_H
| # include <stdint.h>
| #endif
| #ifdef HAVE_UNISTD_H
| # include <unistd.h>
| #endif
| #include <uvm/uvm_param.h>
configure:12462: result: no
configure:12462: checking uvm/uvm_param.h presence
configure:12462: gcc -E  conftest.c
conftest.c:53:27: error: uvm/uvm_param.h: No such file or directory
configure:12462: $? = 1
configure: failed program was:
| /* confdefs.h */
| #define PACKAGE_NAME "libmonit"
| #define PACKAGE_TARNAME "libmonit"
| #define PACKAGE_VERSION "1.0"
| #define PACKAGE_STRING "libmonit 1.0"
| #define PACKAGE_BUGREPORT "monit-dev@tildeslash.com"
| #define PACKAGE_URL ""
| #define PACKAGE "libmonit"
| #define VERSION "1.0"
| #define STDC_HEADERS 1
| #define HAVE_SYS_TYPES_H 1
| #define HAVE_SYS_STAT_H 1
| #define HAVE_STDLIB_H 1
| #define HAVE_STRING_H 1
| #define HAVE_MEMORY_H 1
| #define HAVE_STRINGS_H 1
| #define HAVE_INTTYPES_H 1
| #define HAVE_STDINT_H 1
| #define HAVE_UNISTD_H 1
| #define HAVE_DLFCN_H 1
| #define LT_OBJDIR ".libs/"
| #define HAVE_LIBZ 1
| #define HAVE_ZLIB_H 1
| #define HAVE_LIBPTHREAD 1
| #define HAVE_LIBM 1
| #define STDC_HEADERS 1
| #define HAVE_CTYPE_H 1
| #define HAVE_ERRNO_H 1
| #define HAVE_FCNTL_H 1
| #define HAVE_LIMITS_H 1
| #define HAVE_PTHREAD_H 1
| #define HAVE_SETJMP_H 1
| #define HAVE_SIGNAL_H 1
| #define HAVE_STDARG_H 1
| #define HAVE_STDIO_H 1
| #define HAVE_STRING_H 1
| #define HAVE_STRING_H 1
| #define HAVE_STRINGS_H 1
| #define HAVE_SYS_SOCKET_H 1
| #define HAVE_SYS_TIME_H 1
| #define HAVE_SYS_TYPES_H 1
| #define HAVE_UNISTD_H 1
| #define HAVE_EXECINFO_H 1
| #define HAVE_SYS_SENDFILE_H 1
| #define HAVE_POLL_H 1
| #define HAVE_SYS_POLL_H 1
| #define HAVE_STROPTS_H 1
| #define HAVE_SYS_IOCTL_H 1
| #define HAVE_IFADDRS_H 1
| #define HAVE_NETINET_IN_H 1
| #define HAVE_SYS_SYSCTL_H 1
| /* end confdefs.h.  */
| #include <uvm/uvm_param.h>
configure:12462: result: no
configure:12462: checking for uvm/uvm_param.h
configure:12462: result: no
configure:12475: checking for net/if.h
configure:12475: gcc -c -g -O2  conftest.c >&5
configure:12475: $? = 0
configure:12475: result: yes
configure:12475: checking for net/route.h
configure:12475: gcc -c -g -O2  conftest.c >&5
configure:12475: $? = 0
configure:12475: result: yes
configure:12507: checking for libperfstat.h
configure:12507: gcc -c -g -O2  conftest.c >&5
conftest.c:61:25: error: libperfstat.h: No such file or directory
configure:12507: $? = 1
configure: failed program was:
| /* confdefs.h */
| #define PACKAGE_NAME "libmonit"
| #define PACKAGE_TARNAME "libmonit"
| #define PACKAGE_VERSION "1.0"
| #define PACKAGE_STRING "libmonit 1.0"
| #define PACKAGE_BUGREPORT "monit-dev@tildeslash.com"
| #define PACKAGE_URL ""
| #define PACKAGE "libmonit"
| #define VERSION "1.0"
| #define STDC_HEADERS 1
| #define HAVE_SYS_TYPES_H 1
| #define HAVE_SYS_STAT_H 1
| #define HAVE_STDLIB_H 1
| #define HAVE_STRING_H 1
| #define HAVE_MEMORY_H 1
| #define HAVE_STRINGS_H 1
| #define HAVE_INTTYPES_H 1
| #define HAVE_STDINT_H 1
| #define HAVE_UNISTD_H 1
| #define HAVE_DLFCN_H 1
| #define LT_OBJDIR ".libs/"
| #define HAVE_LIBZ 1
| #define HAVE_ZLIB_H 1
| #define HAVE_LIBPTHREAD 1
| #define HAVE_LIBM 1
| #define STDC_HEADERS 1
| #define HAVE_CTYPE_H 1
| #define HAVE_ERRNO_H 1
| #define HAVE_FCNTL_H 1
| #define HAVE_LIMITS_H 1
| #define HAVE_PTHREAD_H 1
| #define HAVE_SETJMP_H 1
| #define HAVE_SIGNAL_H 1
| #define HAVE_STDARG_H 1
| #define HAVE_STDIO_H 1
| #define HAVE_STRING_H 1
| #define HAVE_STRING_H 1
| #define HAVE_STRINGS_H 1
| #define HAVE_SYS_SOCKET_H 1
| #define HAVE_SYS_TIME_H 1
| #define HAVE_SYS_TYPES_H 1
| #define HAVE_UNISTD_H 1
| #define HAVE_EXECINFO_H 1
| #define HAVE_SYS_SENDFILE_H 1
| #define HAVE_POLL_H 1
| #define HAVE_SYS_POLL_H 1
| #define HAVE_STROPTS_H 1
| #define HAVE_SYS_IOCTL_H 1
| #define HAVE_IFADDRS_H 1
| #define HAVE_NETINET_IN_H 1
| #define HAVE_SYS_SYSCTL_H 1
| #define HAVE_NET_IF_H 1
| #define HAVE_NET_ROUTE_H 1
| /* end confdefs.h.  */
| 
|          #ifdef HAVE_SYS_PROTOSW_H
|          #include <sys/protosw.h>
|          #endif
| 
| 
| #include <libperfstat.h>
configure:12507: result: no
configure:12527: checking for boolean_t
configure:12527: gcc -c -g -O2  conftest.c >&5
conftest.c: In function 'main':
conftest.c:70: error: 'boolean_t' undeclared (first use in this function)
conftest.c:70: error: (Each undeclared identifier is reported only once
conftest.c:70: error: for each function it appears in.)
configure:12527: $? = 1
configure: failed program was:
| /* confdefs.h */
| #define PACKAGE_NAME "libmonit"
| #define PACKAGE_TARNAME "libmonit"
| #define PACKAGE_VERSION "1.0"
| #define PACKAGE_STRING "libmonit 1.0"
| #define PACKAGE_BUGREPORT "monit-dev@tildeslash.com"
| #define PACKAGE_URL ""
| #define PACKAGE "libmonit"
| #define VERSION "1.0"
| #define STDC_HEADERS 1
| #define HAVE_SYS_TYPES_H 1
| #define HAVE_SYS_STAT_H 1
| #define HAVE_STDLIB_H 1
| #define HAVE_STRING_H 1
| #define HAVE_MEMORY_H 1
| #define HAVE_STRINGS_H 1
| #define HAVE_INTTYPES_H 1
| #define HAVE_STDINT_H 1
| #define HAVE_UNISTD_H 1
| #define HAVE_DLFCN_H 1
| #define LT_OBJDIR ".libs/"
| #define HAVE_LIBZ 1
| #define HAVE_ZLIB_H 1
| #define HAVE_LIBPTHREAD 1
| #define HAVE_LIBM 1
| #define STDC_HEADERS 1
| #define HAVE_CTYPE_H 1
| #define HAVE_ERRNO_H 1
| #define HAVE_FCNTL_H 1
| #define HAVE_LIMITS_H 1
| #define HAVE_PTHREAD_H 1
| #define HAVE_SETJMP_H 1
| #define HAVE_SIGNAL_H 1
| #define HAVE_STDARG_H 1
| #define HAVE_STDIO_H 1
| #define HAVE_STRING_H 1
| #define HAVE_STRING_H 1
| #define HAVE_STRINGS_H 1
| #define HAVE_SYS_SOCKET_H 1
| #define HAVE_SYS_TIME_H 1
| #define HAVE_SYS_TYPES_H 1
| #define HAVE_UNISTD_H 1
| #define HAVE_EXECINFO_H 1
| #define HAVE_SYS_SENDFILE_H 1
| #define HAVE_POLL_H 1
| #define HAVE_SYS_POLL_H 1
| #define HAVE_STROPTS_H 1
| #define HAVE_SYS_IOCTL_H 1
| #define HAVE_IFADDRS_H 1
| #define HAVE_NETINET_IN_H 1
| #define HAVE_SYS_SYSCTL_H 1
| #define HAVE_NET_IF_H 1
| #define HAVE_NET_ROUTE_H 1
| /* end confdefs.h.  */
| 
|          #ifdef HAVE_SYS_TYPES_H
|          #include <sys/types.h>
|          #endif
|          #ifdef HAVE_MACH_BOOLEAN_H
|          #include <mach/boolean.h>
|          #endif
|          #ifdef HAVE_UVM_UVM_PARAM_H
|          #include <uvm/uvm_param.h>
|          #endif
| 
| 
| int
| main ()
| {
| if (sizeof (boolean_t))
| 	 return 0;
|   ;
|   return 0;
| }
configure:12527: result: no
configure:12548: checking for uchar_t
configure:12548: gcc -c -g -O2  conftest.c >&5
conftest.c: In function 'main':
conftest.c:91: error: 'uchar_t' undeclared (first use in this function)
conftest.c:91: error: (Each undeclared identifier is reported only once
conftest.c:91: error: for each function it appears in.)
configure:12548: $? = 1
configure: failed program was:
| /* confdefs.h */
| #define PACKAGE_NAME "libmonit"
| #define PACKAGE_TARNAME "libmonit"
| #define PACKAGE_VERSION "1.0"
| #define PACKAGE_STRING "libmonit 1.0"
| #define PACKAGE_BUGREPORT "monit-dev@tildeslash.com"
| #define PACKAGE_URL ""
| #define PACKAGE "libmonit"
| #define VERSION "1.0"
| #define STDC_HEADERS 1
| #define HAVE_SYS_TYPES_H 1
| #define HAVE_SYS_STAT_H 1
| #define HAVE_STDLIB_H 1
| #define HAVE_STRING_H 1
| #define HAVE_MEMORY_H 1
| #define HAVE_STRINGS_H 1
| #define HAVE_INTTYPES_H 1
| #define HAVE_STDINT_H 1
| #define HAVE_UNISTD_H 1
| #define HAVE_DLFCN_H 1
| #define LT_OBJDIR ".libs/"
| #define HAVE_LIBZ 1
| #define HAVE_ZLIB_H 1
| #define HAVE_LIBPTHREAD 1
| #define HAVE_LIBM 1
| #define STDC_HEADERS 1
| #define HAVE_CTYPE_H 1
| #define HAVE_ERRNO_H 1
| #define HAVE_FCNTL_H 1
| #define HAVE_LIMITS_H 1
| #define HAVE_PTHREAD_H 1
| #define HAVE_SETJMP_H 1
| #define HAVE_SIGNAL_H 1
| #define HAVE_STDARG_H 1
| #define HAVE_STDIO_H 1
| #define HAVE_STRING_H 1
| #define HAVE_STRING_H 1
| #define HAVE_STRINGS_H 1
| #define HAVE_SYS_SOCKET_H 1
| #define HAVE_SYS_TIME_H 1
| #define HAVE_SYS_TYPES_H 1
| #define HAVE_UNISTD_H 1
| #define HAVE_EXECINFO_H 1
| #define HAVE_SYS_SENDFILE_H 1
| #define HAVE_POLL_H 1
| #define HAVE_SYS_POLL_H 1
| #define HAVE_STROPTS_H 1
| #define HAVE_SYS_IOCTL_H 1
| #define HAVE_IFADDRS_H 1
| #define HAVE_NETINET_IN_H 1
| #define HAVE_SYS_SYSCTL_H 1
| #define HAVE_NET_IF_H 1
| #define HAVE_NET_ROUTE_H 1
| /* end confdefs.h.  */
| #include <stdio.h>
| #ifdef HAVE_SYS_TYPES_H
| # include <sys/types.h>
| #endif
| #ifdef HAVE_SYS_STAT_H
| # include <sys/stat.h>
| #endif
| #ifdef STDC_HEADERS
| # include <stdlib.h>
| # include <stddef.h>
| #else
| # ifdef HAVE_STDLIB_H
| #  include <stdlib.h>
| # endif
| #endif
| #ifdef HAVE_STRING_H
| # if !defined STDC_HEADERS && defined HAVE_MEMORY_H
| #  include <memory.h>
| # endif
| # include <string.h>
| #endif
| #ifdef HAVE_STRINGS_H
| # include <strings.h>
| #endif
| #ifdef HAVE_INTTYPES_H
| # include <inttypes.h>
| #endif
| #ifdef HAVE_STDINT_H
| # include <stdint.h>
| #endif
| #ifdef HAVE_UNISTD_H
| # include <unistd.h>
| #endif
| int
| main ()
| {
| if (sizeof (uchar_t))
| 	 return 0;
|   ;
|   return 0;
| }
configure:12548: result: no
configure:12558: checking for uint32_t
configure:12558: gcc -c -g -O2  conftest.c >&5
configure:12558: $? = 0
configure:12558: gcc -c -g -O2  conftest.c >&5
conftest.c: In function 'main':
conftest.c:91: error: expected expression before ')' token
configure:12558: $? = 1
configure: failed program was:
| /* confdefs.h */
| #define PACKAGE_NAME "libmonit"
| #define PACKAGE_TARNAME "libmonit"
| #define PACKAGE_VERSION "1.0"
| #define PACKAGE_STRING "libmonit 1.0"
| #define PACKAGE_BUGREPORT "monit-dev@tildeslash.com"
| #define PACKAGE_URL ""
| #define PACKAGE "libmonit"
| #define VERSION "1.0"
| #define STDC_HEADERS 1
| #define HAVE_SYS_TYPES_H 1
| #define HAVE_SYS_STAT_H 1
| #define HAVE_STDLIB_H 1
| #define HAVE_STRING_H 1
| #define HAVE_MEMORY_H 1
| #define HAVE_STRINGS_H 1
| #define HAVE_INTTYPES_H 1
| #define HAVE_STDINT_H 1
| #define HAVE_UNISTD_H 1
| #define HAVE_DLFCN_H 1
| #define LT_OBJDIR ".libs/"
| #define HAVE_LIBZ 1
| #define HAVE_ZLIB_H 1
| #define HAVE_LIBPTHREAD 1
| #define HAVE_LIBM 1
| #define STDC_HEADERS 1
| #define HAVE_CTYPE_H 1
| #define HAVE_ERRNO_H 1
| #define HAVE_FCNTL_H 1
| #define HAVE_LIMITS_H 1
| #define HAVE_PTHREAD_H 1
| #define HAVE_SETJMP_H 1
| #define HAVE_SIGNAL_H 1
| #define HAVE_STDARG_H 1
| #define HAVE_STDIO_H 1
| #define HAVE_STRING_H 1
| #define HAVE_STRING_H 1
| #define HAVE_STRINGS_H 1
| #define HAVE_SYS_SOCKET_H 1
| #define HAVE_SYS_TIME_H 1
| #define HAVE_SYS_TYPES_H 1
| #define HAVE_UNISTD_H 1
| #define HAVE_EXECINFO_H 1
| #define HAVE_SYS_SENDFILE_H 1
| #define HAVE_POLL_H 1
| #define HAVE_SYS_POLL_H 1
| #define HAVE_STROPTS_H 1
| #define HAVE_SYS_IOCTL_H 1
| #define HAVE_IFADDRS_H 1
| #define HAVE_NETINET_IN_H 1
| #define HAVE_SYS_SYSCTL_H 1
| #define HAVE_NET_IF_H 1
| #define HAVE_NET_ROUTE_H 1
| /* end confdefs.h.  */
| #include <stdio.h>
| #ifdef HAVE_SYS_TYPES_H
| # include <sys/types.h>
| #endif
| #ifdef HAVE_SYS_STAT_H
| # include <sys/stat.h>
| #endif
| #ifdef STDC_HEADERS
| # include <stdlib.h>
| # include <stddef.h>
| #else
| # ifdef HAVE_STDLIB_H
| #  include <stdlib.h>
| # endif
| #endif
| #ifdef HAVE_STRING_H
| # if !defined STDC_HEADERS && defined HAVE_MEMORY_H
| #  include <memory.h>
| # endif
| # include <string.h>
| #endif
| #ifdef HAVE_STRINGS_H
| # include <strings.h>
| #endif
| #ifdef HAVE_INTTYPES_H
| # include <inttypes.h>
| #endif
| #ifdef HAVE_STDINT_H
| # include <stdint.h>
| #endif
| #ifdef HAVE_UNISTD_H
| # include <unistd.h>
| #endif
| int
| main ()
| {
| if (sizeof ((uint32_t)))
| 	    return 0;
|   ;
|   return 0;
| }
configure:12558: result: yes
configure:12574: checking setjmp is available
configure:12593: gcc -o conftest -g -O2   conftest.c -lm -lpthread -lz  >&5
configure:12593: $? = 0
configure:12593: ./conftest
configure:12593: $? = 0
configure:12594: result: yes
configure:12607: result: 
configure:12611: checking vsnprintf is c99 conformant
configure:12631: gcc -o conftest -g -O2   conftest.c -lm -lpthread -lz  >&5
configure:12631: $? = 0
configure:12631: ./conftest
configure:12631: $? = 0
configure:12632: result: yes
configure:12645: result: 
configure:12650: checking for timegm
configure:12650: gcc -o conftest -g -O2   conftest.c -lm -lpthread -lz  >&5
configure:12650: $? = 0
configure:12650: result: yes
configure:12663: checking for getrandom
configure:12663: gcc -o conftest -g -O2   conftest.c -lm -lpthread -lz  >&5
/tmp/cczuJGUM.o: In function `main':
/root/rtu/monit-5.25.2/libmonit/conftest.c:91: undefined reference to `getrandom'
collect2: ld returned 1 exit status
configure:12663: $? = 1
configure: failed program was:
| /* confdefs.h */
| #define PACKAGE_NAME "libmonit"
| #define PACKAGE_TARNAME "libmonit"
| #define PACKAGE_VERSION "1.0"
| #define PACKAGE_STRING "libmonit 1.0"
| #define PACKAGE_BUGREPORT "monit-dev@tildeslash.com"
| #define PACKAGE_URL ""
| #define PACKAGE "libmonit"
| #define VERSION "1.0"
| #define STDC_HEADERS 1
| #define HAVE_SYS_TYPES_H 1
| #define HAVE_SYS_STAT_H 1
| #define HAVE_STDLIB_H 1
| #define HAVE_STRING_H 1
| #define HAVE_MEMORY_H 1
| #define HAVE_STRINGS_H 1
| #define HAVE_INTTYPES_H 1
| #define HAVE_STDINT_H 1
| #define HAVE_UNISTD_H 1
| #define HAVE_DLFCN_H 1
| #define LT_OBJDIR ".libs/"
| #define HAVE_LIBZ 1
| #define HAVE_ZLIB_H 1
| #define HAVE_LIBPTHREAD 1
| #define HAVE_LIBM 1
| #define STDC_HEADERS 1
| #define HAVE_CTYPE_H 1
| #define HAVE_ERRNO_H 1
| #define HAVE_FCNTL_H 1
| #define HAVE_LIMITS_H 1
| #define HAVE_PTHREAD_H 1
| #define HAVE_SETJMP_H 1
| #define HAVE_SIGNAL_H 1
| #define HAVE_STDARG_H 1
| #define HAVE_STDIO_H 1
| #define HAVE_STRING_H 1
| #define HAVE_STRING_H 1
| #define HAVE_STRINGS_H 1
| #define HAVE_SYS_SOCKET_H 1
| #define HAVE_SYS_TIME_H 1
| #define HAVE_SYS_TYPES_H 1
| #define HAVE_UNISTD_H 1
| #define HAVE_EXECINFO_H 1
| #define HAVE_SYS_SENDFILE_H 1
| #define HAVE_POLL_H 1
| #define HAVE_SYS_POLL_H 1
| #define HAVE_STROPTS_H 1
| #define HAVE_SYS_IOCTL_H 1
| #define HAVE_IFADDRS_H 1
| #define HAVE_NETINET_IN_H 1
| #define HAVE_SYS_SYSCTL_H 1
| #define HAVE_NET_IF_H 1
| #define HAVE_NET_ROUTE_H 1
| #define HAVE_UINT32_T 1
| #define HAVE_TIMEGM 1
| /* end confdefs.h.  */
| /* Define getrandom to an innocuous variant, in case <limits.h> declares getrandom.
|    For example, HP-UX 11i <limits.h> declares gettimeofday.  */
| #define getrandom innocuous_getrandom
| 
| /* System header to define __stub macros and hopefully few prototypes,
|     which can conflict with char getrandom (); below.
|     Prefer <limits.h> to <assert.h> if __STDC__ is defined, since
|     <limits.h> exists even on freestanding compilers.  */
| 
| #ifdef __STDC__
| # include <limits.h>
| #else
| # include <assert.h>
| #endif
| 
| #undef getrandom
| 
| /* Override any GCC internal prototype to avoid an error.
|    Use char because int might match the return type of a GCC
|    builtin and then its argument prototype would still apply.  */
| #ifdef __cplusplus
| extern "C"
| #endif
| char getrandom ();
| /* The GNU C library defines this for functions which it implements
|     to always fail with ENOSYS.  Some functions are actually named
|     something starting with __ and the normal name is an alias.  */
| #if defined __stub_getrandom || defined __stub___getrandom
| choke me
| #endif
| 
| int
| main ()
| {
| return getrandom ();
|   ;
|   return 0;
| }
configure:12663: result: no
configure:12674: checking for arc4random_buf
configure:12674: gcc -o conftest -g -O2   conftest.c -lm -lpthread -lz  >&5
/tmp/ccDXDq3R.o: In function `main':
/root/rtu/monit-5.25.2/libmonit/conftest.c:91: undefined reference to `arc4random_buf'
collect2: ld returned 1 exit status
configure:12674: $? = 1
configure: failed program was:
| /* confdefs.h */
| #define PACKAGE_NAME "libmonit"
| #define PACKAGE_TARNAME "libmonit"
| #define PACKAGE_VERSION "1.0"
| #define PACKAGE_STRING "libmonit 1.0"
| #define PACKAGE_BUGREPORT "monit-dev@tildeslash.com"
| #define PACKAGE_URL ""
| #define PACKAGE "libmonit"
| #define VERSION "1.0"
| #define STDC_HEADERS 1
| #define HAVE_SYS_TYPES_H 1
| #define HAVE_SYS_STAT_H 1
| #define HAVE_STDLIB_H 1
| #define HAVE_STRING_H 1
| #define HAVE_MEMORY_H 1
| #define HAVE_STRINGS_H 1
| #define HAVE_INTTYPES_H 1
| #define HAVE_STDINT_H 1
| #define HAVE_UNISTD_H 1
| #define HAVE_DLFCN_H 1
| #define LT_OBJDIR ".libs/"
| #define HAVE_LIBZ 1
| #define HAVE_ZLIB_H 1
| #define HAVE_LIBPTHREAD 1
| #define HAVE_LIBM 1
| #define STDC_HEADERS 1
| #define HAVE_CTYPE_H 1
| #define HAVE_ERRNO_H 1
| #define HAVE_FCNTL_H 1
| #define HAVE_LIMITS_H 1
| #define HAVE_PTHREAD_H 1
| #define HAVE_SETJMP_H 1
| #define HAVE_SIGNAL_H 1
| #define HAVE_STDARG_H 1
| #define HAVE_STDIO_H 1
| #define HAVE_STRING_H 1
| #define HAVE_STRING_H 1
| #define HAVE_STRINGS_H 1
| #define HAVE_SYS_SOCKET_H 1
| #define HAVE_SYS_TIME_H 1
| #define HAVE_SYS_TYPES_H 1
| #define HAVE_UNISTD_H 1
| #define HAVE_EXECINFO_H 1
| #define HAVE_SYS_SENDFILE_H 1
| #define HAVE_POLL_H 1
| #define HAVE_SYS_POLL_H 1
| #define HAVE_STROPTS_H 1
| #define HAVE_SYS_IOCTL_H 1
| #define HAVE_IFADDRS_H 1
| #define HAVE_NETINET_IN_H 1
| #define HAVE_SYS_SYSCTL_H 1
| #define HAVE_NET_IF_H 1
| #define HAVE_NET_ROUTE_H 1
| #define HAVE_UINT32_T 1
| #define HAVE_TIMEGM 1
| /* end confdefs.h.  */
| /* Define arc4random_buf to an innocuous variant, in case <limits.h> declares arc4random_buf.
|    For example, HP-UX 11i <limits.h> declares gettimeofday.  */
| #define arc4random_buf innocuous_arc4random_buf
| 
| /* System header to define __stub macros and hopefully few prototypes,
|     which can conflict with char arc4random_buf (); below.
|     Prefer <limits.h> to <assert.h> if __STDC__ is defined, since
|     <limits.h> exists even on freestanding compilers.  */
| 
| #ifdef __STDC__
| # include <limits.h>
| #else
| # include <assert.h>
| #endif
| 
| #undef arc4random_buf
| 
| /* Override any GCC internal prototype to avoid an error.
|    Use char because int might match the return type of a GCC
|    builtin and then its argument prototype would still apply.  */
| #ifdef __cplusplus
| extern "C"
| #endif
| char arc4random_buf ();
| /* The GNU C library defines this for functions which it implements
|     to always fail with ENOSYS.  Some functions are actually named
|     something starting with __ and the normal name is an alias.  */
| #if defined __stub_arc4random_buf || defined __stub___arc4random_buf
| choke me
| #endif
| 
| int
| main ()
| {
| return arc4random_buf ();
|   ;
|   return 0;
| }
configure:12674: result: no
configure:12761: checking for an ANSI C-conforming const
configure:12827: gcc -c -g -O2 -D _REENTRANT  conftest.c >&5
configure:12827: $? = 0
configure:12834: result: yes
configure:12842: checking whether byte ordering is bigendian
configure:12857: gcc -c -g -O2 -D _REENTRANT  conftest.c >&5
conftest.c:59: error: expected '=', ',', ';', 'asm' or '__attribute__' before 'a'
configure:12857: $? = 1
configure: failed program was:
| /* confdefs.h */
| #define PACKAGE_NAME "libmonit"
| #define PACKAGE_TARNAME "libmonit"
| #define PACKAGE_VERSION "1.0"
| #define PACKAGE_STRING "libmonit 1.0"
| #define PACKAGE_BUGREPORT "monit-dev@tildeslash.com"
| #define PACKAGE_URL ""
| #define PACKAGE "libmonit"
| #define VERSION "1.0"
| #define STDC_HEADERS 1
| #define HAVE_SYS_TYPES_H 1
| #define HAVE_SYS_STAT_H 1
| #define HAVE_STDLIB_H 1
| #define HAVE_STRING_H 1
| #define HAVE_MEMORY_H 1
| #define HAVE_STRINGS_H 1
| #define HAVE_INTTYPES_H 1
| #define HAVE_STDINT_H 1
| #define HAVE_UNISTD_H 1
| #define HAVE_DLFCN_H 1
| #define LT_OBJDIR ".libs/"
| #define HAVE_LIBZ 1
| #define HAVE_ZLIB_H 1
| #define HAVE_LIBPTHREAD 1
| #define HAVE_LIBM 1
| #define STDC_HEADERS 1
| #define HAVE_CTYPE_H 1
| #define HAVE_ERRNO_H 1
| #define HAVE_FCNTL_H 1
| #define HAVE_LIMITS_H 1
| #define HAVE_PTHREAD_H 1
| #define HAVE_SETJMP_H 1
| #define HAVE_SIGNAL_H 1
| #define HAVE_STDARG_H 1
| #define HAVE_STDIO_H 1
| #define HAVE_STRING_H 1
| #define HAVE_STRING_H 1
| #define HAVE_STRINGS_H 1
| #define HAVE_SYS_SOCKET_H 1
| #define HAVE_SYS_TIME_H 1
| #define HAVE_SYS_TYPES_H 1
| #define HAVE_UNISTD_H 1
| #define HAVE_EXECINFO_H 1
| #define HAVE_SYS_SENDFILE_H 1
| #define HAVE_POLL_H 1
| #define HAVE_SYS_POLL_H 1
| #define HAVE_STROPTS_H 1
| #define HAVE_SYS_IOCTL_H 1
| #define HAVE_IFADDRS_H 1
| #define HAVE_NETINET_IN_H 1
| #define HAVE_SYS_SYSCTL_H 1
| #define HAVE_NET_IF_H 1
| #define HAVE_NET_ROUTE_H 1
| #define HAVE_UINT32_T 1
| #define HAVE_TIMEGM 1
| #define LINUX 1
| /* end confdefs.h.  */
| #ifndef __APPLE_CC__
| 	       not a universal capable compiler
| 	     #endif
| 	     typedef int dummy;
| 
configure:12902: gcc -c -g -O2 -D _REENTRANT  conftest.c >&5
configure:12902: $? = 0
configure:12920: gcc -c -g -O2 -D _REENTRANT  conftest.c >&5
conftest.c: In function 'main':
conftest.c:65: error: 'not' undeclared (first use in this function)
conftest.c:65: error: (Each undeclared identifier is reported only once
conftest.c:65: error: for each function it appears in.)
conftest.c:65: error: expected ';' before 'big'
configure:12920: $? = 1
configure: failed program was:
| /* confdefs.h */
| #define PACKAGE_NAME "libmonit"
| #define PACKAGE_TARNAME "libmonit"
| #define PACKAGE_VERSION "1.0"
| #define PACKAGE_STRING "libmonit 1.0"
| #define PACKAGE_BUGREPORT "monit-dev@tildeslash.com"
| #define PACKAGE_URL ""
| #define PACKAGE "libmonit"
| #define VERSION "1.0"
| #define STDC_HEADERS 1
| #define HAVE_SYS_TYPES_H 1
| #define HAVE_SYS_STAT_H 1
| #define HAVE_STDLIB_H 1
| #define HAVE_STRING_H 1
| #define HAVE_MEMORY_H 1
| #define HAVE_STRINGS_H 1
| #define HAVE_INTTYPES_H 1
| #define HAVE_STDINT_H 1
| #define HAVE_UNISTD_H 1
| #define HAVE_DLFCN_H 1
| #define LT_OBJDIR ".libs/"
| #define HAVE_LIBZ 1
| #define HAVE_ZLIB_H 1
| #define HAVE_LIBPTHREAD 1
| #define HAVE_LIBM 1
| #define STDC_HEADERS 1
| #define HAVE_CTYPE_H 1
| #define HAVE_ERRNO_H 1
| #define HAVE_FCNTL_H 1
| #define HAVE_LIMITS_H 1
| #define HAVE_PTHREAD_H 1
| #define HAVE_SETJMP_H 1
| #define HAVE_SIGNAL_H 1
| #define HAVE_STDARG_H 1
| #define HAVE_STDIO_H 1
| #define HAVE_STRING_H 1
| #define HAVE_STRING_H 1
| #define HAVE_STRINGS_H 1
| #define HAVE_SYS_SOCKET_H 1
| #define HAVE_SYS_TIME_H 1
| #define HAVE_SYS_TYPES_H 1
| #define HAVE_UNISTD_H 1
| #define HAVE_EXECINFO_H 1
| #define HAVE_SYS_SENDFILE_H 1
| #define HAVE_POLL_H 1
| #define HAVE_SYS_POLL_H 1
| #define HAVE_STROPTS_H 1
| #define HAVE_SYS_IOCTL_H 1
| #define HAVE_IFADDRS_H 1
| #define HAVE_NETINET_IN_H 1
| #define HAVE_SYS_SYSCTL_H 1
| #define HAVE_NET_IF_H 1
| #define HAVE_NET_ROUTE_H 1
| #define HAVE_UINT32_T 1
| #define HAVE_TIMEGM 1
| #define LINUX 1
| /* end confdefs.h.  */
| #include <sys/types.h>
| 		#include <sys/param.h>
| 
| int
| main ()
| {
| #if BYTE_ORDER != BIG_ENDIAN
| 		 not big endian
| 		#endif
| 
|   ;
|   return 0;
| }
configure:13048: result: no
configure:13087: gcc -c -Wno-pointer-sign -g -O2 -D _REENTRANT -Wall -Wunused -Wno-unused-label -funsigned-char -D_GNU_SOURCE -std=c99  conftest.c >&5
configure:13087: $? = 0
configure:13107: gcc -c -Wno-address -Wno-pointer-sign -g -O2 -D _REENTRANT -Wall -Wunused -Wno-unused-label -funsigned-char -D_GNU_SOURCE -std=c99  conftest.c >&5
configure:13107: $? = 0
configure:13119: checking for IPv6 support
configure:13143: gcc -o conftest -Wno-address -Wno-pointer-sign -g -O2 -D _REENTRANT -Wall -Wunused -Wno-unused-label -funsigned-char -D_GNU_SOURCE -std=c99   conftest.c -lm -lpthread -lz  >&5
conftest.c:65: warning: return type defaults to 'int'
conftest.c: In function 'main':
conftest.c:69: warning: implicit declaration of function 'exit'
conftest.c:69: warning: incompatible implicit declaration of built-in function 'exit'
conftest.c:67: warning: unused variable 'foo'
configure:13143: $? = 0
configure:13143: ./conftest
configure:13143: $? = 0
configure:13154: result: yes
configure:13279: checking that generated files are newer than configure
configure:13285: result: done
configure:13309: creating ./config.status

## ---------------------- ##
## Running config.status. ##
## ---------------------- ##

This file was extended by libmonit config.status 1.0, which was
generated by GNU Autoconf 2.69.  Invocation command line was

  CONFIG_FILES    = 
  CONFIG_HEADERS  = 
  CONFIG_LINKS    = 
  CONFIG_COMMANDS = 
  $ ./config.status 

on agent109.cloud.com

config.status:1122: creating Makefile
config.status:1122: creating test/Makefile
config.status:1122: creating src/xconfig.h
config.status:1351: executing depfiles commands
config.status:1351: executing libtool commands

## ---------------- ##
## Cache variables. ##
## ---------------- ##

ac_cv_build=x86_64-pc-linux-gnu
ac_cv_c_bigendian=no
ac_cv_c_compiler_gnu=yes
ac_cv_c_const=yes
ac_cv_env_CC_set=
ac_cv_env_CC_value=
ac_cv_env_CFLAGS_set=
ac_cv_env_CFLAGS_value=
ac_cv_env_CPPFLAGS_set=
ac_cv_env_CPPFLAGS_value=
ac_cv_env_CPP_set=
ac_cv_env_CPP_value=
ac_cv_env_LDFLAGS_set=
ac_cv_env_LDFLAGS_value=
ac_cv_env_LIBS_set=
ac_cv_env_LIBS_value=
ac_cv_env_LT_SYS_LIBRARY_PATH_set=
ac_cv_env_LT_SYS_LIBRARY_PATH_value=
ac_cv_env_build_alias_set=
ac_cv_env_build_alias_value=
ac_cv_env_host_alias_set=
ac_cv_env_host_alias_value=
ac_cv_env_target_alias_set=
ac_cv_env_target_alias_value=
ac_cv_func_arc4random_buf=no
ac_cv_func_getrandom=no
ac_cv_func_timegm=yes
ac_cv_header_ctype_h=yes
ac_cv_header_dlfcn_h=yes
ac_cv_header_errno_h=yes
ac_cv_header_execinfo_h=yes
ac_cv_header_fcntl_h=yes
ac_cv_header_ifaddrs_h=yes
ac_cv_header_inttypes_h=yes
ac_cv_header_kstat_h=no
ac_cv_header_libperfstat_h=no
ac_cv_header_limits_h=yes
ac_cv_header_mach_boolean_h=no
ac_cv_header_memory_h=yes
ac_cv_header_net_if_dl_h=no
ac_cv_header_net_if_h=yes
ac_cv_header_net_if_media_h=no
ac_cv_header_net_route_h=yes
ac_cv_header_netinet_in_h=yes
ac_cv_header_poll_h=yes
ac_cv_header_pthread_h=yes
ac_cv_header_setjmp_h=yes
ac_cv_header_signal_h=yes
ac_cv_header_stdarg_h=yes
ac_cv_header_stdc=yes
ac_cv_header_stdint_h=yes
ac_cv_header_stdio_h=yes
ac_cv_header_stdlib_h=yes
ac_cv_header_string_h=yes
ac_cv_header_strings_h=yes
ac_cv_header_stropts_h=yes
ac_cv_header_sys_dirent_h=no
ac_cv_header_sys_event_h=no
ac_cv_header_sys_filio_h=no
ac_cv_header_sys_ioctl_h=yes
ac_cv_header_sys_poll_h=yes
ac_cv_header_sys_protosw_h=no
ac_cv_header_sys_random_h=no
ac_cv_header_sys_sendfile_h=yes
ac_cv_header_sys_socket_h=yes
ac_cv_header_sys_stat_h=yes
ac_cv_header_sys_sysctl_h=yes
ac_cv_header_sys_time_h=yes
ac_cv_header_sys_types_h=yes
ac_cv_header_unistd_h=yes
ac_cv_header_uvm_uvm_param_h=no
ac_cv_header_zlib_h=yes
ac_cv_host=x86_64-pc-linux-gnu
ac_cv_ipv6=yes
ac_cv_lib_m_round=yes
ac_cv_lib_pthread_pthread_create=yes
ac_cv_lib_z_zlibVersion=yes
ac_cv_objext=o
ac_cv_path_EGREP='/bin/grep -E'
ac_cv_path_FGREP='/bin/grep -F'
ac_cv_path_GREP=/bin/grep
ac_cv_path_SED=/bin/sed
ac_cv_path_install='/usr/bin/install -c'
ac_cv_path_lt_DD=/bin/dd
ac_cv_path_mkdir=/bin/mkdir
ac_cv_prog_AWK=gawk
ac_cv_prog_CPP='gcc -E'
ac_cv_prog_ac_ct_AR=ar
ac_cv_prog_ac_ct_CC=gcc
ac_cv_prog_ac_ct_OBJDUMP=objdump
ac_cv_prog_ac_ct_RANLIB=ranlib
ac_cv_prog_ac_ct_STRIP=strip
ac_cv_prog_cc_c89=
ac_cv_prog_cc_g=yes
ac_cv_prog_make_make_set=yes
ac_cv_type_boolean_t=no
ac_cv_type_uchar_t=no
ac_cv_type_uint32_t=yes
am_cv_CC_dependencies_compiler_type=none
am_cv_make_support_nested_variables=yes
am_cv_prog_cc_c_o=yes
lt_cv_ar_at_file=@
lt_cv_archive_cmds_need_lc=no
lt_cv_deplibs_check_method=pass_all
lt_cv_file_magic_cmd='$MAGIC_CMD'
lt_cv_file_magic_test_file=
lt_cv_ld_reload_flag=-r
lt_cv_nm_interface='BSD nm'
lt_cv_objdir=.libs
lt_cv_path_LD=/bin/ld
lt_cv_path_NM='/bin/nm -B'
lt_cv_path_mainfest_tool=no
lt_cv_prog_compiler_c_o=yes
lt_cv_prog_compiler_pic='-fPIC -DPIC'
lt_cv_prog_compiler_pic_works=yes
lt_cv_prog_compiler_rtti_exceptions=no
lt_cv_prog_compiler_static_works=no
lt_cv_prog_gnu_ld=yes
lt_cv_sharedlib_from_linklib_cmd='printf %s\n'
lt_cv_shlibpath_overrides_runpath=no
lt_cv_sys_global_symbol_pipe='sed -n -e '\''s/^.*[	 ]\([ABCDGIRSTW][ABCDGIRSTW]*\)[	 ][	 ]*\([_A-Za-z][_A-Za-z0-9]*\)$/\1 \2 \2/p'\'' | sed '\''/ __gnu_lto/d'\'''
lt_cv_sys_global_symbol_to_c_name_address='sed -n -e '\''s/^: \(.*\) .*$/  {"\1", (void *) 0},/p'\'' -e '\''s/^[ABCDGIRSTW][ABCDGIRSTW]* .* \(.*\)$/  {"\1", (void *) \&\1},/p'\'''
lt_cv_sys_global_symbol_to_c_name_address_lib_prefix='sed -n -e '\''s/^: \(.*\) .*$/  {"\1", (void *) 0},/p'\'' -e '\''s/^[ABCDGIRSTW][ABCDGIRSTW]* .* \(lib.*\)$/  {"\1", (void *) \&\1},/p'\'' -e '\''s/^[ABCDGIRSTW][ABCDGIRSTW]* .* \(.*\)$/  {"lib\1", (void *) \&\1},/p'\'''
lt_cv_sys_global_symbol_to_cdecl='sed -n -e '\''s/^T .* \(.*\)$/extern int \1();/p'\'' -e '\''s/^[ABCDGIRSTW][ABCDGIRSTW]* .* \(.*\)$/extern char \1;/p'\'''
lt_cv_sys_global_symbol_to_import=
lt_cv_sys_max_cmd_len=1966080
lt_cv_to_host_file_cmd=func_convert_file_noop
lt_cv_to_tool_file_cmd=func_convert_file_noop
lt_cv_truncate_bin='/bin/dd bs=4096 count=1'

## ----------------- ##
## Output variables. ##
## ----------------- ##

ACLOCAL='${SHELL} /root/rtu/monit-5.25.2/libmonit/config/missing aclocal-1.15'
AMDEPBACKSLASH='\'
AMDEP_FALSE='#'
AMDEP_TRUE=''
AMTAR='$${TAR-tar}'
AM_BACKSLASH='\'
AM_DEFAULT_V='$(AM_DEFAULT_VERBOSITY)'
AM_DEFAULT_VERBOSITY='1'
AM_V='$(V)'
AR='ar'
AUTOCONF='${SHELL} /root/rtu/monit-5.25.2/libmonit/config/missing autoconf'
AUTOHEADER='${SHELL} /root/rtu/monit-5.25.2/libmonit/config/missing autoheader'
AUTOMAKE='${SHELL} /root/rtu/monit-5.25.2/libmonit/config/missing automake-1.15'
AWK='gawk'
CC='gcc'
CCDEPMODE='depmode=none'
CFLAGS='-Wno-address -Wno-pointer-sign -g -O2 -D _REENTRANT -Wall -Wunused -Wno-unused-label -funsigned-char -D_GNU_SOURCE -std=c99'
CPP='gcc -E'
CPPFLAGS=''
CYGPATH_W='echo'
DEFS='-DHAVE_CONFIG_H'
DEPDIR='.deps'
DLLTOOL='false'
DSYMUTIL=''
DUMPBIN=''
ECHO_C=''
ECHO_N='-n'
ECHO_T=''
EGREP='/bin/grep -E'
EXEEXT=''
FGREP='/bin/grep -F'
GREP='/bin/grep'
INSTALL_DATA='${INSTALL} -m 644'
INSTALL_PROGRAM='${INSTALL}'
INSTALL_SCRIPT='${INSTALL}'
INSTALL_STRIP_PROGRAM='$(install_sh) -c -s'
LD='/bin/ld -m elf_x86_64'
LDFLAGS=''
LIBOBJS=''
LIBS='-lm -lpthread -lz '
LIBTOOL='$(SHELL) $(top_builddir)/libtool'
LIPO=''
LN_S='ln -s'
LTLIBOBJS=''
LT_SYS_LIBRARY_PATH=''
MAKEINFO='${SHELL} /root/rtu/monit-5.25.2/libmonit/config/missing makeinfo'
MANIFEST_TOOL=':'
MKDIR_P='/bin/mkdir -p'
NM='/bin/nm -B'
NMEDIT=''
OBJDUMP='objdump'
OBJEXT='o'
OTOOL64=''
OTOOL=''
PACKAGE='libmonit'
PACKAGE_BUGREPORT='monit-dev@tildeslash.com'
PACKAGE_NAME='libmonit'
PACKAGE_STRING='libmonit 1.0'
PACKAGE_TARNAME='libmonit'
PACKAGE_URL=''
PACKAGE_VERSION='1.0'
PATH_SEPARATOR=':'
RANLIB='ranlib'
SED='/bin/sed'
SET_MAKE=''
SHELL='/bin/sh'
STRIP='strip'
UNIT_TEST='test'
VERSION='1.0'
ac_ct_AR='ar'
ac_ct_CC='gcc'
ac_ct_DUMPBIN=''
am__EXEEXT_FALSE=''
am__EXEEXT_TRUE='#'
am__fastdepCC_FALSE=''
am__fastdepCC_TRUE='#'
am__include='include'
am__isrc=''
am__leading_dot='.'
am__nodep='_no'
am__quote=''
am__tar='$${TAR-tar} chof - "$$tardir"'
am__untar='$${TAR-tar} xf -'
bindir='${exec_prefix}/bin'
build='x86_64-pc-linux-gnu'
build_alias=''
build_cpu='x86_64'
build_os='linux-gnu'
build_vendor='pc'
datadir='${datarootdir}'
datarootdir='${prefix}/share'
docdir='${datarootdir}/doc/${PACKAGE_TARNAME}'
dvidir='${docdir}'
exec_prefix='${prefix}'
host='x86_64-pc-linux-gnu'
host_alias=''
host_cpu='x86_64'
host_os='linux-gnu'
host_vendor='pc'
htmldir='${docdir}'
includedir='${prefix}/include'
infodir='${datarootdir}/info'
install_sh='${SHELL} /root/rtu/monit-5.25.2/libmonit/config/install-sh'
libdir='${exec_prefix}/lib'
libexecdir='${exec_prefix}/libexec'
localedir='${datarootdir}/locale'
localstatedir='${prefix}/var'
mandir='${datarootdir}/man'
mkdir_p='$(MKDIR_P)'
oldincludedir='/usr/include'
pdfdir='${docdir}'
prefix='/usr/local'
program_transform_name='s,x,x,'
psdir='${docdir}'
runstatedir='${localstatedir}/run'
sbindir='${exec_prefix}/sbin'
sharedstatedir='${prefix}/com'
sysconfdir='${prefix}/etc'
target_alias=''

## ----------- ##
## confdefs.h. ##
## ----------- ##

/* confdefs.h */
#define PACKAGE_NAME "libmonit"
#define PACKAGE_TARNAME "libmonit"
#define PACKAGE_VERSION "1.0"
#define PACKAGE_STRING "libmonit 1.0"
#define PACKAGE_BUGREPORT "monit-dev@tildeslash.com"
#define PACKAGE_URL ""
#define PACKAGE "libmonit"
#define VERSION "1.0"
#define STDC_HEADERS 1
#define HAVE_SYS_TYPES_H 1
#define HAVE_SYS_STAT_H 1
#define HAVE_STDLIB_H 1
#define HAVE_STRING_H 1
#define HAVE_MEMORY_H 1
#define HAVE_STRINGS_H 1
#define HAVE_INTTYPES_H 1
#define HAVE_STDINT_H 1
#define HAVE_UNISTD_H 1
#define HAVE_DLFCN_H 1
#define LT_OBJDIR ".libs/"
#define HAVE_LIBZ 1
#define HAVE_ZLIB_H 1
#define HAVE_LIBPTHREAD 1
#define HAVE_LIBM 1
#define STDC_HEADERS 1
#define HAVE_CTYPE_H 1
#define HAVE_ERRNO_H 1
#define HAVE_FCNTL_H 1
#define HAVE_LIMITS_H 1
#define HAVE_PTHREAD_H 1
#define HAVE_SETJMP_H 1
#define HAVE_SIGNAL_H 1
#define HAVE_STDARG_H 1
#define HAVE_STDIO_H 1
#define HAVE_STRING_H 1
#define HAVE_STRING_H 1
#define HAVE_STRINGS_H 1
#define HAVE_SYS_SOCKET_H 1
#define HAVE_SYS_TIME_H 1
#define HAVE_SYS_TYPES_H 1
#define HAVE_UNISTD_H 1
#define HAVE_EXECINFO_H 1
#define HAVE_SYS_SENDFILE_H 1
#define HAVE_POLL_H 1
#define HAVE_SYS_POLL_H 1
#define HAVE_STROPTS_H 1
#define HAVE_SYS_IOCTL_H 1
#define HAVE_IFADDRS_H 1
#define HAVE_NETINET_IN_H 1
#define HAVE_SYS_SYSCTL_H 1
#define HAVE_NET_IF_H 1
#define HAVE_NET_ROUTE_H 1
#define HAVE_UINT32_T 1
#define HAVE_TIMEGM 1
#define LINUX 1
#define IPV6 1

configure: exit 0
