Терминалы не используются в грамматике

   REGMATCH
   COMMENT


Состояние 77 конфликты: 1 сдвига/вывода


Грамматика

    0 $accept: PROGRAM $end

    1 PROGRAM: OPS
    2        | AWKBEGIN '{' OPS '}' '{' OPS '}'
    3        | '{' OPS '}' AWKEND '{' OPS '}'
    4        | AWKBEGIN '{' OPS '}' '{' OPS '}' AWKEND '{' OPS '}'

    5 OPS: OP
    6    | OPS OP

    7 OP1: '{' OPS '}'
    8    | EXPR ';'
    9    | IF '(' EXPR ')' OP1 ELSE OP1
   10    | WHILE '(' EXPR ')' OP1
   11    | EXIT ';'

   12 OP2: IF '(' EXPR ')' OP
   13    | IF '(' EXPR ')' OP1 ELSE OP2
   14    | WHILE '(' EXPR ')' OP2

   15 OP: OP1
   16   | OP2

   17 EXPR: EXPR1
   18     | ID '=' EXPR
   19     | ID REGEX

   20 EXPR1: EXPR2
   21      | EXPR1 EQ EXPR2
   22      | EXPR1 LE EXPR2
   23      | EXPR1 GE EXPR2
   24      | EXPR1 NE EXPR2
   25      | EXPR1 BOOLAND EXPR2
   26      | EXPR1 BOOLOR EXPR2
   27      | EXPR1 '>' EXPR2
   28      | EXPR1 '<' EXPR2

   29 EXPR2: TERM
   30      | EXPR2 '+' TERM
   31      | EXPR2 '-' TERM

   32 TERM: VAL
   33     | TERM '*' VAL
   34     | TERM '/' VAL

   35 VAL: NUM
   36    | '-' VAL
   37    | '!' VAL
   38    | '(' EXPR ')'
   39    | ID
   40    | ID SQBROP EXPR SQBRCL
   41    | ID '(' EXPR ')'
   42    | ID '(' ID REGEX ',' VAL ')'
   43    | ID '(' ID REGEX ')'
   44    | STRING


Терминальные символы с правилами, в которых они появляются

$end (0) 0
'!' (33) 37
'(' (40) 9 10 12 13 14 38 41 42 43
')' (41) 9 10 12 13 14 38 41 42 43
'*' (42) 33
'+' (43) 30
',' (44) 42
'-' (45) 31 36
'/' (47) 34
';' (59) 8 11
'<' (60) 28
'=' (61) 18
'>' (62) 27
'{' (123) 2 3 4 7
'}' (125) 2 3 4 7
error (256)
AWKBEGIN (258) 2 4
AWKEND (259) 3 4
REGMATCH (260)
COMMENT (261)
IF (262) 9 12 13
ELSE (263) 9 13
WHILE (264) 10 14
EXIT (265) 11
EQ (266) 21
LE (267) 22
GE (268) 23
NE (269) 24
BOOLAND (270) 25
BOOLOR (271) 26
REGEX (272) 19 42 43
STRING (273) 44
NUM (274) 35
ID (275) 18 19 39 40 41 42 43
SQBROP (276) 40
SQBRCL (277) 40


Нетерминальные символы с правилами, в которых они появляются

$accept (37)
    налево: 0
PROGRAM (38)
    налево: 1 2 3 4, направо: 0
OPS (39)
    налево: 5 6, направо: 1 2 3 4 6 7
OP1 (40)
    налево: 7 8 9 10 11, направо: 9 10 13 15
OP2 (41)
    налево: 12 13 14, направо: 13 14 16
OP (42)
    налево: 15 16, направо: 5 6 12
EXPR (43)
    налево: 17 18 19, направо: 8 9 10 12 13 14 18 38 40
    41
EXPR1 (44)
    налево: 20 21 22 23 24 25 26 27 28, направо: 17 21
    22 23 24 25 26 27 28
EXPR2 (45)
    налево: 29 30 31, направо: 20 21 22 23 24 25 26 27
    28 30 31
TERM (46)
    налево: 32 33 34, направо: 29 30 31 33 34
VAL (47)
    налево: 35 36 37 38 39 40 41 42 43 44, направо: 32
    33 34 36 37 42


Состояние 0

    0 $accept: . PROGRAM $end

    AWKBEGIN  сдвиг, и переход в состояние 1
    IF        сдвиг, и переход в состояние 2
    WHILE     сдвиг, и переход в состояние 3
    EXIT      сдвиг, и переход в состояние 4
    STRING    сдвиг, и переход в состояние 5
    NUM       сдвиг, и переход в состояние 6
    ID        сдвиг, и переход в состояние 7
    '{'       сдвиг, и переход в состояние 8
    '('       сдвиг, и переход в состояние 9
    '-'       сдвиг, и переход в состояние 10
    '!'       сдвиг, и переход в состояние 11

    PROGRAM  переход в состояние 12
    OPS      переход в состояние 13
    OP1      переход в состояние 14
    OP2      переход в состояние 15
    OP       переход в состояние 16
    EXPR     переход в состояние 17
    EXPR1    переход в состояние 18
    EXPR2    переход в состояние 19
    TERM     переход в состояние 20
    VAL      переход в состояние 21


Состояние 1

    2 PROGRAM: AWKBEGIN . '{' OPS '}' '{' OPS '}'
    4        | AWKBEGIN . '{' OPS '}' '{' OPS '}' AWKEND '{' OPS '}'

    '{'  сдвиг, и переход в состояние 22


Состояние 2

    9 OP1: IF . '(' EXPR ')' OP1 ELSE OP1
   12 OP2: IF . '(' EXPR ')' OP
   13    | IF . '(' EXPR ')' OP1 ELSE OP2

    '('  сдвиг, и переход в состояние 23


Состояние 3

   10 OP1: WHILE . '(' EXPR ')' OP1
   14 OP2: WHILE . '(' EXPR ')' OP2

    '('  сдвиг, и переход в состояние 24


Состояние 4

   11 OP1: EXIT . ';'

    ';'  сдвиг, и переход в состояние 25


Состояние 5

   44 VAL: STRING .

    $default  вывод с использованием правила 44 (VAL)


Состояние 6

   35 VAL: NUM .

    $default  вывод с использованием правила 35 (VAL)


Состояние 7

   18 EXPR: ID . '=' EXPR
   19     | ID . REGEX
   39 VAL: ID .
   40    | ID . SQBROP EXPR SQBRCL
   41    | ID . '(' EXPR ')'
   42    | ID . '(' ID REGEX ',' VAL ')'
   43    | ID . '(' ID REGEX ')'

    REGEX   сдвиг, и переход в состояние 26
    SQBROP  сдвиг, и переход в состояние 27
    '('     сдвиг, и переход в состояние 28
    '='     сдвиг, и переход в состояние 29

    $default  вывод с использованием правила 39 (VAL)


Состояние 8

    3 PROGRAM: '{' . OPS '}' AWKEND '{' OPS '}'
    7 OP1: '{' . OPS '}'

    IF      сдвиг, и переход в состояние 2
    WHILE   сдвиг, и переход в состояние 3
    EXIT    сдвиг, и переход в состояние 4
    STRING  сдвиг, и переход в состояние 5
    NUM     сдвиг, и переход в состояние 6
    ID      сдвиг, и переход в состояние 7
    '{'     сдвиг, и переход в состояние 30
    '('     сдвиг, и переход в состояние 9
    '-'     сдвиг, и переход в состояние 10
    '!'     сдвиг, и переход в состояние 11

    OPS    переход в состояние 31
    OP1    переход в состояние 14
    OP2    переход в состояние 15
    OP     переход в состояние 16
    EXPR   переход в состояние 17
    EXPR1  переход в состояние 18
    EXPR2  переход в состояние 19
    TERM   переход в состояние 20
    VAL    переход в состояние 21


Состояние 9

   38 VAL: '(' . EXPR ')'

    STRING  сдвиг, и переход в состояние 5
    NUM     сдвиг, и переход в состояние 6
    ID      сдвиг, и переход в состояние 7
    '('     сдвиг, и переход в состояние 9
    '-'     сдвиг, и переход в состояние 10
    '!'     сдвиг, и переход в состояние 11

    EXPR   переход в состояние 32
    EXPR1  переход в состояние 18
    EXPR2  переход в состояние 19
    TERM   переход в состояние 20
    VAL    переход в состояние 21


Состояние 10

   36 VAL: '-' . VAL

    STRING  сдвиг, и переход в состояние 5
    NUM     сдвиг, и переход в состояние 6
    ID      сдвиг, и переход в состояние 33
    '('     сдвиг, и переход в состояние 9
    '-'     сдвиг, и переход в состояние 10
    '!'     сдвиг, и переход в состояние 11

    VAL  переход в состояние 34


Состояние 11

   37 VAL: '!' . VAL

    STRING  сдвиг, и переход в состояние 5
    NUM     сдвиг, и переход в состояние 6
    ID      сдвиг, и переход в состояние 33
    '('     сдвиг, и переход в состояние 9
    '-'     сдвиг, и переход в состояние 10
    '!'     сдвиг, и переход в состояние 11

    VAL  переход в состояние 35


Состояние 12

    0 $accept: PROGRAM . $end

    $end  сдвиг, и переход в состояние 36


Состояние 13

    1 PROGRAM: OPS .
    6 OPS: OPS . OP

    IF      сдвиг, и переход в состояние 2
    WHILE   сдвиг, и переход в состояние 3
    EXIT    сдвиг, и переход в состояние 4
    STRING  сдвиг, и переход в состояние 5
    NUM     сдвиг, и переход в состояние 6
    ID      сдвиг, и переход в состояние 7
    '{'     сдвиг, и переход в состояние 30
    '('     сдвиг, и переход в состояние 9
    '-'     сдвиг, и переход в состояние 10
    '!'     сдвиг, и переход в состояние 11

    $default  вывод с использованием правила 1 (PROGRAM)

    OP1    переход в состояние 14
    OP2    переход в состояние 15
    OP     переход в состояние 37
    EXPR   переход в состояние 17
    EXPR1  переход в состояние 18
    EXPR2  переход в состояние 19
    TERM   переход в состояние 20
    VAL    переход в состояние 21


Состояние 14

   15 OP: OP1 .

    $default  вывод с использованием правила 15 (OP)


Состояние 15

   16 OP: OP2 .

    $default  вывод с использованием правила 16 (OP)


Состояние 16

    5 OPS: OP .

    $default  вывод с использованием правила 5 (OPS)


Состояние 17

    8 OP1: EXPR . ';'

    ';'  сдвиг, и переход в состояние 38


Состояние 18

   17 EXPR: EXPR1 .
   21 EXPR1: EXPR1 . EQ EXPR2
   22      | EXPR1 . LE EXPR2
   23      | EXPR1 . GE EXPR2
   24      | EXPR1 . NE EXPR2
   25      | EXPR1 . BOOLAND EXPR2
   26      | EXPR1 . BOOLOR EXPR2
   27      | EXPR1 . '>' EXPR2
   28      | EXPR1 . '<' EXPR2

    EQ       сдвиг, и переход в состояние 39
    LE       сдвиг, и переход в состояние 40
    GE       сдвиг, и переход в состояние 41
    NE       сдвиг, и переход в состояние 42
    BOOLAND  сдвиг, и переход в состояние 43
    BOOLOR   сдвиг, и переход в состояние 44
    '>'      сдвиг, и переход в состояние 45
    '<'      сдвиг, и переход в состояние 46

    $default  вывод с использованием правила 17 (EXPR)


Состояние 19

   20 EXPR1: EXPR2 .
   30 EXPR2: EXPR2 . '+' TERM
   31      | EXPR2 . '-' TERM

    '+'  сдвиг, и переход в состояние 47
    '-'  сдвиг, и переход в состояние 48

    $default  вывод с использованием правила 20 (EXPR1)


Состояние 20

   29 EXPR2: TERM .
   33 TERM: TERM . '*' VAL
   34     | TERM . '/' VAL

    '*'  сдвиг, и переход в состояние 49
    '/'  сдвиг, и переход в состояние 50

    $default  вывод с использованием правила 29 (EXPR2)


Состояние 21

   32 TERM: VAL .

    $default  вывод с использованием правила 32 (TERM)


Состояние 22

    2 PROGRAM: AWKBEGIN '{' . OPS '}' '{' OPS '}'
    4        | AWKBEGIN '{' . OPS '}' '{' OPS '}' AWKEND '{' OPS '}'

    IF      сдвиг, и переход в состояние 2
    WHILE   сдвиг, и переход в состояние 3
    EXIT    сдвиг, и переход в состояние 4
    STRING  сдвиг, и переход в состояние 5
    NUM     сдвиг, и переход в состояние 6
    ID      сдвиг, и переход в состояние 7
    '{'     сдвиг, и переход в состояние 30
    '('     сдвиг, и переход в состояние 9
    '-'     сдвиг, и переход в состояние 10
    '!'     сдвиг, и переход в состояние 11

    OPS    переход в состояние 51
    OP1    переход в состояние 14
    OP2    переход в состояние 15
    OP     переход в состояние 16
    EXPR   переход в состояние 17
    EXPR1  переход в состояние 18
    EXPR2  переход в состояние 19
    TERM   переход в состояние 20
    VAL    переход в состояние 21


Состояние 23

    9 OP1: IF '(' . EXPR ')' OP1 ELSE OP1
   12 OP2: IF '(' . EXPR ')' OP
   13    | IF '(' . EXPR ')' OP1 ELSE OP2

    STRING  сдвиг, и переход в состояние 5
    NUM     сдвиг, и переход в состояние 6
    ID      сдвиг, и переход в состояние 7
    '('     сдвиг, и переход в состояние 9
    '-'     сдвиг, и переход в состояние 10
    '!'     сдвиг, и переход в состояние 11

    EXPR   переход в состояние 52
    EXPR1  переход в состояние 18
    EXPR2  переход в состояние 19
    TERM   переход в состояние 20
    VAL    переход в состояние 21


Состояние 24

   10 OP1: WHILE '(' . EXPR ')' OP1
   14 OP2: WHILE '(' . EXPR ')' OP2

    STRING  сдвиг, и переход в состояние 5
    NUM     сдвиг, и переход в состояние 6
    ID      сдвиг, и переход в состояние 7
    '('     сдвиг, и переход в состояние 9
    '-'     сдвиг, и переход в состояние 10
    '!'     сдвиг, и переход в состояние 11

    EXPR   переход в состояние 53
    EXPR1  переход в состояние 18
    EXPR2  переход в состояние 19
    TERM   переход в состояние 20
    VAL    переход в состояние 21


Состояние 25

   11 OP1: EXIT ';' .

    $default  вывод с использованием правила 11 (OP1)


Состояние 26

   19 EXPR: ID REGEX .

    $default  вывод с использованием правила 19 (EXPR)


Состояние 27

   40 VAL: ID SQBROP . EXPR SQBRCL

    STRING  сдвиг, и переход в состояние 5
    NUM     сдвиг, и переход в состояние 6
    ID      сдвиг, и переход в состояние 7
    '('     сдвиг, и переход в состояние 9
    '-'     сдвиг, и переход в состояние 10
    '!'     сдвиг, и переход в состояние 11

    EXPR   переход в состояние 54
    EXPR1  переход в состояние 18
    EXPR2  переход в состояние 19
    TERM   переход в состояние 20
    VAL    переход в состояние 21


Состояние 28

   41 VAL: ID '(' . EXPR ')'
   42    | ID '(' . ID REGEX ',' VAL ')'
   43    | ID '(' . ID REGEX ')'

    STRING  сдвиг, и переход в состояние 5
    NUM     сдвиг, и переход в состояние 6
    ID      сдвиг, и переход в состояние 55
    '('     сдвиг, и переход в состояние 9
    '-'     сдвиг, и переход в состояние 10
    '!'     сдвиг, и переход в состояние 11

    EXPR   переход в состояние 56
    EXPR1  переход в состояние 18
    EXPR2  переход в состояние 19
    TERM   переход в состояние 20
    VAL    переход в состояние 21


Состояние 29

   18 EXPR: ID '=' . EXPR

    STRING  сдвиг, и переход в состояние 5
    NUM     сдвиг, и переход в состояние 6
    ID      сдвиг, и переход в состояние 7
    '('     сдвиг, и переход в состояние 9
    '-'     сдвиг, и переход в состояние 10
    '!'     сдвиг, и переход в состояние 11

    EXPR   переход в состояние 57
    EXPR1  переход в состояние 18
    EXPR2  переход в состояние 19
    TERM   переход в состояние 20
    VAL    переход в состояние 21


Состояние 30

    7 OP1: '{' . OPS '}'

    IF      сдвиг, и переход в состояние 2
    WHILE   сдвиг, и переход в состояние 3
    EXIT    сдвиг, и переход в состояние 4
    STRING  сдвиг, и переход в состояние 5
    NUM     сдвиг, и переход в состояние 6
    ID      сдвиг, и переход в состояние 7
    '{'     сдвиг, и переход в состояние 30
    '('     сдвиг, и переход в состояние 9
    '-'     сдвиг, и переход в состояние 10
    '!'     сдвиг, и переход в состояние 11

    OPS    переход в состояние 58
    OP1    переход в состояние 14
    OP2    переход в состояние 15
    OP     переход в состояние 16
    EXPR   переход в состояние 17
    EXPR1  переход в состояние 18
    EXPR2  переход в состояние 19
    TERM   переход в состояние 20
    VAL    переход в состояние 21


Состояние 31

    3 PROGRAM: '{' OPS . '}' AWKEND '{' OPS '}'
    6 OPS: OPS . OP
    7 OP1: '{' OPS . '}'

    IF      сдвиг, и переход в состояние 2
    WHILE   сдвиг, и переход в состояние 3
    EXIT    сдвиг, и переход в состояние 4
    STRING  сдвиг, и переход в состояние 5
    NUM     сдвиг, и переход в состояние 6
    ID      сдвиг, и переход в состояние 7
    '{'     сдвиг, и переход в состояние 30
    '}'     сдвиг, и переход в состояние 59
    '('     сдвиг, и переход в состояние 9
    '-'     сдвиг, и переход в состояние 10
    '!'     сдвиг, и переход в состояние 11

    OP1    переход в состояние 14
    OP2    переход в состояние 15
    OP     переход в состояние 37
    EXPR   переход в состояние 17
    EXPR1  переход в состояние 18
    EXPR2  переход в состояние 19
    TERM   переход в состояние 20
    VAL    переход в состояние 21


Состояние 32

   38 VAL: '(' EXPR . ')'

    ')'  сдвиг, и переход в состояние 60


Состояние 33

   39 VAL: ID .
   40    | ID . SQBROP EXPR SQBRCL
   41    | ID . '(' EXPR ')'
   42    | ID . '(' ID REGEX ',' VAL ')'
   43    | ID . '(' ID REGEX ')'

    SQBROP  сдвиг, и переход в состояние 27
    '('     сдвиг, и переход в состояние 28

    $default  вывод с использованием правила 39 (VAL)


Состояние 34

   36 VAL: '-' VAL .

    $default  вывод с использованием правила 36 (VAL)


Состояние 35

   37 VAL: '!' VAL .

    $default  вывод с использованием правила 37 (VAL)


Состояние 36

    0 $accept: PROGRAM $end .

    $default  принять


Состояние 37

    6 OPS: OPS OP .

    $default  вывод с использованием правила 6 (OPS)


Состояние 38

    8 OP1: EXPR ';' .

    $default  вывод с использованием правила 8 (OP1)


Состояние 39

   21 EXPR1: EXPR1 EQ . EXPR2

    STRING  сдвиг, и переход в состояние 5
    NUM     сдвиг, и переход в состояние 6
    ID      сдвиг, и переход в состояние 33
    '('     сдвиг, и переход в состояние 9
    '-'     сдвиг, и переход в состояние 10
    '!'     сдвиг, и переход в состояние 11

    EXPR2  переход в состояние 61
    TERM   переход в состояние 20
    VAL    переход в состояние 21


Состояние 40

   22 EXPR1: EXPR1 LE . EXPR2

    STRING  сдвиг, и переход в состояние 5
    NUM     сдвиг, и переход в состояние 6
    ID      сдвиг, и переход в состояние 33
    '('     сдвиг, и переход в состояние 9
    '-'     сдвиг, и переход в состояние 10
    '!'     сдвиг, и переход в состояние 11

    EXPR2  переход в состояние 62
    TERM   переход в состояние 20
    VAL    переход в состояние 21


Состояние 41

   23 EXPR1: EXPR1 GE . EXPR2

    STRING  сдвиг, и переход в состояние 5
    NUM     сдвиг, и переход в состояние 6
    ID      сдвиг, и переход в состояние 33
    '('     сдвиг, и переход в состояние 9
    '-'     сдвиг, и переход в состояние 10
    '!'     сдвиг, и переход в состояние 11

    EXPR2  переход в состояние 63
    TERM   переход в состояние 20
    VAL    переход в состояние 21


Состояние 42

   24 EXPR1: EXPR1 NE . EXPR2

    STRING  сдвиг, и переход в состояние 5
    NUM     сдвиг, и переход в состояние 6
    ID      сдвиг, и переход в состояние 33
    '('     сдвиг, и переход в состояние 9
    '-'     сдвиг, и переход в состояние 10
    '!'     сдвиг, и переход в состояние 11

    EXPR2  переход в состояние 64
    TERM   переход в состояние 20
    VAL    переход в состояние 21


Состояние 43

   25 EXPR1: EXPR1 BOOLAND . EXPR2

    STRING  сдвиг, и переход в состояние 5
    NUM     сдвиг, и переход в состояние 6
    ID      сдвиг, и переход в состояние 33
    '('     сдвиг, и переход в состояние 9
    '-'     сдвиг, и переход в состояние 10
    '!'     сдвиг, и переход в состояние 11

    EXPR2  переход в состояние 65
    TERM   переход в состояние 20
    VAL    переход в состояние 21


Состояние 44

   26 EXPR1: EXPR1 BOOLOR . EXPR2

    STRING  сдвиг, и переход в состояние 5
    NUM     сдвиг, и переход в состояние 6
    ID      сдвиг, и переход в состояние 33
    '('     сдвиг, и переход в состояние 9
    '-'     сдвиг, и переход в состояние 10
    '!'     сдвиг, и переход в состояние 11

    EXPR2  переход в состояние 66
    TERM   переход в состояние 20
    VAL    переход в состояние 21


Состояние 45

   27 EXPR1: EXPR1 '>' . EXPR2

    STRING  сдвиг, и переход в состояние 5
    NUM     сдвиг, и переход в состояние 6
    ID      сдвиг, и переход в состояние 33
    '('     сдвиг, и переход в состояние 9
    '-'     сдвиг, и переход в состояние 10
    '!'     сдвиг, и переход в состояние 11

    EXPR2  переход в состояние 67
    TERM   переход в состояние 20
    VAL    переход в состояние 21


Состояние 46

   28 EXPR1: EXPR1 '<' . EXPR2

    STRING  сдвиг, и переход в состояние 5
    NUM     сдвиг, и переход в состояние 6
    ID      сдвиг, и переход в состояние 33
    '('     сдвиг, и переход в состояние 9
    '-'     сдвиг, и переход в состояние 10
    '!'     сдвиг, и переход в состояние 11

    EXPR2  переход в состояние 68
    TERM   переход в состояние 20
    VAL    переход в состояние 21


Состояние 47

   30 EXPR2: EXPR2 '+' . TERM

    STRING  сдвиг, и переход в состояние 5
    NUM     сдвиг, и переход в состояние 6
    ID      сдвиг, и переход в состояние 33
    '('     сдвиг, и переход в состояние 9
    '-'     сдвиг, и переход в состояние 10
    '!'     сдвиг, и переход в состояние 11

    TERM  переход в состояние 69
    VAL   переход в состояние 21


Состояние 48

   31 EXPR2: EXPR2 '-' . TERM

    STRING  сдвиг, и переход в состояние 5
    NUM     сдвиг, и переход в состояние 6
    ID      сдвиг, и переход в состояние 33
    '('     сдвиг, и переход в состояние 9
    '-'     сдвиг, и переход в состояние 10
    '!'     сдвиг, и переход в состояние 11

    TERM  переход в состояние 70
    VAL   переход в состояние 21


Состояние 49

   33 TERM: TERM '*' . VAL

    STRING  сдвиг, и переход в состояние 5
    NUM     сдвиг, и переход в состояние 6
    ID      сдвиг, и переход в состояние 33
    '('     сдвиг, и переход в состояние 9
    '-'     сдвиг, и переход в состояние 10
    '!'     сдвиг, и переход в состояние 11

    VAL  переход в состояние 71


Состояние 50

   34 TERM: TERM '/' . VAL

    STRING  сдвиг, и переход в состояние 5
    NUM     сдвиг, и переход в состояние 6
    ID      сдвиг, и переход в состояние 33
    '('     сдвиг, и переход в состояние 9
    '-'     сдвиг, и переход в состояние 10
    '!'     сдвиг, и переход в состояние 11

    VAL  переход в состояние 72


Состояние 51

    2 PROGRAM: AWKBEGIN '{' OPS . '}' '{' OPS '}'
    4        | AWKBEGIN '{' OPS . '}' '{' OPS '}' AWKEND '{' OPS '}'
    6 OPS: OPS . OP

    IF      сдвиг, и переход в состояние 2
    WHILE   сдвиг, и переход в состояние 3
    EXIT    сдвиг, и переход в состояние 4
    STRING  сдвиг, и переход в состояние 5
    NUM     сдвиг, и переход в состояние 6
    ID      сдвиг, и переход в состояние 7
    '{'     сдвиг, и переход в состояние 30
    '}'     сдвиг, и переход в состояние 73
    '('     сдвиг, и переход в состояние 9
    '-'     сдвиг, и переход в состояние 10
    '!'     сдвиг, и переход в состояние 11

    OP1    переход в состояние 14
    OP2    переход в состояние 15
    OP     переход в состояние 37
    EXPR   переход в состояние 17
    EXPR1  переход в состояние 18
    EXPR2  переход в состояние 19
    TERM   переход в состояние 20
    VAL    переход в состояние 21


Состояние 52

    9 OP1: IF '(' EXPR . ')' OP1 ELSE OP1
   12 OP2: IF '(' EXPR . ')' OP
   13    | IF '(' EXPR . ')' OP1 ELSE OP2

    ')'  сдвиг, и переход в состояние 74


Состояние 53

   10 OP1: WHILE '(' EXPR . ')' OP1
   14 OP2: WHILE '(' EXPR . ')' OP2

    ')'  сдвиг, и переход в состояние 75


Состояние 54

   40 VAL: ID SQBROP EXPR . SQBRCL

    SQBRCL  сдвиг, и переход в состояние 76


Состояние 55

   18 EXPR: ID . '=' EXPR
   19     | ID . REGEX
   39 VAL: ID .
   40    | ID . SQBROP EXPR SQBRCL
   41    | ID . '(' EXPR ')'
   42    | ID . '(' ID REGEX ',' VAL ')'
   42    | ID '(' ID . REGEX ',' VAL ')'
   43    | ID . '(' ID REGEX ')'
   43    | ID '(' ID . REGEX ')'

    REGEX   сдвиг, и переход в состояние 77
    SQBROP  сдвиг, и переход в состояние 27
    '('     сдвиг, и переход в состояние 28
    '='     сдвиг, и переход в состояние 29

    $default  вывод с использованием правила 39 (VAL)


Состояние 56

   41 VAL: ID '(' EXPR . ')'

    ')'  сдвиг, и переход в состояние 78


Состояние 57

   18 EXPR: ID '=' EXPR .

    $default  вывод с использованием правила 18 (EXPR)


Состояние 58

    6 OPS: OPS . OP
    7 OP1: '{' OPS . '}'

    IF      сдвиг, и переход в состояние 2
    WHILE   сдвиг, и переход в состояние 3
    EXIT    сдвиг, и переход в состояние 4
    STRING  сдвиг, и переход в состояние 5
    NUM     сдвиг, и переход в состояние 6
    ID      сдвиг, и переход в состояние 7
    '{'     сдвиг, и переход в состояние 30
    '}'     сдвиг, и переход в состояние 79
    '('     сдвиг, и переход в состояние 9
    '-'     сдвиг, и переход в состояние 10
    '!'     сдвиг, и переход в состояние 11

    OP1    переход в состояние 14
    OP2    переход в состояние 15
    OP     переход в состояние 37
    EXPR   переход в состояние 17
    EXPR1  переход в состояние 18
    EXPR2  переход в состояние 19
    TERM   переход в состояние 20
    VAL    переход в состояние 21


Состояние 59

    3 PROGRAM: '{' OPS '}' . AWKEND '{' OPS '}'
    7 OP1: '{' OPS '}' .

    AWKEND  сдвиг, и переход в состояние 80

    $default  вывод с использованием правила 7 (OP1)


Состояние 60

   38 VAL: '(' EXPR ')' .

    $default  вывод с использованием правила 38 (VAL)


Состояние 61

   21 EXPR1: EXPR1 EQ EXPR2 .
   30 EXPR2: EXPR2 . '+' TERM
   31      | EXPR2 . '-' TERM

    '+'  сдвиг, и переход в состояние 47
    '-'  сдвиг, и переход в состояние 48

    $default  вывод с использованием правила 21 (EXPR1)


Состояние 62

   22 EXPR1: EXPR1 LE EXPR2 .
   30 EXPR2: EXPR2 . '+' TERM
   31      | EXPR2 . '-' TERM

    '+'  сдвиг, и переход в состояние 47
    '-'  сдвиг, и переход в состояние 48

    $default  вывод с использованием правила 22 (EXPR1)


Состояние 63

   23 EXPR1: EXPR1 GE EXPR2 .
   30 EXPR2: EXPR2 . '+' TERM
   31      | EXPR2 . '-' TERM

    '+'  сдвиг, и переход в состояние 47
    '-'  сдвиг, и переход в состояние 48

    $default  вывод с использованием правила 23 (EXPR1)


Состояние 64

   24 EXPR1: EXPR1 NE EXPR2 .
   30 EXPR2: EXPR2 . '+' TERM
   31      | EXPR2 . '-' TERM

    '+'  сдвиг, и переход в состояние 47
    '-'  сдвиг, и переход в состояние 48

    $default  вывод с использованием правила 24 (EXPR1)


Состояние 65

   25 EXPR1: EXPR1 BOOLAND EXPR2 .
   30 EXPR2: EXPR2 . '+' TERM
   31      | EXPR2 . '-' TERM

    '+'  сдвиг, и переход в состояние 47
    '-'  сдвиг, и переход в состояние 48

    $default  вывод с использованием правила 25 (EXPR1)


Состояние 66

   26 EXPR1: EXPR1 BOOLOR EXPR2 .
   30 EXPR2: EXPR2 . '+' TERM
   31      | EXPR2 . '-' TERM

    '+'  сдвиг, и переход в состояние 47
    '-'  сдвиг, и переход в состояние 48

    $default  вывод с использованием правила 26 (EXPR1)


Состояние 67

   27 EXPR1: EXPR1 '>' EXPR2 .
   30 EXPR2: EXPR2 . '+' TERM
   31      | EXPR2 . '-' TERM

    '+'  сдвиг, и переход в состояние 47
    '-'  сдвиг, и переход в состояние 48

    $default  вывод с использованием правила 27 (EXPR1)


Состояние 68

   28 EXPR1: EXPR1 '<' EXPR2 .
   30 EXPR2: EXPR2 . '+' TERM
   31      | EXPR2 . '-' TERM

    '+'  сдвиг, и переход в состояние 47
    '-'  сдвиг, и переход в состояние 48

    $default  вывод с использованием правила 28 (EXPR1)


Состояние 69

   30 EXPR2: EXPR2 '+' TERM .
   33 TERM: TERM . '*' VAL
   34     | TERM . '/' VAL

    '*'  сдвиг, и переход в состояние 49
    '/'  сдвиг, и переход в состояние 50

    $default  вывод с использованием правила 30 (EXPR2)


Состояние 70

   31 EXPR2: EXPR2 '-' TERM .
   33 TERM: TERM . '*' VAL
   34     | TERM . '/' VAL

    '*'  сдвиг, и переход в состояние 49
    '/'  сдвиг, и переход в состояние 50

    $default  вывод с использованием правила 31 (EXPR2)


Состояние 71

   33 TERM: TERM '*' VAL .

    $default  вывод с использованием правила 33 (TERM)


Состояние 72

   34 TERM: TERM '/' VAL .

    $default  вывод с использованием правила 34 (TERM)


Состояние 73

    2 PROGRAM: AWKBEGIN '{' OPS '}' . '{' OPS '}'
    4        | AWKBEGIN '{' OPS '}' . '{' OPS '}' AWKEND '{' OPS '}'

    '{'  сдвиг, и переход в состояние 81


Состояние 74

    9 OP1: IF '(' EXPR ')' . OP1 ELSE OP1
   12 OP2: IF '(' EXPR ')' . OP
   13    | IF '(' EXPR ')' . OP1 ELSE OP2

    IF      сдвиг, и переход в состояние 2
    WHILE   сдвиг, и переход в состояние 3
    EXIT    сдвиг, и переход в состояние 4
    STRING  сдвиг, и переход в состояние 5
    NUM     сдвиг, и переход в состояние 6
    ID      сдвиг, и переход в состояние 7
    '{'     сдвиг, и переход в состояние 30
    '('     сдвиг, и переход в состояние 9
    '-'     сдвиг, и переход в состояние 10
    '!'     сдвиг, и переход в состояние 11

    OP1    переход в состояние 82
    OP2    переход в состояние 15
    OP     переход в состояние 83
    EXPR   переход в состояние 17
    EXPR1  переход в состояние 18
    EXPR2  переход в состояние 19
    TERM   переход в состояние 20
    VAL    переход в состояние 21


Состояние 75

   10 OP1: WHILE '(' EXPR ')' . OP1
   14 OP2: WHILE '(' EXPR ')' . OP2

    IF      сдвиг, и переход в состояние 2
    WHILE   сдвиг, и переход в состояние 3
    EXIT    сдвиг, и переход в состояние 4
    STRING  сдвиг, и переход в состояние 5
    NUM     сдвиг, и переход в состояние 6
    ID      сдвиг, и переход в состояние 7
    '{'     сдвиг, и переход в состояние 30
    '('     сдвиг, и переход в состояние 9
    '-'     сдвиг, и переход в состояние 10
    '!'     сдвиг, и переход в состояние 11

    OP1    переход в состояние 84
    OP2    переход в состояние 85
    EXPR   переход в состояние 17
    EXPR1  переход в состояние 18
    EXPR2  переход в состояние 19
    TERM   переход в состояние 20
    VAL    переход в состояние 21


Состояние 76

   40 VAL: ID SQBROP EXPR SQBRCL .

    $default  вывод с использованием правила 40 (VAL)


Состояние 77

   19 EXPR: ID REGEX .
   42 VAL: ID '(' ID REGEX . ',' VAL ')'
   43    | ID '(' ID REGEX . ')'

    ')'  сдвиг, и переход в состояние 86
    ','  сдвиг, и переход в состояние 87

    ')'  [вывод с использованием правила 19 (EXPR)]


Состояние 78

   41 VAL: ID '(' EXPR ')' .

    $default  вывод с использованием правила 41 (VAL)


Состояние 79

    7 OP1: '{' OPS '}' .

    $default  вывод с использованием правила 7 (OP1)


Состояние 80

    3 PROGRAM: '{' OPS '}' AWKEND . '{' OPS '}'

    '{'  сдвиг, и переход в состояние 88


Состояние 81

    2 PROGRAM: AWKBEGIN '{' OPS '}' '{' . OPS '}'
    4        | AWKBEGIN '{' OPS '}' '{' . OPS '}' AWKEND '{' OPS '}'

    IF      сдвиг, и переход в состояние 2
    WHILE   сдвиг, и переход в состояние 3
    EXIT    сдвиг, и переход в состояние 4
    STRING  сдвиг, и переход в состояние 5
    NUM     сдвиг, и переход в состояние 6
    ID      сдвиг, и переход в состояние 7
    '{'     сдвиг, и переход в состояние 30
    '('     сдвиг, и переход в состояние 9
    '-'     сдвиг, и переход в состояние 10
    '!'     сдвиг, и переход в состояние 11

    OPS    переход в состояние 89
    OP1    переход в состояние 14
    OP2    переход в состояние 15
    OP     переход в состояние 16
    EXPR   переход в состояние 17
    EXPR1  переход в состояние 18
    EXPR2  переход в состояние 19
    TERM   переход в состояние 20
    VAL    переход в состояние 21


Состояние 82

    9 OP1: IF '(' EXPR ')' OP1 . ELSE OP1
   13 OP2: IF '(' EXPR ')' OP1 . ELSE OP2
   15 OP: OP1 .

    ELSE  сдвиг, и переход в состояние 90

    $default  вывод с использованием правила 15 (OP)


Состояние 83

   12 OP2: IF '(' EXPR ')' OP .

    $default  вывод с использованием правила 12 (OP2)


Состояние 84

   10 OP1: WHILE '(' EXPR ')' OP1 .

    $default  вывод с использованием правила 10 (OP1)


Состояние 85

   14 OP2: WHILE '(' EXPR ')' OP2 .

    $default  вывод с использованием правила 14 (OP2)


Состояние 86

   43 VAL: ID '(' ID REGEX ')' .

    $default  вывод с использованием правила 43 (VAL)


Состояние 87

   42 VAL: ID '(' ID REGEX ',' . VAL ')'

    STRING  сдвиг, и переход в состояние 5
    NUM     сдвиг, и переход в состояние 6
    ID      сдвиг, и переход в состояние 33
    '('     сдвиг, и переход в состояние 9
    '-'     сдвиг, и переход в состояние 10
    '!'     сдвиг, и переход в состояние 11

    VAL  переход в состояние 91


Состояние 88

    3 PROGRAM: '{' OPS '}' AWKEND '{' . OPS '}'

    IF      сдвиг, и переход в состояние 2
    WHILE   сдвиг, и переход в состояние 3
    EXIT    сдвиг, и переход в состояние 4
    STRING  сдвиг, и переход в состояние 5
    NUM     сдвиг, и переход в состояние 6
    ID      сдвиг, и переход в состояние 7
    '{'     сдвиг, и переход в состояние 30
    '('     сдвиг, и переход в состояние 9
    '-'     сдвиг, и переход в состояние 10
    '!'     сдвиг, и переход в состояние 11

    OPS    переход в состояние 92
    OP1    переход в состояние 14
    OP2    переход в состояние 15
    OP     переход в состояние 16
    EXPR   переход в состояние 17
    EXPR1  переход в состояние 18
    EXPR2  переход в состояние 19
    TERM   переход в состояние 20
    VAL    переход в состояние 21


Состояние 89

    2 PROGRAM: AWKBEGIN '{' OPS '}' '{' OPS . '}'
    4        | AWKBEGIN '{' OPS '}' '{' OPS . '}' AWKEND '{' OPS '}'
    6 OPS: OPS . OP

    IF      сдвиг, и переход в состояние 2
    WHILE   сдвиг, и переход в состояние 3
    EXIT    сдвиг, и переход в состояние 4
    STRING  сдвиг, и переход в состояние 5
    NUM     сдвиг, и переход в состояние 6
    ID      сдвиг, и переход в состояние 7
    '{'     сдвиг, и переход в состояние 30
    '}'     сдвиг, и переход в состояние 93
    '('     сдвиг, и переход в состояние 9
    '-'     сдвиг, и переход в состояние 10
    '!'     сдвиг, и переход в состояние 11

    OP1    переход в состояние 14
    OP2    переход в состояние 15
    OP     переход в состояние 37
    EXPR   переход в состояние 17
    EXPR1  переход в состояние 18
    EXPR2  переход в состояние 19
    TERM   переход в состояние 20
    VAL    переход в состояние 21


Состояние 90

    9 OP1: IF '(' EXPR ')' OP1 ELSE . OP1
   13 OP2: IF '(' EXPR ')' OP1 ELSE . OP2

    IF      сдвиг, и переход в состояние 2
    WHILE   сдвиг, и переход в состояние 3
    EXIT    сдвиг, и переход в состояние 4
    STRING  сдвиг, и переход в состояние 5
    NUM     сдвиг, и переход в состояние 6
    ID      сдвиг, и переход в состояние 7
    '{'     сдвиг, и переход в состояние 30
    '('     сдвиг, и переход в состояние 9
    '-'     сдвиг, и переход в состояние 10
    '!'     сдвиг, и переход в состояние 11

    OP1    переход в состояние 94
    OP2    переход в состояние 95
    EXPR   переход в состояние 17
    EXPR1  переход в состояние 18
    EXPR2  переход в состояние 19
    TERM   переход в состояние 20
    VAL    переход в состояние 21


Состояние 91

   42 VAL: ID '(' ID REGEX ',' VAL . ')'

    ')'  сдвиг, и переход в состояние 96


Состояние 92

    3 PROGRAM: '{' OPS '}' AWKEND '{' OPS . '}'
    6 OPS: OPS . OP

    IF      сдвиг, и переход в состояние 2
    WHILE   сдвиг, и переход в состояние 3
    EXIT    сдвиг, и переход в состояние 4
    STRING  сдвиг, и переход в состояние 5
    NUM     сдвиг, и переход в состояние 6
    ID      сдвиг, и переход в состояние 7
    '{'     сдвиг, и переход в состояние 30
    '}'     сдвиг, и переход в состояние 97
    '('     сдвиг, и переход в состояние 9
    '-'     сдвиг, и переход в состояние 10
    '!'     сдвиг, и переход в состояние 11

    OP1    переход в состояние 14
    OP2    переход в состояние 15
    OP     переход в состояние 37
    EXPR   переход в состояние 17
    EXPR1  переход в состояние 18
    EXPR2  переход в состояние 19
    TERM   переход в состояние 20
    VAL    переход в состояние 21


Состояние 93

    2 PROGRAM: AWKBEGIN '{' OPS '}' '{' OPS '}' .
    4        | AWKBEGIN '{' OPS '}' '{' OPS '}' . AWKEND '{' OPS '}'

    AWKEND  сдвиг, и переход в состояние 98

    $default  вывод с использованием правила 2 (PROGRAM)


Состояние 94

    9 OP1: IF '(' EXPR ')' OP1 ELSE OP1 .

    $default  вывод с использованием правила 9 (OP1)


Состояние 95

   13 OP2: IF '(' EXPR ')' OP1 ELSE OP2 .

    $default  вывод с использованием правила 13 (OP2)


Состояние 96

   42 VAL: ID '(' ID REGEX ',' VAL ')' .

    $default  вывод с использованием правила 42 (VAL)


Состояние 97

    3 PROGRAM: '{' OPS '}' AWKEND '{' OPS '}' .

    $default  вывод с использованием правила 3 (PROGRAM)


Состояние 98

    4 PROGRAM: AWKBEGIN '{' OPS '}' '{' OPS '}' AWKEND . '{' OPS '}'

    '{'  сдвиг, и переход в состояние 99


Состояние 99

    4 PROGRAM: AWKBEGIN '{' OPS '}' '{' OPS '}' AWKEND '{' . OPS '}'

    IF      сдвиг, и переход в состояние 2
    WHILE   сдвиг, и переход в состояние 3
    EXIT    сдвиг, и переход в состояние 4
    STRING  сдвиг, и переход в состояние 5
    NUM     сдвиг, и переход в состояние 6
    ID      сдвиг, и переход в состояние 7
    '{'     сдвиг, и переход в состояние 30
    '('     сдвиг, и переход в состояние 9
    '-'     сдвиг, и переход в состояние 10
    '!'     сдвиг, и переход в состояние 11

    OPS    переход в состояние 100
    OP1    переход в состояние 14
    OP2    переход в состояние 15
    OP     переход в состояние 16
    EXPR   переход в состояние 17
    EXPR1  переход в состояние 18
    EXPR2  переход в состояние 19
    TERM   переход в состояние 20
    VAL    переход в состояние 21


Состояние 100

    4 PROGRAM: AWKBEGIN '{' OPS '}' '{' OPS '}' AWKEND '{' OPS . '}'
    6 OPS: OPS . OP

    IF      сдвиг, и переход в состояние 2
    WHILE   сдвиг, и переход в состояние 3
    EXIT    сдвиг, и переход в состояние 4
    STRING  сдвиг, и переход в состояние 5
    NUM     сдвиг, и переход в состояние 6
    ID      сдвиг, и переход в состояние 7
    '{'     сдвиг, и переход в состояние 30
    '}'     сдвиг, и переход в состояние 101
    '('     сдвиг, и переход в состояние 9
    '-'     сдвиг, и переход в состояние 10
    '!'     сдвиг, и переход в состояние 11

    OP1    переход в состояние 14
    OP2    переход в состояние 15
    OP     переход в состояние 37
    EXPR   переход в состояние 17
    EXPR1  переход в состояние 18
    EXPR2  переход в состояние 19
    TERM   переход в состояние 20
    VAL    переход в состояние 21


Состояние 101

    4 PROGRAM: AWKBEGIN '{' OPS '}' '{' OPS '}' AWKEND '{' OPS '}' .

    $default  вывод с использованием правила 4 (PROGRAM)
