This file contains any messages produced by compilers while
running configure, to aid debugging if configure makes a mistake.

It was created by ldat configure 1.0, which was
generated by GNU Autoconf 2.59.  Invocation command line was

wrlinux/configure moves to ../ldat, so: (at least board/kernel/rootfs)
  $ /lpg-build/cdc/bsp/wrlinux-4.0/dvd_install/lx28a_09fa/wrlinux-4/wrlinux/../ldat/configure --with-product-dir=/lpg-build/cdc/bsp/wrlinux-4.0/dvd_install/lx28a_09fa/wrlinux-4/wrlinux --enable-board=mindspeed_c1000 --enable-kernel=standard --enable-rootfs=glibc_std --enable-force-add-depends=yes --enable-jobs=4 --with-layer=/folk/yzhang6/wrll-mindspeed_c1000_layer/wrll-mindspeed_c1000 --with-template=board/mindspeed_c1000
  --with-templates is relative path, relative to layer/templates

/lpg-build/cdc/fast_prod/wrlinux4.2/dvd_install/lx12a_10fa/wrlinux-4/ldat/configure --with-product-dir=/lpg-build/cdc/fast_prod/wrlinux4.2/dvd_install/lx12a_10fa/wrlinux-4/wrlinux/ --enable-board=mindspeed_c1000 --enable-kernel=standard --enable-rootfs=glibc_std --enable-force-add-depends=yes --enable-jobs=4

## --------- ##
## Platform. ##
## --------- ##

hostname = pek-lpgbuild7
uname -m = x86_64
uname -r = 2.6.18-92.el5
uname -s = Linux
uname -v = #1 SMP Tue Apr 29 13:16:15 EDT 2008

/usr/bin/uname -p = unknown
/bin/uname -X     = unknown

/bin/arch              = x86_64
/usr/bin/arch -k       = unknown
/usr/convex/getsysinfo = unknown
hostinfo               = unknown
/bin/machine           = unknown
/usr/bin/oslevel       = unknown
/bin/universe          = unknown

PATH: /usr/kerberos/bin
PATH: /usr/local/bin
PATH: /bin
PATH: /usr/bin
PATH: /folk/vlm/commandline


## ----------- ##
## Core tests. ##
## ----------- ##

configure:1810: checking whether to enable maintainer-specific portions of Makefiles
configure:1819: result: no
configure:1873: checking for a BSD-compatible install
configure:1928: result: /usr/bin/install -c
configure:1939: checking whether build environment is sane
configure:1982: result: yes
configure:2047: checking for gawk
configure:2063: found /bin/gawk
configure:2073: result: gawk
configure:2083: checking whether make sets $(MAKE)
configure:2103: result: yes
configure:2349: checking build system type
configure:2367: result: x86_64-redhat-linux-gnu
configure:2375: checking host system type
configure:2389: result: x86_64-redhat-linux-gnu
configure:2409: checking for style of include used by make
configure:2437: result: GNU
configure:2508: checking for gcc
configure:2524: found /usr/bin/gcc
configure:2534: result: gcc
configure:2778: checking for C compiler version
configure:2781: gcc --version </dev/null >&5
gcc (GCC) 4.1.2 20071124 (Red Hat 4.1.2-42)
Copyright (C) 2006 Free Software Foundation, Inc.
This is free software; see the source for copying conditions.  There is NO
warranty; not even for MERCHANTABILITY or FITNESS FOR A PARTICULAR PURPOSE.

configure:2784: $? = 0
configure:2786: gcc -v </dev/null >&5
Using built-in specs.
Target: x86_64-redhat-linux
Configured with: ../configure --prefix=/usr --mandir=/usr/share/man --infodir=/usr/share/info --enable-shared --enable-threads=posix --enable-checking=release --with-system-zlib --enable-__cxa_atexit --disable-libunwind-exceptions --enable-libgcj-multifile --enable-languages=c,c++,objc,obj-c++,java,fortran,ada --enable-java-awt=gtk --disable-dssi --enable-plugin --with-java-home=/usr/lib/jvm/java-1.4.2-gcj-1.4.2.0/jre --with-cpu=generic --host=x86_64-redhat-linux
Thread model: posix
gcc version 4.1.2 20071124 (Red Hat 4.1.2-42)
configure:2789: $? = 0
configure:2791: gcc -V </dev/null >&5
gcc: '-V' option must have argument
configure:2794: $? = 1
configure:2817: checking for C compiler default output file name
configure:2820: gcc    conftest.c  >&5
configure:2823: $? = 0
configure:2869: result: a.out
configure:2874: checking whether the C compiler works
configure:2880: ./a.out
configure:2883: $? = 0
configure:2900: result: yes
configure:2907: checking whether we are cross compiling
configure:2909: result: no
configure:2912: checking for suffix of executables
configure:2914: gcc -o conftest    conftest.c  >&5
configure:2917: $? = 0
configure:2942: result: 
configure:2948: checking for suffix of object files
configure:2969: gcc -c   conftest.c >&5
configure:2972: $? = 0
configure:2994: result: o
configure:2998: checking whether we are using the GNU C compiler
configure:3022: gcc -c   conftest.c >&5
configure:3028: $? = 0
configure:3032: test -z 
			 || test ! -s conftest.err
configure:3035: $? = 0
configure:3038: test -s conftest.o
configure:3041: $? = 0
configure:3054: result: yes
configure:3060: checking whether gcc accepts -g
configure:3081: gcc -c -g  conftest.c >&5
configure:3087: $? = 0
configure:3091: test -z 
			 || test ! -s conftest.err
configure:3094: $? = 0
configure:3097: test -s conftest.o
configure:3100: $? = 0
configure:3111: result: yes
configure:3128: checking for gcc option to accept ANSI C
configure:3198: gcc  -c -g -O2  conftest.c >&5
configure:3204: $? = 0
configure:3208: test -z 
			 || test ! -s conftest.err
configure:3211: $? = 0
configure:3214: test -s conftest.o
configure:3217: $? = 0
configure:3235: result: none needed
configure:3253: gcc -c -g -O2  conftest.c >&5
conftest.c:2: error: expected '=', ',', ';', 'asm' or '__attribute__' before 'me'
configure:3259: $? = 1
configure: failed program was:
| #ifndef __cplusplus
|   choke me
| #endif
configure:3394: checking dependency style of gcc
configure:3484: result: gcc3
configure:3501: checking for a sed that does not truncate output
configure:3557: result: /bin/sed
configure:3560: checking for egrep
configure:3570: result: grep -E
configure:3586: checking for ld used by gcc
configure:3653: result: /usr/bin/ld
configure:3662: checking if the linker (/usr/bin/ld) is GNU ld
configure:3677: result: yes
configure:3682: checking for /usr/bin/ld option to reload object files
configure:3689: result: -r
configure:3707: checking for BSD-compatible nm
configure:3756: result: /usr/bin/nm -B
configure:3760: checking whether ln -s works
configure:3764: result: yes
configure:3771: checking how to recognise dependent libraries
configure:3947: result: pass_all
configure:4035: gcc -c -g -O2  conftest.c >&5
configure:4038: $? = 0
configure:4184: checking how to run the C preprocessor
configure:4219: gcc -E  conftest.c
configure:4225: $? = 0
configure:4257: gcc -E  conftest.c
conftest.c:11:28: error: ac_nonexistent.h: No such file or directory
configure:4263: $? = 1
configure: failed program was:
| /* confdefs.h.  */
| 
| #define PACKAGE_NAME "ldat"
| #define PACKAGE_TARNAME "ldat"
| #define PACKAGE_VERSION "1.0"
| #define PACKAGE_STRING "ldat 1.0"
| #define PACKAGE_BUGREPORT ""
| #define PACKAGE "ldat"
| #define VERSION "1.0"
| /* end confdefs.h.  */
| #include <ac_nonexistent.h>
configure:4302: result: gcc -E
configure:4326: gcc -E  conftest.c
configure:4332: $? = 0
configure:4364: gcc -E  conftest.c
conftest.c:11:28: error: ac_nonexistent.h: No such file or directory
configure:4370: $? = 1
configure: failed program was:
| /* confdefs.h.  */
| 
| #define PACKAGE_NAME "ldat"
| #define PACKAGE_TARNAME "ldat"
| #define PACKAGE_VERSION "1.0"
| #define PACKAGE_STRING "ldat 1.0"
| #define PACKAGE_BUGREPORT ""
| #define PACKAGE "ldat"
| #define VERSION "1.0"
| /* end confdefs.h.  */
| #include <ac_nonexistent.h>
configure:4414: checking for ANSI C header files
configure:4439: gcc -c -g -O2  conftest.c >&5
configure:4445: $? = 0
configure:4449: test -z 
			 || test ! -s conftest.err
configure:4452: $? = 0
configure:4455: test -s conftest.o
configure:4458: $? = 0
configure:4547: gcc -o conftest -g -O2   conftest.c  >&5
conftest.c: In function 'main':
conftest.c:28: warning: incompatible implicit declaration of built-in function 'exit'
configure:4550: $? = 0
configure:4552: ./conftest
configure:4555: $? = 0
configure:4570: result: yes
configure:4594: checking for sys/types.h
configure:4610: gcc -c -g -O2  conftest.c >&5
configure:4616: $? = 0
configure:4620: test -z 
			 || test ! -s conftest.err
configure:4623: $? = 0
configure:4626: test -s conftest.o
configure:4629: $? = 0
configure:4640: result: yes
configure:4594: checking for sys/stat.h
configure:4610: gcc -c -g -O2  conftest.c >&5
configure:4616: $? = 0
configure:4620: test -z 
			 || test ! -s conftest.err
configure:4623: $? = 0
configure:4626: test -s conftest.o
configure:4629: $? = 0
configure:4640: result: yes
configure:4594: checking for stdlib.h
configure:4610: gcc -c -g -O2  conftest.c >&5
configure:4616: $? = 0
configure:4620: test -z 
			 || test ! -s conftest.err
configure:4623: $? = 0
configure:4626: test -s conftest.o
configure:4629: $? = 0
configure:4640: result: yes
configure:4594: checking for string.h
configure:4610: gcc -c -g -O2  conftest.c >&5
configure:4616: $? = 0
configure:4620: test -z 
			 || test ! -s conftest.err
configure:4623: $? = 0
configure:4626: test -s conftest.o
configure:4629: $? = 0
configure:4640: result: yes
configure:4594: checking for memory.h
configure:4610: gcc -c -g -O2  conftest.c >&5
configure:4616: $? = 0
configure:4620: test -z 
			 || test ! -s conftest.err
configure:4623: $? = 0
configure:4626: test -s conftest.o
configure:4629: $? = 0
configure:4640: result: yes
configure:4594: checking for strings.h
configure:4610: gcc -c -g -O2  conftest.c >&5
configure:4616: $? = 0
configure:4620: test -z 
			 || test ! -s conftest.err
configure:4623: $? = 0
configure:4626: test -s conftest.o
configure:4629: $? = 0
configure:4640: result: yes
configure:4594: checking for inttypes.h
configure:4610: gcc -c -g -O2  conftest.c >&5
configure:4616: $? = 0
configure:4620: test -z 
			 || test ! -s conftest.err
configure:4623: $? = 0
configure:4626: test -s conftest.o
configure:4629: $? = 0
configure:4640: result: yes
configure:4594: checking for stdint.h
configure:4610: gcc -c -g -O2  conftest.c >&5
configure:4616: $? = 0
configure:4620: test -z 
			 || test ! -s conftest.err
configure:4623: $? = 0
configure:4626: test -s conftest.o
configure:4629: $? = 0
configure:4640: result: yes
configure:4594: checking for unistd.h
configure:4610: gcc -c -g -O2  conftest.c >&5
configure:4616: $? = 0
configure:4620: test -z 
			 || test ! -s conftest.err
configure:4623: $? = 0
configure:4626: test -s conftest.o
configure:4629: $? = 0
configure:4640: result: yes
configure:4666: checking dlfcn.h usability
configure:4678: gcc -c -g -O2  conftest.c >&5
configure:4684: $? = 0
configure:4688: test -z 
			 || test ! -s conftest.err
configure:4691: $? = 0
configure:4694: test -s conftest.o
configure:4697: $? = 0
configure:4707: result: yes
configure:4711: checking dlfcn.h presence
configure:4721: gcc -E  conftest.c
configure:4727: $? = 0
configure:4747: result: yes
configure:4782: checking for dlfcn.h
configure:4789: result: yes
configure:4854: checking for g++
configure:4870: found /usr/bin/g++
configure:4880: result: g++
configure:4896: checking for C++ compiler version
configure:4899: g++ --version </dev/null >&5
g++ (GCC) 4.1.2 20071124 (Red Hat 4.1.2-42)
Copyright (C) 2006 Free Software Foundation, Inc.
This is free software; see the source for copying conditions.  There is NO
warranty; not even for MERCHANTABILITY or FITNESS FOR A PARTICULAR PURPOSE.

configure:4902: $? = 0
configure:4904: g++ -v </dev/null >&5
Using built-in specs.
Target: x86_64-redhat-linux
Configured with: ../configure --prefix=/usr --mandir=/usr/share/man --infodir=/usr/share/info --enable-shared --enable-threads=posix --enable-checking=release --with-system-zlib --enable-__cxa_atexit --disable-libunwind-exceptions --enable-libgcj-multifile --enable-languages=c,c++,objc,obj-c++,java,fortran,ada --enable-java-awt=gtk --disable-dssi --enable-plugin --with-java-home=/usr/lib/jvm/java-1.4.2-gcj-1.4.2.0/jre --with-cpu=generic --host=x86_64-redhat-linux
Thread model: posix
gcc version 4.1.2 20071124 (Red Hat 4.1.2-42)
configure:4907: $? = 0
configure:4909: g++ -V </dev/null >&5
g++: '-V' option must have argument
configure:4912: $? = 1
configure:4915: checking whether we are using the GNU C++ compiler
configure:4939: g++ -c   conftest.cc >&5
configure:4945: $? = 0
configure:4949: test -z 
			 || test ! -s conftest.err
configure:4952: $? = 0
configure:4955: test -s conftest.o
configure:4958: $? = 0
configure:4971: result: yes
configure:4977: checking whether g++ accepts -g
configure:4998: g++ -c -g  conftest.cc >&5
configure:5004: $? = 0
configure:5008: test -z 
			 || test ! -s conftest.err
configure:5011: $? = 0
configure:5014: test -s conftest.o
configure:5017: $? = 0
configure:5028: result: yes
configure:5070: g++ -c -g -O2  conftest.cc >&5
configure:5076: $? = 0
configure:5080: test -z 
			 || test ! -s conftest.err
configure:5083: $? = 0
configure:5086: test -s conftest.o
configure:5089: $? = 0
configure:5115: g++ -c -g -O2  conftest.cc >&5
conftest.cc: In function 'int main()':
conftest.cc:26: error: 'exit' was not declared in this scope
configure:5121: $? = 1
configure: failed program was:
| /* confdefs.h.  */
| 
| #define PACKAGE_NAME "ldat"
| #define PACKAGE_TARNAME "ldat"
| #define PACKAGE_VERSION "1.0"
| #define PACKAGE_STRING "ldat 1.0"
| #define PACKAGE_BUGREPORT ""
| #define PACKAGE "ldat"
| #define VERSION "1.0"
| #define STDC_HEADERS 1
| #define HAVE_SYS_TYPES_H 1
| #define HAVE_SYS_STAT_H 1
| #define HAVE_STDLIB_H 1
| #define HAVE_STRING_H 1
| #define HAVE_MEMORY_H 1
| #define HAVE_STRINGS_H 1
| #define HAVE_INTTYPES_H 1
| #define HAVE_STDINT_H 1
| #define HAVE_UNISTD_H 1
| #define HAVE_DLFCN_H 1
| /* end confdefs.h.  */
| 
| int
| main ()
| {
| exit (42);
|   ;
|   return 0;
| }
configure:5070: g++ -c -g -O2  conftest.cc >&5
configure:5076: $? = 0
configure:5080: test -z 
			 || test ! -s conftest.err
configure:5083: $? = 0
configure:5086: test -s conftest.o
configure:5089: $? = 0
configure:5115: g++ -c -g -O2  conftest.cc >&5
configure:5121: $? = 0
configure:5125: test -z 
			 || test ! -s conftest.err
configure:5128: $? = 0
configure:5131: test -s conftest.o
configure:5134: $? = 0
configure:5159: checking dependency style of g++
configure:5249: result: gcc3
configure:5276: checking how to run the C++ preprocessor
configure:5307: g++ -E  conftest.cc
configure:5313: $? = 0
configure:5345: g++ -E  conftest.cc
conftest.cc:25:28: error: ac_nonexistent.h: No such file or directory
configure:5351: $? = 1
configure: failed program was:
| /* confdefs.h.  */
| 
| #define PACKAGE_NAME "ldat"
| #define PACKAGE_TARNAME "ldat"
| #define PACKAGE_VERSION "1.0"
| #define PACKAGE_STRING "ldat 1.0"
| #define PACKAGE_BUGREPORT ""
| #define PACKAGE "ldat"
| #define VERSION "1.0"
| #define STDC_HEADERS 1
| #define HAVE_SYS_TYPES_H 1
| #define HAVE_SYS_STAT_H 1
| #define HAVE_STDLIB_H 1
| #define HAVE_STRING_H 1
| #define HAVE_MEMORY_H 1
| #define HAVE_STRINGS_H 1
| #define HAVE_INTTYPES_H 1
| #define HAVE_STDINT_H 1
| #define HAVE_UNISTD_H 1
| #define HAVE_DLFCN_H 1
| #ifdef __cplusplus
| extern "C" void std::exit (int) throw (); using std::exit;
| #endif
| /* end confdefs.h.  */
| #include <ac_nonexistent.h>
configure:5390: result: g++ -E
configure:5414: g++ -E  conftest.cc
configure:5420: $? = 0
configure:5452: g++ -E  conftest.cc
conftest.cc:25:28: error: ac_nonexistent.h: No such file or directory
configure:5458: $? = 1
configure: failed program was:
| /* confdefs.h.  */
| 
| #define PACKAGE_NAME "ldat"
| #define PACKAGE_TARNAME "ldat"
| #define PACKAGE_VERSION "1.0"
| #define PACKAGE_STRING "ldat 1.0"
| #define PACKAGE_BUGREPORT ""
| #define PACKAGE "ldat"
| #define VERSION "1.0"
| #define STDC_HEADERS 1
| #define HAVE_SYS_TYPES_H 1
| #define HAVE_SYS_STAT_H 1
| #define HAVE_STDLIB_H 1
| #define HAVE_STRING_H 1
| #define HAVE_MEMORY_H 1
| #define HAVE_STRINGS_H 1
| #define HAVE_INTTYPES_H 1
| #define HAVE_STDINT_H 1
| #define HAVE_UNISTD_H 1
| #define HAVE_DLFCN_H 1
| #ifdef __cplusplus
| extern "C" void std::exit (int) throw (); using std::exit;
| #endif
| /* end confdefs.h.  */
| #include <ac_nonexistent.h>
configure:5555: checking for g77
configure:5571: found /usr/bin/g77
configure:5581: result: g77
configure:5596: checking for Fortran 77 compiler version
configure:5599: g77 --version </dev/null >&5
GNU Fortran (GCC) 3.4.6 20060404 (Red Hat 3.4.6-4)
Copyright (C) 2006 Free Software Foundation, Inc.

GNU Fortran comes with NO WARRANTY, to the extent permitted by law.
You may redistribute copies of GNU Fortran
under the terms of the GNU General Public License.
For more information about these matters, see the file named COPYING
or type the command `info -f g77 Copying'.
configure:5602: $? = 0
configure:5604: g77 -v </dev/null >&5
Reading specs from /usr/lib/gcc/x86_64-redhat-linux/3.4.6/specs
Configured with: ../configure --prefix=/usr --mandir=/usr/share/man --infodir=/usr/share/info --enable-shared --enable-threads=posix --disable-checking --with-system-zlib --enable-__cxa_atexit --disable-libunwind-exceptions --enable-languages=c,c++,f77 --disable-libgcj --host=x86_64-redhat-linux
Thread model: posix
gcc version 3.4.6 20060404 (Red Hat 3.4.6-4)
configure:5607: $? = 0
configure:5609: g77 -V </dev/null >&5
g77: `-V' option must have argument
configure:5612: $? = 1
configure:5620: checking whether we are using the GNU Fortran 77 compiler
configure:5634: g77 -c  conftest.F >&5
configure:5640: $? = 0
configure:5644: test -z 
			 || test ! -s conftest.err
configure:5647: $? = 0
configure:5650: test -s conftest.o
configure:5653: $? = 0
configure:5666: result: yes
configure:5672: checking whether g77 accepts -g
configure:5684: g77 -c -g conftest.f >&5
configure:5690: $? = 0
configure:5694: test -z 
			 || test ! -s conftest.err
configure:5697: $? = 0
configure:5700: test -s conftest.o
configure:5703: $? = 0
configure:5715: result: yes
configure:5745: checking the maximum length of command line arguments
configure:5854: result: 32768
configure:5865: checking command to parse /usr/bin/nm -B output from gcc object
configure:5970: gcc -c -g -O2  conftest.c >&5
configure:5973: $? = 0
configure:5977: /usr/bin/nm -B conftest.o \| sed -n -e 's/^.*[ 	]\([ABCDGIRSTW][ABCDGIRSTW]*\)[ 	][ 	]*\([_A-Za-z][_A-Za-z0-9]*\)$/\1 \2 \2/p' \> conftest.nm
configure:5980: $? = 0
configure:6032: gcc -o conftest -g -O2   conftest.c conftstm.o >&5
configure:6035: $? = 0
configure:6073: result: ok
configure:6077: checking for objdir
configure:6092: result: .libs
configure:6182: checking for ar
configure:6198: found /usr/bin/ar
configure:6209: result: ar
configure:6262: checking for ranlib
configure:6278: found /usr/bin/ranlib
configure:6289: result: ranlib
configure:6342: checking for strip
configure:6358: found /usr/bin/strip
configure:6369: result: strip
configure:6641: checking if gcc supports -fno-rtti -fno-exceptions
configure:6659: gcc -c -g -O2  -fno-rtti -fno-exceptions conftest.c >&5
cc1: warning: command line option "-fno-rtti" is valid for C++/ObjC++ but not for C
configure:6663: $? = 0
configure:6676: result: no
configure:6691: checking for gcc option to produce PIC
configure:6901: result: -fPIC
configure:6909: checking if gcc PIC flag -fPIC works
configure:6927: gcc -c -g -O2  -fPIC -DPIC conftest.c >&5
configure:6931: $? = 0
configure:6944: result: yes
configure:6972: checking if gcc static flag -static works
configure:7000: result: yes
configure:7010: checking if gcc supports -c -o file.o
configure:7031: gcc -c -g -O2  -o out/conftest2.o conftest.c >&5
configure:7035: $? = 0
configure:7057: result: yes
configure:7083: checking whether the gcc linker (/usr/bin/ld -m elf_x86_64) supports shared libraries
configure:8041: result: yes
configure:8062: checking whether -lc should be explicitly linked in
configure:8067: gcc -c -g -O2  conftest.c >&5
configure:8070: $? = 0
configure:8085: gcc -shared conftest.o  -v -Wl,-soname -Wl,conftest -o conftest 2\>\&1 \| grep  -lc  \>/dev/null 2\>\&1
configure:8088: $? = 0
configure:8100: result: no
configure:8108: checking dynamic linker characteristics
configure:8501: gcc -c -g -O2  conftest.c >&5
configure:8504: $? = 0
configure:8717: result: GNU/Linux ld.so
configure:8726: checking how to hardcode library paths into programs
configure:8751: result: immediate
configure:8765: checking whether stripping libraries is possible
configure:8770: result: yes
configure:9604: checking if libtool supports shared libraries
configure:9606: result: yes
configure:9609: checking whether to build shared libraries
configure:9630: result: yes
configure:9633: checking whether to build static libraries
configure:9637: result: yes
configure:9729: creating libtool
configure:10320: checking for ld used by g++
configure:10387: result: /usr/bin/ld -m elf_x86_64
configure:10396: checking if the linker (/usr/bin/ld -m elf_x86_64) is GNU ld
configure:10411: result: yes
configure:10462: checking whether the g++ linker (/usr/bin/ld -m elf_x86_64) supports shared libraries
configure:11400: result: yes
configure:11418: g++ -c -g -O2  conftest.cpp >&5
configure:11421: $? = 0
configure:11540: checking for g++ option to produce PIC
configure:11814: result: -fPIC
configure:11822: checking if g++ PIC flag -fPIC works
configure:11840: g++ -c -g -O2  -fPIC -DPIC conftest.cpp >&5
configure:11844: $? = 0
configure:11857: result: yes
configure:11885: checking if g++ static flag -static works
configure:11913: result: yes
configure:11923: checking if g++ supports -c -o file.o
configure:11944: g++ -c -g -O2  -o out/conftest2.o conftest.cpp >&5
configure:11948: $? = 0
configure:11970: result: yes
configure:11996: checking whether the g++ linker (/usr/bin/ld -m elf_x86_64) supports shared libraries
configure:12021: result: yes
configure:12088: checking dynamic linker characteristics
configure:12481: g++ -c -g -O2  conftest.cpp >&5
configure:12484: $? = 0
configure:12697: result: GNU/Linux ld.so
configure:12706: checking how to hardcode library paths into programs
configure:12731: result: immediate
configure:13260: checking if libtool supports shared libraries
configure:13262: result: yes
configure:13265: checking whether to build shared libraries
configure:13285: result: yes
configure:13288: checking whether to build static libraries
configure:13292: result: yes
configure:13302: checking for g77 option to produce PIC
configure:13512: result: -fPIC
configure:13520: checking if g77 PIC flag -fPIC works
configure:13538: g77 -c -g -O2 -fPIC conftest.f >&5
configure:13542: $? = 0
configure:13555: result: yes
configure:13583: checking if g77 static flag -static works
configure:13611: result: yes
configure:13621: checking if g77 supports -c -o file.o
configure:13642: g77 -c -g -O2 -o out/conftest2.o conftest.f >&5
configure:13646: $? = 0
configure:13668: result: yes
configure:13694: checking whether the g77 linker (/usr/bin/ld -m elf_x86_64) supports shared libraries
configure:14632: result: yes
configure:14699: checking dynamic linker characteristics
configure:15092: g77 -c -g -O2 conftest.f >&5
configure:15095: $? = 0
configure:15308: result: GNU/Linux ld.so
configure:15317: checking how to hardcode library paths into programs
configure:15342: result: immediate
configure:18989: checking if gcc supports -fno-rtti -fno-exceptions
configure:19024: result: no
configure:19039: checking for gcc option to produce PIC
configure:19249: result: -fPIC
configure:19257: checking if gcc PIC flag -fPIC works
configure:19292: result: yes
configure:19320: checking if gcc static flag -static works
configure:19348: result: yes
configure:19358: checking if gcc supports -c -o file.o
configure:19405: result: yes
configure:19431: checking whether the gcc linker (/usr/bin/ld -m elf_x86_64) supports shared libraries
configure:20389: result: yes
configure:20456: checking dynamic linker characteristics
configure:20849: gcc -c -g -O2  conftest.c >&5
configure:20852: $? = 0
configure:21065: result: GNU/Linux ld.so
configure:21074: checking how to hardcode library paths into programs
configure:21099: result: immediate
configure:21113: checking whether stripping libraries is possible
configure:21118: result: yes
configure:21952: checking if libtool supports shared libraries
configure:21954: result: yes
configure:21957: checking whether to build shared libraries
configure:21978: result: yes
configure:21981: checking whether to build static libraries
configure:21985: result: yes
configure:22077: creating libtool
configure:22638: checking for rpm
configure:22656: found /bin/rpm
configure:22669: result: /bin/rpm
configure:22859: checking for echo
configure:22877: found /bin/echo
configure:22890: result: /bin/echo
configure:22909: checking for mkdir
configure:22927: found /bin/mkdir
configure:22940: result: /bin/mkdir
configure:23058: checking for tr
configure:23076: found /usr/bin/tr
configure:23089: result: /usr/bin/tr
configure:23863: Including the following templates: rootfs/glibc_std,kernel/standard,,board/mindspeed_c1000,default,board/mindspeed_c1000
configure:24162: checking for gawk
configure:24188: result: gawk
configure:24198: checking for egrep
configure:24208: result: grep -E
configure:24226: checking for a BSD-compatible install
configure:24281: result: /usr/bin/install -c
configure:24292: checking whether ln -s works
configure:24296: result: yes
configure:24303: checking for a host C compiler
configure:24371: gcc -o conftest conftest.c 1>&5
configure:24374: $? = 0
configure:24589: result: 
configure:24686: checking for C++ compiler version
configure:24689: g++ --version </dev/null >&5
g++ (GCC) 4.1.2 20071124 (Red Hat 4.1.2-42)
Copyright (C) 2006 Free Software Foundation, Inc.
This is free software; see the source for copying conditions.  There is NO
warranty; not even for MERCHANTABILITY or FITNESS FOR A PARTICULAR PURPOSE.

configure:24692: $? = 0
configure:24694: g++ -v </dev/null >&5
Using built-in specs.
Target: x86_64-redhat-linux
Configured with: ../configure --prefix=/usr --mandir=/usr/share/man --infodir=/usr/share/info --enable-shared --enable-threads=posix --enable-checking=release --with-system-zlib --enable-__cxa_atexit --disable-libunwind-exceptions --enable-libgcj-multifile --enable-languages=c,c++,objc,obj-c++,java,fortran,ada --enable-java-awt=gtk --disable-dssi --enable-plugin --with-java-home=/usr/lib/jvm/java-1.4.2-gcj-1.4.2.0/jre --with-cpu=generic --host=x86_64-redhat-linux
Thread model: posix
gcc version 4.1.2 20071124 (Red Hat 4.1.2-42)
configure:24697: $? = 0
configure:24699: g++ -V </dev/null >&5
g++: '-V' option must have argument
configure:24702: $? = 1
configure:24705: checking whether we are using the GNU C++ compiler
configure:24761: result: yes
configure:24767: checking whether g++ accepts -g
configure:24818: result: yes
configure:24860: g++ -c -g -O2  conftest.cc >&5
configure:24866: $? = 0
configure:24870: test -z 
			 || test ! -s conftest.err
configure:24873: $? = 0
configure:24876: test -s conftest.o
configure:24879: $? = 0
configure:24905: g++ -c -g -O2  conftest.cc >&5
configure:24911: $? = 0
configure:24915: test -z 
			 || test ! -s conftest.err
configure:24918: $? = 0
configure:24921: test -s conftest.o
configure:24924: $? = 0
configure:24949: checking dependency style of g++
configure:25039: result: gcc3
configure:25056: checking for a host C++ compiler
configure:25123: g++ -o conftest conftest.cc 1>&5
configure:25126: $? = 0
configure:25309: result: 
configure:25316: checking for basename
configure:25334: found /bin/basename
configure:25347: result: /bin/basename
configure:25366: checking for tty
configure:25384: found /usr/bin/tty
configure:25397: result: /usr/bin/tty
configure:25416: checking for cat
configure:25434: found /bin/cat
configure:25447: result: /bin/cat
configure:25466: checking for less
configure:25484: found /usr/bin/less
configure:25497: result: /usr/bin/less
configure:25516: checking for chmod
configure:25534: found /bin/chmod
configure:25547: result: /bin/chmod
configure:25566: checking for chown
configure:25584: found /bin/chown
configure:25597: result: /bin/chown
configure:25616: checking for compile_et
configure:25634: found /usr/bin/compile_et
configure:25647: result: /usr/bin/compile_et
configure:25667: checking for cp
configure:25685: found /bin/cp
configure:25698: result: /bin/cp
configure:25719: checking for cpio
configure:25737: found /bin/cpio
configure:25750: result: /bin/cpio
configure:25769: checking for comm
configure:25787: found /usr/bin/comm
configure:25800: result: /usr/bin/comm
configure:25819: checking for cut
configure:25837: found /bin/cut
configure:25850: result: /bin/cut
configure:25869: checking for date
configure:25887: found /bin/date
configure:25900: result: /bin/date
configure:25919: checking for dd
configure:25937: found /bin/dd
configure:25950: result: /bin/dd
configure:25969: checking for diff
configure:25987: found /usr/bin/diff
configure:26000: result: /usr/bin/diff
configure:26019: checking for dirname
configure:26037: found /usr/bin/dirname
configure:26050: result: /usr/bin/dirname
configure:26069: checking for du
configure:26087: found /usr/bin/du
configure:26100: result: /usr/bin/du
configure:26119: checking for expr
configure:26137: found /usr/bin/expr
configure:26150: result: /usr/bin/expr
configure:26169: checking for find
configure:26187: found /usr/bin/find
configure:26200: result: /usr/bin/find
configure:26219: checking for gzip
configure:26237: found /bin/gzip
configure:26250: result: /bin/gzip
configure:26269: checking for head
configure:26287: found /usr/bin/head
configure:26300: result: /usr/bin/head
configure:26319: checking for kill
configure:26337: found /bin/kill
configure:26350: result: /bin/kill
configure:26369: checking for ln
configure:26387: found /bin/ln
configure:26400: result: /bin/ln
configure:26419: checking for ls
configure:26437: found /bin/ls
configure:26450: result: /bin/ls
configure:26469: checking for mk_cmds
configure:26487: found /usr/bin/mk_cmds
configure:26500: result: /usr/bin/mk_cmds
configure:26519: checking for mknod
configure:26537: found /bin/mknod
configure:26550: result: /bin/mknod
configure:26569: checking for mv
configure:26587: found /bin/mv
configure:26600: result: /bin/mv
configure:26619: checking for pkg-config
configure:26637: found /usr/bin/pkg-config
configure:26650: result: /usr/bin/pkg-config
configure:26669: checking for ps
configure:26687: found /bin/ps
configure:26700: result: /bin/ps
configure:26721: checking for rm
configure:26739: found /bin/rm
configure:26752: result: /bin/rm
configure:26771: checking for rmdir
configure:26789: found /bin/rmdir
configure:26802: result: /bin/rmdir
configure:26821: checking for sed
configure:26852: result: /bin/sed
configure:26871: checking for sort
configure:26889: found /bin/sort
configure:26902: result: /bin/sort
configure:26921: checking for tail
configure:26939: found /usr/bin/tail
configure:26952: result: /usr/bin/tail
configure:26971: checking for tar
configure:26989: found /bin/tar
configure:27002: result: /bin/tar
configure:27021: checking for tclsh
configure:27039: found /usr/bin/tclsh
configure:27052: result: /usr/bin/tclsh
configure:27071: checking for tex
configure:27089: found /usr/bin/tex
configure:27102: result: /usr/bin/tex
configure:27121: checking for touch
configure:27139: found /bin/touch
configure:27152: result: /bin/touch
configure:27171: checking for true
configure:27189: found /bin/true
configure:27202: result: /bin/true
configure:27221: checking for uname
configure:27239: found /bin/uname
configure:27252: result: /bin/uname
configure:27271: checking for unzip
configure:27289: found /usr/bin/unzip
configure:27302: result: /usr/bin/unzip
configure:27321: checking for xargs
configure:27339: found /usr/bin/xargs
configure:27352: result: /usr/bin/xargs
configure:27371: checking for xsltproc
configure:27389: found /usr/bin/xsltproc
configure:27402: result: /usr/bin/xsltproc
configure:27421: checking for perl
configure:27439: found /usr/bin/perl
configure:27452: result: /usr/bin/perl
configure:27597: Using our own rpm
configure:28457: Shadowing toolchain from /lpg-build/cdc/bsp/wrlinux-4.0/dvd_install/lx28a_09fa/wrlinux-4/layers/wrll-toolchain-4.4-291/arm
configure:28457: Shadowing toolchain from /lpg-build/cdc/bsp/wrlinux-4.0/dvd_install/lx28a_09fa/wrlinux-4/layers/wrll-toolchain-4.4-291/common
configure:28592: checking for arm-wrs-linux-gnueabi-addr2line
configure:28610: found /folk/yzhang6/test1/host-cross/toolchain/x86-linux2/bin/arm-wrs-linux-gnueabi-addr2line
configure:28623: result: /folk/yzhang6/test1/host-cross/toolchain/x86-linux2/bin/arm-wrs-linux-gnueabi-addr2line
configure:28664: checking for arm-wrs-linux-gnueabi-ar
configure:28682: found /folk/yzhang6/test1/host-cross/toolchain/x86-linux2/bin/arm-wrs-linux-gnueabi-ar
configure:28695: result: /folk/yzhang6/test1/host-cross/toolchain/x86-linux2/bin/arm-wrs-linux-gnueabi-ar
configure:28736: checking for arm-wrs-linux-gnueabi-as
configure:28754: found /folk/yzhang6/test1/host-cross/toolchain/x86-linux2/bin/arm-wrs-linux-gnueabi-as
configure:28767: result: /folk/yzhang6/test1/host-cross/toolchain/x86-linux2/bin/arm-wrs-linux-gnueabi-as
configure:28808: checking for arm-wrs-linux-gnueabi-c++
configure:28826: found /folk/yzhang6/test1/host-cross/toolchain/x86-linux2/bin/arm-wrs-linux-gnueabi-c++
configure:28839: result: /folk/yzhang6/test1/host-cross/toolchain/x86-linux2/bin/arm-wrs-linux-gnueabi-c++
configure:28880: checking for arm-wrs-linux-gnueabi-c++filt
configure:28898: found /folk/yzhang6/test1/host-cross/toolchain/x86-linux2/bin/arm-wrs-linux-gnueabi-c++filt
configure:28911: result: /folk/yzhang6/test1/host-cross/toolchain/x86-linux2/bin/arm-wrs-linux-gnueabi-c++filt
configure:28952: checking for arm-wrs-linux-gnueabi-cpp
configure:28983: result: /folk/yzhang6/test1/host-cross/toolchain/x86-linux2/bin/arm-wrs-linux-gnueabi-c++
configure:29024: checking for arm-wrs-linux-gnueabi-g++
configure:29042: found /folk/yzhang6/test1/host-cross/toolchain/x86-linux2/bin/arm-wrs-linux-gnueabi-g++
configure:29055: result: /folk/yzhang6/test1/host-cross/toolchain/x86-linux2/bin/arm-wrs-linux-gnueabi-g++
configure:29096: checking for arm-wrs-linux-gnueabi-gcc
configure:29114: found /folk/yzhang6/test1/host-cross/toolchain/x86-linux2/bin/arm-wrs-linux-gnueabi-gcc
configure:29127: result: /folk/yzhang6/test1/host-cross/toolchain/x86-linux2/bin/arm-wrs-linux-gnueabi-gcc
configure:29138: checking for arm-wrs-linux-gnueabi-gcc messages
configure:29145: PATH=/folk/yzhang6/test1/host-cross/toolchain/x86-linux2/bin:/usr/kerberos/bin:/usr/local/bin:/bin:/usr/bin:/folk/vlm/commandline /folk/yzhang6/test1/host-cross/toolchain/x86-linux2/bin/arm-wrs-linux-gnueabi-gcc -c conftest.c >&1 2>&1
configure:29149:  (0)
configure:29159: result: silent
configure:29168: checking for arm-wrs-linux-gnueabi-gcov
configure:29186: found /folk/yzhang6/test1/host-cross/toolchain/x86-linux2/bin/arm-wrs-linux-gnueabi-gcov
configure:29199: result: /folk/yzhang6/test1/host-cross/toolchain/x86-linux2/bin/arm-wrs-linux-gnueabi-gcov
configure:29240: checking for arm-wrs-linux-gnueabi-gprof
configure:29258: found /folk/yzhang6/test1/host-cross/toolchain/x86-linux2/bin/arm-wrs-linux-gnueabi-gprof
configure:29271: result: /folk/yzhang6/test1/host-cross/toolchain/x86-linux2/bin/arm-wrs-linux-gnueabi-gprof
configure:29312: checking for arm-wrs-linux-gnueabi-ld
configure:29330: found /folk/yzhang6/test1/host-cross/toolchain/x86-linux2/bin/arm-wrs-linux-gnueabi-ld
configure:29343: result: /folk/yzhang6/test1/host-cross/toolchain/x86-linux2/bin/arm-wrs-linux-gnueabi-ld
configure:29384: checking for arm-wrs-linux-gnueabi-mklibs
configure:29402: found /folk/yzhang6/test1/host-cross/toolchain/x86-linux2/bin/arm-wrs-linux-gnueabi-mklibs
configure:29415: result: /folk/yzhang6/test1/host-cross/toolchain/x86-linux2/bin/arm-wrs-linux-gnueabi-mklibs
configure:29456: checking for arm-wrs-linux-gnueabi-nm
configure:29474: found /folk/yzhang6/test1/host-cross/toolchain/x86-linux2/bin/arm-wrs-linux-gnueabi-nm
configure:29487: result: /folk/yzhang6/test1/host-cross/toolchain/x86-linux2/bin/arm-wrs-linux-gnueabi-nm
configure:29528: checking for arm-wrs-linux-gnueabi-objcopy
configure:29546: found /folk/yzhang6/test1/host-cross/toolchain/x86-linux2/bin/arm-wrs-linux-gnueabi-objcopy
configure:29559: result: /folk/yzhang6/test1/host-cross/toolchain/x86-linux2/bin/arm-wrs-linux-gnueabi-objcopy
configure:29600: checking for arm-wrs-linux-gnueabi-objdump
configure:29618: found /folk/yzhang6/test1/host-cross/toolchain/x86-linux2/bin/arm-wrs-linux-gnueabi-objdump
configure:29631: result: /folk/yzhang6/test1/host-cross/toolchain/x86-linux2/bin/arm-wrs-linux-gnueabi-objdump
configure:29672: checking for arm-wrs-linux-gnueabi-prelink
configure:29690: found /folk/yzhang6/test1/host-cross/toolchain/x86-linux2/bin/arm-wrs-linux-gnueabi-prelink
configure:29703: result: /folk/yzhang6/test1/host-cross/toolchain/x86-linux2/bin/arm-wrs-linux-gnueabi-prelink
configure:29744: checking for arm-wrs-linux-gnueabi-ranlib
configure:29762: found /folk/yzhang6/test1/host-cross/toolchain/x86-linux2/bin/arm-wrs-linux-gnueabi-ranlib
configure:29775: result: /folk/yzhang6/test1/host-cross/toolchain/x86-linux2/bin/arm-wrs-linux-gnueabi-ranlib
configure:29816: checking for arm-wrs-linux-gnueabi-readelf
configure:29834: found /folk/yzhang6/test1/host-cross/toolchain/x86-linux2/bin/arm-wrs-linux-gnueabi-readelf
configure:29847: result: /folk/yzhang6/test1/host-cross/toolchain/x86-linux2/bin/arm-wrs-linux-gnueabi-readelf
configure:29888: checking for arm-wrs-linux-gnueabi-size
configure:29906: found /folk/yzhang6/test1/host-cross/toolchain/x86-linux2/bin/arm-wrs-linux-gnueabi-size
configure:29919: result: /folk/yzhang6/test1/host-cross/toolchain/x86-linux2/bin/arm-wrs-linux-gnueabi-size
configure:29960: checking for arm-wrs-linux-gnueabi-strings
configure:29978: found /folk/yzhang6/test1/host-cross/toolchain/x86-linux2/bin/arm-wrs-linux-gnueabi-strings
configure:29991: result: /folk/yzhang6/test1/host-cross/toolchain/x86-linux2/bin/arm-wrs-linux-gnueabi-strings
configure:30032: checking for arm-wrs-linux-gnueabi-strip
configure:30050: found /folk/yzhang6/test1/host-cross/toolchain/x86-linux2/bin/arm-wrs-linux-gnueabi-strip
configure:30063: result: /folk/yzhang6/test1/host-cross/toolchain/x86-linux2/bin/arm-wrs-linux-gnueabi-strip
configure:30110: Configuring toolchain wrappers
configure:30123: Shadowing toolchains from /folk/yzhang6/test1/host-cross/toolchain/x86-linux2/bin
configure:30719: creating ./config.status

## ---------------------- ##
## Running config.status. ##
## ---------------------- ##

This file was extended by ldat config.status 1.0, which was
generated by GNU Autoconf 2.59.  Invocation command line was

  CONFIG_FILES    = 
  CONFIG_HEADERS  = 
  CONFIG_LINKS    = 
  CONFIG_COMMANDS = 
  $ ./config.status 

on pek-lpgbuild7

config.status:1052: creating /folk/yzhang6/test1/build-tools/Makefile
config.status:1052: creating /folk/yzhang6/test1/build/GNUmakefile
config.status:1052: creating /folk/yzhang6/test1/build/Makefile
config.status:1052: creating /folk/yzhang6/test1/filesystem/Makefile
config.status:1052: creating Makefile
config.status:1052: creating deploy.conf
config.status:1052: creating dist/README
config.status:1052: creating packages/README
config.status:1052: creating scripts/Makefile.common.epilogue
config.status:1052: creating scripts/Makefile.common.prologue
config.status:1052: creating scripts/Makefile.variant
config.status:1052: creating scripts/autoconf.mk
config.status:1052: creating scripts/automake.mk
config.status:1052: creating scripts/config-target.pl
config.status:1052: creating scripts/deploy-package.sh
config.status:1052: creating scripts/deploy.sh
config.status:1052: creating scripts/echo_action.sh
config.status:1052: creating scripts/export-footprint.sh
config.status:1052: creating scripts/export-layer.sh
config.status:1052: creating scripts/extract-rpm.sh
config.status:1052: creating scripts/fakestart.sh
config.status:1052: creating scripts/find_deps.pl
config.status:1052: creating scripts/fix-config-template-paths.sh
config.status:1052: creating scripts/packages.mk
config.status:1052: creating scripts/perl_lock.pl
config.status:1052: creating scripts/rpm-macros
config.status:1052: creating scripts/rpm-macros-host-tool
config.status:1052: creating scripts/rpm_query.sh
config.status:1052: creating scripts/unpack-package-debuginfo.sh
config.status:1052: creating scripts/user-nfs.sh
config.status:1052: creating templates/README
config.status:1052: creating tools/README
config.status:1166: creating autoconf.h
config.status:1353: linking /lpg-build/cdc/bsp/wrlinux-4.0/dvd_install/lx28a_09fa/wrlinux-4/wrlinux/../ldat/scripts/ldat_cache_management.sh to scripts/ldat_cache_management.sh
config.status:1590: executing depfiles commands

## ---------------------- ##
## Running config.status. ##
## ---------------------- ##

This file was extended by ldat config.status 1.0, which was
generated by GNU Autoconf 2.59.  Invocation command line was

  CONFIG_FILES    = 
  CONFIG_HEADERS  = 
  CONFIG_LINKS    = 
  CONFIG_COMMANDS = 
  $ ./config.status --file .modlist:modlist

on pek-lpgbuild7

config.status:1052: creating .modlist

## ---------------------- ##
## Running config.status. ##
## ---------------------- ##

This file was extended by ldat config.status 1.0, which was
generated by GNU Autoconf 2.59.  Invocation command line was

  CONFIG_FILES    = 
  CONFIG_HEADERS  = 
  CONFIG_LINKS    = 
  CONFIG_COMMANDS = 
  $ ./config.status --file .toolslist:toolslist

on pek-lpgbuild7

config.status:1052: creating .toolslist

## ---------------------- ##
## Running config.status. ##
## ---------------------- ##

This file was extended by ldat config.status 1.0, which was
generated by GNU Autoconf 2.59.  Invocation command line was

  CONFIG_FILES    = 
  CONFIG_HEADERS  = 
  CONFIG_LINKS    = 
  CONFIG_COMMANDS = 
  $ ./config.status --file .pkglist:pkglist

on pek-lpgbuild7

config.status:1052: creating .pkglist
configure:32547: Bootstrapping build/Makefiles
configure:32552: Bootstrapping /folk/yzhang6/test1/build-armv6jel/Makefiles

## ---------------------- ##
## Running config.status. ##
## ---------------------- ##

This file was extended by ldat config.status 1.0, which was
generated by GNU Autoconf 2.59.  Invocation command line was

  CONFIG_FILES    = 
  CONFIG_HEADERS  = 
  CONFIG_LINKS    = 
  CONFIG_COMMANDS = 
  $ ./config.status --file=/folk/yzhang6/test1/build-armv6jel/Makefile:scripts/Makefile.variant.in

on pek-lpgbuild7

config.status:1052: creating /folk/yzhang6/test1/build-armv6jel/Makefile
configure:32577: The configuration arguments are saved in export/config-template
configure:32584: Please read messages
Build configuration summary:32601:
  Board         :  mindspeed_c1000 (arm)
  Filesystem    :  glibc_std
  Kernel Config :  standard 
  Kernel Version:  2.6.34

  Build Type    :  production
  Boot Image    :  none

  Default CPU Configuration      : armv6jel
  Available Alternate CPU Configs: armv6jel

Type:32643:
 'make all' to build using pre-built RPMS when available
 'make build-all' to build everything from source
 'make export-sysroot' to create an appropriate sysroot
    directory for use with an application developer environment

To build a package:32673:
 To force a build of a specific package run 'make -C build <pkg>'
 To force a build of a specific package using an alternate cpu,
    run 'make -C build-<cputype> <pkg>'

To add an additional package and any packages it requires for
    the default cpu, run 'make -C build <pkg>.addpkg'
To add an additional package and any packages it requires for an
    alternate cpu, run 'make -C build-<cputype> <pkg>.addpkg'


IMPORTANT: Correct console port configuration, CPU compatibility, boot setup
requirements and other relevant board-specific setup information is contained
in the BSP documentation, which may be found at:

  /folk/yzhang6/wrll-mindspeed_c1000_layer/wrll-mindspeed_c1000/templates/board/mindspeed_c1000/README

This file has been copied into READMES directory for your convenience.
Please take the time to read this before calling customer support.


## ---------------- ##
## Cache variables. ##
## ---------------- ##

ac_cv_build=x86_64-redhat-linux-gnu
ac_cv_build_alias=x86_64-redhat-linux-gnu
ac_cv_c_compiler_gnu=yes
ac_cv_cxx_compiler_gnu=yes
ac_cv_env_CC_set=
ac_cv_env_CC_value=
ac_cv_env_CFLAGS_set=
ac_cv_env_CFLAGS_value=
ac_cv_env_CPPFLAGS_set=
ac_cv_env_CPPFLAGS_value=
ac_cv_env_CPP_set=
ac_cv_env_CPP_value=
ac_cv_env_CXXCPP_set=
ac_cv_env_CXXCPP_value=
ac_cv_env_CXXFLAGS_set=
ac_cv_env_CXXFLAGS_value=
ac_cv_env_CXX_set=
ac_cv_env_CXX_value=
ac_cv_env_F77_set=
ac_cv_env_F77_value=
ac_cv_env_FFLAGS_set=
ac_cv_env_FFLAGS_value=
ac_cv_env_LDFLAGS_set=
ac_cv_env_LDFLAGS_value=
ac_cv_env_build_alias_set=
ac_cv_env_build_alias_value=
ac_cv_env_host_alias_set=
ac_cv_env_host_alias_value=
ac_cv_env_target_alias_set=
ac_cv_env_target_alias_value=
ac_cv_exeext=
ac_cv_f77_compiler_gnu=yes
ac_cv_header_dlfcn_h=yes
ac_cv_header_inttypes_h=yes
ac_cv_header_memory_h=yes
ac_cv_header_stdc=yes
ac_cv_header_stdint_h=yes
ac_cv_header_stdlib_h=yes
ac_cv_header_string_h=yes
ac_cv_header_strings_h=yes
ac_cv_header_sys_stat_h=yes
ac_cv_header_sys_types_h=yes
ac_cv_header_unistd_h=yes
ac_cv_host=x86_64-redhat-linux-gnu
ac_cv_host_alias=x86_64-redhat-linux-gnu
ac_cv_objext=o
ac_cv_path_BASENAME=/bin/basename
ac_cv_path_CAT=/bin/cat
ac_cv_path_CHMOD=/bin/chmod
ac_cv_path_CHOWN=/bin/chown
ac_cv_path_COMM=/usr/bin/comm
ac_cv_path_COMPILE_ET=/usr/bin/compile_et
ac_cv_path_CP=/bin/cp
ac_cv_path_CPIO=/bin/cpio
ac_cv_path_CUT=/bin/cut
ac_cv_path_DATE=/bin/date
ac_cv_path_DD=/bin/dd
ac_cv_path_DIFF=/usr/bin/diff
ac_cv_path_DIRNAME=/usr/bin/dirname
ac_cv_path_DU=/usr/bin/du
ac_cv_path_ECHO=/bin/echo
ac_cv_path_EXPR=/usr/bin/expr
ac_cv_path_FIND=/usr/bin/find
ac_cv_path_GZIP=/bin/gzip
ac_cv_path_HEAD=/usr/bin/head
ac_cv_path_KILL=/bin/kill
ac_cv_path_LESSCMD=/usr/bin/less
ac_cv_path_LN=/bin/ln
ac_cv_path_LS=/bin/ls
ac_cv_path_MKDIR=/bin/mkdir
ac_cv_path_MKNOD=/bin/mknod
ac_cv_path_MK_CMDS=/usr/bin/mk_cmds
ac_cv_path_MV=/bin/mv
ac_cv_path_PERL=/usr/bin/perl
ac_cv_path_PKG_CONFIG=/usr/bin/pkg-config
ac_cv_path_PS=/bin/ps
ac_cv_path_RM=/bin/rm
ac_cv_path_RMDIR=/bin/rmdir
ac_cv_path_RPM=/bin/rpm
ac_cv_path_SED=/bin/sed
ac_cv_path_SORT=/bin/sort
ac_cv_path_TAIL=/usr/bin/tail
ac_cv_path_TAR=/bin/tar
ac_cv_path_TCLSH=/usr/bin/tclsh
ac_cv_path_TEX=/usr/bin/tex
ac_cv_path_TOOLCHAIN_TARGET_ADDR2LINE=/folk/yzhang6/test1/host-cross/toolchain/x86-linux2/bin/arm-wrs-linux-gnueabi-addr2line
ac_cv_path_TOOLCHAIN_TARGET_AR=/folk/yzhang6/test1/host-cross/toolchain/x86-linux2/bin/arm-wrs-linux-gnueabi-ar
ac_cv_path_TOOLCHAIN_TARGET_AS=/folk/yzhang6/test1/host-cross/toolchain/x86-linux2/bin/arm-wrs-linux-gnueabi-as
ac_cv_path_TOOLCHAIN_TARGET_CPP=/folk/yzhang6/test1/host-cross/toolchain/x86-linux2/bin/arm-wrs-linux-gnueabi-c++
ac_cv_path_TOOLCHAIN_TARGET_CPPFILT=/folk/yzhang6/test1/host-cross/toolchain/x86-linux2/bin/arm-wrs-linux-gnueabi-c++filt
ac_cv_path_TOOLCHAIN_TARGET_GCC=/folk/yzhang6/test1/host-cross/toolchain/x86-linux2/bin/arm-wrs-linux-gnueabi-gcc
ac_cv_path_TOOLCHAIN_TARGET_GCOV=/folk/yzhang6/test1/host-cross/toolchain/x86-linux2/bin/arm-wrs-linux-gnueabi-gcov
ac_cv_path_TOOLCHAIN_TARGET_GPP=/folk/yzhang6/test1/host-cross/toolchain/x86-linux2/bin/arm-wrs-linux-gnueabi-g++
ac_cv_path_TOOLCHAIN_TARGET_GPROF=/folk/yzhang6/test1/host-cross/toolchain/x86-linux2/bin/arm-wrs-linux-gnueabi-gprof
ac_cv_path_TOOLCHAIN_TARGET_LD=/folk/yzhang6/test1/host-cross/toolchain/x86-linux2/bin/arm-wrs-linux-gnueabi-ld
ac_cv_path_TOOLCHAIN_TARGET_MKLIBS=/folk/yzhang6/test1/host-cross/toolchain/x86-linux2/bin/arm-wrs-linux-gnueabi-mklibs
ac_cv_path_TOOLCHAIN_TARGET_NM=/folk/yzhang6/test1/host-cross/toolchain/x86-linux2/bin/arm-wrs-linux-gnueabi-nm
ac_cv_path_TOOLCHAIN_TARGET_OBJCOPY=/folk/yzhang6/test1/host-cross/toolchain/x86-linux2/bin/arm-wrs-linux-gnueabi-objcopy
ac_cv_path_TOOLCHAIN_TARGET_OBJDUMP=/folk/yzhang6/test1/host-cross/toolchain/x86-linux2/bin/arm-wrs-linux-gnueabi-objdump
ac_cv_path_TOOLCHAIN_TARGET_PRELINK=/folk/yzhang6/test1/host-cross/toolchain/x86-linux2/bin/arm-wrs-linux-gnueabi-prelink
ac_cv_path_TOOLCHAIN_TARGET_RANLIB=/folk/yzhang6/test1/host-cross/toolchain/x86-linux2/bin/arm-wrs-linux-gnueabi-ranlib
ac_cv_path_TOOLCHAIN_TARGET_READELF=/folk/yzhang6/test1/host-cross/toolchain/x86-linux2/bin/arm-wrs-linux-gnueabi-readelf
ac_cv_path_TOOLCHAIN_TARGET_SIZE=/folk/yzhang6/test1/host-cross/toolchain/x86-linux2/bin/arm-wrs-linux-gnueabi-size
ac_cv_path_TOOLCHAIN_TARGET_STRINGS=/folk/yzhang6/test1/host-cross/toolchain/x86-linux2/bin/arm-wrs-linux-gnueabi-strings
ac_cv_path_TOOLCHAIN_TARGET_STRIP=/folk/yzhang6/test1/host-cross/toolchain/x86-linux2/bin/arm-wrs-linux-gnueabi-strip
ac_cv_path_TOUCH=/bin/touch
ac_cv_path_TR=/usr/bin/tr
ac_cv_path_TRUE=/bin/true
ac_cv_path_TTY=/usr/bin/tty
ac_cv_path_UNAME=/bin/uname
ac_cv_path_UNZIP=/usr/bin/unzip
ac_cv_path_XARGS=/usr/bin/xargs
ac_cv_path_XSLTPROC=/usr/bin/xsltproc
ac_cv_path_install='/usr/bin/install -c'
ac_cv_prog_AWK=gawk
ac_cv_prog_CPP='gcc -E'
ac_cv_prog_CXXCPP='g++ -E'
ac_cv_prog_ac_ct_AR=ar
ac_cv_prog_ac_ct_CC=gcc
ac_cv_prog_ac_ct_CXX=g++
ac_cv_prog_ac_ct_F77=g77
ac_cv_prog_ac_ct_RANLIB=ranlib
ac_cv_prog_ac_ct_STRIP=strip
ac_cv_prog_cc_g=yes
ac_cv_prog_cc_stdc=
ac_cv_prog_cxx_g=yes
ac_cv_prog_egrep='grep -E'
ac_cv_prog_f77_g=yes
ac_cv_prog_make_make_set=yes
am_cv_CC_dependencies_compiler_type=gcc3
am_cv_CXX_dependencies_compiler_type=gcc3
lt_cv_deplibs_check_method=pass_all
lt_cv_file_magic_cmd='$MAGIC_CMD'
lt_cv_file_magic_test_file=
lt_cv_ld_reload_flag=-r
lt_cv_objdir=.libs
lt_cv_path_LD=/usr/bin/ld
lt_cv_path_LDCXX='/usr/bin/ld -m elf_x86_64'
lt_cv_path_NM='/usr/bin/nm -B'
lt_cv_path_SED=/bin/sed
lt_cv_prog_compiler_c_o=yes
lt_cv_prog_compiler_c_o_CXX=yes
lt_cv_prog_compiler_c_o_F77=yes
lt_cv_prog_compiler_rtti_exceptions=no
lt_cv_prog_gnu_ld=yes
lt_cv_prog_gnu_ldcxx=yes
lt_cv_sys_global_symbol_pipe='sed -n -e '\''s/^.*[ 	]\([ABCDGIRSTW][ABCDGIRSTW]*\)[ 	][ 	]*\([_A-Za-z][_A-Za-z0-9]*\)$/\1 \2 \2/p'\'''
lt_cv_sys_global_symbol_to_c_name_address='sed -n -e '\''s/^: \([^ ]*\) $/  {\"\1\", (lt_ptr) 0},/p'\'' -e '\''s/^[BCDEGRST] \([^ ]*\) \([^ ]*\)$/  {"\2", (lt_ptr) \&\2},/p'\'''
lt_cv_sys_global_symbol_to_cdecl='sed -n -e '\''s/^. .* \(.*\)$/extern int \1;/p'\'''
lt_cv_sys_max_cmd_len=32768
lt_lt_cv_prog_compiler_c_o='"yes"'
lt_lt_cv_prog_compiler_c_o_CXX='"yes"'
lt_lt_cv_prog_compiler_c_o_F77='"yes"'
lt_lt_cv_sys_global_symbol_pipe='"sed -n -e '\''s/^.*[ 	]\\([ABCDGIRSTW][ABCDGIRSTW]*\\)[ 	][ 	]*\\([_A-Za-z][_A-Za-z0-9]*\\)\$/\\1 \\2 \\2/p'\''"'
lt_lt_cv_sys_global_symbol_to_c_name_address='"sed -n -e '\''s/^: \\([^ ]*\\) \$/  {\\\"\\1\\\", (lt_ptr) 0},/p'\'' -e '\''s/^[BCDEGRST] \\([^ ]*\\) \\([^ ]*\\)\$/  {\"\\2\", (lt_ptr) \\&\\2},/p'\''"'
lt_lt_cv_sys_global_symbol_to_cdecl='"sed -n -e '\''s/^. .* \\(.*\\)\$/extern int \\1;/p'\''"'

## ----------------- ##
## Output variables. ##
## ----------------- ##

ACLOCAL='${SHELL} /lpg-build/cdc/bsp/wrlinux-4.0/dvd_install/lx28a_09fa/wrlinux-4/ldat/missing --run aclocal-1.9'
AMDEPBACKSLASH='\'
AMDEP_FALSE='#'
AMDEP_TRUE=''
AMTAR='${SHELL} /lpg-build/cdc/bsp/wrlinux-4.0/dvd_install/lx28a_09fa/wrlinux-4/ldat/missing --run tar'
AR='ar'
AUTOCONF='${SHELL} /lpg-build/cdc/bsp/wrlinux-4.0/dvd_install/lx28a_09fa/wrlinux-4/ldat/missing --run autoconf'
AUTOHEADER='${SHELL} /lpg-build/cdc/bsp/wrlinux-4.0/dvd_install/lx28a_09fa/wrlinux-4/ldat/missing --run autoheader'
AUTOMAKE='${SHELL} /lpg-build/cdc/bsp/wrlinux-4.0/dvd_install/lx28a_09fa/wrlinux-4/ldat/missing --run automake-1.9'
AVAILABLE_CPU_VARIANTS='armv6jel armv6jel '
AWK='gawk'
BASENAME='/bin/basename'
BOOTIMAGE_GENERATOR=''
BOOTIMAGE_JFFS2_ARGS='-n -e 0x20000'
BOOTIMAGE_TYPE='none'
BOOTIMAGE_YAFFS2_ARGS=''
BOOTIMAGE_YAFFS_ARGS=''
BUILD_ALL_TOOLCHAIN_FALSE=''
BUILD_ALL_TOOLCHAIN_TRUE='#'
BUILD_DIR='/folk/yzhang6/test1/build'
BUILD_KERNEL_ONLY_FALSE=''
BUILD_KERNEL_ONLY_TRUE='#'
BUILD_LIBC='no'
BUILD_LIBSTDCXX='no'
BUILD_MKLIBS_LIBS_FALSE=''
BUILD_MKLIBS_LIBS_TRUE='#'
BUILD_ROOTFS_ONLY_FALSE=''
BUILD_ROOTFS_ONLY_TRUE='#'
BUILD_TOOLCHAIN='no'
BUILD_TYPE='production'
BUILD_WGET=''
BZCAT='$(HOST_BUILD_BIN_DIR)/bzcat'
BZIP2='$(HOST_BUILD_BIN_DIR)/bzip2'
CAT='/bin/cat'
CC='gcc'
CCACHE='/folk/yzhang6/test1/host-cross/bin/ccache'
CCACHE_INIT='export CCACHE_DIR = $(HOST_BUILD_VAR_DIR)/ccache'
CCACHE_SIZE=''
CCDEPMODE='depmode=gcc3'
CFLAGS=''
CHMOD='/bin/chmod'
CHOWN='/bin/chown'
CHRPATH='$(HOST_BUILD_BIN_DIR)/chrpath'
COMM='/usr/bin/comm'
COMPATIBLE_CPU_VARIANTS='armv6jel armv5tel'
COMPILE_ET='/usr/bin/compile_et'
CONFIG_EGLIBC='no'
CONFIG_LDAT_CACHE_DIR=''
CP='/bin/cp --remove-destination'
CPIO='/bin/cpio'
CPP='gcc -E'
CPPFLAGS=''
CUT='/bin/cut'
CXX='g++'
CXXCPP='g++ -E'
CXXDEPMODE='depmode=gcc3'
CXXFLAGS=''
CYGPATH_W='echo'
DATE='/bin/date'
DD='/bin/dd'
DEFAULT_PKG_REL='4.0.0.0'
DEFAULT_TOOLCHAIN_VERSION='4.4-291'
DEFAULT_VARIANT='armv6jel'
DEFS='-DHAVE_CONFIG_H'
DEPDIR='.deps'
DEPMOD='$(HOST_BUILD_BIN_DIR)/depmod'
DIFF='/usr/bin/diff'
DIRNAME='/usr/bin/dirname'
DISTCC=''
DISTCC_DIR_INIT=''
DISTRIBUTION='Wind River Linux'
DOC_PAGES_EXPORT_FALSE=''
DOC_PAGES_EXPORT_TRUE='#'
DOC_PAGES_INCLUDE='none'
DU='/usr/bin/du'
ECHO='/bin/echo'
ECHO_C=''
ECHO_N='-n'
ECHO_T=''
EGREP='grep -E'
ELSE='else'
ENABLE_LDAT_CHECKSUM='yes'
ENDIF='endif'
EXEEXT=''
EXPORT_BUILD_DIR='/folk/yzhang6/test1/export'
EXPORT_COMPRESSION='bzip2'
EXPORT_DIST_DIR='/folk/yzhang6/test1/export/dist'
EXPORT_PACKAGE_DIR='/folk/yzhang6/test1/export/packages'
EXPORT_RPM_DIR='/folk/yzhang6/test1/export/RPMS'
EXPORT_SUFFIX='tar.bz2'
EXPR='/usr/bin/expr'
EXTRA_LINUX_PATCHES=''
F77='g77'
FFLAGS='-g -O2'
FILESYSTEM_TEMPLATE_DIR='/folk/yzhang6/test1/filesystem'
FIND='/usr/bin/find'
FORCE_ADD_DEPENDS='no'
GZIP='/bin/gzip'
HEAD='/usr/bin/head'
HOSTDEP_CHECK='0'
HOST_AR='ar'
HOST_ARCH='x86_64'
HOST_AS='as'
HOST_BUILD_BIN_DIR='/folk/yzhang6/test1/host-cross/bin'
HOST_BUILD_DIR='/folk/yzhang6/test1/host-cross'
HOST_BUILD_INCLUDE_DIR='/folk/yzhang6/test1/host-cross/include'
HOST_BUILD_LIB64_DIR='/folk/yzhang6/test1/host-cross/lib64'
HOST_BUILD_LIB_DIR='/folk/yzhang6/test1/host-cross/lib'
HOST_BUILD_TOOLCHAIN_DIR='/folk/yzhang6/test1/host-cross/toolchain'
HOST_BUILD_VAR_DIR='/folk/yzhang6/test1/host-cross/var'
HOST_CC='gcc'
HOST_CC_WRAPPER='$(strip $(CCACHE) $(HOST_CC))'
HOST_CFLAGS='-g -O2 $(HOST_COPT) -fomit-frame-pointer -fPIC -pipe '
HOST_COPT='-march=x86-64'
HOST_CPP='gcc -E'
HOST_CROSS_INCLUDE_DIR='/folk/yzhang6/test1/host-cross/arm-wrs-linux-gnueabi/sysroot/usr/include'
HOST_CROSS_SYSROOT_DIR='/folk/yzhang6/test1/host-cross/arm-wrs-linux-gnueabi/sysroot'
HOST_CXX='g++'
HOST_CXXCPP='g++ -E'
HOST_CXXFLAGS='-g -O2 $(HOST_COPT) -fPIC -pipe'
HOST_CXX_WRAPPER='$(strip $(CCACHE) $(HOST_CXX))'
HOST_LD='ld'
HOST_LDFLAGS=''
HOST_LIBC_SUM='f7bdfb9aba6c2e067de28374e2cb0faa'
HOST_MARK64='64'
HOST_NM='nm'
HOST_OBJCOPY='objcopy'
HOST_OBJDUMP='objdump'
HOST_RANLIB='ranlib'
HOST_READELF='readelf'
HOST_STRIP='strip'
HOST_TYPE='x86-linux2'
INSTALLER_TARGET_BUILD=''
INSTALLER_TARGET_BUILD_USERSPACE=''
INSTALL_DATA='${INSTALL} -m 644'
INSTALL_DEVEL_RPM=''
INSTALL_PROGRAM='${INSTALL}'
INSTALL_SCRIPT='${INSTALL}'
INSTALL_STRIP_PROGRAM='${SHELL} $(install_sh) -c -s'
KILL='/bin/kill'
LAYER_DIRS=' /folk/yzhang6/test1 /folk/yzhang6/wrll-mindspeed_c1000_layer/wrll-mindspeed_c1000 /lpg-build/cdc/bsp/wrlinux-4.0/dvd_install/lx28a_09fa/workbench-3.2/analysis/wrlinux /lpg-build/cdc/bsp/wrlinux-4.0/dvd_install/lx28a_09fa/wrlinux-4/layers/wrll-wb-tools /lpg-build/cdc/bsp/wrlinux-4.0/dvd_install/lx28a_09fa/wrlinux-4/layers/wrll-simulator /lpg-build/cdc/bsp/wrlinux-4.0/dvd_install/lx28a_09fa/wrlinux-4/layers/wrll-analysis-1.0 /lpg-build/cdc/bsp/wrlinux-4.0/dvd_install/lx28a_09fa/wrlinux-4/layers/bsps/wrll-mindspeed_c1000 /lpg-build/cdc/bsp/wrlinux-4.0/dvd_install/lx28a_09fa/wrlinux-4/layers/wrll-linux-2.6.34 /lpg-build/cdc/bsp/wrlinux-4.0/dvd_install/lx28a_09fa/wrlinux-4/layers/wrll-kernel /lpg-build/cdc/bsp/wrlinux-4.0/dvd_install/lx28a_09fa/wrlinux-4/layers/wrll-toolchain-4.4-291 /lpg-build/cdc/bsp/wrlinux-4.0/dvd_install/lx28a_09fa/wrlinux-4/layers/wrll-toolchain-4.4-291/arm /lpg-build/cdc/bsp/wrlinux-4.0/dvd_install/lx28a_09fa/wrlinux-4/layers/wrll-toolchain-4.4-291/i586 /lpg-build/cdc/bsp/wrlinux-4.0/dvd_install/lx28a_09fa/wrlinux-4/layers/wrll-toolchain-4.4-291/mips /lpg-build/cdc/bsp/wrlinux-4.0/dvd_install/lx28a_09fa/wrlinux-4/layers/wrll-toolchain-4.4-291/mips64octeon /lpg-build/cdc/bsp/wrlinux-4.0/dvd_install/lx28a_09fa/wrlinux-4/layers/wrll-toolchain-4.4-291/powerpc /lpg-build/cdc/bsp/wrlinux-4.0/dvd_install/lx28a_09fa/wrlinux-4/layers/wrll-toolchain-4.4-291/tc-prebuilts-4.4-291b /lpg-build/cdc/bsp/wrlinux-4.0/dvd_install/lx28a_09fa/wrlinux-4/layers/wrll-toolchain-4.4-291/common /lpg-build/cdc/bsp/wrlinux-4.0/dvd_install/lx28a_09fa/wrlinux-4/layers/ldat-tools /lpg-build/cdc/bsp/wrlinux-4.0/dvd_install/lx28a_09fa/wrlinux-4/layers/ldat-tools/installer /lpg-build/cdc/bsp/wrlinux-4.0/dvd_install/lx28a_09fa/wrlinux-4/layers/wrll-userspace /lpg-build/cdc/bsp/wrlinux-4.0/dvd_install/lx28a_09fa/wrlinux-4/layers/wrll-userspace/test /lpg-build/cdc/bsp/wrlinux-4.0/dvd_install/lx28a_09fa/wrlinux-4/layers/wrll-userspace/security /lpg-build/cdc/bsp/wrlinux-4.0/dvd_install/lx28a_09fa/wrlinux-4/layers/wrll-userspace/cgl /lpg-build/cdc/bsp/wrlinux-4.0/dvd_install/lx28a_09fa/wrlinux-4/layers/wrll-kernel/cgl /lpg-build/cdc/bsp/wrlinux-4.0/dvd_install/lx28a_09fa/wrlinux-4/layers/wrll-userspace/media /lpg-build/cdc/bsp/wrlinux-4.0/dvd_install/lx28a_09fa/wrlinux-4/layers/wrll-userspace/graphics /lpg-build/cdc/bsp/wrlinux-4.0/dvd_install/lx28a_09fa/wrlinux-4/layers/wrll-userspace/networking /lpg-build/cdc/bsp/wrlinux-4.0/dvd_install/lx28a_09fa/wrlinux-4/layers/wrll-userspace/lsb /lpg-build/cdc/bsp/wrlinux-4.0/dvd_install/lx28a_09fa/wrlinux-4/layers/wrll-userspace/core'
LDAT_AUDIT_SUBDIR='LDAT_AUDIT'
LDAT_FORCE_CLEAN='safedistclean'
LDAT_PARALLEL_PKGS=''
LDAT_PRESERVE_BUILD='1'
LDFLAGS=''
LESSCMD='/usr/bin/less'
LIBOBJS=''
LIBS=''
LIBTOOL='$(SHELL) $(top_builddir)/libtool'
LINUX_ALT_IMAGE=''
LINUX_BOOT_IMAGE='uImage'
LINUX_DEFAULT_KERNEL_VERSION='2.6.34'
LINUX_KERNEL_VERSION='2.6.34'
LN='/bin/ln'
LNDIR='/lpg-build/cdc/bsp/wrlinux-4.0/dvd_install/lx28a_09fa/wrlinux-4/layers/ldat-tools/host-tools/bin/lndir'
LN_S='ln -s'
LOCAL_DIST_DIR='/folk/yzhang6/test1/dist'
LOCAL_PACKAGES_DIR='/folk/yzhang6/test1/packages'
LOCAL_TOOLS_DIR='/folk/yzhang6/test1/tools'
LOCK_DIR='/folk/yzhang6/test1/scripts'
LS='/bin/ls'
LTLIBOBJS=''
LZMA='$(HOST_BUILD_BIN_DIR)/lzma'
MAINT='#'
MAINTAINER_MODE_FALSE=''
MAINTAINER_MODE_TRUE='#'
MAKEINFO='${SHELL} /lpg-build/cdc/bsp/wrlinux-4.0/dvd_install/lx28a_09fa/wrlinux-4/ldat/missing --run makeinfo'
MAKE_JOBS=''
MD5SUM='md5sum'
MKDIR='/bin/mkdir'
MKNOD='/bin/mknod'
MK_CMDS='/usr/bin/mk_cmds'
MV='/bin/mv'
OBJEXT='o'
OTHER_VARIANTS='armv6jel'
OTHER_VARIANT_BUILD_DIRS='/folk/yzhang6/test1/build-armv6jel '
PACKAGE='ldat'
PACKAGE_ARCHIVE_DIR=''
PACKAGE_BUGREPORT=''
PACKAGE_EXTRAVERSION='.0.0'
PACKAGE_NAME='userspace'
PACKAGE_STRING='ldat 1.0'
PACKAGE_TARNAME='ldat'
PACKAGE_VERSION='4.0'
PACKAGE_VERSION_PRE='_WR'
PATCH='$(HOST_BUILD_BIN_DIR)/patch'
PATH_SEPARATOR=':'
PERL='/usr/bin/perl'
PKG_BUILD_DIR='/folk/yzhang6/test1/build'
PKG_CONFIG='/usr/bin/pkg-config'
PKG_LAYER_PREFIX='wrll'
PRELINK='yes'
PS='/bin/ps'
RANLIB='ranlib'
READLINK='readlink'
REMAKE='/lpg-build/cdc/bsp/wrlinux-4.0/dvd_install/lx28a_09fa/wrlinux-4/layers/ldat-tools/host-tools/bin/remake'
RM='/bin/rm'
RMDIR='/bin/rmdir'
RPATH_CHECK='no'
RPM2CPIO='/lpg-build/cdc/bsp/wrlinux-4.0/dvd_install/lx28a_09fa/wrlinux-4/wrlinux/../ldat/scripts/rpm2cpio.sh'
RPM='$(HOST_BUILD_BIN_DIR)/rpm'
RPMBUILD='$(HOST_BUILD_BIN_DIR)/rpmbuild'
RPMQUERY='rpmquery'
RPM_DATABASE='yes'
SED='/bin/sed'
SET_MAKE=''
SHELL='/bin/sh'
SORT='/bin/sort'
STRIP='strip'
TAIL='/usr/bin/tail'
TAR='/bin/tar'
TARGET_ADDITIONAL_ARCH=''
TARGET_ALTMODE_FUNDAMENTAL_CFLAGS=''
TARGET_ALT_CPU_MODE=''
TARGET_ARCH='arm'
TARGET_AUTOCONF_BUILD='x86_64-crosscompile-linux-gnu'
TARGET_BOARD='mindspeed_c1000'
TARGET_BOARD_DIR='/folk/yzhang6/wrll-mindspeed_c1000_layer/wrll-mindspeed_c1000/templates/board/mindspeed_c1000'
TARGET_BOARD_LABEL='MINDSPEED_C1000'
TARGET_CC_WRAPPER='$(TARGET_CC)'
TARGET_CDEBUG='-fno-omit-frame-pointer -mapcs-frame'
TARGET_CDEBUG_LEVEL='-O0'
TARGET_CFLAGS='-g ${TARGET_COMMON_CFLAGS} -O2 $(TARGET_COPT) -pipe'
TARGET_COMMON_CFLAGS='-mcpu=arm1136j-s'
TARGET_COPT='-fomit-frame-pointer'
TARGET_COPT_LEVEL='-O2'
TARGET_CPROF='-fno-omit-frame-pointer -mapcs-frame'
TARGET_CPROF_LEVEL='-O2'
TARGET_CPU_MODE=''
TARGET_CPU_VARIANT='armv6jel'
TARGET_CXXDEBUG='-fno-omit-frame-pointer -mapcs-frame'
TARGET_CXXFLAGS='-g ${TARGET_COMMON_CFLAGS} -O2 $(TARGET_CXXOPT) -pipe'
TARGET_CXXOPT='-fomit-frame-pointer'
TARGET_CXXPROF='-fno-omit-frame-pointer -mapcs-frame'
TARGET_CXX_WRAPPER='$(TARGET_CXX)'
TARGET_DEBUG_CFLAGS='-g ${TARGET_COMMON_CFLAGS} -O0 $(TARGET_CDEBUG) -pipe'
TARGET_DEBUG_CXXFLAGS='-g ${TARGET_COMMON_CFLAGS} -O0 $(TARGET_CXXDEBUG) -pipe'
TARGET_ENDIAN='LITTLE'
TARGET_FUNDAMENTAL_ASFLAGS='-meabi=4'
TARGET_FUNDAMENTAL_CFLAGS=' '
TARGET_FUNDAMENTAL_LDFLAGS=''
TARGET_KERNEL='standard'
TARGET_KERNEL_BITS='32'
TARGET_KERNEL_PROFILE='standard'
TARGET_LDFLAGS=''
TARGET_LIBC='glibc'
TARGET_LIB_DIR='lib'
TARGET_LINUX_ARCH='arm'
TARGET_LINUX_LINKS='uImage'
TARGET_OS='linux-gnueabi'
TARGET_PROD_CFLAGS='-g ${TARGET_COMMON_CFLAGS} -O2 $(TARGET_COPT) -pipe'
TARGET_PROD_CXXFLAGS='-g ${TARGET_COMMON_CFLAGS} -O2 $(TARGET_CXXOPT) -pipe'
TARGET_PROF_CFLAGS='-g ${TARGET_COMMON_CFLAGS} -O2 $(TARGET_CPROF) -pipe'
TARGET_PROF_CXXFLAGS='-g ${TARGET_COMMON_CFLAGS} -O2 $(TARGET_CXXPROF) -pipe'
TARGET_ROOTFS='glibc_std'
TARGET_ROOTFS_CFLAGS=''
TARGET_SCALING='none'
TARGET_SYSROOT_DIR='.'
TARGET_TOOLCHAIN_ARCH='arm'
TARGET_TOOLS_SUBDIRS=''
TARGET_USERSPACE_BITS='32'
TCLSH='/usr/bin/tclsh'
TEX='/usr/bin/tex'
TOOLCHAIN='arm-wrs-linux-gnueabi'
TOOLCHAIN_BIN_DIR='/folk/yzhang6/test1/host-cross/arm-wrs-linux-gnueabi/x86-linux2'
TOOLCHAIN_EXEC_PREFIX='/folk/yzhang6/test1/host-cross/toolchain/x86-linux2'
TOOLCHAIN_LAYERS=' /lpg-build/cdc/bsp/wrlinux-4.0/dvd_install/lx28a_09fa/wrlinux-4/layers/wrll-toolchain-4.4-291/arm  /lpg-build/cdc/bsp/wrlinux-4.0/dvd_install/lx28a_09fa/wrlinux-4/layers/wrll-toolchain-4.4-291/common'
TOOLCHAIN_TARGET_ADDR2LINE='/folk/yzhang6/test1/host-cross/toolchain/x86-linux2/bin/arm-wrs-linux-gnueabi-addr2line'
TOOLCHAIN_TARGET_AR='/folk/yzhang6/test1/host-cross/toolchain/x86-linux2/bin/arm-wrs-linux-gnueabi-ar'
TOOLCHAIN_TARGET_AS='/folk/yzhang6/test1/host-cross/toolchain/x86-linux2/bin/arm-wrs-linux-gnueabi-as'
TOOLCHAIN_TARGET_CPP='/folk/yzhang6/test1/host-cross/toolchain/x86-linux2/bin/arm-wrs-linux-gnueabi-c++'
TOOLCHAIN_TARGET_CPPFILT='/folk/yzhang6/test1/host-cross/toolchain/x86-linux2/bin/arm-wrs-linux-gnueabi-c++filt'
TOOLCHAIN_TARGET_GCC='/folk/yzhang6/test1/host-cross/toolchain/x86-linux2/bin/arm-wrs-linux-gnueabi-gcc'
TOOLCHAIN_TARGET_GCOV='/folk/yzhang6/test1/host-cross/toolchain/x86-linux2/bin/arm-wrs-linux-gnueabi-gcov'
TOOLCHAIN_TARGET_GPP='/folk/yzhang6/test1/host-cross/toolchain/x86-linux2/bin/arm-wrs-linux-gnueabi-g++'
TOOLCHAIN_TARGET_GPROF='/folk/yzhang6/test1/host-cross/toolchain/x86-linux2/bin/arm-wrs-linux-gnueabi-gprof'
TOOLCHAIN_TARGET_LD='/folk/yzhang6/test1/host-cross/toolchain/x86-linux2/bin/arm-wrs-linux-gnueabi-ld'
TOOLCHAIN_TARGET_MKLIBS='/folk/yzhang6/test1/host-cross/toolchain/x86-linux2/bin/arm-wrs-linux-gnueabi-mklibs'
TOOLCHAIN_TARGET_NM='/folk/yzhang6/test1/host-cross/toolchain/x86-linux2/bin/arm-wrs-linux-gnueabi-nm'
TOOLCHAIN_TARGET_OBJCOPY='/folk/yzhang6/test1/host-cross/toolchain/x86-linux2/bin/arm-wrs-linux-gnueabi-objcopy'
TOOLCHAIN_TARGET_OBJDUMP='/folk/yzhang6/test1/host-cross/toolchain/x86-linux2/bin/arm-wrs-linux-gnueabi-objdump'
TOOLCHAIN_TARGET_PRELINK='/folk/yzhang6/test1/host-cross/toolchain/x86-linux2/bin/arm-wrs-linux-gnueabi-prelink'
TOOLCHAIN_TARGET_RANLIB='/folk/yzhang6/test1/host-cross/toolchain/x86-linux2/bin/arm-wrs-linux-gnueabi-ranlib'
TOOLCHAIN_TARGET_READELF='/folk/yzhang6/test1/host-cross/toolchain/x86-linux2/bin/arm-wrs-linux-gnueabi-readelf'
TOOLCHAIN_TARGET_SIZE='/folk/yzhang6/test1/host-cross/toolchain/x86-linux2/bin/arm-wrs-linux-gnueabi-size'
TOOLCHAIN_TARGET_STRINGS='/folk/yzhang6/test1/host-cross/toolchain/x86-linux2/bin/arm-wrs-linux-gnueabi-strings'
TOOLCHAIN_TARGET_STRIP='/folk/yzhang6/test1/host-cross/toolchain/x86-linux2/bin/arm-wrs-linux-gnueabi-strip'
TOOLCHAIN_VENDOR='wrs'
TOOLCHAIN_arm_HOST_LAYERS=' /lpg-build/cdc/bsp/wrlinux-4.0/dvd_install/lx28a_09fa/wrlinux-4/layers/wrll-toolchain-4.4-291/arm'
TOOLCHAIN_arm_OTHER_LAYERS=''
TOOLCHAIN_common_HOST_LAYERS=' /lpg-build/cdc/bsp/wrlinux-4.0/dvd_install/lx28a_09fa/wrlinux-4/layers/wrll-toolchain-4.4-291/common'
TOOLCHAIN_i586_HOST_LAYERS=' /lpg-build/cdc/bsp/wrlinux-4.0/dvd_install/lx28a_09fa/wrlinux-4/layers/wrll-toolchain-4.4-291/i586'
TOOLCHAIN_i586_OTHER_LAYERS=''
TOOLCHAIN_mips64octeon_HOST_LAYERS=' /lpg-build/cdc/bsp/wrlinux-4.0/dvd_install/lx28a_09fa/wrlinux-4/layers/wrll-toolchain-4.4-291/mips64octeon'
TOOLCHAIN_mips64octeon_OTHER_LAYERS=''
TOOLCHAIN_mips_HOST_LAYERS=' /lpg-build/cdc/bsp/wrlinux-4.0/dvd_install/lx28a_09fa/wrlinux-4/layers/wrll-toolchain-4.4-291/mips'
TOOLCHAIN_mips_OTHER_LAYERS=''
TOOLCHAIN_powerpc_HOST_LAYERS=' /lpg-build/cdc/bsp/wrlinux-4.0/dvd_install/lx28a_09fa/wrlinux-4/layers/wrll-toolchain-4.4-291/powerpc'
TOOLCHAIN_powerpc_OTHER_LAYERS=''
TOOLCHAIN_sparc_HOST_LAYERS=''
TOOLCHAIN_sparc_OTHER_LAYERS=''
TOOLS_BUILD_DIR='/folk/yzhang6/test1/build-tools'
TOP_BUILD_DIR='/folk/yzhang6/test1'
TOP_LOCAL_BUILD_DIR='/folk/yzhang6/test1'
TOP_PRODUCT_DIR='/lpg-build/cdc/bsp/wrlinux-4.0/dvd_install/lx28a_09fa/wrlinux-4/wrlinux'
TOP_SRC_DIR='/lpg-build/cdc/bsp/wrlinux-4.0/dvd_install/lx28a_09fa/wrlinux-4/ldat'
TOUCH='/bin/touch'
TR='/usr/bin/tr'
TRUE='/bin/true'
TTY='/usr/bin/tty'
UNAME='/bin/uname'
UNZIP='/usr/bin/unzip'
UPDATE_FS='no'
VENDOR='wrs'
VENDOR_CANONICAL='Wind River Systems'
VERSION='1.0'
WGET='echo 'Would download $(1) here, but configured to not do that.' && /bin/false'
WITH_RPM_DIR=''
WRS_PACKAGE_ARCHIVE_DIR='/lpg-build/cdc/bsp/wrlinux-4.0/dvd_install/lx28a_09fa'
XARGS='/usr/bin/xargs'
XSLTPROC='/usr/bin/xsltproc'
XZ='$(HOST_BUILD_BIN_DIR)/xz'
ac_ct_AR='ar'
ac_ct_CC='gcc'
ac_ct_CXX='g++'
ac_ct_F77='g77'
ac_ct_RANLIB='ranlib'
ac_ct_STRIP='strip'
am__fastdepCC_FALSE='#'
am__fastdepCC_TRUE=''
am__fastdepCXX_FALSE='#'
am__fastdepCXX_TRUE=''
am__include='include'
am__leading_dot='.'
am__quote=''
am__tar='${AMTAR} chof - "$$tardir"'
am__untar='${AMTAR} xf -'
bindir='${exec_prefix}/bin'
build='x86_64-redhat-linux-gnu'
build_alias=''
build_cpu='x86_64'
build_os='linux-gnu'
build_vendor='redhat'
datadir='${prefix}/share'
enable_prebuilt_tools='yes'
exec_prefix='${prefix}'
host='x86_64-redhat-linux-gnu'
host_alias=''
host_cpu='x86_64'
host_os='linux-gnu'
host_vendor='redhat'
includedir='${prefix}/include'
infodir='${prefix}/info'
install_sh='/lpg-build/cdc/bsp/wrlinux-4.0/dvd_install/lx28a_09fa/wrlinux-4/ldat/install-sh'
libdir='${exec_prefix}/lib'
libexecdir='${exec_prefix}/libexec'
localstatedir='${prefix}/var'
mandir='${prefix}/man'
mkdir_p='mkdir -p --'
oldincludedir='/usr/include'
prefix='/usr/local'
program_transform_name='s,x,x,'
sbindir='${exec_prefix}/sbin'
sharedstatedir='${prefix}/com'
sysconfdir='${prefix}/etc'
target_alias=''

## ----------- ##
## confdefs.h. ##
## ----------- ##

#define HAVE_DLFCN_H 1
#define HAVE_INTTYPES_H 1
#define HAVE_MEMORY_H 1
#define HAVE_STDINT_H 1
#define HAVE_STDLIB_H 1
#define HAVE_STRINGS_H 1
#define HAVE_STRING_H 1
#define HAVE_SYS_STAT_H 1
#define HAVE_SYS_TYPES_H 1
#define HAVE_UNISTD_H 1
#define PACKAGE "ldat"
#define PACKAGE_BUGREPORT ""
#define PACKAGE_NAME "ldat"
#define PACKAGE_STRING "ldat 1.0"
#define PACKAGE_TARNAME "ldat"
#define PACKAGE_VERSION "1.0"
#define STDC_HEADERS 1
#define VERSION "1.0"
#endif
#ifdef __cplusplus
extern "C" void std::exit (int) throw (); using std::exit;

To build a package: exit 0


There were 10 kernel config options redefined during processing this BSP.
These config options are defined in more than one config fragment.
The full list can be found in your workspace at:
   build/linux/wrs/cfg/mindspeed_c1000-standard/redefinition.txt

This BSP sets 9 kernel options that are possibly non-hardware related.
The full list can be found in your workspace at:
   build/linux/wrs/cfg/mindspeed_c1000-standard/specified_non_hdw.cfg


yzhang6@pek-lpgbuild7 ~/nor $ cat READMES/4-README-mindspeed_c1000 | grep MTD
   <2>, disable CONFIG_MTD_NAND and enable the following kernel config:
   	CONFIG_MTD_CFI=y
	CONFIG_MTD_CFI_AMDSTD=y
	CONFIG_MTD_COMCERTO_NOR=y
   <2>, disable CONFIG_MTD_CFI and enable the following kernel config:
   	CONFIG_MTD_NAND=y
	CONFIG_MTD_NAND_COMCERTO=y
