This file contains any messages produced by compilers while
running configure, to aid debugging if configure makes a mistake.

It was created by tools configure 1.1, which was
generated by GNU Autoconf 2.69.  Invocation command line was

  $ ./configure 

## --------- ##
## Platform. ##
## --------- ##

hostname = agent109.cloud.com
uname -m = x86_64
uname -r = 2.6.32-279.el6.x86_64
uname -s = Linux
uname -v = #1 SMP Fri Jun 22 12:19:21 UTC 2012

/usr/bin/uname -p = unknown
/bin/uname -X     = unknown

/bin/arch              = x86_64
/usr/bin/arch -k       = unknown
/usr/convex/getsysinfo = unknown
/usr/bin/hostinfo      = unknown
/bin/machine           = unknown
/usr/bin/oslevel       = unknown
/bin/universe          = unknown

PATH: /usr/lib64/qt-3.3/bin
PATH: /usr/local/sbin
PATH: /usr/local/bin
PATH: /sbin
PATH: /bin
PATH: /usr/sbin
PATH: /usr/bin
PATH: /root/bin


## ----------- ##
## Core tests. ##
## ----------- ##

configure:2262: checking for a BSD-compatible install
configure:2330: result: /usr/bin/install -c
configure:2341: checking whether build environment is sane
configure:2396: result: yes
configure:2434: WARNING: 'missing' script is too old or missing
configure:2547: checking for a thread-safe mkdir -p
configure:2586: result: /bin/mkdir -p
configure:2593: checking for gawk
configure:2609: found /bin/gawk
configure:2620: result: gawk
configure:2631: checking whether make sets $(MAKE)
configure:2653: result: yes
configure:2682: checking whether make supports nested variables
configure:2699: result: yes
configure:2875: checking for gcc
configure:2891: found /usr/bin/gcc
configure:2902: result: gcc
configure:3131: checking for C compiler version
configure:3140: gcc --version >&5
gcc (GCC) 4.4.6 20120305 (Red Hat 4.4.6-4)
Copyright (C) 2010 Free Software Foundation, Inc.
This is free software; see the source for copying conditions.  There is NO
warranty; not even for MERCHANTABILITY or FITNESS FOR A PARTICULAR PURPOSE.

configure:3151: $? = 0
configure:3140: gcc -v >&5
Using built-in specs.
Target: x86_64-redhat-linux
Configured with: ../configure --prefix=/usr --mandir=/usr/share/man --infodir=/usr/share/info --with-bugurl=http://bugzilla.redhat.com/bugzilla --enable-bootstrap --enable-shared --enable-threads=posix --enable-checking=release --with-system-zlib --enable-__cxa_atexit --disable-libunwind-exceptions --enable-gnu-unique-object --enable-languages=c,c++,objc,obj-c++,java,fortran,ada --enable-java-awt=gtk --disable-dssi --with-java-home=/usr/lib/jvm/java-1.5.0-gcj-1.5.0.0/jre --enable-libgcj-multifile --enable-java-maintainer-mode --with-ecj-jar=/usr/share/java/eclipse-ecj.jar --disable-libjava-multilib --with-ppl --with-cloog --with-tune=generic --with-arch_32=i686 --build=x86_64-redhat-linux
Thread model: posix
gcc version 4.4.6 20120305 (Red Hat 4.4.6-4) (GCC) 
configure:3151: $? = 0
configure:3140: gcc -V >&5
gcc: '-V' option must have argument
configure:3151: $? = 1
configure:3140: gcc -qversion >&5
gcc: unrecognized option '-qversion'
gcc: no input files
configure:3151: $? = 1
configure:3171: checking whether the C compiler works
configure:3193: gcc    conftest.c  >&5
configure:3197: $? = 0
configure:3245: result: yes
configure:3248: checking for C compiler default output file name
configure:3250: result: a.out
configure:3256: checking for suffix of executables
configure:3263: gcc -o conftest    conftest.c  >&5
configure:3267: $? = 0
configure:3289: result: 
configure:3311: checking whether we are cross compiling
configure:3319: gcc -o conftest    conftest.c  >&5
configure:3323: $? = 0
configure:3330: ./conftest
configure:3334: $? = 0
configure:3349: result: no
configure:3354: checking for suffix of object files
configure:3376: gcc -c   conftest.c >&5
configure:3380: $? = 0
configure:3401: result: o
configure:3405: checking whether we are using the GNU C compiler
configure:3424: gcc -c   conftest.c >&5
configure:3424: $? = 0
configure:3433: result: yes
configure:3442: checking whether gcc accepts -g
configure:3462: gcc -c -g  conftest.c >&5
configure:3462: $? = 0
configure:3503: result: yes
configure:3520: checking for gcc option to accept ISO C89
configure:3583: gcc  -c -g -O2  conftest.c >&5
configure:3583: $? = 0
configure:3596: result: none needed
configure:3621: checking whether gcc understands -c and -o together
configure:3643: gcc -c conftest.c -o conftest2.o
configure:3646: $? = 0
configure:3643: gcc -c conftest.c -o conftest2.o
configure:3646: $? = 0
configure:3658: result: yes
configure:3686: checking for style of include used by make
configure:3714: result: GNU
configure:3740: checking dependency style of gcc
configure:3851: result: none
configure:3909: checking for ranlib
configure:3925: found /bin/ranlib
configure:3936: result: ranlib
configure:3961: checking for main in -lcircle_buff
configure:3980: gcc -o conftest -g -O2   conftest.c -lcircle_buff   >&5
/bin/ld: cannot find -lcircle_buff
collect2: ld returned 1 exit status
configure:3980: $? = 1
configure: failed program was:
| /* confdefs.h */
| #define PACKAGE_NAME "tools"
| #define PACKAGE_TARNAME "tools"
| #define PACKAGE_VERSION "1.1"
| #define PACKAGE_STRING "tools 1.1"
| #define PACKAGE_BUGREPORT "BUG-REPORT-ADDRESS"
| #define PACKAGE_URL ""
| #define PACKAGE "tools"
| #define VERSION "1.1"
| /* end confdefs.h.  */
| 
| 
| int
| main ()
| {
| return main ();
|   ;
|   return 0;
| }
configure:3989: result: no
configure:4001: checking for main in -lpthread
configure:4020: gcc -o conftest -g -O2   conftest.c -lpthread   >&5
configure:4020: $? = 0
configure:4029: result: yes
configure:4041: checking for main in -lrt
configure:4060: gcc -o conftest -g -O2   conftest.c -lrt  -lpthread  >&5
configure:4060: $? = 0
configure:4069: result: yes
configure:4081: checking for main in -ltools
configure:4100: gcc -o conftest -g -O2   conftest.c -ltools  -lrt -lpthread  >&5
/bin/ld: cannot find -ltools
collect2: ld returned 1 exit status
configure:4100: $? = 1
configure: failed program was:
| /* confdefs.h */
| #define PACKAGE_NAME "tools"
| #define PACKAGE_TARNAME "tools"
| #define PACKAGE_VERSION "1.1"
| #define PACKAGE_STRING "tools 1.1"
| #define PACKAGE_BUGREPORT "BUG-REPORT-ADDRESS"
| #define PACKAGE_URL ""
| #define PACKAGE "tools"
| #define VERSION "1.1"
| #define HAVE_LIBPTHREAD 1
| #define HAVE_LIBRT 1
| /* end confdefs.h.  */
| 
| 
| int
| main ()
| {
| return main ();
|   ;
|   return 0;
| }
configure:4109: result: no
configure:4127: checking how to run the C preprocessor
configure:4158: gcc -E  conftest.c
configure:4158: $? = 0
configure:4172: gcc -E  conftest.c
conftest.c:13:28: error: ac_nonexistent.h: No such file or directory
configure:4172: $? = 1
configure: failed program was:
| /* confdefs.h */
| #define PACKAGE_NAME "tools"
| #define PACKAGE_TARNAME "tools"
| #define PACKAGE_VERSION "1.1"
| #define PACKAGE_STRING "tools 1.1"
| #define PACKAGE_BUGREPORT "BUG-REPORT-ADDRESS"
| #define PACKAGE_URL ""
| #define PACKAGE "tools"
| #define VERSION "1.1"
| #define HAVE_LIBPTHREAD 1
| #define HAVE_LIBRT 1
| /* end confdefs.h.  */
| #include <ac_nonexistent.h>
configure:4197: result: gcc -E
configure:4217: gcc -E  conftest.c
configure:4217: $? = 0
configure:4231: gcc -E  conftest.c
conftest.c:13:28: error: ac_nonexistent.h: No such file or directory
configure:4231: $? = 1
configure: failed program was:
| /* confdefs.h */
| #define PACKAGE_NAME "tools"
| #define PACKAGE_TARNAME "tools"
| #define PACKAGE_VERSION "1.1"
| #define PACKAGE_STRING "tools 1.1"
| #define PACKAGE_BUGREPORT "BUG-REPORT-ADDRESS"
| #define PACKAGE_URL ""
| #define PACKAGE "tools"
| #define VERSION "1.1"
| #define HAVE_LIBPTHREAD 1
| #define HAVE_LIBRT 1
| /* end confdefs.h.  */
| #include <ac_nonexistent.h>
configure:4260: checking for grep that handles long lines and -e
configure:4318: result: /bin/grep
configure:4323: checking for egrep
configure:4385: result: /bin/grep -E
configure:4390: checking for ANSI C header files
configure:4410: gcc -c -g -O2  conftest.c >&5
configure:4410: $? = 0
configure:4483: gcc -o conftest -g -O2   conftest.c -lrt -lpthread  >&5
configure:4483: $? = 0
configure:4483: ./conftest
configure:4483: $? = 0
configure:4494: result: yes
configure:4507: checking for sys/types.h
configure:4507: gcc -c -g -O2  conftest.c >&5
configure:4507: $? = 0
configure:4507: result: yes
configure:4507: checking for sys/stat.h
configure:4507: gcc -c -g -O2  conftest.c >&5
configure:4507: $? = 0
configure:4507: result: yes
configure:4507: checking for stdlib.h
configure:4507: gcc -c -g -O2  conftest.c >&5
configure:4507: $? = 0
configure:4507: result: yes
configure:4507: checking for string.h
configure:4507: gcc -c -g -O2  conftest.c >&5
configure:4507: $? = 0
configure:4507: result: yes
configure:4507: checking for memory.h
configure:4507: gcc -c -g -O2  conftest.c >&5
configure:4507: $? = 0
configure:4507: result: yes
configure:4507: checking for strings.h
configure:4507: gcc -c -g -O2  conftest.c >&5
configure:4507: $? = 0
configure:4507: result: yes
configure:4507: checking for inttypes.h
configure:4507: gcc -c -g -O2  conftest.c >&5
configure:4507: $? = 0
configure:4507: result: yes
configure:4507: checking for stdint.h
configure:4507: gcc -c -g -O2  conftest.c >&5
configure:4507: $? = 0
configure:4507: result: yes
configure:4507: checking for unistd.h
configure:4507: gcc -c -g -O2  conftest.c >&5
configure:4507: $? = 0
configure:4507: result: yes
configure:4522: checking fcntl.h usability
configure:4522: gcc -c -g -O2  conftest.c >&5
configure:4522: $? = 0
configure:4522: result: yes
configure:4522: checking fcntl.h presence
configure:4522: gcc -E  conftest.c
configure:4522: $? = 0
configure:4522: result: yes
configure:4522: checking for fcntl.h
configure:4522: result: yes
configure:4522: checking for stdint.h
configure:4522: result: yes
configure:4522: checking for stdlib.h
configure:4522: result: yes
configure:4522: checking for string.h
configure:4522: result: yes
configure:4522: checking sys/time.h usability
configure:4522: gcc -c -g -O2  conftest.c >&5
configure:4522: $? = 0
configure:4522: result: yes
configure:4522: checking sys/time.h presence
configure:4522: gcc -E  conftest.c
configure:4522: $? = 0
configure:4522: result: yes
configure:4522: checking for sys/time.h
configure:4522: result: yes
configure:4522: checking for unistd.h
configure:4522: result: yes
configure:4534: checking for inline
configure:4550: gcc -c -g -O2  conftest.c >&5
configure:4550: $? = 0
configure:4558: result: inline
configure:4576: checking for size_t
configure:4576: gcc -c -g -O2  conftest.c >&5
configure:4576: $? = 0
configure:4576: gcc -c -g -O2  conftest.c >&5
conftest.c: In function 'main':
conftest.c:65: error: expected expression before ')' token
configure:4576: $? = 1
configure: failed program was:
| /* confdefs.h */
| #define PACKAGE_NAME "tools"
| #define PACKAGE_TARNAME "tools"
| #define PACKAGE_VERSION "1.1"
| #define PACKAGE_STRING "tools 1.1"
| #define PACKAGE_BUGREPORT "BUG-REPORT-ADDRESS"
| #define PACKAGE_URL ""
| #define PACKAGE "tools"
| #define VERSION "1.1"
| #define HAVE_LIBPTHREAD 1
| #define HAVE_LIBRT 1
| #define STDC_HEADERS 1
| #define HAVE_SYS_TYPES_H 1
| #define HAVE_SYS_STAT_H 1
| #define HAVE_STDLIB_H 1
| #define HAVE_STRING_H 1
| #define HAVE_MEMORY_H 1
| #define HAVE_STRINGS_H 1
| #define HAVE_INTTYPES_H 1
| #define HAVE_STDINT_H 1
| #define HAVE_UNISTD_H 1
| #define HAVE_FCNTL_H 1
| #define HAVE_STDINT_H 1
| #define HAVE_STDLIB_H 1
| #define HAVE_STRING_H 1
| #define HAVE_SYS_TIME_H 1
| #define HAVE_UNISTD_H 1
| /* end confdefs.h.  */
| #include <stdio.h>
| #ifdef HAVE_SYS_TYPES_H
| # include <sys/types.h>
| #endif
| #ifdef HAVE_SYS_STAT_H
| # include <sys/stat.h>
| #endif
| #ifdef STDC_HEADERS
| # include <stdlib.h>
| # include <stddef.h>
| #else
| # ifdef HAVE_STDLIB_H
| #  include <stdlib.h>
| # endif
| #endif
| #ifdef HAVE_STRING_H
| # if !defined STDC_HEADERS && defined HAVE_MEMORY_H
| #  include <memory.h>
| # endif
| # include <string.h>
| #endif
| #ifdef HAVE_STRINGS_H
| # include <strings.h>
| #endif
| #ifdef HAVE_INTTYPES_H
| # include <inttypes.h>
| #endif
| #ifdef HAVE_STDINT_H
| # include <stdint.h>
| #endif
| #ifdef HAVE_UNISTD_H
| # include <unistd.h>
| #endif
| int
| main ()
| {
| if (sizeof ((size_t)))
| 	    return 0;
|   ;
|   return 0;
| }
configure:4576: result: yes
configure:4591: checking for stdlib.h
configure:4591: result: yes
configure:4601: checking for GNU libc compatible malloc
configure:4625: gcc -o conftest -g -O2   conftest.c -lrt -lpthread  >&5
configure:4625: $? = 0
configure:4625: ./conftest
configure:4625: $? = 0
configure:4635: result: yes
configure:4662: checking for stdlib.h
configure:4662: result: yes
configure:4662: checking for unistd.h
configure:4662: result: yes
configure:4662: checking for sys/param.h
configure:4662: gcc -c -g -O2  conftest.c >&5
configure:4662: $? = 0
configure:4662: result: yes
configure:4682: checking for getpagesize
configure:4682: gcc -o conftest -g -O2   conftest.c -lrt -lpthread  >&5
configure:4682: $? = 0
configure:4682: result: yes
configure:4691: checking for working mmap
configure:4838: gcc -o conftest -g -O2   conftest.c -lrt -lpthread  >&5
configure:4838: $? = 0
configure:4838: ./conftest
configure:4838: $? = 0
configure:4848: result: yes
configure:4860: checking for clock_gettime
configure:4860: gcc -o conftest -g -O2   conftest.c -lrt -lpthread  >&5
configure:4860: $? = 0
configure:4860: result: yes
configure:4860: checking for ftruncate
configure:4860: gcc -o conftest -g -O2   conftest.c -lrt -lpthread  >&5
configure:4860: $? = 0
configure:4860: result: yes
configure:4860: checking for gettimeofday
configure:4860: gcc -o conftest -g -O2   conftest.c -lrt -lpthread  >&5
configure:4860: $? = 0
configure:4860: result: yes
configure:4860: checking for memset
configure:4860: gcc -o conftest -g -O2   conftest.c -lrt -lpthread  >&5
conftest.c:62: warning: conflicting types for built-in function 'memset'
configure:4860: $? = 0
configure:4860: result: yes
configure:4860: checking for mkdir
configure:4860: gcc -o conftest -g -O2   conftest.c -lrt -lpthread  >&5
configure:4860: $? = 0
configure:4860: result: yes
configure:4860: checking for munmap
configure:4860: gcc -o conftest -g -O2   conftest.c -lrt -lpthread  >&5
configure:4860: $? = 0
configure:4860: result: yes
configure:4860: checking for regcomp
configure:4860: gcc -o conftest -g -O2   conftest.c -lrt -lpthread  >&5
configure:4860: $? = 0
configure:4860: result: yes
configure:4860: checking for socket
configure:4860: gcc -o conftest -g -O2   conftest.c -lrt -lpthread  >&5
configure:4860: $? = 0
configure:4860: result: yes
configure:4981: checking that generated files are newer than configure
configure:4987: result: done
configure:5010: creating ./config.status

## ---------------------- ##
## Running config.status. ##
## ---------------------- ##

This file was extended by tools config.status 1.1, which was
generated by GNU Autoconf 2.69.  Invocation command line was

  CONFIG_FILES    = 
  CONFIG_HEADERS  = 
  CONFIG_LINKS    = 
  CONFIG_COMMANDS = 
  $ ./config.status 

on agent109.cloud.com

config.status:881: creating Makefile
config.status:881: creating circle_buff/Makefile
config.status:881: creating m_alloc/Makefile
config.status:881: creating psignal/Makefile
config.status:881: creating tools_util/Makefile
config.status:881: creating config.h
config.status:1062: config.h is unchanged
config.status:1110: executing depfiles commands

## ---------------- ##
## Cache variables. ##
## ---------------- ##

ac_cv_c_compiler_gnu=yes
ac_cv_c_inline=inline
ac_cv_env_CC_set=
ac_cv_env_CC_value=
ac_cv_env_CFLAGS_set=
ac_cv_env_CFLAGS_value=
ac_cv_env_CPPFLAGS_set=
ac_cv_env_CPPFLAGS_value=
ac_cv_env_CPP_set=
ac_cv_env_CPP_value=
ac_cv_env_LDFLAGS_set=
ac_cv_env_LDFLAGS_value=
ac_cv_env_LIBS_set=
ac_cv_env_LIBS_value=
ac_cv_env_build_alias_set=
ac_cv_env_build_alias_value=
ac_cv_env_host_alias_set=
ac_cv_env_host_alias_value=
ac_cv_env_target_alias_set=
ac_cv_env_target_alias_value=
ac_cv_func_clock_gettime=yes
ac_cv_func_ftruncate=yes
ac_cv_func_getpagesize=yes
ac_cv_func_gettimeofday=yes
ac_cv_func_malloc_0_nonnull=yes
ac_cv_func_memset=yes
ac_cv_func_mkdir=yes
ac_cv_func_mmap_fixed_mapped=yes
ac_cv_func_munmap=yes
ac_cv_func_regcomp=yes
ac_cv_func_socket=yes
ac_cv_header_fcntl_h=yes
ac_cv_header_inttypes_h=yes
ac_cv_header_memory_h=yes
ac_cv_header_stdc=yes
ac_cv_header_stdint_h=yes
ac_cv_header_stdlib_h=yes
ac_cv_header_string_h=yes
ac_cv_header_strings_h=yes
ac_cv_header_sys_param_h=yes
ac_cv_header_sys_stat_h=yes
ac_cv_header_sys_time_h=yes
ac_cv_header_sys_types_h=yes
ac_cv_header_unistd_h=yes
ac_cv_lib_circle_buff_main=no
ac_cv_lib_pthread_main=yes
ac_cv_lib_rt_main=yes
ac_cv_lib_tools_main=no
ac_cv_objext=o
ac_cv_path_EGREP='/bin/grep -E'
ac_cv_path_GREP=/bin/grep
ac_cv_path_install='/usr/bin/install -c'
ac_cv_path_mkdir=/bin/mkdir
ac_cv_prog_AWK=gawk
ac_cv_prog_CPP='gcc -E'
ac_cv_prog_ac_ct_CC=gcc
ac_cv_prog_ac_ct_RANLIB=ranlib
ac_cv_prog_cc_c89=
ac_cv_prog_cc_g=yes
ac_cv_prog_make_make_set=yes
ac_cv_type_size_t=yes
am_cv_CC_dependencies_compiler_type=none
am_cv_make_support_nested_variables=yes
am_cv_prog_cc_c_o=yes

## ----------------- ##
## Output variables. ##
## ----------------- ##

ACLOCAL='aclocal-1.15'
AMDEPBACKSLASH='\'
AMDEP_FALSE='#'
AMDEP_TRUE=''
AMTAR='$${TAR-tar}'
AM_BACKSLASH='\'
AM_DEFAULT_V='$(AM_DEFAULT_VERBOSITY)'
AM_DEFAULT_VERBOSITY='1'
AM_V='$(V)'
AUTOCONF='autoconf'
AUTOHEADER='autoheader'
AUTOMAKE='automake-1.15'
AWK='gawk'
CC='gcc'
CCDEPMODE='depmode=none'
CFLAGS='-g -O2'
CPP='gcc -E'
CPPFLAGS=''
CYGPATH_W='echo'
DEFS='-DHAVE_CONFIG_H'
DEPDIR='.deps'
ECHO_C=''
ECHO_N='-n'
ECHO_T=''
EGREP='/bin/grep -E'
EXEEXT=''
GREP='/bin/grep'
INSTALL_DATA='${INSTALL} -m 644'
INSTALL_PROGRAM='${INSTALL}'
INSTALL_SCRIPT='${INSTALL}'
INSTALL_STRIP_PROGRAM='$(install_sh) -c -s'
LDFLAGS=''
LIBOBJS=''
LIBS='-lrt -lpthread '
LTLIBOBJS=''
MAKEINFO='makeinfo'
MKDIR_P='/bin/mkdir -p'
OBJEXT='o'
PACKAGE='tools'
PACKAGE_BUGREPORT='BUG-REPORT-ADDRESS'
PACKAGE_NAME='tools'
PACKAGE_STRING='tools 1.1'
PACKAGE_TARNAME='tools'
PACKAGE_URL=''
PACKAGE_VERSION='1.1'
PATH_SEPARATOR=':'
RANLIB='ranlib'
SET_MAKE=''
SHELL='/bin/sh'
STRIP=''
VERSION='1.1'
ac_ct_CC='gcc'
am__EXEEXT_FALSE=''
am__EXEEXT_TRUE='#'
am__fastdepCC_FALSE=''
am__fastdepCC_TRUE='#'
am__include='include'
am__isrc=''
am__leading_dot='.'
am__nodep='_no'
am__quote=''
am__tar='$${TAR-tar} chof - "$$tardir"'
am__untar='$${TAR-tar} xf -'
bindir='${exec_prefix}/bin'
build_alias=''
datadir='${datarootdir}'
datarootdir='${prefix}/share'
docdir='${datarootdir}/doc/${PACKAGE_TARNAME}'
dvidir='${docdir}'
exec_prefix='${prefix}'
host_alias=''
htmldir='${docdir}'
includedir='${prefix}/include'
infodir='${datarootdir}/info'
install_sh='${SHELL} /root/rtu/otdr/crosstool/cheatsheet/ops_doc-master/cii/c_tools/install-sh'
libdir='${exec_prefix}/lib'
libexecdir='${exec_prefix}/libexec'
localedir='${datarootdir}/locale'
localstatedir='${prefix}/var'
mandir='${datarootdir}/man'
mkdir_p='$(MKDIR_P)'
oldincludedir='/usr/include'
pdfdir='${docdir}'
prefix='/usr/local'
program_transform_name='s,x,x,'
psdir='${docdir}'
runstatedir='${localstatedir}/run'
sbindir='${exec_prefix}/sbin'
sharedstatedir='${prefix}/com'
sysconfdir='${prefix}/etc'
target_alias=''

## ----------- ##
## confdefs.h. ##
## ----------- ##

/* confdefs.h */
#define PACKAGE_NAME "tools"
#define PACKAGE_TARNAME "tools"
#define PACKAGE_VERSION "1.1"
#define PACKAGE_STRING "tools 1.1"
#define PACKAGE_BUGREPORT "BUG-REPORT-ADDRESS"
#define PACKAGE_URL ""
#define PACKAGE "tools"
#define VERSION "1.1"
#define HAVE_LIBPTHREAD 1
#define HAVE_LIBRT 1
#define STDC_HEADERS 1
#define HAVE_SYS_TYPES_H 1
#define HAVE_SYS_STAT_H 1
#define HAVE_STDLIB_H 1
#define HAVE_STRING_H 1
#define HAVE_MEMORY_H 1
#define HAVE_STRINGS_H 1
#define HAVE_INTTYPES_H 1
#define HAVE_STDINT_H 1
#define HAVE_UNISTD_H 1
#define HAVE_FCNTL_H 1
#define HAVE_STDINT_H 1
#define HAVE_STDLIB_H 1
#define HAVE_STRING_H 1
#define HAVE_SYS_TIME_H 1
#define HAVE_UNISTD_H 1
#define HAVE_STDLIB_H 1
#define HAVE_MALLOC 1
#define HAVE_STDLIB_H 1
#define HAVE_UNISTD_H 1
#define HAVE_SYS_PARAM_H 1
#define HAVE_GETPAGESIZE 1
#define HAVE_MMAP 1
#define HAVE_CLOCK_GETTIME 1
#define HAVE_FTRUNCATE 1
#define HAVE_GETTIMEOFDAY 1
#define HAVE_MEMSET 1
#define HAVE_MKDIR 1
#define HAVE_MUNMAP 1
#define HAVE_REGCOMP 1
#define HAVE_SOCKET 1

configure: exit 0
